INFO-FLOW: Workspace C:/Users/viswanad/Documents/Model_Composer/2020_2/Tutorial/UG1500_unified_tutorial_test/System_Generator/Lab2/C_code/solution/hls_project/solution1 opened at Mon Nov 09 15:59:59 +0530 2020
Execute     ap_set_clock -name default -period 10 -default=false 
INFO: [SYN 201-201] Setting up clock 'default' with a period of 10ns.
Execute     import_lib C:/Xilinx/Vitis_HLS/2020.2/common/technology/xilinx/Virtex-7/Virtex-7 
Execute       source C:/Xilinx/Vitis_HLS/2020.2/common/technology/xilinx/interface/xilinx_interface.hlp 
Execute         source C:/Xilinx/Vitis_HLS/2020.2/common/technology/xilinx/interface/maxi.hlp 
Execute         source C:/Xilinx/Vitis_HLS/2020.2/common/technology/xilinx/interface/saxilite.hlp 
Execute       source C:/Xilinx/Vitis_HLS/2020.2/common/technology/xilinx/DSP48/dsp48.hlp 
Execute     ap_family_info -name Virtex-7 -data parts 
DBG:HLSDevice: Trying to load device library: C:/Xilinx/Vitis_HLS/2020.2\lib\win64.o\librdi_hlsvwrap.dll
DBG:HLSDevice: first parts/arch.xml in RDI_DATADIR: C:/Xilinx/Vivado/2020.2/data/parts/arch.xml
Command     ap_family_info done; 2.279 sec.
Execute     ap_part_info -name xc7vx485tffg1157-1 -data info 
Execute     source C:/Xilinx/Vitis_HLS/2020.2/common/technology/xilinx/common/xilinx.gen 
Execute       source C:/Xilinx/Vitis_HLS/2020.2/common/technology/xilinx/interface/plb46.gen 
Execute       source C:/Xilinx/Vitis_HLS/2020.2/common/technology/xilinx/interface/axi4.gen 
Execute       source C:/Xilinx/Vitis_HLS/2020.2/common/technology/xilinx/interface/nativeAXI4.gen 
Execute         source C:/Xilinx/Vitis_HLS/2020.2/common/technology/xilinx/interface/saxilite.gen 
Execute         source C:/Xilinx/Vitis_HLS/2020.2/common/technology/xilinx/interface/maxi.gen 
Execute       source C:/Xilinx/Vitis_HLS/2020.2/common/technology/xilinx/scripts/xilinxcoregen.gen 
Execute       source C:/Xilinx/Vitis_HLS/2020.2/common/technology/xilinx/interface/XilEDKCoreGen.gen 
Execute       source C:/Xilinx/Vitis_HLS/2020.2/common/technology/xilinx/ip/dds_compiler.gen 
Execute       source C:/Xilinx/Vitis_HLS/2020.2/common/technology/xilinx/ip/util.gen 
Execute       source C:/Xilinx/Vitis_HLS/2020.2/common/technology/xilinx/ip/xfft.gen 
Execute       source C:/Xilinx/Vitis_HLS/2020.2/common/technology/xilinx/ip/xfir.gen 
Execute       source C:/Xilinx/Vitis_HLS/2020.2/common/technology/xilinx/DSP48/dsp48.gen 
Command     ap_source done; 0.122 sec.
Execute     import_lib C:/Xilinx/Vitis_HLS/2020.2/common/technology/xilinx/Virtex-7/Virtex-7_fpv7 
Execute       source C:/Xilinx/Vitis_HLS/2020.2/common/technology/xilinx/interface/xilinx_interface.hlp 
Execute         source C:/Xilinx/Vitis_HLS/2020.2/common/technology/xilinx/interface/maxi.hlp 
Execute         source C:/Xilinx/Vitis_HLS/2020.2/common/technology/xilinx/interface/saxilite.hlp 
Execute       source C:/Xilinx/Vitis_HLS/2020.2/common/technology/xilinx/DSP48/dsp48.hlp 
Execute     source C:/Xilinx/Vitis_HLS/2020.2/common/technology/xilinx/common/xilinx.gen 
Execute       source C:/Xilinx/Vitis_HLS/2020.2/common/technology/xilinx/interface/plb46.gen 
Execute       source C:/Xilinx/Vitis_HLS/2020.2/common/technology/xilinx/interface/axi4.gen 
Execute       source C:/Xilinx/Vitis_HLS/2020.2/common/technology/xilinx/interface/nativeAXI4.gen 
Execute         source C:/Xilinx/Vitis_HLS/2020.2/common/technology/xilinx/interface/saxilite.gen 
Execute         source C:/Xilinx/Vitis_HLS/2020.2/common/technology/xilinx/interface/maxi.gen 
Execute       source C:/Xilinx/Vitis_HLS/2020.2/common/technology/xilinx/scripts/xilinxcoregen.gen 
Execute       source C:/Xilinx/Vitis_HLS/2020.2/common/technology/xilinx/interface/XilEDKCoreGen.gen 
Execute       source C:/Xilinx/Vitis_HLS/2020.2/common/technology/xilinx/ip/dds_compiler.gen 
Execute       source C:/Xilinx/Vitis_HLS/2020.2/common/technology/xilinx/ip/util.gen 
Execute       source C:/Xilinx/Vitis_HLS/2020.2/common/technology/xilinx/ip/xfft.gen 
Execute       source C:/Xilinx/Vitis_HLS/2020.2/common/technology/xilinx/ip/xfir.gen 
Execute       source C:/Xilinx/Vitis_HLS/2020.2/common/technology/xilinx/DSP48/dsp48.gen 
Command     ap_source done; 0.119 sec.
Execute     import_lib C:/Xilinx/Vitis_HLS/2020.2/common/technology/xilinx/virtexuplus/virtexuplus 
Execute       source C:/Xilinx/Vitis_HLS/2020.2/common/technology/xilinx/interface/xilinx_interface.hlp 
Execute         source C:/Xilinx/Vitis_HLS/2020.2/common/technology/xilinx/interface/maxi.hlp 
Execute         source C:/Xilinx/Vitis_HLS/2020.2/common/technology/xilinx/interface/saxilite.hlp 
Execute       source C:/Xilinx/Vitis_HLS/2020.2/common/technology/xilinx/DSP48/dsp48.hlp 
Execute     source C:/Xilinx/Vitis_HLS/2020.2/common/technology/xilinx/common/xilinx.gen 
Execute       source C:/Xilinx/Vitis_HLS/2020.2/common/technology/xilinx/interface/plb46.gen 
Execute       source C:/Xilinx/Vitis_HLS/2020.2/common/technology/xilinx/interface/axi4.gen 
Execute       source C:/Xilinx/Vitis_HLS/2020.2/common/technology/xilinx/interface/nativeAXI4.gen 
Execute         source C:/Xilinx/Vitis_HLS/2020.2/common/technology/xilinx/interface/saxilite.gen 
Execute         source C:/Xilinx/Vitis_HLS/2020.2/common/technology/xilinx/interface/maxi.gen 
Execute       source C:/Xilinx/Vitis_HLS/2020.2/common/technology/xilinx/scripts/xilinxcoregen.gen 
Execute       source C:/Xilinx/Vitis_HLS/2020.2/common/technology/xilinx/interface/XilEDKCoreGen.gen 
Execute       source C:/Xilinx/Vitis_HLS/2020.2/common/technology/xilinx/ip/dds_compiler.gen 
Execute       source C:/Xilinx/Vitis_HLS/2020.2/common/technology/xilinx/ip/util.gen 
Execute       source C:/Xilinx/Vitis_HLS/2020.2/common/technology/xilinx/ip/xfft.gen 
Execute       source C:/Xilinx/Vitis_HLS/2020.2/common/technology/xilinx/ip/xfir.gen 
Execute       source C:/Xilinx/Vitis_HLS/2020.2/common/technology/xilinx/DSP48/dsp48.gen 
Command     ap_source done; 0.113 sec.
Execute     import_lib C:/Xilinx/Vitis_HLS/2020.2/common/technology/xilinx/virtexuplus/virtexuplus 
Execute       source C:/Xilinx/Vitis_HLS/2020.2/common/technology/xilinx/interface/xilinx_interface.hlp 
Execute         source C:/Xilinx/Vitis_HLS/2020.2/common/technology/xilinx/interface/maxi.hlp 
Execute         source C:/Xilinx/Vitis_HLS/2020.2/common/technology/xilinx/interface/saxilite.hlp 
Execute       source C:/Xilinx/Vitis_HLS/2020.2/common/technology/xilinx/DSP48/dsp48.hlp 
Execute     source C:/Xilinx/Vitis_HLS/2020.2/common/technology/xilinx/common/xilinx.gen 
Execute       source C:/Xilinx/Vitis_HLS/2020.2/common/technology/xilinx/interface/plb46.gen 
Execute       source C:/Xilinx/Vitis_HLS/2020.2/common/technology/xilinx/interface/axi4.gen 
Execute       source C:/Xilinx/Vitis_HLS/2020.2/common/technology/xilinx/interface/nativeAXI4.gen 
Execute         source C:/Xilinx/Vitis_HLS/2020.2/common/technology/xilinx/interface/saxilite.gen 
Execute         source C:/Xilinx/Vitis_HLS/2020.2/common/technology/xilinx/interface/maxi.gen 
Execute       source C:/Xilinx/Vitis_HLS/2020.2/common/technology/xilinx/scripts/xilinxcoregen.gen 
Execute       source C:/Xilinx/Vitis_HLS/2020.2/common/technology/xilinx/interface/XilEDKCoreGen.gen 
Execute       source C:/Xilinx/Vitis_HLS/2020.2/common/technology/xilinx/ip/dds_compiler.gen 
Execute       source C:/Xilinx/Vitis_HLS/2020.2/common/technology/xilinx/ip/util.gen 
Execute       source C:/Xilinx/Vitis_HLS/2020.2/common/technology/xilinx/ip/xfft.gen 
Execute       source C:/Xilinx/Vitis_HLS/2020.2/common/technology/xilinx/ip/xfir.gen 
Execute       source C:/Xilinx/Vitis_HLS/2020.2/common/technology/xilinx/DSP48/dsp48.gen 
Command     ap_source done; 0.112 sec.
Execute     set_part xcvu11p-flga2577-1-e 
INFO-FLOW: DBG:set_part: XILINX_VIVADO=C:/Xilinx/Vivado/2020.2
INFO-FLOW: DBG:set_part: RDI_DATADIR=C:/Xilinx/Vivado/2020.2/data;C:/Xilinx/Vitis_HLS/2020.2/data
Execute       ap_part_info -name xcvu11p-flga2577-1-e -data single -quiet 
Execute       ap_part_info -name xcvu11p-flga2577-1-e -data info 
Execute       add_library xilinx/virtexuplus/virtexuplus:xcvu11p:-flga2577:-1-e 
Execute         get_default_platform 
Execute         open_platform DefaultPlatform 
Execute         ap_part_info -data single -name xcvu11p-flga2577-1-e 
Execute         ap_part_info -name xcvu11p-flga2577-1-e -data resources 
Execute         config_chip_info -resource {SLICE 162000} {LUT 1296000} {FF 2592000} {DSP 9216} {BRAM 4032} {URAM 960} {SLR 3} 
Execute         ap_part_info -name xcvu11p-flga2577-1-e -data info 
Execute         config_chip_info -speed slow 
Execute         ap_part_info -name xcvu11p-flga2577-1-e -data info 
Execute         config_library_info -library virtexuplus_slow 
Execute         config_library_info -family virtexuplus 
Execute         config_library_info -part xcvu11p:-flga2577:-1-e 
Execute         import_lib C:/Xilinx/Vitis_HLS/2020.2/common/technology/xilinx/virtexuplus/virtexuplus 
Execute           source C:/Xilinx/Vitis_HLS/2020.2/common/technology/xilinx/interface/xilinx_interface.hlp 
Execute             source C:/Xilinx/Vitis_HLS/2020.2/common/technology/xilinx/interface/maxi.hlp 
Execute             source C:/Xilinx/Vitis_HLS/2020.2/common/technology/xilinx/interface/saxilite.hlp 
Execute           source C:/Xilinx/Vitis_HLS/2020.2/common/technology/xilinx/DSP48/dsp48.hlp 
Execute           source C:/Xilinx/Vitis_HLS/2020.2/common/technology/xilinx/DSP48/virtexuplus_dsp48e2.hlp 
Execute         source C:/Xilinx/Vitis_HLS/2020.2/common/technology/xilinx/common/xilinx.gen 
Execute           source C:/Xilinx/Vitis_HLS/2020.2/common/technology/xilinx/interface/plb46.gen 
Execute           source C:/Xilinx/Vitis_HLS/2020.2/common/technology/xilinx/interface/axi4.gen 
Execute           source C:/Xilinx/Vitis_HLS/2020.2/common/technology/xilinx/interface/nativeAXI4.gen 
Execute             source C:/Xilinx/Vitis_HLS/2020.2/common/technology/xilinx/interface/saxilite.gen 
Execute             source C:/Xilinx/Vitis_HLS/2020.2/common/technology/xilinx/interface/maxi.gen 
Execute           source C:/Xilinx/Vitis_HLS/2020.2/common/technology/xilinx/scripts/xilinxcoregen.gen 
Execute           source C:/Xilinx/Vitis_HLS/2020.2/common/technology/xilinx/interface/XilEDKCoreGen.gen 
Execute           source C:/Xilinx/Vitis_HLS/2020.2/common/technology/xilinx/ip/dds_compiler.gen 
Execute           source C:/Xilinx/Vitis_HLS/2020.2/common/technology/xilinx/ip/util.gen 
Execute           source C:/Xilinx/Vitis_HLS/2020.2/common/technology/xilinx/ip/xfft.gen 
Execute           source C:/Xilinx/Vitis_HLS/2020.2/common/technology/xilinx/ip/xfir.gen 
Execute           source C:/Xilinx/Vitis_HLS/2020.2/common/technology/xilinx/DSP48/dsp48.gen 
Command         ap_source done; 0.12 sec.
Command       add_library done; 0.313 sec.
INFO: [HLS 200-10] Setting target device to 'xcvu11p-flga2577-1-e'
Execute       ap_part_info -name xcvu11p-flga2577-1-e -data info 
Execute       config_compile -quiet -complex-mul-dsp=0 
Command     set_part done; 0.387 sec.
Execute     ap_part_info -data single -name xcvu11p-flga2577-1-e 
Execute     ap_part_info -name xcvu11p-flga2577-1-e -data resources 
Execute     config_chip_info -resource {SLICE 162000} {LUT 1296000} {FF 2592000} {DSP 9216} {BRAM 4032} {URAM 960} {SLR 3} 
Execute     ap_part_info -name xcvu11p-flga2577-1-e -data info 
Execute     config_chip_info -speed slow 
Execute     send_msg_by_id INFO @200-1505@%s%s  vivado 
INFO: [HLS 200-1505] Using flow_target 'vivado'
Execute     get_config_interface -m_axi_latency 
Execute     get_config_interface -m_axi_alignment_byte_size 
Execute     get_config_interface -m_axi_max_widen_bitwidth 
Execute     get_config_interface -default_interface 
Execute     get_config_interface -m_axi_offset 
Execute     get_config_rtl -register_reset_num 
Execute     send_msg_by_id INFO @200-1464@%s config_interface -clock_enable=1 
INFO: [HLS 200-1464] Running solution command: config_interface -clock_enable=1
Execute     config_interface -clock_enable=1 
Execute     send_msg_by_id INFO @200-1464@%s config_export -format=sysgen 
INFO: [HLS 200-1464] Running solution command: config_export -format=sysgen
Execute     config_export -format=sysgen 
Execute     send_msg_by_id INFO @200-1464@%s config_export -rtl=verilog 
INFO: [HLS 200-1464] Running solution command: config_export -rtl=verilog
Execute     config_export -rtl=verilog 
Command   open_solution done; 3.345 sec.
Execute   set_part xcvu11p-flga2577-1-e 
INFO: [HLS 200-1510] Running: set_part xcvu11p-flga2577-1-e 
INFO-FLOW: DBG:set_part: XILINX_VIVADO=C:/Xilinx/Vivado/2020.2
INFO-FLOW: DBG:set_part: RDI_DATADIR=C:/Xilinx/Vivado/2020.2/data;C:/Xilinx/Vitis_HLS/2020.2/data
Execute     ap_part_info -name xcvu11p-flga2577-1-e -data single -quiet 
Execute     ap_part_info -name xcvu11p-flga2577-1-e -data info 
Execute     add_library xilinx/virtexuplus/virtexuplus:xcvu11p:-flga2577:-1-e 
Execute       get_default_platform 
Execute       open_platform DefaultPlatform 
Execute       ap_part_info -data single -name xcvu11p-flga2577-1-e 
Execute       ap_part_info -name xcvu11p-flga2577-1-e -data resources 
Execute       config_chip_info -resource {SLICE 162000} {LUT 1296000} {FF 2592000} {DSP 9216} {BRAM 4032} {URAM 960} {SLR 3} 
Execute       ap_part_info -name xcvu11p-flga2577-1-e -data info 
Execute       config_chip_info -speed slow 
Execute       ap_part_info -name xcvu11p-flga2577-1-e -data info 
Execute       config_library_info -library virtexuplus_slow 
Execute       config_library_info -family virtexuplus 
Execute       config_library_info -part xcvu11p:-flga2577:-1-e 
Execute       import_lib C:/Xilinx/Vitis_HLS/2020.2/common/technology/xilinx/virtexuplus/virtexuplus 
Execute         source C:/Xilinx/Vitis_HLS/2020.2/common/technology/xilinx/interface/xilinx_interface.hlp 
Execute           source C:/Xilinx/Vitis_HLS/2020.2/common/technology/xilinx/interface/maxi.hlp 
Execute           source C:/Xilinx/Vitis_HLS/2020.2/common/technology/xilinx/interface/saxilite.hlp 
Execute         source C:/Xilinx/Vitis_HLS/2020.2/common/technology/xilinx/DSP48/dsp48.hlp 
Execute         source C:/Xilinx/Vitis_HLS/2020.2/common/technology/xilinx/DSP48/virtexuplus_dsp48e2.hlp 
Execute       source C:/Xilinx/Vitis_HLS/2020.2/common/technology/xilinx/common/xilinx.gen 
Execute         source C:/Xilinx/Vitis_HLS/2020.2/common/technology/xilinx/interface/plb46.gen 
Execute         source C:/Xilinx/Vitis_HLS/2020.2/common/technology/xilinx/interface/axi4.gen 
Execute         source C:/Xilinx/Vitis_HLS/2020.2/common/technology/xilinx/interface/nativeAXI4.gen 
Execute           source C:/Xilinx/Vitis_HLS/2020.2/common/technology/xilinx/interface/saxilite.gen 
Execute           source C:/Xilinx/Vitis_HLS/2020.2/common/technology/xilinx/interface/maxi.gen 
Execute         source C:/Xilinx/Vitis_HLS/2020.2/common/technology/xilinx/scripts/xilinxcoregen.gen 
Execute         source C:/Xilinx/Vitis_HLS/2020.2/common/technology/xilinx/interface/XilEDKCoreGen.gen 
Execute         source C:/Xilinx/Vitis_HLS/2020.2/common/technology/xilinx/ip/dds_compiler.gen 
Execute         source C:/Xilinx/Vitis_HLS/2020.2/common/technology/xilinx/ip/util.gen 
Execute         source C:/Xilinx/Vitis_HLS/2020.2/common/technology/xilinx/ip/xfft.gen 
Execute         source C:/Xilinx/Vitis_HLS/2020.2/common/technology/xilinx/ip/xfir.gen 
Execute         source C:/Xilinx/Vitis_HLS/2020.2/common/technology/xilinx/DSP48/dsp48.gen 
Command       ap_source done; 0.148 sec.
Command     add_library done; 0.259 sec.
Execute     ap_part_info -name xcvu11p-flga2577-1-e -data info 
Execute     config_compile -quiet -complex-mul-dsp=0 
Command   set_part done; 0.337 sec.
Execute   create_clock -period 10 -name default 
INFO: [HLS 200-1510] Running: create_clock -period 10 -name default 
Execute   config_interface -clock_enable 
INFO: [HLS 200-1510] Running: config_interface -clock_enable 
Execute   config_export -format sysgen -rtl verilog 
INFO: [HLS 200-1510] Running: config_export -format sysgen -rtl verilog 
Execute   source ./hls_project/solution1/directives.tcl 
Execute     set_directive_top -name MedianFilter MedianFilter 
INFO: [HLS 200-1510] Running: set_directive_top -name MedianFilter MedianFilter 
INFO-FLOW: Setting directive 'TOP' name=MedianFilter 
Execute   csynth_design 
INFO: [HLS 200-1510] Running: csynth_design 
Execute     get_config_compile -effort 
Execute     get_config_compile -enable_clang39 
Execute     get_config_compile -g 
Execute     get_config_compile -ng 
Execute     get_config_compile -opt_fp 
Execute     get_config_compile -skip_cdt 
Execute     get_config_compile -skip_syncheck 
Execute     get_config_compile -skip_transform 
Execute     get_config_compile -keep_printf 
Execute     elaborate -effort=medium -skip_syncheck=0 -keep_printf=0 -skip_cdt=0 -skip_transform=0 -ng=0 -g=0 -opt_fp=0 -from_csynth_design=1 
INFO: [HLS 200-111] Finished File checks and directory preparation: CPU user time: 1 seconds. CPU system time: 1 seconds. Elapsed time: 0.209 seconds; current allocated memory: 191.718 MB.
INFO: [HLS 200-10] Analyzing design file 'MedianFilter.cpp' ... 
INFO-FLOW: Compiling one TU...
Execute       get_config_compile -pragma_strict_mode 
INFO-FLOW: Handling MedianFilter.cpp as C++
Execute       ap_part_info -name xcvu11p-flga2577-1-e -data info 
INFO-FLOW: Running: GCC PP 39
INFO-FLOW: Source preprocessing
Execute       ap_eval exec -ignorestderr C:/Xilinx/Vitis_HLS/2020.2/win64/tools/clang-3.9-csynth/bin/clang MedianFilter.cpp -foptimization-record-file=C:/Users/viswanad/Documents/Model_Composer/2020_2/Tutorial/UG1500_unified_tutorial_test/System_Generator/Lab2/C_code/solution/hls_project/solution1/.autopilot/db/clang.MedianFilter.cpp.diag.yml -mllvm -pass-remarks-missed=reflow|pasta|unroll -mllvm -pass-remarks=reflow|pasta|unroll|inline -fno-limit-debug-info --sysroot C:/Xilinx/Vitis_HLS/2020.2/tps/mingw/6.2.0/win64.o/nt -fhls -fno-exceptions -E -fno-math-errno -c -emit-llvm -mllvm -disable-llvm-optzns -Werror=implicit-function-declaration -Werror=implicit-hls-streams -Werror=return-type -Wpragmas -Wunused-parameter -fno-threadsafe-statics -fno-use-cxa-atexit -std=gnu++14 -target fpga64-xilinx-mingw32 -fno-threadsafe-statics -fno-use-cxa-atexit -I C:/Xilinx/Vitis_HLS/2020.2/common/technology/autopilot/39 -D__VITIS_HLS__ -DAESL_SYN -D__SYNTHESIS__ -D__HLS_SYN__ -I C:/Xilinx/Vitis_HLS/2020.2/common/technology/autopilot -I C:/Xilinx/Vitis_HLS/2020.2/common/technology/autopilot/ap_sysc -include etc/autopilot_ssdm_op.h -D__DSP48E2__ -o C:/Users/viswanad/Documents/Model_Composer/2020_2/Tutorial/UG1500_unified_tutorial_test/System_Generator/Lab2/C_code/solution/hls_project/solution1/.autopilot/db/MedianFilter.pp.0.cpp > C:/Users/viswanad/Documents/Model_Composer/2020_2/Tutorial/UG1500_unified_tutorial_test/System_Generator/Lab2/C_code/solution/hls_project/solution1/.autopilot/db/clang.MedianFilter.cpp.out.log 2> C:/Users/viswanad/Documents/Model_Composer/2020_2/Tutorial/UG1500_unified_tutorial_test/System_Generator/Lab2/C_code/solution/hls_project/solution1/.autopilot/db/clang.MedianFilter.cpp.err.log 
Command       ap_eval done; 0.38 sec.
INFO-FLOW: Done: GCC PP 39 time: 0.4 seconds per iteration
Execute       set_directive_top MedianFilter -name=MedianFilter 
INFO-FLOW: Setting directive 'TOP' name=MedianFilter 
INFO-FLOW: Setting directive 'TOP' name=MedianFilter 
INFO-FLOW: Setting directive 'TOP' name=MedianFilter 
INFO-FLOW: Setting directive 'TOP' name=MedianFilter 
Execute       source C:/Xilinx/Vitis_HLS/2020.2/tps/tcl/tcllib1.11.1/yaml/huddle.tcl 
Execute       source C:/Xilinx/Vitis_HLS/2020.2/tps/tcl/tcllib1.11.1/yaml/json2huddle.tcl 
Execute         source C:/Xilinx/Vitis_HLS/2020.2/tps/tcl/tcllib1.11.1/try/try.tcl 
INFO-FLOW: Setting directive 'TOP' name=MedianFilter 
INFO-FLOW: Setting directive 'TOP' name=MedianFilter 
Execute       list_core -type functional_unit 
Execute       clang_tidy xilinx-systemc-detector C:/Users/viswanad/Documents/Model_Composer/2020_2/Tutorial/UG1500_unified_tutorial_test/System_Generator/Lab2/C_code/solution/hls_project/solution1/.autopilot/db/MedianFilter.pp.0.cpp std=gnu++14 -target fpga  -directive=C:/Users/viswanad/Documents/Model_Composer/2020_2/Tutorial/UG1500_unified_tutorial_test/System_Generator/Lab2/C_code/solution/hls_project/solution1/.autopilot/db/.systemc_flag 
INFO-FLOW: exec C:/Xilinx/Vitis_HLS/2020.2/win64/tools/clang-3.9-csynth/bin/clang-tidy -header-filter=.* --checks=-*,xilinx-systemc-detector -import-directive=C:/Users/viswanad/Documents/Model_Composer/2020_2/Tutorial/UG1500_unified_tutorial_test/System_Generator/Lab2/C_code/solution/hls_project/solution1/.autopilot/db/.systemc_flag -fix-errors C:/Users/viswanad/Documents/Model_Composer/2020_2/Tutorial/UG1500_unified_tutorial_test/System_Generator/Lab2/C_code/solution/hls_project/solution1/.autopilot/db/MedianFilter.pp.0.cpp -- -std=gnu++14 -target fpga -fhls -ferror-limit=0
Command       clang_tidy done; 0.248 sec.
INFO-FLOW: Running: clang-tidy CDT preprocess 39
Execute       clang_tidy xilinx-directive2pragma C:/Users/viswanad/Documents/Model_Composer/2020_2/Tutorial/UG1500_unified_tutorial_test/System_Generator/Lab2/C_code/solution/hls_project/solution1/.autopilot/db/MedianFilter.pp.0.cpp std=gnu++14 -target fpga  -directive=C:/Users/viswanad/Documents/Model_Composer/2020_2/Tutorial/UG1500_unified_tutorial_test/System_Generator/Lab2/C_code/solution/hls_project/solution1/.autopilot/db/all.directive.json 
INFO-FLOW: exec C:/Xilinx/Vitis_HLS/2020.2/win64/tools/clang-3.9-csynth/bin/clang-tidy -header-filter=.* --checks=-*,xilinx-directive2pragma -import-directive=C:/Users/viswanad/Documents/Model_Composer/2020_2/Tutorial/UG1500_unified_tutorial_test/System_Generator/Lab2/C_code/solution/hls_project/solution1/.autopilot/db/all.directive.json -fix-errors C:/Users/viswanad/Documents/Model_Composer/2020_2/Tutorial/UG1500_unified_tutorial_test/System_Generator/Lab2/C_code/solution/hls_project/solution1/.autopilot/db/MedianFilter.pp.0.cpp -- -std=gnu++14 -target fpga -fhls -ferror-limit=0
Command       clang_tidy done; 0.268 sec.
Execute       clang_tidy xilinx-constantarray-param,xilinx-remove-assert C:/Users/viswanad/Documents/Model_Composer/2020_2/Tutorial/UG1500_unified_tutorial_test/System_Generator/Lab2/C_code/solution/hls_project/solution1/.autopilot/db/MedianFilter.pp.0.cpp std=gnu++14 -target fpga  
INFO-FLOW: exec C:/Xilinx/Vitis_HLS/2020.2/win64/tools/clang-3.9-csynth/bin/clang-tidy -header-filter=.* --checks=-*,xilinx-constantarray-param,xilinx-remove-assert -fix-errors C:/Users/viswanad/Documents/Model_Composer/2020_2/Tutorial/UG1500_unified_tutorial_test/System_Generator/Lab2/C_code/solution/hls_project/solution1/.autopilot/db/MedianFilter.pp.0.cpp -- -std=gnu++14 -target fpga -fhls -ferror-limit=0
Command       clang_tidy done; 0.237 sec.
INFO-FLOW: Done: clang-tidy CDT preprocess 39 time: 0.5 seconds per iteration
INFO-FLOW: Calling xilinx-label-all-loops ... 
Execute       clang_tidy -errorcheck xilinx-label-all-loops,xilinx-top-parameters,xilinx-array-stream-check,xilinx-warn-mayneed-no-ctor-attribute C:/Users/viswanad/Documents/Model_Composer/2020_2/Tutorial/UG1500_unified_tutorial_test/System_Generator/Lab2/C_code/solution/hls_project/solution1/.autopilot/db/MedianFilter.pp.0.cpp std=gnu++14 -target fpga  
Execute         ap_eval exec -ignorestderr C:/Xilinx/Vitis_HLS/2020.2/win64/tools/clang-3.9-csynth/bin/clang-tidy -export-fixes=C:/Users/viswanad/Documents/Model_Composer/2020_2/Tutorial/UG1500_unified_tutorial_test/System_Generator/Lab2/C_code/solution/hls_project/solution1/.autopilot/db/clang-tidy.MedianFilter.pp.0.cpp.diag.yml -header-filter=.* --checks=-*,xilinx-label-all-loops,xilinx-top-parameters,xilinx-array-stream-check,xilinx-warn-mayneed-no-ctor-attribute -fix-errors C:/Users/viswanad/Documents/Model_Composer/2020_2/Tutorial/UG1500_unified_tutorial_test/System_Generator/Lab2/C_code/solution/hls_project/solution1/.autopilot/db/MedianFilter.pp.0.cpp -- -std=gnu++14 -target fpga -fhls -ferror-limit=0 > C:/Users/viswanad/Documents/Model_Composer/2020_2/Tutorial/UG1500_unified_tutorial_test/System_Generator/Lab2/C_code/solution/hls_project/solution1/.autopilot/db/clang-tidy.MedianFilter.pp.0.cpp.out.log 2> C:/Users/viswanad/Documents/Model_Composer/2020_2/Tutorial/UG1500_unified_tutorial_test/System_Generator/Lab2/C_code/solution/hls_project/solution1/.autopilot/db/clang-tidy.MedianFilter.pp.0.cpp.err.log 
Command         ap_eval done; 0.247 sec.
Execute         source C:/Xilinx/Vitis_HLS/2020.2/tps/tcl/tcllib1.11.1/yaml/yaml.tcl 
Execute           source C:/Xilinx/Vitis_HLS/2020.2/tps/tcl/tcllib1.11.1/cmdline/cmdline.tcl 
Command       clang_tidy done; 0.292 sec.
Execute       get_config_dataflow -strict_mode 
Execute       ap_eval exec -ignorestderr C:/Xilinx/Vitis_HLS/2020.2/win64/tools/clang-3.9-csynth/bin/xilinx-dataflow-lawyer -export-fixes=C:/Users/viswanad/Documents/Model_Composer/2020_2/Tutorial/UG1500_unified_tutorial_test/System_Generator/Lab2/C_code/solution/hls_project/solution1/.autopilot/db/xilinx-dataflow-lawyer.MedianFilter.pp.0.cpp.diag.yml C:/Users/viswanad/Documents/Model_Composer/2020_2/Tutorial/UG1500_unified_tutorial_test/System_Generator/Lab2/C_code/solution/hls_project/solution1/.autopilot/db/MedianFilter.pp.0.cpp -- -std=gnu++14 -target fpga -fhls -ferror-limit=0 -fstrict-dataflow > C:/Users/viswanad/Documents/Model_Composer/2020_2/Tutorial/UG1500_unified_tutorial_test/System_Generator/Lab2/C_code/solution/hls_project/solution1/.autopilot/db/xilinx-dataflow-lawyer.MedianFilter.pp.0.cpp.out.log 2> C:/Users/viswanad/Documents/Model_Composer/2020_2/Tutorial/UG1500_unified_tutorial_test/System_Generator/Lab2/C_code/solution/hls_project/solution1/.autopilot/db/xilinx-dataflow-lawyer.MedianFilter.pp.0.cpp.err.log 
Command       ap_eval done; 0.227 sec.
Execute       ap_part_info -name xcvu11p-flga2577-1-e -data info 
INFO-FLOW: compiling source code to llvm bc
Execute       ap_eval exec -ignorestderr C:/Xilinx/Vitis_HLS/2020.2/win64/tools/clang-3.9-csynth/bin/clang -foptimization-record-file=C:/Users/viswanad/Documents/Model_Composer/2020_2/Tutorial/UG1500_unified_tutorial_test/System_Generator/Lab2/C_code/solution/hls_project/solution1/.autopilot/db/clang.MedianFilter.pp.0.cpp.diag.yml -mllvm -pass-remarks-missed=reflow|pasta|unroll -mllvm -pass-remarks=reflow|pasta|unroll|inline -fno-limit-debug-info -fhls -flto -fno-exceptions -Wno-error=c++11-narrowing C:/Users/viswanad/Documents/Model_Composer/2020_2/Tutorial/UG1500_unified_tutorial_test/System_Generator/Lab2/C_code/solution/hls_project/solution1/.autopilot/db/MedianFilter.pp.0.cpp -fno-math-errno -c -emit-llvm -mllvm -disable-llvm-optzns -Werror=implicit-function-declaration -Werror=implicit-hls-streams -Werror=return-type -Wpragmas -Wunused-parameter -fno-threadsafe-statics -fno-use-cxa-atexit -std=gnu++14 -target fpga64-xilinx-linux-gnu -D__VITIS_HLS__ -DAESL_SYN -D__SYNTHESIS__ -D__HLS_SYN__ -I C:/Xilinx/Vitis_HLS/2020.2/common/technology/autopilot -I C:/Xilinx/Vitis_HLS/2020.2/common/technology/autopilot/ap_sysc -include etc/autopilot_ssdm_op.h -D__DSP48E2__ -g -o C:/Users/viswanad/Documents/Model_Composer/2020_2/Tutorial/UG1500_unified_tutorial_test/System_Generator/Lab2/C_code/solution/hls_project/solution1/.autopilot/db/MedianFilter.bc > C:/Users/viswanad/Documents/Model_Composer/2020_2/Tutorial/UG1500_unified_tutorial_test/System_Generator/Lab2/C_code/solution/hls_project/solution1/.autopilot/db/clang.MedianFilter.pp.0.cpp.out.log 2> C:/Users/viswanad/Documents/Model_Composer/2020_2/Tutorial/UG1500_unified_tutorial_test/System_Generator/Lab2/C_code/solution/hls_project/solution1/.autopilot/db/clang.MedianFilter.pp.0.cpp.err.log 
Command       ap_eval done; 0.364 sec.
INFO: [HLS 200-111] Finished Source Code Analysis and Preprocessing: CPU user time: 0 seconds. CPU system time: 0 seconds. Elapsed time: 2.259 seconds; current allocated memory: 193.068 MB.
INFO-FLOW: Linking Debug ...
INFO-FLOW: Linking dut bc code.
Execute       run_link_or_opt -out C:/Users/viswanad/Documents/Model_Composer/2020_2/Tutorial/UG1500_unified_tutorial_test/System_Generator/Lab2/C_code/solution/hls_project/solution1/.autopilot/db/a.g.ld.0.bc -args  "C:/Users/viswanad/Documents/Model_Composer/2020_2/Tutorial/UG1500_unified_tutorial_test/System_Generator/Lab2/C_code/solution/hls_project/solution1/.autopilot/db/MedianFilter.g.bc"  
Execute         ap_eval exec -ignorestderr C:/Xilinx/Vitis_HLS/2020.2/win64/tools/clang-3.9-csynth/bin/llvm-link C:/Users/viswanad/Documents/Model_Composer/2020_2/Tutorial/UG1500_unified_tutorial_test/System_Generator/Lab2/C_code/solution/hls_project/solution1/.autopilot/db/MedianFilter.g.bc -o C:/Users/viswanad/Documents/Model_Composer/2020_2/Tutorial/UG1500_unified_tutorial_test/System_Generator/Lab2/C_code/solution/hls_project/solution1/.autopilot/db/a.g.ld.0.bc > C:/Users/viswanad/Documents/Model_Composer/2020_2/Tutorial/UG1500_unified_tutorial_test/System_Generator/Lab2/C_code/solution/hls_project/solution1/.autopilot/db/llvm-link.a.g.ld.0.bc.out.log 2> C:/Users/viswanad/Documents/Model_Composer/2020_2/Tutorial/UG1500_unified_tutorial_test/System_Generator/Lab2/C_code/solution/hls_project/solution1/.autopilot/db/llvm-link.a.g.ld.0.bc.err.log 
Command         ap_eval done; 0.178 sec.
INFO-FLOW: 
Command       run_link_or_opt done; 0.184 sec.
Execute       run_link_or_opt -opt -out C:/Users/viswanad/Documents/Model_Composer/2020_2/Tutorial/UG1500_unified_tutorial_test/System_Generator/Lab2/C_code/solution/hls_project/solution1/.autopilot/db/a.g.ld.1.lower.bc -args C:/Users/viswanad/Documents/Model_Composer/2020_2/Tutorial/UG1500_unified_tutorial_test/System_Generator/Lab2/C_code/solution/hls_project/solution1/.autopilot/db/a.g.ld.0.bc -reflow-lower-math-intrinsics 
Execute         ap_eval exec -ignorestderr C:/Xilinx/Vitis_HLS/2020.2/win64/tools/clang-3.9-csynth/bin/opt -pass-remarks-missed=reflow|pasta|unroll -pass-remarks=reflow|pasta|unroll|inline -pass-remarks-output=C:/Users/viswanad/Documents/Model_Composer/2020_2/Tutorial/UG1500_unified_tutorial_test/System_Generator/Lab2/C_code/solution/hls_project/solution1/.autopilot/db/opt.a.g.ld.1.lower.bc.diag.yml C:/Users/viswanad/Documents/Model_Composer/2020_2/Tutorial/UG1500_unified_tutorial_test/System_Generator/Lab2/C_code/solution/hls_project/solution1/.autopilot/db/a.g.ld.0.bc -reflow-lower-math-intrinsics -o C:/Users/viswanad/Documents/Model_Composer/2020_2/Tutorial/UG1500_unified_tutorial_test/System_Generator/Lab2/C_code/solution/hls_project/solution1/.autopilot/db/a.g.ld.1.lower.bc > C:/Users/viswanad/Documents/Model_Composer/2020_2/Tutorial/UG1500_unified_tutorial_test/System_Generator/Lab2/C_code/solution/hls_project/solution1/.autopilot/db/opt.a.g.ld.1.lower.bc.out.log 2> C:/Users/viswanad/Documents/Model_Composer/2020_2/Tutorial/UG1500_unified_tutorial_test/System_Generator/Lab2/C_code/solution/hls_project/solution1/.autopilot/db/opt.a.g.ld.1.lower.bc.err.log 
Command         ap_eval done; 0.195 sec.
INFO-FLOW: 
Command       run_link_or_opt done; 0.21 sec.
INFO-FLOW: Linking math bc lib
Execute       run_link_or_opt -out C:/Users/viswanad/Documents/Model_Composer/2020_2/Tutorial/UG1500_unified_tutorial_test/System_Generator/Lab2/C_code/solution/hls_project/solution1/.autopilot/db/a.g.ld.2.m1.bc -args C:/Users/viswanad/Documents/Model_Composer/2020_2/Tutorial/UG1500_unified_tutorial_test/System_Generator/Lab2/C_code/solution/hls_project/solution1/.autopilot/db/a.g.ld.1.lower.bc -only-needed C:/Xilinx/Vitis_HLS/2020.2/win64/lib/libhlsm_39.bc C:/Xilinx/Vitis_HLS/2020.2/win64/lib/libhlsmc++_39.bc 
Execute         ap_eval exec -ignorestderr C:/Xilinx/Vitis_HLS/2020.2/win64/tools/clang-3.9-csynth/bin/llvm-link C:/Users/viswanad/Documents/Model_Composer/2020_2/Tutorial/UG1500_unified_tutorial_test/System_Generator/Lab2/C_code/solution/hls_project/solution1/.autopilot/db/a.g.ld.1.lower.bc -only-needed C:/Xilinx/Vitis_HLS/2020.2/win64/lib/libhlsm_39.bc C:/Xilinx/Vitis_HLS/2020.2/win64/lib/libhlsmc++_39.bc -o C:/Users/viswanad/Documents/Model_Composer/2020_2/Tutorial/UG1500_unified_tutorial_test/System_Generator/Lab2/C_code/solution/hls_project/solution1/.autopilot/db/a.g.ld.2.m1.bc > C:/Users/viswanad/Documents/Model_Composer/2020_2/Tutorial/UG1500_unified_tutorial_test/System_Generator/Lab2/C_code/solution/hls_project/solution1/.autopilot/db/llvm-link.a.g.ld.2.m1.bc.out.log 2> C:/Users/viswanad/Documents/Model_Composer/2020_2/Tutorial/UG1500_unified_tutorial_test/System_Generator/Lab2/C_code/solution/hls_project/solution1/.autopilot/db/llvm-link.a.g.ld.2.m1.bc.err.log 
Command         ap_eval done; 3.227 sec.
INFO-FLOW: 
Command       run_link_or_opt done; 3.238 sec.
Execute       run_link_or_opt -opt -out C:/Users/viswanad/Documents/Model_Composer/2020_2/Tutorial/UG1500_unified_tutorial_test/System_Generator/Lab2/C_code/solution/hls_project/solution1/.autopilot/db/a.g.ld.3.fpc.bc -args C:/Users/viswanad/Documents/Model_Composer/2020_2/Tutorial/UG1500_unified_tutorial_test/System_Generator/Lab2/C_code/solution/hls_project/solution1/.autopilot/db/a.g.ld.2.m1.bc -reflow-globaldce -hls-top-function-name=MedianFilter -reflow-float-conversion 
Execute         ap_eval exec -ignorestderr C:/Xilinx/Vitis_HLS/2020.2/win64/tools/clang-3.9-csynth/bin/opt -pass-remarks-missed=reflow|pasta|unroll -pass-remarks=reflow|pasta|unroll|inline -pass-remarks-output=C:/Users/viswanad/Documents/Model_Composer/2020_2/Tutorial/UG1500_unified_tutorial_test/System_Generator/Lab2/C_code/solution/hls_project/solution1/.autopilot/db/opt.a.g.ld.3.fpc.bc.diag.yml C:/Users/viswanad/Documents/Model_Composer/2020_2/Tutorial/UG1500_unified_tutorial_test/System_Generator/Lab2/C_code/solution/hls_project/solution1/.autopilot/db/a.g.ld.2.m1.bc -reflow-globaldce -hls-top-function-name=MedianFilter -reflow-float-conversion -o C:/Users/viswanad/Documents/Model_Composer/2020_2/Tutorial/UG1500_unified_tutorial_test/System_Generator/Lab2/C_code/solution/hls_project/solution1/.autopilot/db/a.g.ld.3.fpc.bc > C:/Users/viswanad/Documents/Model_Composer/2020_2/Tutorial/UG1500_unified_tutorial_test/System_Generator/Lab2/C_code/solution/hls_project/solution1/.autopilot/db/opt.a.g.ld.3.fpc.bc.out.log 2> C:/Users/viswanad/Documents/Model_Composer/2020_2/Tutorial/UG1500_unified_tutorial_test/System_Generator/Lab2/C_code/solution/hls_project/solution1/.autopilot/db/opt.a.g.ld.3.fpc.bc.err.log 
Command         ap_eval done; 1.264 sec.
INFO-FLOW: 
Command       run_link_or_opt done; 1.278 sec.
Execute       run_link_or_opt -out C:/Users/viswanad/Documents/Model_Composer/2020_2/Tutorial/UG1500_unified_tutorial_test/System_Generator/Lab2/C_code/solution/hls_project/solution1/.autopilot/db/a.g.ld.4.m2.bc -args C:/Users/viswanad/Documents/Model_Composer/2020_2/Tutorial/UG1500_unified_tutorial_test/System_Generator/Lab2/C_code/solution/hls_project/solution1/.autopilot/db/a.g.ld.3.fpc.bc -only-needed C:/Xilinx/Vitis_HLS/2020.2/win64/lib/libfloatconversion_39.bc 
Execute         ap_eval exec -ignorestderr C:/Xilinx/Vitis_HLS/2020.2/win64/tools/clang-3.9-csynth/bin/llvm-link C:/Users/viswanad/Documents/Model_Composer/2020_2/Tutorial/UG1500_unified_tutorial_test/System_Generator/Lab2/C_code/solution/hls_project/solution1/.autopilot/db/a.g.ld.3.fpc.bc -only-needed C:/Xilinx/Vitis_HLS/2020.2/win64/lib/libfloatconversion_39.bc -o C:/Users/viswanad/Documents/Model_Composer/2020_2/Tutorial/UG1500_unified_tutorial_test/System_Generator/Lab2/C_code/solution/hls_project/solution1/.autopilot/db/a.g.ld.4.m2.bc > C:/Users/viswanad/Documents/Model_Composer/2020_2/Tutorial/UG1500_unified_tutorial_test/System_Generator/Lab2/C_code/solution/hls_project/solution1/.autopilot/db/llvm-link.a.g.ld.4.m2.bc.out.log 2> C:/Users/viswanad/Documents/Model_Composer/2020_2/Tutorial/UG1500_unified_tutorial_test/System_Generator/Lab2/C_code/solution/hls_project/solution1/.autopilot/db/llvm-link.a.g.ld.4.m2.bc.err.log 
Command         ap_eval done; 0.229 sec.
INFO-FLOW: 
Command       run_link_or_opt done; 0.235 sec.
Execute       run_link_or_opt -opt -out C:/Users/viswanad/Documents/Model_Composer/2020_2/Tutorial/UG1500_unified_tutorial_test/System_Generator/Lab2/C_code/solution/hls_project/solution1/.autopilot/db/a.g.ld.5.gdce.bc -args C:/Users/viswanad/Documents/Model_Composer/2020_2/Tutorial/UG1500_unified_tutorial_test/System_Generator/Lab2/C_code/solution/hls_project/solution1/.autopilot/db/a.g.ld.4.m2.bc -reflow-globaldce -hls-top-function-name=MedianFilter 
Execute         ap_eval exec -ignorestderr C:/Xilinx/Vitis_HLS/2020.2/win64/tools/clang-3.9-csynth/bin/opt -pass-remarks-missed=reflow|pasta|unroll -pass-remarks=reflow|pasta|unroll|inline -pass-remarks-output=C:/Users/viswanad/Documents/Model_Composer/2020_2/Tutorial/UG1500_unified_tutorial_test/System_Generator/Lab2/C_code/solution/hls_project/solution1/.autopilot/db/opt.a.g.ld.5.gdce.bc.diag.yml C:/Users/viswanad/Documents/Model_Composer/2020_2/Tutorial/UG1500_unified_tutorial_test/System_Generator/Lab2/C_code/solution/hls_project/solution1/.autopilot/db/a.g.ld.4.m2.bc -reflow-globaldce -hls-top-function-name=MedianFilter -o C:/Users/viswanad/Documents/Model_Composer/2020_2/Tutorial/UG1500_unified_tutorial_test/System_Generator/Lab2/C_code/solution/hls_project/solution1/.autopilot/db/a.g.ld.5.gdce.bc > C:/Users/viswanad/Documents/Model_Composer/2020_2/Tutorial/UG1500_unified_tutorial_test/System_Generator/Lab2/C_code/solution/hls_project/solution1/.autopilot/db/opt.a.g.ld.5.gdce.bc.out.log 2> C:/Users/viswanad/Documents/Model_Composer/2020_2/Tutorial/UG1500_unified_tutorial_test/System_Generator/Lab2/C_code/solution/hls_project/solution1/.autopilot/db/opt.a.g.ld.5.gdce.bc.err.log 
Command         ap_eval done; 0.183 sec.
INFO-FLOW: 
Command       run_link_or_opt done; 0.196 sec.
Execute       get_solution -flow_target 
Execute       get_config_export -xo 
Execute       get_config_export -format 
Execute       get_config_rtl -module_prefix 
Execute       get_config_interface -default_slave_interface 
Execute       get_solution -flow_target 
Execute       get_config_export -xo 
Execute       get_config_export -format 
Execute       get_config_interface -m_axi_offset 
Execute       get_config_interface -m_axi_latency 
Execute       get_config_interface -m_axi_alignment_byte_size 
Execute       get_config_interface -m_axi_min_bitwidth 
Execute       get_config_interface -m_axi_max_bitwidth 
Execute       get_config_interface -m_axi_max_widen_bitwidth 
Execute       get_config_interface -m_axi_num_read_outstanding 
Execute       get_config_interface -m_axi_num_write_outstanding 
Execute       get_config_interface -m_axi_max_read_burst_length 
Execute       get_config_interface -m_axi_max_write_burst_length 
Execute       get_config_interface -m_axi_min_bitwidth 
Execute       get_config_interface -m_axi_max_bitwidth 
Execute       get_config_interface -m_axi_latency 
Execute       get_config_interface -m_axi_min_bitwidth 
Execute       get_config_interface -m_axi_max_bitwidth 
Execute       get_config_interface -m_axi_max_widen_bitwidth 
Execute       get_config_interface -m_axi_auto_max_ports 
Execute       get_config_interface -m_axi_num_read_outstanding 
Execute       get_config_interface -m_axi_num_write_outstanding 
Execute       get_config_interface -m_axi_max_read_burst_length 
Execute       get_config_interface -m_axi_max_write_burst_length 
Execute       get_config_interface -s_axilite_data64 
Execute       get_config_interface -m_axi_alignment_byte_size 
Execute       get_config_compile -pragma_strict_mode 
Execute       get_config_compile -pipeline_style 
Execute       send_msg_by_id INFO @200-777@%s Vivado 
INFO: [HLS 200-777] Using interface defaults for 'Vivado' flow target.
Execute       is_m_axi_addr64 
INFO-FLOW: Doing LTO.
Execute       ap_eval exec -ignorestderr C:/Xilinx/Vitis_HLS/2020.2/win64/tools/clang-3.9-csynth/bin/clang -foptimization-record-file=C:/Users/viswanad/Documents/Model_Composer/2020_2/Tutorial/UG1500_unified_tutorial_test/System_Generator/Lab2/C_code/solution/hls_project/solution1/.autopilot/db/clang.a.g.ld.0.bc.diag.yml -mllvm -pass-remarks-missed=reflow|pasta|unroll -mllvm -pass-remarks=reflow|pasta|unroll|inline -fhls -mllvm -hls-top-function-name=MedianFilter -mllvm -hls-db-dir -mllvm C:/Users/viswanad/Documents/Model_Composer/2020_2/Tutorial/UG1500_unified_tutorial_test/System_Generator/Lab2/C_code/solution/hls_project/solution1/.autopilot/db -emit-llvm -c -target fpga64-xilinx-none -mllvm -xcl-xmlinfo=C:/Users/viswanad/Documents/Model_Composer/2020_2/Tutorial/UG1500_unified_tutorial_test/System_Generator/Lab2/C_code/solution/hls_project/solution1/.autopilot/db/kernel.internal.xml -mllvm -top-io-mapping-info=C:/Users/viswanad/Documents/Model_Composer/2020_2/Tutorial/UG1500_unified_tutorial_test/System_Generator/Lab2/C_code/solution/hls_project/solution1/.autopilot/db/top-io-fe.xml -mllvm -hls-bitcode-version=3.1 -mllvm -reflow-enable-slave-interface-default-setting=true -mllvm -gen-kernel-xml=false -mllvm -default-maxi-offset=off -mllvm -maxi-latency=0 -mllvm -hls-maxi-data-size-in-bits=8 -mllvm -hls-maxi-max-data-size-in-bits=1024 -mllvm -hls-max-widen-size-in-bits=0 -mllvm -xcl-kernel-max-mem-ports=0 -mllvm -maxi-read-trans=16 -mllvm -maxi-write-trans=16 -mllvm -maxi-read-burst-len=16 -mllvm -maxi-write-burst-len=16 -mllvm -reflow-enable-saxi-64bits=0 -mllvm -assume-maxi-align=0 -mllvm -no-unaligned-maxi-accesses -mllvm -reflow-pipeline-style-llvm-setting=0 -mllvm -disable-inlined-alloca-merging=true -x ir C:/Users/viswanad/Documents/Model_Composer/2020_2/Tutorial/UG1500_unified_tutorial_test/System_Generator/Lab2/C_code/solution/hls_project/solution1/.autopilot/db/a.g.ld.5.gdce.bc -o C:/Users/viswanad/Documents/Model_Composer/2020_2/Tutorial/UG1500_unified_tutorial_test/System_Generator/Lab2/C_code/solution/hls_project/solution1/.autopilot/db/a.g.lto.bc > C:/Users/viswanad/Documents/Model_Composer/2020_2/Tutorial/UG1500_unified_tutorial_test/System_Generator/Lab2/C_code/solution/hls_project/solution1/.autopilot/db/clang.a.g.ld.0.bc.out.log 2> C:/Users/viswanad/Documents/Model_Composer/2020_2/Tutorial/UG1500_unified_tutorial_test/System_Generator/Lab2/C_code/solution/hls_project/solution1/.autopilot/db/clang.a.g.ld.0.bc.err.log 
Command       ap_eval done; 0.438 sec.
WARNING: [HLS 214-167] The program may have out of bound array access (MedianFilter.cpp:65:26)
WARNING: [HLS 214-167] The program may have out of bound array access (MedianFilter.cpp:66:26)
WARNING: [HLS 214-167] The program may have out of bound array access (MedianFilter.cpp:67:26)
INFO-FLOW: DBG:CMD: copy_raw_kernel_xml ap_link_39: kernel.xml not generated: C:/Users/viswanad/Documents/Model_Composer/2020_2/Tutorial/UG1500_unified_tutorial_test/System_Generator/Lab2/C_code/solution/hls_project/solution1/.autopilot/db/kernel.internal.xml
INFO: [HLS 200-111] Finished Compiling Optimization and Transform: CPU user time: 0 seconds. CPU system time: 0 seconds. Elapsed time: 6.322 seconds; current allocated memory: 195.033 MB.
INFO: [HLS 200-111] Finished Checking Pragmas: CPU user time: 0 seconds. CPU system time: 0 seconds. Elapsed time: 0.104 seconds; current allocated memory: 195.034 MB.
Execute       opt_and_import_c a -opt_level=2 -skip_syncheck=0 -ng=0 -keep_printf=0 
Execute         cleanup_all_models 
INFO: [HLS 200-10] Starting code transformations ...
INFO-FLOW: Running Standard Transforms...
Execute         transform -hls -share-std-xform -demangle-name -inline-byval-memcpy -always-inline -promote-dbg-pointer -interface-preproc -mem2reg -scalarrepl -mem2reg -keep-read-access -instcombine -dce -promote-dbg-pointer -bitop-raise -loop-simplify -indvarspre -indvars -loop-simplify -xunroll -constprop -instcombine -simplifycfg -indvars -simplifycfg -dce -globaldce -basicaa -simplifycfg -mem2reg -globalopt -global-constprop -deadargelim -instcombine -simplifycfg -scalarrepl -instcombine -reassociate -licm -simplifycfg -loop-simplify -indvars -instcombine -simplifycfg -mem2reg -loop-simplify -indvars -instcombine -gvn -gvn -instcombine -adce -break-crit-edges -simplifycfg -loop-delete -global-array-opt -dce -dse -adce -find-syn-modules -top MedianFilter -deadargelim -mem2reg -instcombine -dce -presyn-prepare -auto-rom-infer -interface-preproc -syn-check -check-rec-only -find-region -simplifycfg -func-extr -function-inline -globaldce -mem2reg -instcombine -dce -gvn -globaldce -adce -adse -constprop -instcombine -bit-constprop -instcombine -dce -simplifycfg -bitop-raise -simplifycfg -dce -loop-delete -reassociate -globalopt -global-privatize -mem2reg -dce -global-constprop -pointer-simplify -constprop -dce -func-inst -deadargelim -auto-shift-reg-idiom -promote-dbg-pointer -norm-name C:/Users/viswanad/Documents/Model_Composer/2020_2/Tutorial/UG1500_unified_tutorial_test/System_Generator/Lab2/C_code/solution/hls_project/solution1/.autopilot/db/a.g.0.bc -o C:/Users/viswanad/Documents/Model_Composer/2020_2/Tutorial/UG1500_unified_tutorial_test/System_Generator/Lab2/C_code/solution/hls_project/solution1/.autopilot/db/a.g.1.bc -f -phase std-opt 
INFO: [HLS 200-111] Finished Standard Transforms: CPU user time: 0 seconds. CPU system time: 0 seconds. Elapsed time: 0.138 seconds; current allocated memory: 196.290 MB.
INFO: [HLS 200-10] Checking synthesizability ...
INFO-FLOW: Checking Synthesizability 1/2..
Execute         transform -hls -syn-check -check-rec-only -disaggr -scalarrepl -norm-name -dce -mem2reg -instcombine -function-uniquify -directive-preproc -mem2reg -dse -dce -auto-rom-infer -dce -pag -array-normalize -instcombine -dce -array-seg-normalize -instcombine -dce -data-pack -instcombine -dce -inst-simplify -array-flatten -instcombine -dce -array-burst -dce -deadargelim -promote-global-argument -simplifycfg -mem2reg -globaldce -dce -deadargelim -dce -instcombine -function-inline -globaldce -dce -doublePtrSimplify -doublePtrElim -dce -doublePtrSimplify -promote-dbg-pointer -dce -scalarrepl -dse -adse -instcombine -ptrLegalization -simplifycfg -dce -instcombine -pointer-simplify -ptrArgReplace -dce -instcombine -resolve-double-ptr -disaggr -scalarrepl -norm-name -dce -mem2reg -instcombine -ptrLegalization -simplifycfg -deadargelim -instcombine -dce -inst-simplify -function-uniquify -directive-preproc -mem2reg -dse -dce -globaldce -check-dspbuiltin C:/Users/viswanad/Documents/Model_Composer/2020_2/Tutorial/UG1500_unified_tutorial_test/System_Generator/Lab2/C_code/solution/hls_project/solution1/.autopilot/db/a.g.1.bc -o C:/Users/viswanad/Documents/Model_Composer/2020_2/Tutorial/UG1500_unified_tutorial_test/System_Generator/Lab2/C_code/solution/hls_project/solution1/.autopilot/db/a.g.2.prechk.bc -f 
INFO-FLOW: Checking Synthesizability 2/2..
Execute         transform -syn-check C:/Users/viswanad/Documents/Model_Composer/2020_2/Tutorial/UG1500_unified_tutorial_test/System_Generator/Lab2/C_code/solution/hls_project/solution1/.autopilot/db/a.g.2.prechk.bc -o C:/Users/viswanad/Documents/Model_Composer/2020_2/Tutorial/UG1500_unified_tutorial_test/System_Generator/Lab2/C_code/solution/hls_project/solution1/.autopilot/db/a.g.2.bc -f -phase syn-check 
INFO: [HLS 200-111] Finished Checking Synthesizability: CPU user time: 1 seconds. CPU system time: 0 seconds. Elapsed time: 0.144 seconds; current allocated memory: 195.706 MB.
INFO-FLOW: Compiler optimizing ...
INFO-FLOW: Share syncheck's 1.bc for syn flow: copy C:/Users/viswanad/Documents/Model_Composer/2020_2/Tutorial/UG1500_unified_tutorial_test/System_Generator/Lab2/C_code/solution/hls_project/solution1/.autopilot/db/a.g.1.bc to C:/Users/viswanad/Documents/Model_Composer/2020_2/Tutorial/UG1500_unified_tutorial_test/System_Generator/Lab2/C_code/solution/hls_project/solution1/.autopilot/db/a.o.1.bc
INFO-FLOW: Presyn 1...
Execute         transform -hls -tmp C:/Users/viswanad/Documents/Model_Composer/2020_2/Tutorial/UG1500_unified_tutorial_test/System_Generator/Lab2/C_code/solution/hls_project/solution1/.autopilot/db -interface-port-rename -function-uniquify -directive-preproc -mem2reg -dse -dce -disaggr -scalarrepl -norm-name -deadargelim -mem2reg -instcombine -dce -simplifycfg -auto-rom-infer -dce -function-uniquify -resource-proc -clib-intrinsic-prepare -dce -func-buffer -dce -pag -array-normalize -func-legal -instcombine -gvn -constprop -dce -simplifycfg -mem2reg -globaldce -resolve-double-ptr -dce -deadargelim -dce -instcombine -ptrArgReplace -mem2reg -dce -array-seg-normalize -deadargelim -instcombine -dce -function-uniquify -directive-preproc -mem2reg -dse -dce -pointer-simplify -dce -port-alignment -dce -interface-preproc -data-pack -instcombine -dce -basicaa -aggr-aa -aggrmodref-aa -aggr-aa -gvn -gvn -basicaa -aggr-aa -aggrmodref-aa -aggr-aa -dse -adse -adce -loop-simplify -indvars -instcombine -gvn -loop-simplify -mem2reg -dce -find-region -instcombine -auto-loop-pipeline -inst-simplify -interface-preproc -cfgopt -instcombine -indvars -auto-loop-unroll -loop-simplify -loop-bound -xunroll -constprop -instcombine -simplifycfg -indvars -simplifycfg -dce -globaldce -clean-region -attach-range -gvn -inst-simplify -constprop -simplifycfg -dce -pointer-simplify -dce -globalopt -constprop -dce -array-promote -constprop -dce -ptrArgReplace -mem2reg -simplifycfg -dce -instcombine -dce -array-transform-check -array-reshape -instcombine -simplifycfg -dce -ptrArgReplace -deadargelim -mem2reg -instcombine -simplifycfg -dce -indvars -loop-simplify -loop-bound -xunroll -constprop -instcombine -simplifycfg -indvars -simplifycfg -dce -globaldce -basicaa -aggr-aa -aggrmodref-aa -aggr-aa -dse -duplicate-dataflow-processes -globaldce -instcombine -array-partition -instcombine -simplifycfg -dce -ptrArgReplace -global-constprop -deadargelim -mem2reg -func-legal -dce -global-constprop -deadargelim -mem2reg -simplifycfg -dce -merge-param -deadargelim -globalopt -constprop -dce -array-promote -constprop -dce -ptrArgReplace -mem2reg -simplifycfg -dce -mem-intrinsic-preproc -dce -global-internalize -global-privatize -mem2reg -globaldce -promote-global-argument -ptrArgReplace -mem2reg -dce -globalopt -mergereturn -simplify-global-access -mem2reg -dce -pointer-simplify -dce -functionattrs -basicaa -aggr-aa -aggrmodref-aa -aggr-aa -gvn -gvn -basicaa -aggr-aa -aggrmodref-aa -aggr-aa -dse -adse -adce -dce -norm-name -basicaa -aggr-aa -aggrmodref-aa -aggr-aa -accesses-merge -function-inline -complex-op-raise -inst-simplify -globaldce -func-inst -constprop -instcombine -simplifycfg -dce -func-legal -dce -loop-bound -arraycheck -bitwidthmin2 -bitwidthmin2 -on-by-dataflow -loop-delete -instcombine -simplifycfg -globaldce -dce -gvn -deadargelim -dce -loop-simplify -clean-region -simplifycfg -propagate-stable-arguments -loop-stream -instcombine -simplifycfg -dce -globaldce -duplicate-dataflow-processes -stream-intrinsic-preproc -dce -check-ap-stream -loop-simplify -eliminate-keepreads -extract-dataflow-in-loop -loop-simplify -dce -gvn -deadargelim -dse -check-dataflow-syntax -legalize-stream-variable -legalize-global -extract-subproc -dce -dead-channel-elimination -canonicalize-gep -globaldce -dce -gvn -hls-dead-arg-elim -deadargelim -directive-preproc -annotate-dataflow-channels -scalar-propagation -deadargelim -globaldce -mem2reg -check-dataflow-channels -function-stream -dce -globaldce -prop-fifo-spec -internal-stream-gen -canonicalize-gep -globaldce -dce -gvn -deadargelim -mergereturn -indvars -loop-simplify -instcombine -array-stream -array-seg-normalize -array-partition -func-legal -instcombine -simplifycfg -dce -bundle-memfifo-ops -deadargelim -function-uniquify -directive-preproc -mem2reg -dse -dce -group-axi-access -licm -simplifycfg -dce -loop-delete -norm-name C:/Users/viswanad/Documents/Model_Composer/2020_2/Tutorial/UG1500_unified_tutorial_test/System_Generator/Lab2/C_code/solution/hls_project/solution1/.autopilot/db/a.o.1.bc -o C:/Users/viswanad/Documents/Model_Composer/2020_2/Tutorial/UG1500_unified_tutorial_test/System_Generator/Lab2/C_code/solution/hls_project/solution1/.autopilot/db/a.o.1.tmp.bc -f 
INFO: [XFORM 203-502] Unrolling all loops for pipelining in function 'MedianFilter' (MedianFilter.cpp:43).
INFO: [HLS 200-489] Unrolling loop 'VITIS_LOOP_56_1' (MedianFilter.cpp:56) in function 'MedianFilter' completely with a factor of 3.
INFO: [HLS 200-489] Unrolling loop 'VITIS_LOOP_57_2' (MedianFilter.cpp:57) in function 'MedianFilter' completely with a factor of 2.
INFO: [HLS 200-489] Unrolling loop 'VITIS_LOOP_69_3' (MedianFilter.cpp:69) in function 'MedianFilter' completely with a factor of 9.
INFO: [XFORM 203-102] Partitioning array 'sortBuffer' (MedianFilter.cpp:51) automatically.
INFO: [XFORM 203-102] Partitioning array 'pixelWindowBuffer' automatically.
INFO-FLOW: Presyn 2...
Execute         transform -hls -keep-callgraph -scalarrepl -mem2reg -port-alignment -attach-range -dce -pipe-mux-gen -indvars -loop-bound -inst-simplify -instcombine -dce -merge-array-access -mem2reg -dce -clean-region -mergereturn -if-conv -instcombine -dce -constprop -basicaa -aggr-aa -aggrmodref-aa -aggr-aa -gvn -gvn -basicaa -aggr-aa -aggrmodref-aa -aggr-aa -dse -adse -adce -scalarrepl -mem2reg -global-constprop -deadargelim -deadargelim -instcombine -dce -simplifycfg -ptrArgReplace -mem2reg -function-inline -globaldce -mem2reg -instcombine -dce -expr-balance -instcombine -dce -bitwidthmin2 -bitwidthmin2 -interface-preproc -directive-preproc -inst-rectify -instcombine -dce -functionattrs -constprop -instcombine -bit-constprop -simplify-global-access -globalopt -globaldce -inst-simplify -instcombine -elimdeaddata -dce -loop-delete -simplifycfg -loop-simplify -auto-burst -barrier -norm-name C:/Users/viswanad/Documents/Model_Composer/2020_2/Tutorial/UG1500_unified_tutorial_test/System_Generator/Lab2/C_code/solution/hls_project/solution1/.autopilot/db/a.o.1.tmp.bc -o C:/Users/viswanad/Documents/Model_Composer/2020_2/Tutorial/UG1500_unified_tutorial_test/System_Generator/Lab2/C_code/solution/hls_project/solution1/.autopilot/db/a.o.2.bc -f -phase presyn 
INFO: [XFORM 203-602] Inlining function 'OptMedian9' into 'MedianFilter' (MedianFilter.cpp:73) automatically.
INFO: [HLS 200-111] Finished Loop, function and other optimizations: CPU user time: 0 seconds. CPU system time: 0 seconds. Elapsed time: 0.256 seconds; current allocated memory: 215.940 MB.
Execute         get_config_compile -enable_loop_extract 
Execute         get_config_compile -disable_auto_rewind 
Execute         get_config_compile -enable_auto_rewind 
INFO-FLOW: Building ssdm...
Execute         transform -hls -function-uniquify -auto-function-inline -globaldce -ptrArgReplace -mem2reg -dce -reset-lda -loop-simplify -indvars -aggr-aa -licm -loop-dep -loop-bound -licm -loop-simplify -flattenloopnest -array-flatten -gvn -instcombine -dce -array-map -dce -func-legal -gvn -adce -instcombine -cfgopt -simplifycfg -loop-simplify -array-burst -promote-global-argument -dce -array-seg-normalize -basicaa -aggrmodref-aa -globalsmodref-aa -aggr-aa -gvn -gvn -basicaa -aggrmodref-aa -globalsmodref-aa -aggr-aa -dse -adse -adce -licm -inst-simplify -dce -globaldce -instcombine -array-stream -eliminate-keepreads -instcombine -dce -deadargelim -doublePtrSimplify -doublePtrElim -dce -doublePtrSimplify -promote-dbg-pointer -dce -scalarrepl -mem2reg -disaggr -norm-name -mem2reg -instcombine -dse -adse -adce -ptrLegalization -dce -auto-rom-infer -array-flatten -dce -instcombine -check-doubleptr -loop-rot -constprop -cfgopt -simplifycfg -loop-simplify -indvars -pointer-simplify -dce -loop-bound -loop-simplify -loop-preproc -constprop -global-constprop -gvn -mem2reg -instcombine -dce -loop-bound -loop-merge -dce -bitwidthmin2 -bitwidthmin2 -deadargelim -dce -canonicalize-dataflow -dce -scalar-propagation -deadargelim -globaldce -mem2reg -read-loop-dep -interface-preproc -directive-preproc -interface-gen -bram-byte-enable -deadargelim -inst-simplify -dce -gvn -mem2reg -instcombine -dce -adse -loop-bound -instcombine -cfgopt -simplifycfg -loop-simplify -clean-region -io-protocol -find-region -mem2reg -bitop-raise -complex-op-raise -inst-simplify -inst-rectify -instcombine -adce -deadargelim -loop-simplify -phi-opt -bitop-raise -cfgopt -simplifycfg -strip-dead-prototypes -interface-lower -bitop-lower -intrinsic-lower -auto-function-inline -basicaa -aggrmodref-aa -globalsmodref-aa -aggr-aa -inst-simplify -simplifycfg -loop-simplify -mergereturn -inst-simplify -inst-rectify -dce -load-elim -bitop-lower -float-op-raise -loop-rewind -pointer-simplify -dce -cfgopt -dce -loop-bound -loop-dep -read-loop-dep -dce -dyn-mem-reuse -dce -check-stream -norm-name -legalize -validate-dataflow -inst-clarity -bitwidth -dump-loop-dep-to-ir -check-all-ssdm -cdfg-build C:/Users/viswanad/Documents/Model_Composer/2020_2/Tutorial/UG1500_unified_tutorial_test/System_Generator/Lab2/C_code/solution/hls_project/solution1/.autopilot/db/a.o.2.bc -o C:/Users/viswanad/Documents/Model_Composer/2020_2/Tutorial/UG1500_unified_tutorial_test/System_Generator/Lab2/C_code/solution/hls_project/solution1/.autopilot/db/a.o.3.bc -f -phase build-ssdm 
INFO: [HLS 200-111] Finished Architecture Synthesis: CPU user time: 0 seconds. CPU system time: 0 seconds. Elapsed time: 0.199 seconds; current allocated memory: 207.940 MB.
INFO-FLOW: Finish building internal data model.
Command       opt_and_import_c done; 0.745 sec.
Command     elaborate done; 9.611 sec.
Execute     autosyn -from_csynth_design=1 
INFO: [HLS 200-10] Starting hardware synthesis ...
INFO-FLOW: Synthesizing C/C++ design ...
INFO: [HLS 200-10] Synthesizing 'MedianFilter' ...
Execute       ap_set_top_model MedianFilter 
Execute       get_model_list MedianFilter -filter all-wo-channel -topdown 
Execute       preproc_iomode -model MedianFilter 
Execute       get_model_list MedianFilter -filter all-wo-channel 
INFO-FLOW: Model list for configure: MedianFilter
INFO-FLOW: Configuring Module : MedianFilter ...
Execute       set_default_model MedianFilter 
Execute       apply_spec_resource_limit MedianFilter 
INFO-FLOW: Model list for preprocess: MedianFilter
INFO-FLOW: Preprocessing Module: MedianFilter ...
Execute       set_default_model MedianFilter 
Execute       cdfg_preprocess -model MedianFilter 
Execute       rtl_gen_preprocess MedianFilter 
INFO-FLOW: Model list for synthesis: MedianFilter
INFO: [HLS 200-10] ----------------------------------------------------------------
INFO: [HLS 200-42] -- Implementing module 'MedianFilter' 
INFO: [HLS 200-10] ----------------------------------------------------------------
Execute       set_default_model MedianFilter 
Execute       schedule -model MedianFilter 
INFO: [SCHED 204-11] Starting scheduling ...
INFO: [SCHED 204-61] Pipelining function 'MedianFilter'.
INFO: [HLS 200-1470] Pipelining result : Target II = 1, Final II = 1, Depth = 2, function 'MedianFilter'
INFO: [SCHED 204-11] Finished scheduling.
INFO: [HLS 200-111] Finished Scheduling: CPU user time: 0 seconds. CPU system time: 0 seconds. Elapsed time: 0.232 seconds; current allocated memory: 208.215 MB.
Execute       syn_report -verbosereport -o C:/Users/viswanad/Documents/Model_Composer/2020_2/Tutorial/UG1500_unified_tutorial_test/System_Generator/Lab2/C_code/solution/hls_project/solution1/.autopilot/db/MedianFilter.verbose.sched.rpt 
Execute         AP::get_flow_target_display_name
Execute           get_solution -flow_target 
Execute       db_write -o C:/Users/viswanad/Documents/Model_Composer/2020_2/Tutorial/UG1500_unified_tutorial_test/System_Generator/Lab2/C_code/solution/hls_project/solution1/.autopilot/db/MedianFilter.sched.adb -f 
INFO-FLOW: Finish scheduling MedianFilter.
Execute       set_default_model MedianFilter 
Execute       bind -model MedianFilter 
INFO: [BIND 205-100] Starting micro-architecture generation ...
INFO: [BIND 205-101] Performing variable lifetime analysis.
INFO: [BIND 205-101] Exploring resource sharing.
INFO: [BIND 205-101] Binding ...
INFO: [BIND 205-100] Finished micro-architecture generation.
INFO: [HLS 200-111] Finished Binding: CPU user time: 0 seconds. CPU system time: 0 seconds. Elapsed time: 0.24 seconds; current allocated memory: 208.506 MB.
Execute       syn_report -verbosereport -o C:/Users/viswanad/Documents/Model_Composer/2020_2/Tutorial/UG1500_unified_tutorial_test/System_Generator/Lab2/C_code/solution/hls_project/solution1/.autopilot/db/MedianFilter.verbose.bind.rpt 
Execute         AP::get_flow_target_display_name
Execute           get_solution -flow_target 
Command       syn_report done; 0.124 sec.
Execute       db_write -o C:/Users/viswanad/Documents/Model_Composer/2020_2/Tutorial/UG1500_unified_tutorial_test/System_Generator/Lab2/C_code/solution/hls_project/solution1/.autopilot/db/MedianFilter.bind.adb -f 
INFO-FLOW: Finish binding MedianFilter.
Execute       get_model_list MedianFilter -filter all-wo-channel 
INFO-FLOW: Preprocessing for RTLGen ...
Execute       rtl_gen_preprocess MedianFilter 
INFO-FLOW: Model list for RTL generation: MedianFilter
INFO: [HLS 200-10] ----------------------------------------------------------------
INFO: [HLS 200-10] -- Generating RTL for module 'MedianFilter' 
INFO: [HLS 200-10] ----------------------------------------------------------------
Execute       get_config_rtl -module_prefix 
Execute       get_config_rtl -module_prefix 
Execute       get_config_rtl -module_auto_prefix 
Execute       create_rtl_model MedianFilter -top_prefix  -sub_prefix MedianFilter_ -mg_file C:/Users/viswanad/Documents/Model_Composer/2020_2/Tutorial/UG1500_unified_tutorial_test/System_Generator/Lab2/C_code/solution/hls_project/solution1/.autopilot/db/MedianFilter.compgen.tcl 
INFO: [RTGEN 206-500] Setting interface mode on port 'MedianFilter/row1' to 'ap_none'.
INFO: [RTGEN 206-500] Setting interface mode on port 'MedianFilter/row2' to 'ap_none'.
INFO: [RTGEN 206-500] Setting interface mode on port 'MedianFilter/row3' to 'ap_none'.
INFO: [RTGEN 206-500] Setting interface mode on port 'MedianFilter/V' to 'ap_vld'.
INFO: [RTGEN 206-500] Setting interface mode on function 'MedianFilter' to 'ap_ctrl_hs'.
WARNING: [RTGEN 206-101] Register 'pixelWindowBuffer_1' is power-on initialization.
WARNING: [RTGEN 206-101] Register 'pixelWindowBuffer_0' is power-on initialization.
WARNING: [RTGEN 206-101] Register 'pixelWindowBuffer_4' is power-on initialization.
WARNING: [RTGEN 206-101] Register 'pixelWindowBuffer_3' is power-on initialization.
WARNING: [RTGEN 206-101] Register 'pixelWindowBuffer_7' is power-on initialization.
WARNING: [RTGEN 206-101] Register 'pixelWindowBuffer_6' is power-on initialization.
INFO: [RTGEN 206-100] Finished creating RTL model for 'MedianFilter'.
INFO: [HLS 200-111] Finished Creating RTL model: CPU user time: 1 seconds. CPU system time: 0 seconds. Elapsed time: 0.299 seconds; current allocated memory: 209.053 MB.
Execute       source C:/Users/viswanad/Documents/Model_Composer/2020_2/Tutorial/UG1500_unified_tutorial_test/System_Generator/Lab2/C_code/solution/hls_project/solution1/.autopilot/db/MedianFilter.rtl_wrap.cfg.tcl 
Execute       gen_rtl MedianFilter -istop -style xilinx -f -lang vhdl -o C:/Users/viswanad/Documents/Model_Composer/2020_2/Tutorial/UG1500_unified_tutorial_test/System_Generator/Lab2/C_code/solution/hls_project/solution1/syn/vhdl/MedianFilter 
Execute       gen_rtl MedianFilter -istop -style xilinx -f -lang vlog -o C:/Users/viswanad/Documents/Model_Composer/2020_2/Tutorial/UG1500_unified_tutorial_test/System_Generator/Lab2/C_code/solution/hls_project/solution1/syn/verilog/MedianFilter 
Execute       syn_report -csynth -model MedianFilter -o C:/Users/viswanad/Documents/Model_Composer/2020_2/Tutorial/UG1500_unified_tutorial_test/System_Generator/Lab2/C_code/solution/hls_project/solution1/syn/report/MedianFilter_csynth.rpt 
Execute         AP::get_flow_target_display_name
Execute           get_solution -flow_target 
Execute       syn_report -rtlxml -model MedianFilter -o C:/Users/viswanad/Documents/Model_Composer/2020_2/Tutorial/UG1500_unified_tutorial_test/System_Generator/Lab2/C_code/solution/hls_project/solution1/syn/report/MedianFilter_csynth.xml 
Execute         get_solution -flow_target
Execute           get_solution -flow_target 
Execute       syn_report -verbosereport -model MedianFilter -o C:/Users/viswanad/Documents/Model_Composer/2020_2/Tutorial/UG1500_unified_tutorial_test/System_Generator/Lab2/C_code/solution/hls_project/solution1/.autopilot/db/MedianFilter.verbose.rpt 
Execute         AP::get_flow_target_display_name
Execute           get_solution -flow_target 
Command       syn_report done; 0.15 sec.
Execute       db_write -model MedianFilter -f -o C:/Users/viswanad/Documents/Model_Composer/2020_2/Tutorial/UG1500_unified_tutorial_test/System_Generator/Lab2/C_code/solution/hls_project/solution1/.autopilot/db/MedianFilter.adb 
Execute       gen_tb_info MedianFilter -p C:/Users/viswanad/Documents/Model_Composer/2020_2/Tutorial/UG1500_unified_tutorial_test/System_Generator/Lab2/C_code/solution/hls_project/solution1/.autopilot/db -o C:/Users/viswanad/Documents/Model_Composer/2020_2/Tutorial/UG1500_unified_tutorial_test/System_Generator/Lab2/C_code/solution/hls_project/solution1/.autopilot/db/MedianFilter 
Execute       export_constraint_db -f -tool general -o C:/Users/viswanad/Documents/Model_Composer/2020_2/Tutorial/UG1500_unified_tutorial_test/System_Generator/Lab2/C_code/solution/hls_project/solution1/.autopilot/db/MedianFilter.constraint.tcl 
Execute       syn_report -designview -model MedianFilter -o C:/Users/viswanad/Documents/Model_Composer/2020_2/Tutorial/UG1500_unified_tutorial_test/System_Generator/Lab2/C_code/solution/hls_project/solution1/.autopilot/db/MedianFilter.design.xml 
Execute       syn_report -csynthDesign -model MedianFilter -o C:/Users/viswanad/Documents/Model_Composer/2020_2/Tutorial/UG1500_unified_tutorial_test/System_Generator/Lab2/C_code/solution/hls_project/solution1/syn/report/csynth.rpt 
Execute         AP::get_flow_target_display_name
Execute           get_solution -flow_target 
Execute       get_config_rtl -disable_wave_debug 
Execute       syn_report -wcfg -model MedianFilter -o C:/Users/viswanad/Documents/Model_Composer/2020_2/Tutorial/UG1500_unified_tutorial_test/System_Generator/Lab2/C_code/solution/hls_project/solution1/.autopilot/db/MedianFilter_dataflow_ana.wcfg 
Execute       syn_report -protoinst -model MedianFilter -o C:/Users/viswanad/Documents/Model_Composer/2020_2/Tutorial/UG1500_unified_tutorial_test/System_Generator/Lab2/C_code/solution/hls_project/solution1/.autopilot/db/MedianFilter.protoinst 
Execute       get_config_debug -directory 
Execute       sc_get_clocks MedianFilter 
Execute       get_config_export -vivado_clock 
Execute       get_config_rtl -module_prefix 
Execute       get_config_rtl -module_prefix 
Execute       get_config_rtl -module_auto_prefix 
Execute       sc_get_portdomain MedianFilter 
INFO-FLOW: Model list for RTL component generation: MedianFilter
INFO-FLOW: Handling components in module [MedianFilter] ... 
Execute       source C:/Users/viswanad/Documents/Model_Composer/2020_2/Tutorial/UG1500_unified_tutorial_test/System_Generator/Lab2/C_code/solution/hls_project/solution1/.autopilot/db/MedianFilter.compgen.tcl 
INFO-FLOW: Append model MedianFilter
INFO-FLOW: Generating RTL model list ...
INFO-FLOW: All models in this session: MedianFilter
INFO-FLOW: To file: write model MedianFilter
INFO-FLOW: Finished generating RTL model list.


INFO-FLOW: RTL Generation done.
INFO-FLOW: CAS Generation done.
INFO-FLOW: CBC Generation done.
Execute       get_top 
Execute       get_config_export -ipname 
Execute       get_config_export -xo 
Execute       get_config_export -format 
Execute       get_config_rtl -module_auto_prefix 
INFO-FLOW: DBG:CMD:   auto_impl: set ipname to top (module_auto_prefix): MedianFilter
INFO-FLOW: DBG:CMD: auto_generate_csynth_design
INFO-FLOW: DBG:CMD:     auto_generate --sim-model -phase csynth_design -d C:/Users/viswanad/Documents/Model_Composer/2020_2/Tutorial/UG1500_unified_tutorial_test/System_Generator/Lab2/C_code/solution/hls_project/solution1
Execute       get_solution -flow_target 
Execute       get_config_export -xo 
Execute       get_config_export -format 
Execute       source C:/Users/viswanad/Documents/Model_Composer/2020_2/Tutorial/UG1500_unified_tutorial_test/System_Generator/Lab2/C_code/solution/hls_project/solution1/.autopilot/db/global.setting.tcl 
INFO-FLOW: DBG:CMD: read_platform_lib C:/Users/viswanad/Documents/Model_Composer/2020_2/Tutorial/UG1500_unified_tutorial_test/System_Generator/Lab2/C_code/solution/hls_project/solution1/.autopilot/db/global.setting.tcl
Execute       source C:/Xilinx/Vitis_HLS/2020.2/common/technology/generic/autopilot/common.gen 
Execute         source C:/Xilinx/Vitis_HLS/2020.2/common/technology/generic/autopilot/APCoreGen.gen 
Execute       source C:/Xilinx/Vitis_HLS/2020.2/common/technology/generic/autopilot/op.gen 
Execute       source C:/Xilinx/Vitis_HLS/2020.2/common/technology/generic/autopilot/op_simcore.gen 
Execute       source C:/Xilinx/Vitis_HLS/2020.2/common/technology/generic/autopilot/interface.gen 
Execute       source C:/Users/viswanad/Documents/Model_Composer/2020_2/Tutorial/UG1500_unified_tutorial_test/System_Generator/Lab2/C_code/solution/hls_project/solution1/.autopilot/db/global.setting.tcl 
Execute       ap_family_info -name Virtex-7 -data parts 
Execute       ap_part_info -name xc7vx485tffg1157-1 -data info 
Execute       source C:/Xilinx/Vitis_HLS/2020.2/common/technology/xilinx/common/xilinx.gen 
Execute         source C:/Xilinx/Vitis_HLS/2020.2/common/technology/xilinx/interface/plb46.gen 
Execute         source C:/Xilinx/Vitis_HLS/2020.2/common/technology/xilinx/interface/axi4.gen 
Execute         source C:/Xilinx/Vitis_HLS/2020.2/common/technology/xilinx/interface/nativeAXI4.gen 
Execute           source C:/Xilinx/Vitis_HLS/2020.2/common/technology/xilinx/interface/saxilite.gen 
Execute           source C:/Xilinx/Vitis_HLS/2020.2/common/technology/xilinx/interface/maxi.gen 
Execute         source C:/Xilinx/Vitis_HLS/2020.2/common/technology/xilinx/scripts/xilinxcoregen.gen 
Execute         source C:/Xilinx/Vitis_HLS/2020.2/common/technology/xilinx/interface/XilEDKCoreGen.gen 
Execute         source C:/Xilinx/Vitis_HLS/2020.2/common/technology/xilinx/ip/dds_compiler.gen 
Execute         source C:/Xilinx/Vitis_HLS/2020.2/common/technology/xilinx/ip/util.gen 
Execute         source C:/Xilinx/Vitis_HLS/2020.2/common/technology/xilinx/ip/xfft.gen 
Execute         source C:/Xilinx/Vitis_HLS/2020.2/common/technology/xilinx/ip/xfir.gen 
Execute         source C:/Xilinx/Vitis_HLS/2020.2/common/technology/xilinx/DSP48/dsp48.gen 
Command       ap_source done; 0.118 sec.
Execute       source C:/Xilinx/Vitis_HLS/2020.2/common/technology/xilinx/common/xilinx.gen 
Execute         source C:/Xilinx/Vitis_HLS/2020.2/common/technology/xilinx/interface/plb46.gen 
Execute         source C:/Xilinx/Vitis_HLS/2020.2/common/technology/xilinx/interface/axi4.gen 
Execute         source C:/Xilinx/Vitis_HLS/2020.2/common/technology/xilinx/interface/nativeAXI4.gen 
Execute           source C:/Xilinx/Vitis_HLS/2020.2/common/technology/xilinx/interface/saxilite.gen 
Execute           source C:/Xilinx/Vitis_HLS/2020.2/common/technology/xilinx/interface/maxi.gen 
Execute         source C:/Xilinx/Vitis_HLS/2020.2/common/technology/xilinx/scripts/xilinxcoregen.gen 
Execute         source C:/Xilinx/Vitis_HLS/2020.2/common/technology/xilinx/interface/XilEDKCoreGen.gen 
Execute         source C:/Xilinx/Vitis_HLS/2020.2/common/technology/xilinx/ip/dds_compiler.gen 
Execute         source C:/Xilinx/Vitis_HLS/2020.2/common/technology/xilinx/ip/util.gen 
Execute         source C:/Xilinx/Vitis_HLS/2020.2/common/technology/xilinx/ip/xfft.gen 
Execute         source C:/Xilinx/Vitis_HLS/2020.2/common/technology/xilinx/ip/xfir.gen 
Execute         source C:/Xilinx/Vitis_HLS/2020.2/common/technology/xilinx/DSP48/dsp48.gen 
Command       ap_source done; 0.112 sec.
Execute       source C:/Xilinx/Vitis_HLS/2020.2/common/technology/xilinx/common/xilinx.gen 
Execute         source C:/Xilinx/Vitis_HLS/2020.2/common/technology/xilinx/interface/plb46.gen 
Execute         source C:/Xilinx/Vitis_HLS/2020.2/common/technology/xilinx/interface/axi4.gen 
Execute         source C:/Xilinx/Vitis_HLS/2020.2/common/technology/xilinx/interface/nativeAXI4.gen 
Execute           source C:/Xilinx/Vitis_HLS/2020.2/common/technology/xilinx/interface/saxilite.gen 
Execute           source C:/Xilinx/Vitis_HLS/2020.2/common/technology/xilinx/interface/maxi.gen 
Execute         source C:/Xilinx/Vitis_HLS/2020.2/common/technology/xilinx/scripts/xilinxcoregen.gen 
Execute         source C:/Xilinx/Vitis_HLS/2020.2/common/technology/xilinx/interface/XilEDKCoreGen.gen 
Execute         source C:/Xilinx/Vitis_HLS/2020.2/common/technology/xilinx/ip/dds_compiler.gen 
Execute         source C:/Xilinx/Vitis_HLS/2020.2/common/technology/xilinx/ip/util.gen 
Execute         source C:/Xilinx/Vitis_HLS/2020.2/common/technology/xilinx/ip/xfft.gen 
Execute         source C:/Xilinx/Vitis_HLS/2020.2/common/technology/xilinx/ip/xfir.gen 
Execute         source C:/Xilinx/Vitis_HLS/2020.2/common/technology/xilinx/DSP48/dsp48.gen 
Command       ap_source done; 0.113 sec.
INFO-FLOW: DBG:CMD:   using AESL_AUTOCG::g_clock_period=10.000 (was NA)
INFO-FLOW: DBG:CMD:       generate_ip_cores sim=1 export=0 expOnly=0 dstVlogDir=syn/verilog
Execute       source C:/Users/viswanad/Documents/Model_Composer/2020_2/Tutorial/UG1500_unified_tutorial_test/System_Generator/Lab2/C_code/solution/hls_project/solution1/.autopilot/db/global.setting.tcl 
Execute       ap_part_info -name xcvu11p-flga2577-1-e -data names -quiet 
Execute       ap_part_info -name xcvu11p-flga2577-1-e -data info -quiet 
Execute       source C:/Users/viswanad/Documents/Model_Composer/2020_2/Tutorial/UG1500_unified_tutorial_test/System_Generator/Lab2/C_code/solution/hls_project/solution1/.autopilot/db/global.setting.tcl 
Execute       source C:/Users/viswanad/Documents/Model_Composer/2020_2/Tutorial/UG1500_unified_tutorial_test/System_Generator/Lab2/C_code/solution/hls_project/solution1/.autopilot/db/global.setting.tcl 
Execute       source C:/Users/viswanad/Documents/Model_Composer/2020_2/Tutorial/UG1500_unified_tutorial_test/System_Generator/Lab2/C_code/solution/hls_project/solution1/.autopilot/db/MedianFilter.compgen.tcl 
INFO-FLOW: DBG:CMD:     auto_generate -export -impltomg_flag -rtl both -tool Vivado -pcore_version 1.00.a -phase csynth_design -d C:/Users/viswanad/Documents/Model_Composer/2020_2/Tutorial/UG1500_unified_tutorial_test/System_Generator/Lab2/C_code/solution/hls_project/solution1
Execute       get_solution -flow_target 
Execute       get_config_export -xo 
Execute       get_config_export -format 
Execute       source C:/Users/viswanad/Documents/Model_Composer/2020_2/Tutorial/UG1500_unified_tutorial_test/System_Generator/Lab2/C_code/solution/hls_project/solution1/.autopilot/db/global.setting.tcl 
INFO-FLOW: DBG:CMD: read_platform_lib C:/Users/viswanad/Documents/Model_Composer/2020_2/Tutorial/UG1500_unified_tutorial_test/System_Generator/Lab2/C_code/solution/hls_project/solution1/.autopilot/db/global.setting.tcl
Execute       source C:/Xilinx/Vitis_HLS/2020.2/common/technology/generic/autopilot/common.gen 
Execute         source C:/Xilinx/Vitis_HLS/2020.2/common/technology/generic/autopilot/APCoreGen.gen 
Execute       source C:/Xilinx/Vitis_HLS/2020.2/common/technology/generic/autopilot/op.gen 
Execute       source C:/Xilinx/Vitis_HLS/2020.2/common/technology/generic/autopilot/op_simcore.gen 
Execute       source C:/Xilinx/Vitis_HLS/2020.2/common/technology/generic/autopilot/interface.gen 
Execute       source C:/Users/viswanad/Documents/Model_Composer/2020_2/Tutorial/UG1500_unified_tutorial_test/System_Generator/Lab2/C_code/solution/hls_project/solution1/.autopilot/db/global.setting.tcl 
Execute       ap_family_info -name Virtex-7 -data parts 
Execute       ap_part_info -name xc7vx485tffg1157-1 -data info 
Execute       source C:/Xilinx/Vitis_HLS/2020.2/common/technology/xilinx/common/xilinx.gen 
Execute         source C:/Xilinx/Vitis_HLS/2020.2/common/technology/xilinx/interface/plb46.gen 
Execute         source C:/Xilinx/Vitis_HLS/2020.2/common/technology/xilinx/interface/axi4.gen 
Execute         source C:/Xilinx/Vitis_HLS/2020.2/common/technology/xilinx/interface/nativeAXI4.gen 
Execute           source C:/Xilinx/Vitis_HLS/2020.2/common/technology/xilinx/interface/saxilite.gen 
Execute           source C:/Xilinx/Vitis_HLS/2020.2/common/technology/xilinx/interface/maxi.gen 
Execute         source C:/Xilinx/Vitis_HLS/2020.2/common/technology/xilinx/scripts/xilinxcoregen.gen 
Execute         source C:/Xilinx/Vitis_HLS/2020.2/common/technology/xilinx/interface/XilEDKCoreGen.gen 
Execute         source C:/Xilinx/Vitis_HLS/2020.2/common/technology/xilinx/ip/dds_compiler.gen 
Execute         source C:/Xilinx/Vitis_HLS/2020.2/common/technology/xilinx/ip/util.gen 
Execute         source C:/Xilinx/Vitis_HLS/2020.2/common/technology/xilinx/ip/xfft.gen 
Execute         source C:/Xilinx/Vitis_HLS/2020.2/common/technology/xilinx/ip/xfir.gen 
Execute         source C:/Xilinx/Vitis_HLS/2020.2/common/technology/xilinx/DSP48/dsp48.gen 
Command       ap_source done; 0.117 sec.
Execute       source C:/Xilinx/Vitis_HLS/2020.2/common/technology/xilinx/common/xilinx.gen 
Execute         source C:/Xilinx/Vitis_HLS/2020.2/common/technology/xilinx/interface/plb46.gen 
Execute         source C:/Xilinx/Vitis_HLS/2020.2/common/technology/xilinx/interface/axi4.gen 
Execute         source C:/Xilinx/Vitis_HLS/2020.2/common/technology/xilinx/interface/nativeAXI4.gen 
Execute           source C:/Xilinx/Vitis_HLS/2020.2/common/technology/xilinx/interface/saxilite.gen 
Execute           source C:/Xilinx/Vitis_HLS/2020.2/common/technology/xilinx/interface/maxi.gen 
Execute         source C:/Xilinx/Vitis_HLS/2020.2/common/technology/xilinx/scripts/xilinxcoregen.gen 
Execute         source C:/Xilinx/Vitis_HLS/2020.2/common/technology/xilinx/interface/XilEDKCoreGen.gen 
Execute         source C:/Xilinx/Vitis_HLS/2020.2/common/technology/xilinx/ip/dds_compiler.gen 
Execute         source C:/Xilinx/Vitis_HLS/2020.2/common/technology/xilinx/ip/util.gen 
Execute         source C:/Xilinx/Vitis_HLS/2020.2/common/technology/xilinx/ip/xfft.gen 
Execute         source C:/Xilinx/Vitis_HLS/2020.2/common/technology/xilinx/ip/xfir.gen 
Execute         source C:/Xilinx/Vitis_HLS/2020.2/common/technology/xilinx/DSP48/dsp48.gen 
Command       ap_source done; 0.116 sec.
Execute       source C:/Xilinx/Vitis_HLS/2020.2/common/technology/xilinx/common/xilinx.gen 
Execute         source C:/Xilinx/Vitis_HLS/2020.2/common/technology/xilinx/interface/plb46.gen 
Execute         source C:/Xilinx/Vitis_HLS/2020.2/common/technology/xilinx/interface/axi4.gen 
Execute         source C:/Xilinx/Vitis_HLS/2020.2/common/technology/xilinx/interface/nativeAXI4.gen 
Execute           source C:/Xilinx/Vitis_HLS/2020.2/common/technology/xilinx/interface/saxilite.gen 
Execute           source C:/Xilinx/Vitis_HLS/2020.2/common/technology/xilinx/interface/maxi.gen 
Execute         source C:/Xilinx/Vitis_HLS/2020.2/common/technology/xilinx/scripts/xilinxcoregen.gen 
Execute         source C:/Xilinx/Vitis_HLS/2020.2/common/technology/xilinx/interface/XilEDKCoreGen.gen 
Execute         source C:/Xilinx/Vitis_HLS/2020.2/common/technology/xilinx/ip/dds_compiler.gen 
Execute         source C:/Xilinx/Vitis_HLS/2020.2/common/technology/xilinx/ip/util.gen 
Execute         source C:/Xilinx/Vitis_HLS/2020.2/common/technology/xilinx/ip/xfft.gen 
Execute         source C:/Xilinx/Vitis_HLS/2020.2/common/technology/xilinx/ip/xfir.gen 
Execute         source C:/Xilinx/Vitis_HLS/2020.2/common/technology/xilinx/DSP48/dsp48.gen 
Command       ap_source done; 0.117 sec.
INFO-FLOW: DBG:CMD:       initCTypeInfo top_module=MedianFilter xml_exists=0
Execute       source C:/Users/viswanad/Documents/Model_Composer/2020_2/Tutorial/UG1500_unified_tutorial_test/System_Generator/Lab2/C_code/solution/hls_project/solution1/.autopilot/db/MedianFilter.rtl_wrap.cfg.tcl 
Execute       source C:/Users/viswanad/Documents/Model_Composer/2020_2/Tutorial/UG1500_unified_tutorial_test/System_Generator/Lab2/C_code/solution/hls_project/solution1/.autopilot/db/MedianFilter.rtl_wrap.cfg.tcl 
Execute       source C:/Users/viswanad/Documents/Model_Composer/2020_2/Tutorial/UG1500_unified_tutorial_test/System_Generator/Lab2/C_code/solution/hls_project/solution1/.autopilot/db/MedianFilter.rtl_wrap.cfg.tcl 
Execute       source C:/Users/viswanad/Documents/Model_Composer/2020_2/Tutorial/UG1500_unified_tutorial_test/System_Generator/Lab2/C_code/solution/hls_project/solution1/.autopilot/db/MedianFilter.tbgen.tcl 
Execute       source C:/Users/viswanad/Documents/Model_Composer/2020_2/Tutorial/UG1500_unified_tutorial_test/System_Generator/Lab2/C_code/solution/hls_project/solution1/.autopilot/db/MedianFilter.tbgen.tcl 
INFO-FLOW: DBG:CMD:       export_impl_rtl
INFO-FLOW: DBG:CMD:       generate_ip_cores sim=0 export=0 expOnly=0 dstVlogDir=impl/.verilog
Execute       source C:/Users/viswanad/Documents/Model_Composer/2020_2/Tutorial/UG1500_unified_tutorial_test/System_Generator/Lab2/C_code/solution/hls_project/solution1/.autopilot/db/global.setting.tcl 
Execute       source C:/Users/viswanad/Documents/Model_Composer/2020_2/Tutorial/UG1500_unified_tutorial_test/System_Generator/Lab2/C_code/solution/hls_project/solution1/.autopilot/db/MedianFilter.compgen.tcl 
INFO-FLOW: DBG:CMD:       generate_ip_cores sim=0 export=1 expOnly=1 dstVlogDir=impl/.pcores/verilog
Execute       source C:/Users/viswanad/Documents/Model_Composer/2020_2/Tutorial/UG1500_unified_tutorial_test/System_Generator/Lab2/C_code/solution/hls_project/solution1/.autopilot/db/global.setting.tcl 
Execute       source C:/Users/viswanad/Documents/Model_Composer/2020_2/Tutorial/UG1500_unified_tutorial_test/System_Generator/Lab2/C_code/solution/hls_project/solution1/.autopilot/db/MedianFilter.compgen.tcl 
Execute         ap_part_info -name xcvu11p-flga2577-1-e -data names -quiet 
Execute         ap_part_info -name xcvu11p-flga2577-1-e -data info -quiet 
Execute         ap_part_info -name xcvu11p-flga2577-1-e -data names -quiet 
Execute         ap_part_info -name xcvu11p-flga2577-1-e -data info -quiet 
Execute         ap_part_info -name xcvu11p-flga2577-1-e -data names -quiet 
Execute         ap_part_info -name xcvu11p-flga2577-1-e -data info -quiet 
Execute         ap_part_info -name xcvu11p-flga2577-1-e -data names -quiet 
Execute         ap_part_info -name xcvu11p-flga2577-1-e -data info -quiet 
Execute         ap_part_info -name xcvu11p-flga2577-1-e -data names -quiet 
Execute         ap_part_info -name xcvu11p-flga2577-1-e -data info -quiet 
Execute         ap_part_info -name xcvu11p-flga2577-1-e -data names -quiet 
Execute         ap_part_info -name xcvu11p-flga2577-1-e -data info -quiet 
Execute         ap_part_info -name xcvu11p-flga2577-1-e -data names -quiet 
Execute         ap_part_info -name xcvu11p-flga2577-1-e -data info -quiet 
Execute         ap_part_info -name xcvu11p-flga2577-1-e -data names -quiet 
Execute         ap_part_info -name xcvu11p-flga2577-1-e -data info -quiet 
Execute         ap_part_info -name xcvu11p-flga2577-1-e -data names -quiet 
Execute         ap_part_info -name xcvu11p-flga2577-1-e -data info -quiet 
Execute         ap_part_info -name xcvu11p-flga2577-1-e -data names -quiet 
Execute         ap_part_info -name xcvu11p-flga2577-1-e -data info -quiet 
Execute         ap_part_info -name xcvu11p-flga2577-1-e -data names -quiet 
Execute         ap_part_info -name xcvu11p-flga2577-1-e -data info -quiet 
Command       ap_source done; 0.27 sec.
Execute       ap_part_info -name xcvu11p-flga2577-1-e -data names -quiet 
Execute       ap_part_info -name xcvu11p-flga2577-1-e -data info -quiet 
INFO-FLOW: DBG:CMD:       generate_ip_cores sim=0 export=0 expOnly=0 dstVlogDir=impl/.pcores/verilog_sim
Execute       source C:/Users/viswanad/Documents/Model_Composer/2020_2/Tutorial/UG1500_unified_tutorial_test/System_Generator/Lab2/C_code/solution/hls_project/solution1/.autopilot/db/global.setting.tcl 
Execute       source C:/Users/viswanad/Documents/Model_Composer/2020_2/Tutorial/UG1500_unified_tutorial_test/System_Generator/Lab2/C_code/solution/hls_project/solution1/.autopilot/db/MedianFilter.compgen.tcl 
Execute       ap_part_info -name xcvu11p-flga2577-1-e -data names -quiet 
Execute       ap_part_info -name xcvu11p-flga2577-1-e -data info -quiet 
Execute       ap_part_info -name xcvu11p-flga2577-1-e -data names -quiet 
Execute       ap_part_info -name xcvu11p-flga2577-1-e -data info -quiet 
Execute       source C:/Users/viswanad/Documents/Model_Composer/2020_2/Tutorial/UG1500_unified_tutorial_test/System_Generator/Lab2/C_code/solution/hls_project/solution1/.autopilot/db/global.setting.tcl 
Execute       ap_part_info -name xcvu11p-flga2577-1-e -data names -quiet 
Execute       ap_part_info -name xcvu11p-flga2577-1-e -data info -quiet 
Execute       source C:/Users/viswanad/Documents/Model_Composer/2020_2/Tutorial/UG1500_unified_tutorial_test/System_Generator/Lab2/C_code/solution/hls_project/solution1/.autopilot/db/MedianFilter.constraint.tcl 
Execute       source C:/Users/viswanad/Documents/Model_Composer/2020_2/Tutorial/UG1500_unified_tutorial_test/System_Generator/Lab2/C_code/solution/hls_project/solution1/.autopilot/db/MedianFilter.tbgen.tcl 
INFO-FLOW: DBG:CMD:       hasPcoreIpAdapter=false #gSsdmPorts=10
INFO-FLOW: DBG:CMD: Skipping loadAnalyze_DB, #g_database=4
INFO-FLOW: DBG:CMD:       generate_json is_phase_csynth=1 g_has_adaptors=false generate_bd_files=0 #modelList=1 #gSsdmPorts=10
Execute       source C:/Xilinx/Vitis_HLS/2020.2/tps/tcl/tcllib1.11.1/fileutil/fileutil.tcl 
Execute       source C:/Users/viswanad/Documents/Model_Composer/2020_2/Tutorial/UG1500_unified_tutorial_test/System_Generator/Lab2/C_code/solution/hls_project/solution1/.autopilot/db/global.setting.tcl 
Execute       source C:/Users/viswanad/Documents/Model_Composer/2020_2/Tutorial/UG1500_unified_tutorial_test/System_Generator/Lab2/C_code/solution/hls_project/solution1/.autopilot/db/global.setting.tcl 
Execute       source C:/Users/viswanad/Documents/Model_Composer/2020_2/Tutorial/UG1500_unified_tutorial_test/System_Generator/Lab2/C_code/solution/hls_project/solution1/.autopilot/db/top-io-be.tcl 
Execute       source C:/Users/viswanad/Documents/Model_Composer/2020_2/Tutorial/UG1500_unified_tutorial_test/System_Generator/Lab2/C_code/solution/hls_project/solution1/.autopilot/db/MedianFilter.tbgen.tcl 
Execute       source C:/Users/viswanad/Documents/Model_Composer/2020_2/Tutorial/UG1500_unified_tutorial_test/System_Generator/Lab2/C_code/solution/hls_project/solution1/.autopilot/db/MedianFilter.rtl_wrap.cfg.tcl 
Execute       source C:/Users/viswanad/Documents/Model_Composer/2020_2/Tutorial/UG1500_unified_tutorial_test/System_Generator/Lab2/C_code/solution/hls_project/solution1/.autopilot/db/MedianFilter.compgen.dataonly.tcl 
Execute       get_config_export -format 
Execute       ap_part_info -name xcvu11p-flga2577-1-e -data names -quiet 
Execute       ap_part_info -name xcvu11p-flga2577-1-e -data info -quiet 
Execute       source C:/Users/viswanad/Documents/Model_Composer/2020_2/Tutorial/UG1500_unified_tutorial_test/System_Generator/Lab2/C_code/solution/hls_project/solution1/.autopilot/db/MedianFilter.tbgen.tcl 
Execute       source C:/Users/viswanad/Documents/Model_Composer/2020_2/Tutorial/UG1500_unified_tutorial_test/System_Generator/Lab2/C_code/solution/hls_project/solution1/.autopilot/db/global.setting.tcl 
Execute       ap_part_info -name xcvu11p-flga2577-1-e -data names -quiet 
Execute       ap_part_info -name xcvu11p-flga2577-1-e -data info -quiet 
Execute       get_solution -flow_target 
Execute       get_config_rtl -kernel_profile 
Execute       get_config_rtl -kernel_profile 
Execute       get_config_rtl -stall_sig_gen 
Execute       get_config_rtl -profile 
Execute       source C:/Users/viswanad/Documents/Model_Composer/2020_2/Tutorial/UG1500_unified_tutorial_test/System_Generator/Lab2/C_code/solution/hls_project/solution1/.autopilot/db/MedianFilter.constraint.tcl 
Execute       sc_get_clocks MedianFilter 
Execute       source C:/Users/viswanad/Documents/Model_Composer/2020_2/Tutorial/UG1500_unified_tutorial_test/System_Generator/Lab2/C_code/solution/hls_project/solution1/.autopilot/db/global.setting.tcl 
Execute       get_config_debug -directory 
INFO-FLOW: DBG:CMD:       delete-temp-dirs (skipped for debug)
INFO: [HLS 200-111] Finished Generating all RTL models: CPU user time: 2 seconds. CPU system time: 1 seconds. Elapsed time: 3.178 seconds; current allocated memory: 215.728 MB.
INFO: [VHDL 208-304] Generating VHDL RTL for MedianFilter.
INFO: [VLOG 209-307] Generating Verilog RTL for MedianFilter.
INFO-FLOW: DBG:CMD:       update_csynth_xml_report append design.xml content design_xml=C:/Users/viswanad/Documents/Model_Composer/2020_2/Tutorial/UG1500_unified_tutorial_test/System_Generator/Lab2/C_code/solution/hls_project/solution1/.autopilot/db/MedianFilter.design.xml
INFO-FLOW: DBG:CMD:       update_csynth_xml_report json2reportxml
INFO-FLOW: DBG:CMD:       update_csynth_xml_report done
Execute       syn_report -model MedianFilter -printsummary 
INFO: [HLS 200-789] **** Estimated Fmax: 150.29 MHz
Command     autosyn done; 4.031 sec.
Command   csynth_design done; 13.677 sec.
INFO: [HLS 200-111] Finished Command csynth_design CPU user time: 5 seconds. CPU system time: 2 seconds. Elapsed time: 13.781 seconds; current allocated memory: 215.883 MB.
Command ap_source done; 17.559 sec.
Execute cleanup_all 
