Wed Aug 30 14:49:47 2023: Running xcd server. This server was built by gradle.
Wed Aug 30 14:49:47 2023: Server was asked to start on port: '44372'
Wed Aug 30 14:49:47 2023: Server is using token UUID: '50061eb9-970d-4db1-a488-41ae24d765ce'
Wed Aug 30 14:49:47 2023: SESSION_MGR: creating session with session uuid: '6d04a3e9-ade5-4ab9-8d63-1f78fcd2ec76' and name 'default'
Wed Aug 30 14:49:47 2023: Attempting to start server on port '44372'
Wed Aug 30 14:49:47 2023: XCD main fifo: created main fifo '/tmp/xcdmain50061eb9-970d-4db1-a488-41ae24d765ce', fd read = 12
Wed Aug 30 14:49:47 2023: Running Dispatch Server
Wed Aug 30 14:49:47 2023: Version 2.2.0
Wed Aug 30 14:49:48 2023: Dispatch Server: Accepted socket connection from client
Wed Aug 30 14:49:48 2023: Starting Socket connection
Wed Aug 30 14:49:48 2023: EXCHANGE_TOKEN received, server token: 50061eb9-970d-4db1-a488-41ae24d765ce, passed token: 50061eb9-970d-4db1-a488-41ae24d765ce
Wed Aug 30 14:49:48 2023: DISPATCH_HANDLER: Adding handler from function makeHandler in library libxv_system_diagram
Wed Aug 30 14:49:48 2023: SESSION_MGR: creating session with session uuid: '3302d89c-959c-445f-aabc-c65f3686cc14' and name 'v++_compile_s2mm'
Wed Aug 30 14:49:48 2023: KERNEL_SVC: creating session with uuid: '3302d89c-959c-445f-aabc-c65f3686cc14' and name 'v++_compile_s2mm'
Wed Aug 30 14:49:48 2023: GUIDANCE_SMGR: creating guidance session with uuid: '3302d89c-959c-445f-aabc-c65f3686cc14' and name 'v++_compile_s2mm'
Wed Aug 30 14:49:48 2023: SYSTEM_DIAGRAM: creating session with uuid: '3302d89c-959c-445f-aabc-c65f3686cc14' and name 'v++_compile_s2mm'
Wed Aug 30 14:50:10 2023: SESSION_MGR: closing session for UUID '3302d89c-959c-445f-aabc-c65f3686cc14' with name 'v++_compile_s2mm'
Wed Aug 30 14:50:10 2023: KERNEL_SVC: closing session for UUID '3302d89c-959c-445f-aabc-c65f3686cc14' with name 'v++_compile_s2mm'
Wed Aug 30 14:50:10 2023: GUIDANCE_SMGR: closing session for UUID '3302d89c-959c-445f-aabc-c65f3686cc14' with name 'v++_compile_s2mm'
Wed Aug 30 14:50:10 2023: SYSTEM_DIAGRAM: closing session for UUID '3302d89c-959c-445f-aabc-c65f3686cc14' with name 'v++_compile_s2mm'
Wed Aug 30 14:50:10 2023: STOP_SERVER received, server token: 50061eb9-970d-4db1-a488-41ae24d765ce, passed token: 50061eb9-970d-4db1-a488-41ae24d765ce
Wed Aug 30 14:50:10 2023: Socket received request to stop server.
Wed Aug 30 14:50:10 2023: Dispatch Server: do_await_stop
Wed Aug 30 14:50:10 2023: Dispatch Server: stopping mainFifo_
Wed Aug 30 14:50:10 2023: XCD main fifo: Stopping
Wed Aug 30 14:50:10 2023: XCD main fifo: do_read error code: Operation canceled
Wed Aug 30 14:50:10 2023: XCD main fifo: bytes_transferred: 0
Wed Aug 30 14:50:10 2023: SERVER: destructor for server bound to port 44372
Wed Aug 30 14:50:10 2023: XCD main fifo: Good unlink of /tmp/xcdmain50061eb9-970d-4db1-a488-41ae24d765ce
Wed Aug 30 14:50:10 2023: Server exiting with status 0.
Wed Aug 30 14:50:10 2023: Closing log file.
Wed Aug 30 15:31:21 2023: Running xcd server. This server was built by gradle.
Wed Aug 30 15:31:21 2023: Server was asked to start on port: '45308'
Wed Aug 30 15:31:21 2023: Server is using token UUID: '2724b22c-86ff-4db5-95bc-cf5059eeb700'
Wed Aug 30 15:31:21 2023: SESSION_MGR: creating session with session uuid: '6d04a3e9-ade5-4ab9-8d63-1f78fcd2ec76' and name 'default'
Wed Aug 30 15:31:21 2023: Attempting to start server on port '45308'
Wed Aug 30 15:31:21 2023: XCD main fifo: created main fifo '/tmp/xcdmain2724b22c-86ff-4db5-95bc-cf5059eeb700', fd read = 12
Wed Aug 30 15:31:21 2023: Running Dispatch Server
Wed Aug 30 15:31:21 2023: Version 2.2.0
Wed Aug 30 15:31:22 2023: Dispatch Server: Accepted socket connection from client
Wed Aug 30 15:31:22 2023: Starting Socket connection
Wed Aug 30 15:31:22 2023: EXCHANGE_TOKEN received, server token: 2724b22c-86ff-4db5-95bc-cf5059eeb700, passed token: 2724b22c-86ff-4db5-95bc-cf5059eeb700
Wed Aug 30 15:31:23 2023: DISPATCH_HANDLER: Adding handler from function makeHandler in library libxv_system_diagram
Wed Aug 30 15:31:23 2023: SESSION_MGR: creating session with session uuid: 'f99881fa-cbd8-4a96-a273-8dccd3c9e845' and name 'v++_compile_s2mm'
Wed Aug 30 15:31:23 2023: KERNEL_SVC: creating session with uuid: 'f99881fa-cbd8-4a96-a273-8dccd3c9e845' and name 'v++_compile_s2mm'
Wed Aug 30 15:31:23 2023: GUIDANCE_SMGR: creating guidance session with uuid: 'f99881fa-cbd8-4a96-a273-8dccd3c9e845' and name 'v++_compile_s2mm'
Wed Aug 30 15:31:23 2023: SYSTEM_DIAGRAM: creating session with uuid: 'f99881fa-cbd8-4a96-a273-8dccd3c9e845' and name 'v++_compile_s2mm'
Wed Aug 30 15:31:44 2023: SESSION_MGR: closing session for UUID 'f99881fa-cbd8-4a96-a273-8dccd3c9e845' with name 'v++_compile_s2mm'
Wed Aug 30 15:31:44 2023: KERNEL_SVC: closing session for UUID 'f99881fa-cbd8-4a96-a273-8dccd3c9e845' with name 'v++_compile_s2mm'
Wed Aug 30 15:31:44 2023: GUIDANCE_SMGR: closing session for UUID 'f99881fa-cbd8-4a96-a273-8dccd3c9e845' with name 'v++_compile_s2mm'
Wed Aug 30 15:31:44 2023: SYSTEM_DIAGRAM: closing session for UUID 'f99881fa-cbd8-4a96-a273-8dccd3c9e845' with name 'v++_compile_s2mm'
Wed Aug 30 15:31:44 2023: STOP_SERVER received, server token: 2724b22c-86ff-4db5-95bc-cf5059eeb700, passed token: 2724b22c-86ff-4db5-95bc-cf5059eeb700
Wed Aug 30 15:31:44 2023: Socket received request to stop server.
Wed Aug 30 15:31:44 2023: Dispatch Server: do_await_stop
Wed Aug 30 15:31:44 2023: Dispatch Server: stopping mainFifo_
Wed Aug 30 15:31:44 2023: XCD main fifo: Stopping
Wed Aug 30 15:31:44 2023: XCD main fifo: do_read error code: Operation canceled
Wed Aug 30 15:31:44 2023: XCD main fifo: bytes_transferred: 0
Wed Aug 30 15:31:44 2023: SERVER: destructor for server bound to port 45308
Wed Aug 30 15:31:44 2023: XCD main fifo: Good unlink of /tmp/xcdmain2724b22c-86ff-4db5-95bc-cf5059eeb700
Wed Aug 30 15:31:44 2023: Server exiting with status 0.
Wed Aug 30 15:31:44 2023: Closing log file.
