

================================================================
== Vitis HLS Report for 'ModelComposerDesign'
================================================================
* Date:           Sat Nov 13 15:33:03 2021

* Version:        2021.2 (Build 3367213 on Tue Oct 19 02:47:39 MDT 2021)
* Project:        ModelComposerDesign_prj
* Solution:       solution1 (Vivado IP Flow Target)
* Product family: kintex7
* Target device:  xc7k325t-ffg900-2


================================================================
== Performance Estimates
================================================================
+ Timing: 
    * Summary: 
    +--------+---------+----------+------------+
    |  Clock |  Target | Estimated| Uncertainty|
    +--------+---------+----------+------------+
    |ap_clk  |  5.00 ns|  3.650 ns|     1.35 ns|
    +--------+---------+----------+------------+

+ Latency: 
    * Summary: 
    +---------+---------+----------+----------+-------+-------+----------+
    |  Latency (cycles) |  Latency (absolute) |    Interval   | Pipeline |
    |   min   |   max   |    min   |    max   |  min  |  max  |   Type   |
    +---------+---------+----------+----------+-------+-------+----------+
    |    20690|    20690|  0.103 ms|  0.103 ms|  20688|  20688|  dataflow|
    +---------+---------+----------+----------+-------+-------+----------+

    + Detail: 
        * Instance: 
        +------------------------------+-----------------------------+---------+---------+-----------+-----------+-------+-------+----------+
        |                              |                             |  Latency (cycles) |   Latency (absolute)  |    Interval   | Pipeline |
        |           Instance           |            Module           |   min   |   max   |    min    |    max    |  min  |  max  |   Type   |
        +------------------------------+-----------------------------+---------+---------+-----------+-----------+-------+-------+----------+
        |readStream_unsigned_char_U0   |readStream_unsigned_char_s   |    19202|    19202|  96.010 us|  96.010 us|  19202|  19202|        no|
        |SobelFilter_XMC_120_160_1_U0  |SobelFilter_XMC_120_160_1_s  |    20688|    20688|   0.103 ms|   0.103 ms|  20688|  20688|  dataflow|
        |GradientMag_XMC_120_160_1_U0  |GradientMag_XMC_120_160_1_s  |    19801|    19801|  99.005 us|  99.005 us|  19802|  19802|  dataflow|
        |p31_U0                        |p31                          |    19203|    19203|  96.015 us|  96.015 us|  19203|  19203|        no|
        |writeStream_bool_U0           |writeStream_bool_s           |    19203|    19203|  96.015 us|  96.015 us|  19203|  19203|        no|
        +------------------------------+-----------------------------+---------+---------+-----------+-----------+-------+-------+----------+

        * Loop: 
        N/A



================================================================
== Utilization Estimates
================================================================
* Summary: 
+-----------------+---------+-----+--------+--------+-----+
|       Name      | BRAM_18K| DSP |   FF   |   LUT  | URAM|
+-----------------+---------+-----+--------+--------+-----+
|DSP              |        -|    -|       -|       -|    -|
|Expression       |        -|    -|       -|       -|    -|
|FIFO             |        -|    -|     495|     335|    -|
|Instance         |        3|    -|    1325|    2726|    -|
|Memory           |        -|    -|       -|       -|    -|
|Multiplexer      |        -|    -|       -|       -|    -|
|Register         |        -|    -|       -|       -|    -|
+-----------------+---------+-----+--------+--------+-----+
|Total            |        3|    0|    1820|    3061|    0|
+-----------------+---------+-----+--------+--------+-----+
|Available        |      890|  840|  407600|  203800|    0|
+-----------------+---------+-----+--------+--------+-----+
|Utilization (%)  |       ~0|    0|      ~0|       1|    0|
+-----------------+---------+-----+--------+--------+-----+

+ Detail: 
    * Instance: 
    +------------------------------+-----------------------------+---------+----+-----+------+-----+
    |           Instance           |            Module           | BRAM_18K| DSP|  FF |  LUT | URAM|
    +------------------------------+-----------------------------+---------+----+-----+------+-----+
    |GradientMag_XMC_120_160_1_U0  |GradientMag_XMC_120_160_1_s  |        0|   0|  457|   726|    0|
    |SobelFilter_XMC_120_160_1_U0  |SobelFilter_XMC_120_160_1_s  |        3|   0|  799|  1683|    0|
    |p31_U0                        |p31                          |        0|   0|   22|   116|    0|
    |readStream_unsigned_char_U0   |readStream_unsigned_char_s   |        0|   0|   27|   105|    0|
    |writeStream_bool_U0           |writeStream_bool_s           |        0|   0|   20|    96|    0|
    +------------------------------+-----------------------------+---------+----+-----+------+-----+
    |Total                         |                             |        3|   0| 1325|  2726|    0|
    +------------------------------+-----------------------------+---------+----+-----+------+-----+

    * DSP: 
    N/A

    * Memory: 
    N/A

    * FIFO: 
    +-------------------------------------+---------+----+----+-----+------+-----+---------+
    |                 Name                | BRAM_18K| FF | LUT| URAM| Depth| Bits| Size:D*B|
    +-------------------------------------+---------+----+----+-----+------+-----+---------+
    |GradientMag_XMC_out1_U               |        0|  99|   0|    -|     3|   16|       48|
    |Image_in_adapter_out1_U              |        0|  99|   0|    -|     3|    8|       24|
    |ModelComposerDesign_core_Edge_out_U  |        0|  99|   0|    -|     3|    1|        3|
    |SobelFilter_XMC_out1_U               |        0|  99|   0|    -|     3|   16|       48|
    |SobelFilter_XMC_out2_U               |        0|  99|   0|    -|     3|   16|       48|
    +-------------------------------------+---------+----+----+-----+------+-----+---------+
    |Total                                |        0| 495|   0|    0|    15|   57|      171|
    +-------------------------------------+---------+----+----+-----+------+-----+---------+

    * Expression: 
    N/A

    * Multiplexer: 
    N/A

    * Register: 
    N/A



================================================================
== Interface
================================================================
* Summary: 
+-------------------+-----+-----+--------------+---------------------+--------------+
|     RTL Ports     | Dir | Bits|   Protocol   |    Source Object    |    C Type    |
+-------------------+-----+-----+--------------+---------------------+--------------+
|ap_local_block     |  out|    1|  ap_ctrl_none|  ModelComposerDesign|  return value|
|ap_local_deadlock  |  out|    1|  ap_ctrl_none|  ModelComposerDesign|  return value|
|ap_clk             |   in|    1|  ap_ctrl_none|  ModelComposerDesign|  return value|
|ap_rst_n           |   in|    1|  ap_ctrl_none|  ModelComposerDesign|  return value|
|Image_in_TDATA     |   in|    8|          axis|             Image_in|       pointer|
|Image_in_TVALID    |   in|    1|          axis|             Image_in|       pointer|
|Image_in_TREADY    |  out|    1|          axis|             Image_in|       pointer|
|Edge_out_TDATA     |  out|    8|          axis|             Edge_out|       pointer|
|Edge_out_TVALID    |  out|    1|          axis|             Edge_out|       pointer|
|Edge_out_TREADY    |   in|    1|          axis|             Edge_out|       pointer|
+-------------------+-----+-----+--------------+---------------------+--------------+

