

================================================================
== Vitis HLS Report for 'SobelFilter_XMC_120_160_1_Loop_VITIS_LOOP_104_3_proc8'
================================================================
* Date:           Sat Nov 13 15:33:01 2021

* Version:        2021.2 (Build 3367213 on Tue Oct 19 02:47:39 MDT 2021)
* Project:        ModelComposerDesign_prj
* Solution:       solution1 (Vivado IP Flow Target)
* Product family: kintex7
* Target device:  xc7k325t-ffg900-2


================================================================
== Performance Estimates
================================================================
+ Timing: 
    * Summary: 
    +--------+---------+----------+------------+
    |  Clock |  Target | Estimated| Uncertainty|
    +--------+---------+----------+------------+
    |ap_clk  |  5.00 ns|  3.650 ns|     1.35 ns|
    +--------+---------+----------+------------+

+ Latency: 
    * Summary: 
    +---------+---------+-----------+-----------+-------+-------+---------+
    |  Latency (cycles) |   Latency (absolute)  |    Interval   | Pipeline|
    |   min   |   max   |    min    |    max    |  min  |  max  |   Type  |
    +---------+---------+-----------+-----------+-------+-------+---------+
    |    19202|    19202|  96.010 us|  96.010 us|  19202|  19202|       no|
    +---------+---------+-----------+-----------+-------+-------+---------+

    + Detail: 
        * Instance: 
        N/A

        * Loop: 
        +-------------------------------------+---------+---------+----------+-----------+-----------+-------+----------+
        |                                     |  Latency (cycles) | Iteration|  Initiation Interval  |  Trip |          |
        |              Loop Name              |   min   |   max   |  Latency |  achieved |   target  | Count | Pipelined|
        +-------------------------------------+---------+---------+----------+-----------+-----------+-------+----------+
        |- VITIS_LOOP_104_3_VITIS_LOOP_105_4  |    19200|    19200|         2|          1|          1|  19200|       yes|
        +-------------------------------------+---------+---------+----------+-----------+-----------+-------+----------+



================================================================
== Utilization Estimates
================================================================
* Summary: 
+-----------------+---------+-----+--------+--------+-----+
|       Name      | BRAM_18K| DSP |   FF   |   LUT  | URAM|
+-----------------+---------+-----+--------+--------+-----+
|DSP              |        -|    -|       -|       -|    -|
|Expression       |        -|    -|       0|      42|    -|
|FIFO             |        -|    -|       -|       -|    -|
|Instance         |        -|    -|       -|       -|    -|
|Memory           |        -|    -|       -|       -|    -|
|Multiplexer      |        -|    -|       -|      72|    -|
|Register         |        -|    -|      18|       -|    -|
+-----------------+---------+-----+--------+--------+-----+
|Total            |        0|    0|      18|     114|    0|
+-----------------+---------+-----+--------+--------+-----+
|Available        |      890|  840|  407600|  203800|    0|
+-----------------+---------+-----+--------+--------+-----+
|Utilization (%)  |        0|    0|      ~0|      ~0|    0|
+-----------------+---------+-----+--------+--------+-----+

+ Detail: 
    * Instance: 
    N/A

    * DSP: 
    N/A

    * Memory: 
    N/A

    * FIFO: 
    N/A

    * Expression: 
    +----------------------------------+----------+----+---+----+------------+------------+
    |           Variable Name          | Operation| DSP| FF| LUT| Bitwidth P0| Bitwidth P1|
    +----------------------------------+----------+----+---+----+------------+------------+
    |add_ln104_fu_86_p2                |         +|   0|  0|  22|          15|           1|
    |ap_condition_97                   |       and|   0|  0|   2|           1|           1|
    |icmp_ln104_fu_80_p2               |      icmp|   0|  0|  12|          15|          15|
    |ap_block_pp0_stage0_01001         |        or|   0|  0|   2|           1|           1|
    |ap_block_state2_pp0_stage0_iter1  |        or|   0|  0|   2|           1|           1|
    |ap_enable_pp0                     |       xor|   0|  0|   2|           1|           2|
    +----------------------------------+----------+----+---+----+------------+------------+
    |Total                             |          |   0|  0|  42|          34|          21|
    +----------------------------------+----------+----+---+----+------------+------------+

    * Multiplexer: 
    +--------------------------------------+----+-----------+-----+-----------+
    |                 Name                 | LUT| Input Size| Bits| Total Bits|
    +--------------------------------------+----+-----------+-----+-----------+
    |SobelFilter_XMC_out1_i_blk_n          |   9|          2|    1|          2|
    |SobelFilter_XMC_out2_i_blk_n          |   9|          2|    1|          2|
    |ap_done_int                           |   9|          2|    1|          2|
    |ap_enable_reg_pp0_iter1               |   9|          2|    1|          2|
    |ap_sig_allocacmp_indvar_flatten_load  |   9|          2|   15|         30|
    |dstx_obj_data_blk_n                   |   9|          2|    1|          2|
    |dsty_obj_data_blk_n                   |   9|          2|    1|          2|
    |indvar_flatten_fu_40                  |   9|          2|   15|         30|
    +--------------------------------------+----+-----------+-----+-----------+
    |Total                                 |  72|         16|   36|         72|
    +--------------------------------------+----+-----------+-----+-----------+

    * Register: 
    +-------------------------+----+----+-----+-----------+
    |           Name          | FF | LUT| Bits| Const Bits|
    +-------------------------+----+----+-----+-----------+
    |ap_CS_fsm                |   1|   0|    1|          0|
    |ap_done_reg              |   1|   0|    1|          0|
    |ap_enable_reg_pp0_iter1  |   1|   0|    1|          0|
    |indvar_flatten_fu_40     |  15|   0|   15|          0|
    +-------------------------+----+----+-----+-----------+
    |Total                    |  18|   0|   18|          0|
    +-------------------------+----+----+-----+-----------+



================================================================
== Interface
================================================================
* Summary: 
+-------------------------------+-----+-----+------------+----------------------------------------------------------+--------------+
|           RTL Ports           | Dir | Bits|  Protocol  |                       Source Object                      |    C Type    |
+-------------------------------+-----+-----+------------+----------------------------------------------------------+--------------+
|ap_clk                         |   in|    1|  ap_ctrl_hs|  SobelFilter_XMC<120, 160, 1>_Loop_VITIS_LOOP_104_3_proc8|  return value|
|ap_rst                         |   in|    1|  ap_ctrl_hs|  SobelFilter_XMC<120, 160, 1>_Loop_VITIS_LOOP_104_3_proc8|  return value|
|ap_start                       |   in|    1|  ap_ctrl_hs|  SobelFilter_XMC<120, 160, 1>_Loop_VITIS_LOOP_104_3_proc8|  return value|
|ap_done                        |  out|    1|  ap_ctrl_hs|  SobelFilter_XMC<120, 160, 1>_Loop_VITIS_LOOP_104_3_proc8|  return value|
|ap_continue                    |   in|    1|  ap_ctrl_hs|  SobelFilter_XMC<120, 160, 1>_Loop_VITIS_LOOP_104_3_proc8|  return value|
|ap_idle                        |  out|    1|  ap_ctrl_hs|  SobelFilter_XMC<120, 160, 1>_Loop_VITIS_LOOP_104_3_proc8|  return value|
|ap_ready                       |  out|    1|  ap_ctrl_hs|  SobelFilter_XMC<120, 160, 1>_Loop_VITIS_LOOP_104_3_proc8|  return value|
|dstx_obj_data_dout             |   in|   16|     ap_fifo|                                             dstx_obj_data|       pointer|
|dstx_obj_data_empty_n          |   in|    1|     ap_fifo|                                             dstx_obj_data|       pointer|
|dstx_obj_data_read             |  out|    1|     ap_fifo|                                             dstx_obj_data|       pointer|
|dsty_obj_data_dout             |   in|   16|     ap_fifo|                                             dsty_obj_data|       pointer|
|dsty_obj_data_empty_n          |   in|    1|     ap_fifo|                                             dsty_obj_data|       pointer|
|dsty_obj_data_read             |  out|    1|     ap_fifo|                                             dsty_obj_data|       pointer|
|SobelFilter_XMC_out1_i_din     |  out|   16|     ap_fifo|                                    SobelFilter_XMC_out1_i|       pointer|
|SobelFilter_XMC_out1_i_full_n  |   in|    1|     ap_fifo|                                    SobelFilter_XMC_out1_i|       pointer|
|SobelFilter_XMC_out1_i_write   |  out|    1|     ap_fifo|                                    SobelFilter_XMC_out1_i|       pointer|
|SobelFilter_XMC_out2_i_din     |  out|   16|     ap_fifo|                                    SobelFilter_XMC_out2_i|       pointer|
|SobelFilter_XMC_out2_i_full_n  |   in|    1|     ap_fifo|                                    SobelFilter_XMC_out2_i|       pointer|
|SobelFilter_XMC_out2_i_write   |  out|    1|     ap_fifo|                                    SobelFilter_XMC_out2_i|       pointer|
+-------------------------------+-----+-----+------------+----------------------------------------------------------+--------------+

