

================================================================
== Vitis HLS Report for 'xFSobel3x3_1_1_0_3_s'
================================================================
* Date:           Sat Nov 13 15:33:00 2021

* Version:        2021.2 (Build 3367213 on Tue Oct 19 02:47:39 MDT 2021)
* Project:        ModelComposerDesign_prj
* Solution:       solution1 (Vivado IP Flow Target)
* Product family: kintex7
* Target device:  xc7k325t-ffg900-2


================================================================
== Performance Estimates
================================================================
+ Timing: 
    * Summary: 
    +--------+---------+----------+------------+
    |  Clock |  Target | Estimated| Uncertainty|
    +--------+---------+----------+------------+
    |ap_clk  |  5.00 ns|  3.338 ns|     1.35 ns|
    +--------+---------+----------+------------+

+ Latency: 
    * Summary: 
    +---------+---------+----------+----------+-----+-----+---------+
    |  Latency (cycles) |  Latency (absolute) |  Interval | Pipeline|
    |   min   |   max   |    min   |    max   | min | max |   Type  |
    +---------+---------+----------+----------+-----+-----+---------+
    |        0|        0|      0 ns|      0 ns|    1|    1|      yes|
    +---------+---------+----------+----------+-----+-----+---------+

    + Detail: 
        * Instance: 
        +----------------------------------+----------------------+---------+---------+----------+----------+-----+-----+---------+
        |                                  |                      |  Latency (cycles) |  Latency (absolute) |  Interval | Pipeline|
        |             Instance             |        Module        |   min   |   max   |    min   |    max   | min | max |   Type  |
        +----------------------------------+----------------------+---------+---------+----------+----------+-----+-----+---------+
        |tmp_xFGradientX3x3_0_3_s_fu_72    |xFGradientX3x3_0_3_s  |        0|        0|      0 ns|      0 ns|    1|    1|      yes|
        |tmp_3_xFGradientY3x3_0_3_s_fu_88  |xFGradientY3x3_0_3_s  |        0|        0|      0 ns|      0 ns|    1|    1|      yes|
        +----------------------------------+----------------------+---------+---------+----------+----------+-----+-----+---------+

        * Loop: 
        N/A



================================================================
== Utilization Estimates
================================================================
* Summary: 
+-----------------+---------+-----+--------+--------+-----+
|       Name      | BRAM_18K| DSP |   FF   |   LUT  | URAM|
+-----------------+---------+-----+--------+--------+-----+
|DSP              |        -|    -|       -|       -|    -|
|Expression       |        -|    -|       -|       -|    -|
|FIFO             |        -|    -|       -|       -|    -|
|Instance         |        -|    -|       0|     142|    -|
|Memory           |        -|    -|       -|       -|    -|
|Multiplexer      |        -|    -|       -|       -|    -|
|Register         |        -|    -|       -|       -|    -|
+-----------------+---------+-----+--------+--------+-----+
|Total            |        0|    0|       0|     142|    0|
+-----------------+---------+-----+--------+--------+-----+
|Available        |      890|  840|  407600|  203800|    0|
+-----------------+---------+-----+--------+--------+-----+
|Utilization (%)  |        0|    0|       0|      ~0|    0|
+-----------------+---------+-----+--------+--------+-----+

+ Detail: 
    * Instance: 
    +----------------------------------+----------------------+---------+----+---+----+-----+
    |             Instance             |        Module        | BRAM_18K| DSP| FF| LUT| URAM|
    +----------------------------------+----------------------+---------+----+---+----+-----+
    |tmp_xFGradientX3x3_0_3_s_fu_72    |xFGradientX3x3_0_3_s  |        0|   0|  0|  71|    0|
    |tmp_3_xFGradientY3x3_0_3_s_fu_88  |xFGradientY3x3_0_3_s  |        0|   0|  0|  71|    0|
    +----------------------------------+----------------------+---------+----+---+----+-----+
    |Total                             |                      |        0|   0|  0| 142|    0|
    +----------------------------------+----------------------+---------+----+---+----+-----+

    * DSP: 
    N/A

    * Memory: 
    N/A

    * FIFO: 
    N/A

    * Expression: 
    N/A

    * Multiplexer: 
    N/A

    * Register: 
    N/A



================================================================
== Interface
================================================================
* Summary: 
+-------------+-----+-----+------------+------------------------+--------------+
|  RTL Ports  | Dir | Bits|  Protocol  |      Source Object     |    C Type    |
+-------------+-----+-----+------------+------------------------+--------------+
|ap_ready     |  out|    1|  ap_ctrl_hs|  xFSobel3x3<1, 1, 0, 3>|  return value|
|ap_return_0  |  out|   16|  ap_ctrl_hs|  xFSobel3x3<1, 1, 0, 3>|  return value|
|ap_return_1  |  out|   16|  ap_ctrl_hs|  xFSobel3x3<1, 1, 0, 3>|  return value|
|p_read2      |   in|    8|     ap_none|                 p_read2|        scalar|
|p_read5      |   in|    8|     ap_none|                 p_read5|        scalar|
|p_read6      |   in|    8|     ap_none|                 p_read6|        scalar|
|p_read7      |   in|    8|     ap_none|                 p_read7|        scalar|
|p_read8      |   in|    8|     ap_none|                 p_read8|        scalar|
|p_read9      |   in|    8|     ap_none|                 p_read9|        scalar|
|p_read10     |   in|    8|     ap_none|                p_read10|        scalar|
|p_read11     |   in|    8|     ap_none|                p_read11|        scalar|
+-------------+-----+-----+------------+------------------------+--------------+

