

================================================================
== Vitis HLS Report for 'xFSobelFilter3x3_0_2_120_160_1_0_3_1_1_5_160_false_s'
================================================================
* Date:           Sat Nov 13 15:33:01 2021

* Version:        2021.2 (Build 3367213 on Tue Oct 19 02:47:39 MDT 2021)
* Project:        ModelComposerDesign_prj
* Solution:       solution1 (Vivado IP Flow Target)
* Product family: kintex7
* Target device:  xc7k325t-ffg900-2


================================================================
== Performance Estimates
================================================================
+ Timing: 
    * Summary: 
    +--------+---------+----------+------------+
    |  Clock |  Target | Estimated| Uncertainty|
    +--------+---------+----------+------------+
    |ap_clk  |  5.00 ns|  3.338 ns|     1.35 ns|
    +--------+---------+----------+------------+

+ Latency: 
    * Summary: 
    +---------+---------+----------+----------+-------+-------+---------+
    |  Latency (cycles) |  Latency (absolute) |    Interval   | Pipeline|
    |   min   |   max   |    min   |    max   |  min  |  max  |   Type  |
    +---------+---------+----------+----------+-------+-------+---------+
    |    20686|    20686|  0.103 ms|  0.103 ms|  20686|  20686|       no|
    +---------+---------+----------+----------+-------+-------+---------+

    + Detail: 
        * Instance: 
        +---------------------------------------------------------------------------------------+----------------------------------------------------------------------------+---------+---------+----------+----------+-----+-----+---------+
        |                                                                                       |                                                                            |  Latency (cycles) |  Latency (absolute) |  Interval | Pipeline|
        |                                        Instance                                       |                                   Module                                   |   min   |   max   |    min   |    max   | min | max |   Type  |
        +---------------------------------------------------------------------------------------+----------------------------------------------------------------------------+---------+---------+----------+----------+-----+-----+---------+
        |grp_xFSobelFilter3x3_0_2_120_160_1_0_3_1_1_5_160_false_Pipeline_Clear_Row_Loop_fu_134  |xFSobelFilter3x3_0_2_120_160_1_0_3_1_1_5_160_false_Pipeline_Clear_Row_Loop  |      163|      163|  0.815 us|  0.815 us|  163|  163|       no|
        |grp_xFSobelFilter3x3_0_2_120_160_1_0_3_1_1_5_160_false_Pipeline_Col_Loop_fu_144        |xFSobelFilter3x3_0_2_120_160_1_0_3_1_1_5_160_false_Pipeline_Col_Loop        |      167|      167|  0.835 us|  0.835 us|  167|  167|       no|
        |tmp_xFGradientX3x3_0_3_s_fu_167                                                        |xFGradientX3x3_0_3_s                                                        |        0|        0|      0 ns|      0 ns|    1|    1|      yes|
        |tmp_2_xFGradientY3x3_0_3_s_fu_180                                                      |xFGradientY3x3_0_3_s                                                        |        0|        0|      0 ns|      0 ns|    1|    1|      yes|
        +---------------------------------------------------------------------------------------+----------------------------------------------------------------------------+---------+---------+----------+----------+-----+-----+---------+

        * Loop: 
        +------------+---------+---------+----------+-----------+-----------+------+----------+
        |            |  Latency (cycles) | Iteration|  Initiation Interval  | Trip |          |
        |  Loop Name |   min   |   max   |  Latency |  achieved |   target  | Count| Pipelined|
        +------------+---------+---------+----------+-----------+-----------+------+----------+
        |- Row_Loop  |    20520|    20520|       171|          -|          -|   120|        no|
        +------------+---------+---------+----------+-----------+-----------+------+----------+



================================================================
== Utilization Estimates
================================================================
* Summary: 
+-----------------+---------+-----+--------+--------+-----+
|       Name      | BRAM_18K| DSP |   FF   |   LUT  | URAM|
+-----------------+---------+-----+--------+--------+-----+
|DSP              |        -|    -|       -|       -|    -|
|Expression       |        -|    -|       0|     100|    -|
|FIFO             |        -|    -|       -|       -|    -|
|Instance         |        -|    -|     372|     754|    -|
|Memory           |        3|    -|       0|       0|    -|
|Multiplexer      |        -|    -|       -|     338|    -|
|Register         |        -|    -|      79|       -|    -|
+-----------------+---------+-----+--------+--------+-----+
|Total            |        3|    0|     451|    1192|    0|
+-----------------+---------+-----+--------+--------+-----+
|Available        |      890|  840|  407600|  203800|    0|
+-----------------+---------+-----+--------+--------+-----+
|Utilization (%)  |       ~0|    0|      ~0|      ~0|    0|
+-----------------+---------+-----+--------+--------+-----+

+ Detail: 
    * Instance: 
    +---------------------------------------------------------------------------------------+----------------------------------------------------------------------------+---------+----+-----+-----+-----+
    |                                        Instance                                       |                                   Module                                   | BRAM_18K| DSP|  FF | LUT | URAM|
    +---------------------------------------------------------------------------------------+----------------------------------------------------------------------------+---------+----+-----+-----+-----+
    |tmp_xFGradientX3x3_0_3_s_fu_167                                                        |xFGradientX3x3_0_3_s                                                        |        0|   0|    0|   71|    0|
    |tmp_2_xFGradientY3x3_0_3_s_fu_180                                                      |xFGradientY3x3_0_3_s                                                        |        0|   0|    0|   71|    0|
    |grp_xFSobelFilter3x3_0_2_120_160_1_0_3_1_1_5_160_false_Pipeline_Clear_Row_Loop_fu_134  |xFSobelFilter3x3_0_2_120_160_1_0_3_1_1_5_160_false_Pipeline_Clear_Row_Loop  |        0|   0|   37|   75|    0|
    |grp_xFSobelFilter3x3_0_2_120_160_1_0_3_1_1_5_160_false_Pipeline_Col_Loop_fu_144        |xFSobelFilter3x3_0_2_120_160_1_0_3_1_1_5_160_false_Pipeline_Col_Loop        |        0|   0|  335|  537|    0|
    +---------------------------------------------------------------------------------------+----------------------------------------------------------------------------+---------+----+-----+-----+-----+
    |Total                                                                                  |                                                                            |        0|   0|  372|  754|    0|
    +---------------------------------------------------------------------------------------+----------------------------------------------------------------------------+---------+----+-----+-----+-----+

    * DSP: 
    N/A

    * Memory: 
    +-----------+------------------------------------------------------------------------------+---------+---+----+-----+------+-----+------+-------------+
    |   Memory  |                                    Module                                    | BRAM_18K| FF| LUT| URAM| Words| Bits| Banks| W*Bits*Banks|
    +-----------+------------------------------------------------------------------------------+---------+---+----+-----+------+-----+------+-------------+
    |buf_V_U    |xFSobelFilter3x3_0_2_120_160_1_0_3_1_1_5_160_false_s_buf_V_RAM_S2P_BRAM_1R1W  |        1|  0|   0|    0|   160|    8|     1|         1280|
    |buf_V_1_U  |xFSobelFilter3x3_0_2_120_160_1_0_3_1_1_5_160_false_s_buf_V_RAM_S2P_BRAM_1R1W  |        1|  0|   0|    0|   160|    8|     1|         1280|
    |buf_V_2_U  |xFSobelFilter3x3_0_2_120_160_1_0_3_1_1_5_160_false_s_buf_V_RAM_S2P_BRAM_1R1W  |        1|  0|   0|    0|   160|    8|     1|         1280|
    +-----------+------------------------------------------------------------------------------+---------+---+----+-----+------+-----+------+-------------+
    |Total      |                                                                              |        3|  0|   0|    0|   480|   24|     3|         3840|
    +-----------+------------------------------------------------------------------------------+---------+---+----+-----+------+-----+------+-------------+

    * FIFO: 
    N/A

    * Expression: 
    +-------------------------+----------+----+---+----+------------+------------+
    |      Variable Name      | Operation| DSP| FF| LUT| Bitwidth P0| Bitwidth P1|
    +-------------------------+----------+----+---+----+------------+------------+
    |row_V_3_fu_331_p2        |         +|   0|  0|  14|           7|           1|
    |row_ind_V_1_fu_325_p2    |         +|   0|  0|  20|          13|           1|
    |cmp_i_i517_i_fu_313_p2   |      icmp|   0|  0|  10|           7|           5|
    |icmp_ln1064_1_fu_342_p2  |      icmp|   0|  0|  12|          13|           2|
    |icmp_ln1064_fu_253_p2    |      icmp|   0|  0|  12|          13|           1|
    |icmp_ln353_fu_205_p2     |      icmp|   0|  0|  10|           7|           4|
    |ap_block_state7          |        or|   0|  0|   2|           1|           1|
    |bottom_1_fu_259_p3       |    select|   0|  0|   2|           1|           1|
    |mid_1_fu_267_p3          |    select|   0|  0|   2|           1|           1|
    |row_ind_V_2_fu_347_p3    |    select|   0|  0|  13|           1|           1|
    |tp_1_fu_275_p3           |    select|   0|  0|   3|           1|           3|
    +-------------------------+----------+----+---+----+------------+------------+
    |Total                    |          |   0|  0| 100|          65|          21|
    +-------------------------+----------+----+---+----+------------+------------+

    * Multiplexer: 
    +---------------------------+----+-----------+-----+-----------+
    |            Name           | LUT| Input Size| Bits| Total Bits|
    +---------------------------+----+-----------+-----+-----------+
    |ap_NS_fsm                  |  33|          8|    1|          8|
    |ap_sig_allocacmp_bottom_V  |  17|          4|    2|          8|
    |ap_sig_allocacmp_mid_V     |  17|          4|    2|          8|
    |ap_sig_allocacmp_tp_V      |  17|          4|    2|          8|
    |bottom_fu_76               |  13|          3|    2|          6|
    |buf_V_1_address1           |  13|          3|    8|         24|
    |buf_V_1_ce0                |   9|          2|    1|          2|
    |buf_V_1_ce1                |  13|          3|    1|          3|
    |buf_V_1_d1                 |  13|          3|    8|         24|
    |buf_V_1_we1                |  13|          3|    1|          3|
    |buf_V_address1             |  13|          3|    8|         24|
    |buf_V_ce0                  |   9|          2|    1|          2|
    |buf_V_ce1                  |  13|          3|    1|          3|
    |buf_V_d1                   |  13|          3|    8|         24|
    |buf_V_we1                  |  13|          3|    1|          3|
    |dstx_obj_457_blk_n         |   9|          2|    1|          2|
    |dstx_obj_457_din           |   9|          2|   16|         32|
    |dstx_obj_457_write         |  13|          3|    1|          3|
    |dsty_obj_458_blk_n         |   9|          2|    1|          2|
    |dsty_obj_458_din           |   9|          2|   16|         32|
    |dsty_obj_458_write         |  13|          3|    1|          3|
    |mid_fu_80                  |  13|          3|    2|          6|
    |row_V_fu_72                |   9|          2|    7|         14|
    |row_ind_V_fu_68            |   9|          2|   13|         26|
    |src_obj_456_read           |  13|          3|    1|          3|
    |tp_fu_84                   |  13|          3|    2|          6|
    +---------------------------+----+-----------+-----+-----------+
    |Total                      | 338|         78|  108|        279|
    +---------------------------+----+-----------+-----+-----------+

    * Register: 
    +----------------------------------------------------------------------------------------------------+----+----+-----+-----------+
    |                                                Name                                                | FF | LUT| Bits| Const Bits|
    +----------------------------------------------------------------------------------------------------+----+----+-----+-----------+
    |ap_CS_fsm                                                                                           |   7|   0|    7|          0|
    |bottom_V_reg_467                                                                                    |   2|   0|    2|          0|
    |bottom_fu_76                                                                                        |   2|   0|    2|          0|
    |cmp_i_i517_i_reg_482                                                                                |   1|   0|    1|          0|
    |empty_24_reg_487                                                                                    |   2|   0|    2|          0|
    |grp_xFSobelFilter3x3_0_2_120_160_1_0_3_1_1_5_160_false_Pipeline_Clear_Row_Loop_fu_134_ap_start_reg  |   1|   0|    1|          0|
    |grp_xFSobelFilter3x3_0_2_120_160_1_0_3_1_1_5_160_false_Pipeline_Col_Loop_fu_144_ap_start_reg        |   1|   0|    1|          0|
    |mid_V_reg_472                                                                                       |   2|   0|    2|          0|
    |mid_fu_80                                                                                           |   2|   0|    2|          0|
    |row_V_fu_72                                                                                         |   7|   0|    7|          0|
    |row_ind_V_1_reg_492                                                                                 |  13|   0|   13|          0|
    |row_ind_V_fu_68                                                                                     |  13|   0|   13|          0|
    |tmp_2_reg_503                                                                                       |  11|   0|   11|          0|
    |tmp_reg_498                                                                                         |  11|   0|   11|          0|
    |tp_V_reg_477                                                                                        |   2|   0|    2|          0|
    |tp_fu_84                                                                                            |   2|   0|    2|          0|
    +----------------------------------------------------------------------------------------------------+----+----+-----+-----------+
    |Total                                                                                               |  79|   0|   79|          0|
    +----------------------------------------------------------------------------------------------------+----+----+-----+-----------+



================================================================
== Interface
================================================================
* Summary: 
+---------------------+-----+-----+------------+----------------------------------------------------------------+--------------+
|      RTL Ports      | Dir | Bits|  Protocol  |                          Source Object                         |    C Type    |
+---------------------+-----+-----+------------+----------------------------------------------------------------+--------------+
|ap_clk               |   in|    1|  ap_ctrl_hs|  xFSobelFilter3x3<0, 2, 120, 160, 1, 0, 3, 1, 1, 5, 160, false>|  return value|
|ap_rst               |   in|    1|  ap_ctrl_hs|  xFSobelFilter3x3<0, 2, 120, 160, 1, 0, 3, 1, 1, 5, 160, false>|  return value|
|ap_start             |   in|    1|  ap_ctrl_hs|  xFSobelFilter3x3<0, 2, 120, 160, 1, 0, 3, 1, 1, 5, 160, false>|  return value|
|ap_done              |  out|    1|  ap_ctrl_hs|  xFSobelFilter3x3<0, 2, 120, 160, 1, 0, 3, 1, 1, 5, 160, false>|  return value|
|ap_idle              |  out|    1|  ap_ctrl_hs|  xFSobelFilter3x3<0, 2, 120, 160, 1, 0, 3, 1, 1, 5, 160, false>|  return value|
|ap_ready             |  out|    1|  ap_ctrl_hs|  xFSobelFilter3x3<0, 2, 120, 160, 1, 0, 3, 1, 1, 5, 160, false>|  return value|
|src_obj_456_dout     |   in|    8|     ap_fifo|                                                     src_obj_456|       pointer|
|src_obj_456_empty_n  |   in|    1|     ap_fifo|                                                     src_obj_456|       pointer|
|src_obj_456_read     |  out|    1|     ap_fifo|                                                     src_obj_456|       pointer|
|dstx_obj_457_din     |  out|   16|     ap_fifo|                                                    dstx_obj_457|       pointer|
|dstx_obj_457_full_n  |   in|    1|     ap_fifo|                                                    dstx_obj_457|       pointer|
|dstx_obj_457_write   |  out|    1|     ap_fifo|                                                    dstx_obj_457|       pointer|
|dsty_obj_458_din     |  out|   16|     ap_fifo|                                                    dsty_obj_458|       pointer|
|dsty_obj_458_full_n  |   in|    1|     ap_fifo|                                                    dsty_obj_458|       pointer|
|dsty_obj_458_write   |  out|    1|     ap_fifo|                                                    dsty_obj_458|       pointer|
+---------------------+-----+-----+------------+----------------------------------------------------------------+--------------+

