# 
# Steps log generated by v++
# This log file contains a collection of steps that describe the kernel compilation flow
# Note: Some steps are tagged as internal, these steps are for debugging purposes and 
#       are not expected to be able to run independently.
# 

# The following environment variables are set when running v++
Environment variables :
------------------------------------------
P4PYTHON_HOME=/tools/batonroot/rodin/devkits/python3/p4python-2018.2.1743033/lib/
LOPPER_DTC_FLAGS=-b 0 -@
git_proxy=
BISON_HOME=/tools/batonroot/rodin/devkits/lnx24/bison-3.0.4
MATE_DESKTOP_SESSION_ID=this-is-deprecated
ENVROOT=/proj/xcoswmktg/robg/Perforce/robg_2023.1/2023.1/hierdesign
GCC_HOME=/tools/batonroot/rodin/devkits/lnx64/gcc-8.3.0
MANPATH=/group/xcofarm/lsf/10.1/man:.:/usr/local/man:/usr/man
GIT_PROXY=
_RDI_DONT_SET_XILINX_AS_PATH=True
XDG_SESSION_ID=1
SSH_AGENT_PID=4190
THEIA_ELECTRON_TOKEN={"value":"3a40309c-200c-4118-9f69-8295932e90b5"}
SPARK_HOME=/tools/batonroot/rodin/devkits/python3/spark-3.0.0
LC_MONETARY=en_US.UTF-8
RDI_RHEL_MAJOR_VER=7
HOSTNAME=xcorobg40x
RDI_MAKEROOT=/proj/xcoswmktg/robg/Perforce/robg_2023.1/2023.1/rdi/makefiles
XiWINMGR=olwm
CITRIX_REMOTE_DISPLAY=xcorobg40x:1.0
XILINX_DSP=
TERM=xterm-256color
SEVENZIP_HOME=/tools/batonroot/rodin/devkits/lnx24/7z-4.65
SHELL=/bin/csh
HOST=xcorobg40x
SIMPLEJSON_HOME=/tools/batonroot/rodin/devkits/python3/simplejson-3.16.0
SETUPTOOLS_HOME=/tools/batonroot/rodin/devkits/python3/setuptools-46.4.0
VTE_VERSION=5204
RDI_SITE=XCO
PYGMENTS_HOME=/tools/batonroot/rodin/devkits/python3/pygments-2.6.1
HISTSIZE=1000
RDI_REGR_ROOT=/proj/testcases
DOCUTILS_HOME=/tools/batonroot/rodin/devkits/python3/docutils-0.16
MYVIVADO=
TK_LIBRARY=/proj/xbuilds/SWIP/2023.2_0829_2224/installs/lin64/Vitis/2023.2/tps/tk/tk8.5
LC_NUMERIC=C
RSYNC_HOME=/tools/batonroot/rodin/devkits/lnx24/rsync-2.6.9
X11HOME=/tools/x11r5/sun3
WINDOWID=50331654
QTDIR=/usr/lib64/qt-3.3
LSF_SERVERDIR=/group/xcofarm/lsf/10.1/linux3.10-glibc2.17-x86_64/etc
HDI_PROCESSOR=x86_64
ORIGINAL_XDG_CURRENT_DESKTOP=MATE
RDI_TPS_ROOT=/proj/xbuilds/SWIP/2023.2_0829_2224/installs/lin64/Vivado/2023.2/tps/lnx64
QTINC=/usr/lib64/qt-3.3/include
PYTHON_DATEUTIL_HOME=/tools/batonroot/rodin/devkits/python3/python-dateutil-2.8.1
SYNTH_COMMON=/proj/xbuilds/SWIP/2023.2_0829_2224/installs/lin64/Vitis/2023.2/scripts/rt/data
RDI_ENGKIT=/tools/batonroot/rodin/engkits
FIREFOX_HOME=/tools/batonroot/rodin/devkits/lnx64/firefox-17.0.3esr
IJSON_HOME=/tools/batonroot/rodin/devkits/python3/ijson-2.4
LC_ALL=en_US.UTF-8
TEXTTABLE_HOME=/tools/batonroot/rodin/devkits/python3/texttable-1.6.2
CITRIX_CLIENT_IP_ADDR=10.31.192.11
RDI_JAVA_VERSION=11.0.16_1
RT_TCL_PATH=/proj/xbuilds/SWIP/2023.2_0829_2224/installs/lin64/Vitis/2023.2/scripts/rt/base_tcl/tcl
RDI_PREPEND_PATH=/proj/xbuilds/SWIP/2023.2_0829_2224/installs/lin64/Vitis/2023.2/bin
QT_GRAPHICSSYSTEM_CHECKED=1
LSF_LIBDIR=/group/xcofarm/lsf/10.1/linux3.10-glibc2.17-x86_64/lib
GIT_EDITOR=atom
IDE_SKIP_SERVER_LICENSE=1
http_proxy=
USER=robg
GROUP=newhiredefaultgrp
SVN_EDITOR=atom
RDI_OPT_EXT=.o
JINJA_HOME=/tools/batonroot/rodin/devkits/python3/jinja2-2.11.2
LS_COLORS=rs=0:di=38;5;27:ln=38;5;51:mh=44;38;5;15:pi=40;38;5;11:so=38;5;13:do=38;5;5:bd=48;5;232;38;5;11:cd=48;5;232;38;5;3:or=48;5;232;38;5;9:mi=05;48;5;232;38;5;15:su=48;5;196;38;5;15:sg=48;5;11;38;5;16:ca=48;5;196;38;5;226:tw=48;5;10;38;5;16:ow=48;5;10;38;5;21:st=48;5;21;38;5;15:ex=38;5;34:*.tar=38;5;9:*.tgz=38;5;9:*.arc=38;5;9:*.arj=38;5;9:*.taz=38;5;9:*.lha=38;5;9:*.lz4=38;5;9:*.lzh=38;5;9:*.lzma=38;5;9:*.tlz=38;5;9:*.txz=38;5;9:*.tzo=38;5;9:*.t7z=38;5;9:*.zip=38;5;9:*.z=38;5;9:*.Z=38;5;9:*.dz=38;5;9:*.gz=38;5;9:*.lrz=38;5;9:*.lz=38;5;9:*.lzo=38;5;9:*.xz=38;5;9:*.bz2=38;5;9:*.bz=38;5;9:*.tbz=38;5;9:*.tbz2=38;5;9:*.tz=38;5;9:*.deb=38;5;9:*.rpm=38;5;9:*.jar=38;5;9:*.war=38;5;9:*.ear=38;5;9:*.sar=38;5;9:*.rar=38;5;9:*.alz=38;5;9:*.ace=38;5;9:*.zoo=38;5;9:*.cpio=38;5;9:*.7z=38;5;9:*.rz=38;5;9:*.cab=38;5;9:*.jpg=38;5;13:*.jpeg=38;5;13:*.gif=38;5;13:*.bmp=38;5;13:*.pbm=38;5;13:*.pgm=38;5;13:*.ppm=38;5;13:*.tga=38;5;13:*.xbm=38;5;13:*.xpm=38;5;13:*.tif=38;5;13:*.tiff=38;5;13:*.png=38;5;13:*.svg=38;5;13:*.svgz=38;5;13:*.mng=38;5;13:*.pcx=38;5;13:*.mov=38;5;13:*.mpg=38;5;13:*.mpeg=38;5;13:*.m2v=38;5;13:*.mkv=38;5;13:*.webm=38;5;13:*.ogm=38;5;13:*.mp4=38;5;13:*.m4v=38;5;13:*.mp4v=38;5;13:*.vob=38;5;13:*.qt=38;5;13:*.nuv=38;5;13:*.wmv=38;5;13:*.asf=38;5;13:*.rm=38;5;13:*.rmvb=38;5;13:*.flc=38;5;13:*.avi=38;5;13:*.fli=38;5;13:*.flv=38;5;13:*.gl=38;5;13:*.dl=38;5;13:*.xcf=38;5;13:*.xwd=38;5;13:*.yuv=38;5;13:*.cgm=38;5;13:*.emf=38;5;13:*.axv=38;5;13:*.anx=38;5;13:*.ogv=38;5;13:*.ogx=38;5;13:*.aac=38;5;45:*.au=38;5;45:*.flac=38;5;45:*.mid=38;5;45:*.midi=38;5;45:*.mka=38;5;45:*.mp3=38;5;45:*.mpc=38;5;45:*.ogg=38;5;45:*.ra=38;5;45:*.wav=38;5;45:*.axa=38;5;45:*.oga=38;5;45:*.spx=38;5;45:*.xspf=38;5;45:
LD_LIBRARY_PATH=/proj/xbuilds/SWIP/2023.2_0829_2224/installs/lin64/Vitis/2023.2/tps/lnx64/java-cef-95.0.4638.69/bin/lib/linux64:/proj/xbuilds/SWIP/2023.2_0829_2224/installs/lin64/Vitis/2023.2/tps/lnx64/javafx-sdk-11.0.2/lib:/proj/xbuilds/SWIP/2023.2_0829_2224/installs/lin64/Vitis/2023.2/lib/lnx64.o/Default:/proj/xbuilds/SWIP/2023.2_0829_2224/installs/lin64/Vitis/2023.2/lib/lnx64.o:/proj/xbuilds/SWIP/2023.2_0829_2224/installs/lin64/Vitis/2023.2/tps/lnx64/jre11.0.16_1/lib/:/proj/xbuilds/SWIP/2023.2_0829_2224/installs/lin64/Vitis/2023.2/tps/lnx64/jre11.0.16_1/lib//server:/proj/xbuilds/SWIP/2023.2_0829_2224/installs/lin64/Vitis/2023.2/lib/lnx64.o/Default:/proj/xbuilds/SWIP/2023.2_0829_2224/installs/lin64/Vitis/2023.2/lib/lnx64.o:/proj/xbuilds/SWIP/2023.2_0829_2224/installs/lin64/Vitis/2023.2/tps/lnx64/cmake-3.24.2/libs/Default:/proj/xbuilds/SWIP/2023.2_0829_2224/installs/lin64/Vitis/2023.2/tps/lnx64/cmake-3.24.2/libs:/proj/xbuilds/SWIP/2023.2_0829_2224/installs/lin64/Vitis/2023.2/lib/lnx64.o/Default:/proj/xbuilds/SWIP/2023.2_0829_2224/installs/lin64/Vitis/2023.2/lib/lnx64.o:/proj/xbuilds/SWIP/2023.2_0829_2224/installs/lin64/Vitis/2023.2/tps/lnx64/python-3.8.3/lib:/proj/xbuilds/SWIP/2023.2_0829_2224/installs/lin64/Vitis/2023.2/tps/lnx64/cmake-3.24.2/libs/Default:/proj/xbuilds/SWIP/2023.2_0829_2224/installs/lin64/Vitis/2023.2/tps/lnx64/cmake-3.24.2/libs:/proj/xbuilds/SWIP/2023.2_0829_2224/installs/lin64/Vitis/2023.2/lib/lnx64.o/Default:/proj/xbuilds/SWIP/2023.2_0829_2224/installs/lin64/Vitis/2023.2/lib/lnx64.o:/proj/xbuilds/SWIP/2023.2_0829_2224/installs/lin64/Vitis/2023.2/tps/lnx64/python-3.8.3/lib:/proj/xbuilds/SWIP/2023.2_0829_2224/installs/lin64/Vitis/2023.2/lib/lnx64.o:/proj/xbuilds/SWIP/2023.2_0829_2224/installs/lin64/Vitis/2023.2/lib/lnx64.o/Default:/proj/xbuilds/SWIP/2023.2_0829_2224/installs/lin64/Vitis/2023.2/lib/lnx64.o:/proj/xbuilds/SWIP/2023.2_0829_2224/installs/lin64/Vitis/2023.2/tps/lnx64/python-3.8.3/lib:/proj/xbuilds/SWIP/2023.2_0829_2224/installs/lin64/Vitis/2023.2/aietools/lib/lnx64.o:/opt/xilinx/xrt/lib:/group/xcofarm/lsf/10.1/linux3.10-glibc2.17-x86_64/lib:/tools/batonroot/rodin/devkits/lnx64/python-3.8.3/python-3.8.3/lib:/tools/batonroot/rodin/devkits/python3/libyaml-0.3.2/lib:/tools/batonroot/rodin/devkits/lnx64/ppl-0.11/lib:/tools/batonroot/rodin/devkits/lnx64/cloog-ppl-0.15.11/lib:/tools/batonroot/rodin/devkits/lnx64/gcc-8.3.0/lib64:/proj/xbuilds/SWIP/2023.2_0829_2224/installs/lin64/Vitis/2023.2/bin/../lnx64/tools/dot/lib
USR_PATHS=/usr/local:/usr/local/bin:/usr/local/sbin:/usr/bin
OPENWINHOME=/usr/openwin
BUILDINFO=SW Build 3980136 on 2023-08-29-16:48:27
PERFORCE_HOME=/tools/batonroot/rodin/devkits/lnx24/perforce-2018.1
RDI_PATCHROOT=
TCL_LIBRARY=/proj/xbuilds/SWIP/2023.2_0829_2224/installs/lin64/Vitis/2023.2/tps/tcl/tcl8.5
VALGRIND_LIB=/tools/baton/valgrind/3.16.1/lib/valgrind
RDI_DEVKIT=/tools/batonroot/rodin/devkits
HOSTTYPE=x86_64-linux
SSH_AUTH_SOCK=/run/user/91724/keyring/ssh
RDI_ROOT=/proj/xcoswmktg/robg/Perforce/robg_2023.1/2023.1
VSCODE_API_VERSION=1.53.2
XILINXD_LICENSE_FILE=/proj/rdi-xco/xbuilds/licenses
ftp_proxy=
FTP_PROXY=
RDI_PLATFORM=lnx64
SESSION_MANAGER=local/unix:@/tmp/.ICE-unix/4189,unix/unix:/tmp/.ICE-unix/4189
REQUESTS_HOME=/tools/batonroot/rodin/devkits/python3/requests-2.24.0
SW_TESTS=/proj/xcoswmktg/robg/Perforce/robg_2023.1/2023.1/regression
RDI_SESSION_INFO=/proj/xcoswmktg/robg/git/Vitis-Tutorials/Internal-Fork/AI_Engine_Development/Feature_Tutorials/05-AI-engine-versal-integration:xcorobg40x_1693423489_29648
RDI_BUILD=yes
RT_LIBPATH=/proj/xbuilds/SWIP/2023.2_0829_2224/installs/lin64/Vitis/2023.2/scripts/rt/data
RDI_LIBDIR=/proj/xbuilds/SWIP/2023.2_0829_2224/installs/lin64/Vitis/2023.2/lib/lnx64.o/Default:/proj/xbuilds/SWIP/2023.2_0829_2224/installs/lin64/Vitis/2023.2/lib/lnx64.o
ALL_PROXY=
all_proxy=
RDI_SHARED_DATA=/proj/xbuilds/SWIP/2023.2_0829_2224/installs/lin64/SharedData/2023.2/data
PATH=/proj/xbuilds/SWIP/2023.2_0829_2224/installs/lin64/Vivado/2023.2/tps/lnx64/binutils-2.26/bin:/proj/xbuilds/SWIP/2023.2_0829_2224/installs/lin64/Vitis/2023.2/bin/../gnu/aarch64/lin/aarch64-linux/bin:/proj/xbuilds/SWIP/2023.2_0829_2224/installs/lin64/Vitis/2023.2/bin/../gnu/ppc64le/4.9.3/lnx64/bin:/proj/xbuilds/SWIP/2023.2_0829_2224/installs/lin64/Vitis/2023.2/bin/../gnu/aarch32/lin/gcc-arm-linux-gnueabi/bin:/proj/xbuilds/SWIP/2023.2_0829_2224/installs/lin64/Vivado/2023.2/tps/lnx64/gcc-8.3.0/bin:/proj/xbuilds/SWIP/2023.2_0829_2224/installs/lin64/Vivado/2023.2/gnu/microblaze/lin/bin:/proj/xbuilds/SWIP/2023.2_0829_2224/installs/lin64/Vitis/2023.2/bin:/proj/xbuilds/SWIP/2023.2_0829_2224/installs/lin64/Vitis/2023.2/tps/lnx64/jre11.0.16_1/bin:/proj/xbuilds/SWIP/2023.2_0829_2224/installs/lin64/Vitis/2023.2/gnu/microblaze/lin/bin:/proj/xbuilds/SWIP/2023.2_0829_2224/installs/lin64/Vitis/2023.2/gnu/arm/lin/bin:/proj/xbuilds/SWIP/2023.2_0829_2224/installs/lin64/Vitis/2023.2/gnu/microblaze/linux_toolchain/nt64_be/bin:/proj/xbuilds/SWIP/2023.2_0829_2224/installs/lin64/Vitis/2023.2/gnu/microblaze/linux_toolchain/nt64_le/bin:/proj/xbuilds/SWIP/2023.2_0829_2224/installs/lin64/Vitis/2023.2/gnu/aarch32/lin/gcc-arm-linux-gnueabi/bin:/proj/xbuilds/SWIP/2023.2_0829_2224/installs/lin64/Vitis/2023.2/gnu/aarch32/lin/gcc-arm-none-eabi/bin:/proj/xbuilds/SWIP/2023.2_0829_2224/installs/lin64/Vitis/2023.2/gnu/aarch64/lin/aarch64-linux/bin:/proj/xbuilds/SWIP/2023.2_0829_2224/installs/lin64/Vitis/2023.2/gnu/aarch64/lin/aarch64-none/bin:/proj/xbuilds/SWIP/2023.2_0829_2224/installs/lin64/Vitis/2023.2/gnu/armr5/lin/gcc-arm-none-eabi/bin:/proj/xbuilds/SWIP/2023.2_0829_2224/installs/lin64/Vitis/2023.2/tps/lnx64/cmake-3.24.2/bin:/proj/xbuilds/SWIP/2023.2_0829_2224/installs/lin64/Vitis/2023.2/lnx64/tools/clang/bin:/proj/xbuilds/SWIP/2023.2_0829_2224/installs/lin64/Vitis/2023.2/tps/lnx64/python-3.8.3//bin:/proj/xbuilds/SWIP/2023.2_0829_2224/installs/lin64/Vitis/2023.2/tps/lnx64/jre11.0.16_1//bin:/proj/xbuilds/SWIP/2023.2_0829_2224/installs/lin64/Vitis/2023.2/aietools/bin:/proj/xbuilds/SWIP/2023.2_0829_2224/installs/lin64/Vivado/2023.2/bin:/opt/xilinx/xrt/bin:/proj/xbuilds/SWIP/2023.2_0829_2224/installs/lin64/Vitis_HLS/2023.2/bin:/proj/xbuilds/SWIP/2023.2_0829_2224/installs/lin64/Model_Composer/2023.2/bin:/proj/xbuilds/SWIP/2023.2_0829_2224/installs/lin64/Vitis/2023.2/gnu/microblaze/linux_toolchain/lin64_le/bin:/proj/xbuilds/SWIP/2023.2_0829_2224/installs/lin64/Vitis/2023.2/tps/lnx64/cmake-3.3.2/bin:/proj/xbuilds/SWIP/2023.2_0829_2224/installs/lin64/DocNav:/home/robg/bin:/usr/local/bin:/mis/TREE/bin:/usr/bin:/bin:/usr/local/sbin:/usr/sbin:/opt/puppetlabs/bin:/proj/xcoswmktg/robg/Perforce/robg_2023.1/2023.1/hierdesign/util:/tools/batonroot/rodin/devkits/lnx24/xemacs-21.4.21/bin:/tools/batonroot/rodin/devkits/lnx24/rsync-2.6.9/bin:/tools/batonroot/rodin/devkits/lnx24/make-4.2.1/bin:/tools/batonroot/rodin/devkits/lnx24/swig-3.0.12-1/bin:/tools/batonroot/rodin/devkits/lnx64/binutils-2.37/bin:/tools/batonroot/rodin/devkits/lnx64/python-3.8.3_rdi/bin:/tools/batonroot/rodin/devkits/lnx24/7z-4.65/bin:/tools/batonroot/rodin/devkits/lnx24/bison-3.0.4/bin:/tools/batonroot/rodin/devkits/lnx64/gcc-8.3.0/bin:/tools/batonroot/rodin/devkits/lnx64/emacs-25.1/bin:/tools/batonroot/rodin/devkits/lnx64/git-2.16.2/bin:/tools/batonroot/rodin/devkits/lnx24/perl-5.8.8/bin:/tools/batonroot/rodin/devkits/lnx24/m4-1.4.18-1/bin:/tools/batonroot/rodin/devkits/lnx24/flex-2.6.4/bin:/tools/batonroot/rodin/devkits/lnx24/ruby-1.8.6-p111/bin:/tools/batonroot/rodin/devkits/lnx64/gdb-11.2_python3/bin:/tools/batonroot/rodin/devkits/lnx24/perforce-2018.1/bin:/tools/batonroot/rodin/devkits/lnx24/jdk-17.0.3_7/bin:/tools/batonroot/rodin/devkits/lnx24/doxygen-1.8.3/bin:/tools/batonroot/rodin/devkits/lnx24/ddd-3.3.14/bin:/tools/batonroot/rodin/devkits/lnx24/ksh-93t/bin:/tools/baton/totalview/toolworks/totalview.2021.3.9/bin:/tools/baton/valgrind/3.16.1/bin:/tools/batonroot/rodin/devkits/python3/docutils-0.16/bin:/tools/batonroot/rodin/devkits/python3/sphinx-3.1.2/bin:/tools/batonroot/rodin/devkits/python3/pygments-2.6.1/bin:.:/group/xcofarm/lsf/10.1/linux3.10-glibc2.17-x86_64/etc:/group/xcofarm/lsf/10.1/linux3.10-glibc2.17-x86_64/bin:/tools/gensys/matlab/R2021a/bin:/proj/xbuilds/SWIP/2023.1_0507_1903/installs/lin64/Vitis_HLS/2023.1/bin:/proj/xbuilds/SWIP/2023.1_0507_1903/installs/lin64/Model_Composer/2023.1/bin:/proj/xbuilds/SWIP/2023.1_0507_1903/installs/lin64/Vitis/2023.1/bin:/proj/xbuilds/SWIP/2023.1_0507_1903/installs/lin64/Vitis/2023.1/gnu/microblaze/lin/bin:/proj/xbuilds/SWIP/2023.1_0507_1903/installs/lin64/Vitis/2023.1/gnu/arm/lin/bin:/proj/xbuilds/SWIP/2023.1_0507_1903/installs/lin64/Vitis/2023.1/gnu/microblaze/linux_toolchain/lin64_le/bin:/proj/xbuilds/SWIP/2023.1_0507_1903/installs/lin64/Vitis/2023.1/gnu/aarch32/lin/gcc-arm-linux-gnueabi/bin:/proj/xbuilds/SWIP/2023.1_0507_1903/installs/lin64/Vitis/2023.1/gnu/aarch32/lin/gcc-arm-none-eabi/bin:/proj/xbuilds/SWIP/2023.1_0507_1903/installs/lin64/Vitis/2023.1/gnu/aarch64/lin/aarch64-linux/bin:/proj/xbuilds/SWIP/2023.1_0507_1903/installs/lin64/Vitis/2023.1/gnu/aarch64/lin/aarch64-none/bin:/proj/xbuilds/SWIP/2023.1_0507_1903/installs/lin64/Vitis/2023.1/gnu/armr5/lin/gcc-arm-none-eabi/bin:/proj/xbuilds/SWIP/2023.1_0507_1903/installs/lin64/Vitis/2023.1/tps/lnx64/cmake-3.3.2/bin:/proj/xbuilds/SWIP/2023.1_0507_1903/installs/lin64/Vitis/2023.1/aietools/bin:/proj/xbuilds/SWIP/2023.1_0507_1903/installs/lin64/Vivado/2023.1/bin:/proj/xbuilds/SWIP/2023.1_0507_1903/installs/lin64/DocNav
MAIL=/var/spool/mail/robg
CITRIX_CLIENT_PROD_ID=1
RDI_USE_JDK11=1
LC_MESSAGES=en_US.UTF-8
XILINX_VITIS=/proj/xbuilds/SWIP/2023.2_0829_2224/installs/lin64/Vitis/2023.2
PYYAML_HOME=/tools/batonroot/rodin/devkits/python3/pyyaml-5.3.1
FREETYPE_PROPERTIES=truetype:interpreter-version=35
PYPARSING_HOME=/tools/batonroot/rodin/devkits/python3/pyparsing-2.4.7
QT_IM_MODULE=ibus
M4_HOME=/tools/batonroot/rodin/devkits/lnx24/m4-1.4.18-1
LC_COLLATE=en_US.UTF-8
PWD=/proj/xcoswmktg/robg/git/Vitis-Tutorials/Internal-Fork/AI_Engine_Development/Feature_Tutorials/05-AI-engine-versal-integration/workAIE/mm2s
EMACS_HOME=/tools/batonroot/rodin/devkits/lnx64/emacs-25.1
MLM_LICENSE_FILE=1730@xco-matlablic2
GDB_HOME=/tools/batonroot/rodin/devkits/lnx64/gdb-11.2_python3
XILINX_XRT=/opt/xilinx/xrt
JAVA_HOME=/proj/xbuilds/SWIP/2023.2_0829_2224/installs/lin64/Vitis/2023.2/tps/lnx64/jre11.0.16_1/
XMODIFIERS=@im=ibus
TCMALLOC_LARGE_ALLOC_REPORT_THRESHOLD=4294967296
XIL_CHECK_TCL_DEBUG=False
EDITOR=atom
RDI_SRCROOT=/proj/xcoswmktg/robg/Perforce/robg_2023.1/2023.1/src
LANG=en_US.UTF-8
BINUTILS_HOME=/tools/batonroot/rodin/devkits/lnx64/binutils-2.37
XILINX_VIVADO_HLS=/proj/xbuilds/SWIP/2023.2_0829_2224/installs/lin64/Vivado/2023.2
THEIA_DEFAULT_PLUGINS=local-dir:/proj/xbuilds/SWIP/2023.2_0829_2224/installs/lin64/Vitis/2023.2/ide/electron-app/lnx64/resources/app/plugins
PLY_HOME=/tools/batonroot/rodin/devkits/python3/ply-3.11
GDM_LANG=en_US.UTF-8
HDI_APPROOT=/proj/xbuilds/SWIP/2023.2_0829_2224/installs/lin64/Vitis/2023.2
KDEDIRS=/usr
NODE_PATH=/usr/local/lib/node_modules:
TZ=:America/New_York
DDD_HOME=/tools/batonroot/rodin/devkits/lnx24/ddd-3.3.14
PYTHONHOME=/proj/xbuilds/SWIP/2023.2_0829_2224/installs/lin64/Vitis/2023.2/tps/lnx64/python-3.8.3/
CHROME_DESKTOP=Vitis Unified IDE.desktop
XILINX_HLS=/proj/xbuilds/SWIP/2023.2_0829_2224/installs/lin64/Vitis_HLS/2023.2
SHARED_DATA_HOME=/proj/xbuilds/SWIP/2023.2_0829_2224/installs/lin64/SharedData/2023.2
GIT_MERGE_AUTOEDIT=no
P4CLIENT=robg_2023.1
ARGPARSE_HOME=/tools/batonroot/rodin/devkits/python3/argparse-1.4.0
XEMACS_HOME=/tools/batonroot/rodin/devkits/lnx24/xemacs-21.4.21
XiSUE=true
LSF_BINDIR=/group/xcofarm/lsf/10.1/linux3.10-glibc2.17-x86_64/bin
HTTPS_PROXY=
RUBY_HOME=/tools/batonroot/rodin/devkits/lnx24/ruby-1.8.6-p111
LM_LICENSE_FILE=2100@aiengine-eng
XILINX_VIVADO=/proj/xbuilds/SWIP/2023.2_0829_2224/installs/lin64/Vivado/2023.2
https_proxy=
XiSET=true
XiSUEHOME=/tools/sue
KRB5CCNAME=FILE:/tmp/krb5cc_91724_JfkGzw
PYTZ_HOME=/tools/batonroot/rodin/devkits/python3/pytz-2020.1
HISTCONTROL=ignoredups
XILINX_SDK=/proj/xbuilds/SWIP/2023.2_0829_2224/installs/lin64/Vitis/2023.2
HDI_ALL_PLATFORMS=lnx24 win32 lnx64
MAKE_HOME=/tools/batonroot/rodin/devkits/lnx24/make-4.2.1
KSH_HOME=/tools/batonroot/rodin/devkits/lnx24/ksh-93t
SWIG_HOME=/tools/batonroot/rodin/devkits/lnx24/swig-3.0.12-1
ISL_IOSTREAMS_RSA=/proj/xbuilds/SWIP/2023.2_0829_2224/installs/lin64/Vitis/2023.2/tps/isl
XILINX_VITIS_AIETOOLS=/proj/xbuilds/SWIP/2023.2_0829_2224/installs/lin64/Vitis/2023.2/aietools
VALGRIND_HOME=/tools/baton/valgrind/3.16.1
SHLVL=7
JDK_HOME=/tools/batonroot/rodin/devkits/lnx24/jdk-17.0.3_7
HOME=/home/robg
RDI_BASEROOT=/proj/xbuilds/SWIP/2023.2_0829_2224/installs/lin64/Vitis
SUNSTUDIO_HOME=/group/hd/gold/tools/linux/sunstudio-12m1-200709/sunstudio12/prod
OSTYPE=linux
DOXYGEN_HOME=/tools/batonroot/rodin/devkits/lnx24/doxygen-1.8.3
GRADLE_OPTS=-Djavax.net.ssl.trustStore=/proj/xbuilds/certs/cacerts
LANGUAGE=en_US:en
BISON_PKGDATADIR=/tools/batonroot/rodin/devkits/lnx24/bison-3.0.4/share/bison
RDI_APPROOT=/proj/xbuilds/SWIP/2023.2_0829_2224/installs/lin64/Vitis/2023.2
P4V_HOME=/tools/batonroot/rodin/devkits/lnx24/perforce-2018.1
GTK_OVERLAY_SCROLLING=0
HDI_PLATFORM=lnx24
HTTP_PROXY=
TOTALVIEW_HOME=/tools/baton/totalview/toolworks/totalview.2021.3.9
SWIG_LIB=/tools/batonroot/rodin/devkits/lnx24/swig-3.0.12-1/share/swig/3.0.12
GIT_HOME=/tools/batonroot/rodin/devkits/lnx64/git-2.16.2
LIBYAML_HOME=/tools/batonroot/rodin/devkits/python3/libyaml-0.3.2
VENDOR=unknown
PYSPARK_HOME=/tools/batonroot/rodin/devkits/python3/spark-3.0.0/python
MACHTYPE=x86_64
PYTHONPATH=/proj/xbuilds/SWIP/2023.2_0829_2224/installs/lin64/Vitis/2023.2/cli/:/proj/xbuilds/SWIP/2023.2_0829_2224/installs/lin64/Vitis/2023.2/cli/python-packages/site-packages:/proj/xbuilds/SWIP/2023.2_0829_2224/installs/lin64/Vitis/2023.2/cli/proto:/proj/xbuilds/SWIP/2023.2_0829_2224/installs/lin64/Vitis/2023.2/tps/lnx64/python-3.8.3/lib/python3.8/lib-dynload/:/proj/xbuilds/SWIP/2023.2_0829_2224/installs/lin64/Vitis/2023.2/tps/lnx64/python-3.8.3/lib/python3.8/:/proj/xbuilds/SWIP/2023.2_0829_2224/installs/lin64/Vitis/2023.2/tps/lnx64/python-3.8.3/lib/python3.8/lib-dynload/:/proj/xbuilds/SWIP/2023.2_0829_2224/installs/lin64/Vitis/2023.2/tps/lnx64/python-3.8.3/lib/python3.8/:/proj/xbuilds/SWIP/2023.2_0829_2224/installs/lin64/Vitis/2023.2/tps/lnx64/python-3.8.3/lib/python3.8/lib-dynload/:/proj/xbuilds/SWIP/2023.2_0829_2224/installs/lin64/Vitis/2023.2/tps/lnx64/python-3.8.3/lib/python3.8:/proj/xbuilds/SWIP/2023.2_0829_2224/installs/lin64/Vitis/2023.2/cli/:/proj/xbuilds/SWIP/2023.2_0829_2224/installs/lin64/Vitis/2023.2/cli/python-packages/site-packages:/proj/xbuilds/SWIP/2023.2_0829_2224/installs/lin64/Vitis/2023.2/cli/python-packages/lnx64:/proj/xbuilds/SWIP/2023.2_0829_2224/installs/lin64/Vitis/2023.2/cli/proto:/proj/xbuilds/SWIP/2023.2_0829_2224/installs/lin64/Vitis/2023.2/scripts/python_pkg
CTX_REMOTE_DISPLAY=xcorobg40x:1.0
LOGNAME=robg
RDI_REGR_SCRIPTS=/proj/xcoswmktg/robg/Perforce/robg_2023.1/2023.1/rdi/util/regression
VISUAL=atom
QTLIB=/usr/lib64/qt-3.3/lib
RDI_JAVA_PLATFORM=
DBUS_SESSION_BUS_ADDRESS=unix:abstract=/tmp/dbus-EYfkgWvSAu,guid=49f3206f1f0b4b3efb02594464e896b6
XDG_DATA_DIRS=/home/robg/.local/share/flatpak/exports/share:/var/lib/flatpak/exports/share:/usr/local/share:/usr/share
LC_CTYPE=en_US.UTF-8
RDI_BINROOT=/proj/xbuilds/SWIP/2023.2_0829_2224/installs/lin64/Vitis/2023.2/bin
LESSOPEN=||/usr/bin/lesspipe.sh %s
PERL_HOME=/tools/batonroot/rodin/devkits/lnx24/perl-5.8.8
CITRIX_SESSION_ID=2
SPHINX_HOME=/tools/batonroot/rodin/devkits/python3/sphinx-3.1.2
XiGROUPS=
THEIA_ELECTRON_VERSION=15.5.7
RDI_PROG=/proj/xbuilds/SWIP/2023.2_0829_2224/installs/lin64/Vitis/2023.2/bin/unwrapped/lnx64.o/v++
XDG_RUNTIME_DIR=/run/user/91724
staff=/proj/xcoswmktg/robg
FLATIRON_VERSION=1.1.1
DISPLAY=:1
XIL_NO_OVERRIDE=0
XIL_SUPPRESS_OVERRIDE_WARNINGS=1
THEIA_PLUGINS=local-dir:/home/robg/.theia/plugins
XILINX_PLANAHEAD=/proj/xbuilds/SWIP/2023.2_0829_2224/installs/lin64/Vitis/2023.2
QT_PLUGIN_PATH=/usr/lib64/kde4/plugins:/usr/lib/kde4/plugins
LSF_ENVDIR=/group/xcofarm/lsf/conf
PYTHON_HOME=/tools/batonroot/rodin/devkits/lnx64/python-3.8.3_rdi
GTK_IM_MODULE=ibus
XiOSREL=Linux3.10.0-1160.el7.x86_64
XDG_CURRENT_DESKTOP=MATE
HDIPRELDPATH=/proj/xbuilds/SWIP/2023.2_0829_2224/installs/lin64/Vitis/2023.2/lib/lnx64.o/Default:/proj/xbuilds/SWIP/2023.2_0829_2224/installs/lin64/Vitis/2023.2/lib/lnx64.o:/proj/xbuilds/SWIP/2023.2_0829_2224/installs/lin64/Vitis/2023.2/tps/lnx64/cmake-3.24.2/libs/Default:/proj/xbuilds/SWIP/2023.2_0829_2224/installs/lin64/Vitis/2023.2/tps/lnx64/cmake-3.24.2/libs:/proj/xbuilds/SWIP/2023.2_0829_2224/installs/lin64/Vitis/2023.2/lib/lnx64.o/Default:/proj/xbuilds/SWIP/2023.2_0829_2224/installs/lin64/Vitis/2023.2/lib/lnx64.o:/proj/xbuilds/SWIP/2023.2_0829_2224/installs/lin64/Vitis/2023.2/tps/lnx64/python-3.8.3/lib:/proj/xbuilds/SWIP/2023.2_0829_2224/installs/lin64/Vitis/2023.2/tps/lnx64/cmake-3.24.2/libs/Default:/proj/xbuilds/SWIP/2023.2_0829_2224/installs/lin64/Vitis/2023.2/tps/lnx64/cmake-3.24.2/libs:/proj/xbuilds/SWIP/2023.2_0829_2224/installs/lin64/Vitis/2023.2/lib/lnx64.o/Default:/proj/xbuilds/SWIP/2023.2_0829_2224/installs/lin64/Vitis/2023.2/lib/lnx64.o:/proj/xbuilds/SWIP/2023.2_0829_2224/installs/lin64/Vitis/2023.2/tps/lnx64/python-3.8.3/lib:/proj/xbuilds/SWIP/2023.2_0829_2224/installs/lin64/Vitis/2023.2/lib/lnx64.o:/proj/xbuilds/SWIP/2023.2_0829_2224/installs/lin64/Vitis/2023.2/lib/lnx64.o/Default:/proj/xbuilds/SWIP/2023.2_0829_2224/installs/lin64/Vitis/2023.2/lib/lnx64.o:/proj/xbuilds/SWIP/2023.2_0829_2224/installs/lin64/Vitis/2023.2/tps/lnx64/python-3.8.3/lib:/proj/xbuilds/SWIP/2023.2_0829_2224/installs/lin64/Vitis/2023.2/aietools/lib/lnx64.o:/opt/xilinx/xrt/lib:/group/xcofarm/lsf/10.1/linux3.10-glibc2.17-x86_64/lib:/tools/batonroot/rodin/devkits/lnx64/python-3.8.3/python-3.8.3/lib:/tools/batonroot/rodin/devkits/python3/libyaml-0.3.2/lib:/tools/batonroot/rodin/devkits/lnx64/ppl-0.11/lib:/tools/batonroot/rodin/devkits/lnx64/cloog-ppl-0.15.11/lib:/tools/batonroot/rodin/devkits/lnx64/gcc-8.3.0/lib64:/proj/xbuilds/SWIP/2023.2_0829_2224/installs/lin64/Vitis/2023.2/bin/../lnx64/tools/dot/lib
P4PORT=perforce.xilinx.com:1666
FLEX_HOME=/tools/batonroot/rodin/devkits/lnx24/flex-2.6.4
LC_TIME=en_US.UTF-8
THEIA_APP_PROJECT_PATH=/proj/xbuilds/SWIP/2023.2_0829_2224/installs/lin64/Vitis/2023.2/ide/electron-app/lnx64/resources/app
P4CONFIG=.p4config
CITRIX_DISPLAY=:1
RDI_INSTALLVER=2023.2
RDI_DATADIR=/proj/xbuilds/SWIP/2023.2_0829_2224/installs/lin64/SharedData/2023.2/data:/proj/xbuilds/SWIP/2023.2_0829_2224/installs/lin64/Vitis/2023.2/data
COLORTERM=truecolor
RDI_INSTALLROOT=/proj/xbuilds/SWIP/2023.2_0829_2224/installs/lin64
_=/proj/xbuilds/SWIP/2023.2_0829_2224/installs/lin64/Vitis/2023.2/bin/unwrapped/lnx64.o/v++
XILINX_CD_CONNECT_ID=44058
XILINX_CD_SESSION=aaffeec2-791e-4a2c-8580-394cb2cc9d37


V++ command line:
------------------------------------------
/proj/xbuilds/SWIP/2023.2_0829_2224/installs/lin64/Vitis/2023.2/bin/unwrapped/lnx64.o/v++ -c -k mm2s --target sw_emu -g /proj/xcoswmktg/robg/git/Vitis-Tutorials/Internal-Fork/AI_Engine_Development/Feature_Tutorials/05-AI-engine-versal-integration/workAIE/mm2s/mm2s.cpp --platform /proj/xbuilds/SWIP/2023.2_0829_2224/installs/lin64/Vitis/2023.2/base_platforms/xilinx_vck190_base_202320_1/xilinx_vck190_base_202320_1.xpfm --temp_dir /proj/xcoswmktg/robg/git/Vitis-Tutorials/Internal-Fork/AI_Engine_Development/Feature_Tutorials/05-AI-engine-versal-integration/workAIE/mm2s/mm2s/sw_emu -o /proj/xcoswmktg/robg/git/Vitis-Tutorials/Internal-Fork/AI_Engine_Development/Feature_Tutorials/05-AI-engine-versal-integration/workAIE/mm2s/mm2s/sw_emu/mm2s.xo 

FINAL PROGRAM OPTIONS
--compile
--debug
--input_files /proj/xcoswmktg/robg/git/Vitis-Tutorials/Internal-Fork/AI_Engine_Development/Feature_Tutorials/05-AI-engine-versal-integration/workAIE/mm2s/mm2s.cpp
--kernel mm2s
--optimize 0
--output /proj/xcoswmktg/robg/git/Vitis-Tutorials/Internal-Fork/AI_Engine_Development/Feature_Tutorials/05-AI-engine-versal-integration/workAIE/mm2s/mm2s/sw_emu/mm2s.xo
--platform /proj/xbuilds/SWIP/2023.2_0829_2224/installs/lin64/Vitis/2023.2/base_platforms/xilinx_vck190_base_202320_1/xilinx_vck190_base_202320_1.xpfm
--report_level 0
--target sw_emu
--temp_dir /proj/xcoswmktg/robg/git/Vitis-Tutorials/Internal-Fork/AI_Engine_Development/Feature_Tutorials/05-AI-engine-versal-integration/workAIE/mm2s/mm2s/sw_emu

PARSED COMMAND LINE OPTIONS
-c 
-k mm2s 
--target sw_emu 
-g 
/proj/xcoswmktg/robg/git/Vitis-Tutorials/Internal-Fork/AI_Engine_Development/Feature_Tutorials/05-AI-engine-versal-integration/workAIE/mm2s/mm2s.cpp 
--platform /proj/xbuilds/SWIP/2023.2_0829_2224/installs/lin64/Vitis/2023.2/base_platforms/xilinx_vck190_base_202320_1/xilinx_vck190_base_202320_1.xpfm 
--temp_dir /proj/xcoswmktg/robg/git/Vitis-Tutorials/Internal-Fork/AI_Engine_Development/Feature_Tutorials/05-AI-engine-versal-integration/workAIE/mm2s/mm2s/sw_emu 
-o /proj/xcoswmktg/robg/git/Vitis-Tutorials/Internal-Fork/AI_Engine_Development/Feature_Tutorials/05-AI-engine-versal-integration/workAIE/mm2s/mm2s/sw_emu/mm2s.xo 

EXPANDED PARAMETERS
From application of optMap.xml: 
 --vivado.prop "run.__KERNEL__.{STEPS.SYNTH_DESIGN.ARGS.MORE OPTIONS}={-directive sdx_optimization_effort_high}" --advanced.misc "report=type report_timing_summary name impl_report_timing_summary_route_design_summary steps {route_design} runs {impl_1} options {-max_paths 10}" --advanced.misc "report=type report_timing_summary name impl_report_timing_summary_post_route_phys_opt_design_summary steps {post_route_phys_opt_design} runs {impl_1} options {-max_paths 10}"


FINAL PLATFORM PATH
/proj/xbuilds/SWIP/2023.2_0829_2224/installs/lin64/Vitis/2023.2/base_platforms/xilinx_vck190_base_202320_1/xilinx_vck190_base_202320_1.xpfm

==========================================
new:  steps log generated by v++ for new launch 
timestamp: 30 Aug 2023 15:30:57
------------------------------------------
step: performing high-level synthesis for kernel:mm2s
timestamp: 30 Aug 2023 15:31:18
launch dir: /proj/xcoswmktg/robg/git/Vitis-Tutorials/Internal-Fork/AI_Engine_Development/Feature_Tutorials/05-AI-engine-versal-integration/workAIE/mm2s/mm2s/sw_emu/mm2s/mm2s
cmd: vitis_hls -f /proj/xcoswmktg/robg/git/Vitis-Tutorials/Internal-Fork/AI_Engine_Development/Feature_Tutorials/05-AI-engine-versal-integration/workAIE/mm2s/mm2s/sw_emu/mm2s/mm2s/mm2s.tcl -messageDb vitis_hls.pb
V++ internal step status: success
------------------------------------------
V++ internal step: generating system estimate report file
timestamp: 30 Aug 2023 15:31:18
output: /proj/xcoswmktg/robg/git/Vitis-Tutorials/Internal-Fork/AI_Engine_Development/Feature_Tutorials/05-AI-engine-versal-integration/workAIE/mm2s/mm2s/sw_emu/reports/mm2s/system_estimate_mm2s.xtxt
V++ internal step status: success
------------------------------------------
system estimate report task completed
timestamp: 30 Aug 2023 15:31:18
