

================================================================
== Vitis HLS Report for 'mm2s'
================================================================
* Date:           Wed Aug 30 14:56:45 2023

* Version:        2023.2 (Build 3979822 on Aug 29 2023)
* Project:        mm2s
* Solution:       hls (Vitis Kernel Flow Target)
* Product family: versalaicore
* Target device:  xcvc1902-vsva2197-2MP-e-S


================================================================
== Performance Estimates
================================================================
+ Timing: 
    * Summary: 
    +--------+---------+----------+------------+
    |  Clock |  Target | Estimated| Uncertainty|
    +--------+---------+----------+------------+
    |ap_clk  |  8.00 ns|  7.040 ns|     0.96 ns|
    +--------+---------+----------+------------+

+ Latency: 
    * Summary: 
    +---------+---------+----------+----------+-----+-----+---------+
    |  Latency (cycles) |  Latency (absolute) |  Interval | Pipeline|
    |   min   |   max   |    min   |    max   | min | max |   Type  |
    +---------+---------+----------+----------+-----+-----+---------+
    |        ?|        ?|         ?|         ?|    ?|    ?|       no|
    +---------+---------+----------+----------+-----+-----+---------+

    + Detail: 
        * Instance: 
        N/A

        * Loop: 
        +-------------------+---------+---------+----------+-----------+-----------+------+----------+
        |                   |  Latency (cycles) | Iteration|  Initiation Interval  | Trip |          |
        |     Loop Name     |   min   |   max   |  Latency |  achieved |   target  | Count| Pipelined|
        +-------------------+---------+---------+----------+-----------+-----------+------+----------+
        |- VITIS_LOOP_23_1  |        ?|        ?|        74|          1|          1|     ?|       yes|
        +-------------------+---------+---------+----------+-----------+-----------+------+----------+

============================================================
+ Verbose Summary: Synthesis Manager
============================================================
InlineROM: 1
ExposeGlobal: 0
============================================================
+ Verbose Summary: CDFG Model
============================================================
IsTopModel: 1
ResetActiveHigh: 1
IsCombinational: 0
IsDatapathOnly: 0
HasWiredReturn: 1
HasMFsm: 2
HasVarLatency: 1
IsPipeline: 0
IsRtlPipelined: 0
IsInstanceOverlapped: 0
IsDontTouch: 0
HasImplIP: 0
IsGatedGlobalClock: 0

+ Individual pipeline summary: 
  * Pipeline-0: initiation interval (II) = 1, depth = 74


============================================================
+ Verbose Summary: Schedule
============================================================
* Number of FSM states : 76
* Pipeline : 1
  Pipeline-0 : II = 1, D = 74, States = { 2 3 4 5 6 7 8 9 10 11 12 13 14 15 16 17 18 19 20 21 22 23 24 25 26 27 28 29 30 31 32 33 34 35 36 37 38 39 40 41 42 43 44 45 46 47 48 49 50 51 52 53 54 55 56 57 58 59 60 61 62 63 64 65 66 67 68 69 70 71 72 73 74 75 }
* Dataflow Pipeline: 0

* FSM state transitions: 
1 --> 2 
2 --> 76 3 
3 --> 4 
4 --> 5 
5 --> 6 
6 --> 7 
7 --> 8 
8 --> 9 
9 --> 10 
10 --> 11 
11 --> 12 
12 --> 13 
13 --> 14 
14 --> 15 
15 --> 16 
16 --> 17 
17 --> 18 
18 --> 19 
19 --> 20 
20 --> 21 
21 --> 22 
22 --> 23 
23 --> 24 
24 --> 25 
25 --> 26 
26 --> 27 
27 --> 28 
28 --> 29 
29 --> 30 
30 --> 31 
31 --> 32 
32 --> 33 
33 --> 34 
34 --> 35 
35 --> 36 
36 --> 37 
37 --> 38 
38 --> 39 
39 --> 40 
40 --> 41 
41 --> 42 
42 --> 43 
43 --> 44 
44 --> 45 
45 --> 46 
46 --> 47 
47 --> 48 
48 --> 49 
49 --> 50 
50 --> 51 
51 --> 52 
52 --> 53 
53 --> 54 
54 --> 55 
55 --> 56 
56 --> 57 
57 --> 58 
58 --> 59 
59 --> 60 
60 --> 61 
61 --> 62 
62 --> 63 
63 --> 64 
64 --> 65 
65 --> 66 
66 --> 67 
67 --> 68 
68 --> 69 
69 --> 70 
70 --> 71 
71 --> 72 
72 --> 73 
73 --> 74 
74 --> 75 
75 --> 2 
76 --> 

* FSM state operations: 

State 1 <SV = 0> <Delay = 2.29>
ST_1 : Operation 77 [1/1] (0.00ns)   --->   "%i = alloca i32 1"   --->   Operation 77 'alloca' 'i' <Predicate = true> <Delay = 0.00>
ST_1 : Operation 78 [1/1] (0.00ns)   --->   "%muxLogicCE_to_size_read = muxlogic"   --->   Operation 78 'muxlogic' 'muxLogicCE_to_size_read' <Predicate = true> <Delay = 0.00>
ST_1 : Operation 79 [1/1] (1.00ns)   --->   "%size_read = read i32 @_ssdm_op_Read.ap_none.i32, i32 %size" [/proj/xcoswmktg/robg/git/Vitis-Tutorials/Internal-Fork/AI_Engine_Development/Feature_Tutorials/05-AI-engine-versal-integration/pl_kernels/mm2s.cpp:14]   --->   Operation 79 'read' 'size_read' <Predicate = true> <Delay = 1.00> <CoreInst = "s_axilite">   --->   Core 126 's_axilite' <Latency = 0> <II = 1> <Delay = 1.00> <Adapter> <Opcode : 'read' 'write'>
ST_1 : Operation 80 [1/1] (0.00ns)   --->   "%muxLogicCE_to_mem_read = muxlogic"   --->   Operation 80 'muxlogic' 'muxLogicCE_to_mem_read' <Predicate = true> <Delay = 0.00>
ST_1 : Operation 81 [1/1] (1.00ns)   --->   "%mem_read = read i64 @_ssdm_op_Read.s_axilite.i64, i64 %mem" [/proj/xcoswmktg/robg/git/Vitis-Tutorials/Internal-Fork/AI_Engine_Development/Feature_Tutorials/05-AI-engine-versal-integration/pl_kernels/mm2s.cpp:14]   --->   Operation 81 'read' 'mem_read' <Predicate = true> <Delay = 1.00> <CoreInst = "s_axilite">   --->   Core 126 's_axilite' <Latency = 0> <II = 1> <Delay = 1.00> <Adapter> <Opcode : 'read' 'write'>
ST_1 : Operation 82 [1/1] (0.00ns)   --->   "%trunc_ln14 = trunc i32 %size_read" [/proj/xcoswmktg/robg/git/Vitis-Tutorials/Internal-Fork/AI_Engine_Development/Feature_Tutorials/05-AI-engine-versal-integration/pl_kernels/mm2s.cpp:14]   --->   Operation 82 'trunc' 'trunc_ln14' <Predicate = true> <Delay = 0.00>
ST_1 : Operation 83 [1/1] (0.00ns)   --->   "%spectopmodule_ln14 = spectopmodule void @_ssdm_op_SpecTopModule, void @empty_9" [/proj/xcoswmktg/robg/git/Vitis-Tutorials/Internal-Fork/AI_Engine_Development/Feature_Tutorials/05-AI-engine-versal-integration/pl_kernels/mm2s.cpp:14]   --->   Operation 83 'spectopmodule' 'spectopmodule_ln14' <Predicate = true> <Delay = 0.00>
ST_1 : Operation 84 [1/1] (0.00ns)   --->   "%specinterface_ln14 = specinterface void @_ssdm_op_SpecInterface, i32 0, void @empty_0, i32 0, i32 0, void @empty_3, i32 0, i32 0, void @empty_3, void @empty_3, void @empty_3, i32 0, i32 0, i32 0, i32 0, void @empty_3, void @empty_3, i32 4294967295, i32 0" [/proj/xcoswmktg/robg/git/Vitis-Tutorials/Internal-Fork/AI_Engine_Development/Feature_Tutorials/05-AI-engine-versal-integration/pl_kernels/mm2s.cpp:14]   --->   Operation 84 'specinterface' 'specinterface_ln14' <Predicate = true> <Delay = 0.00>
ST_1 : Operation 85 [1/1] (0.00ns)   --->   "%specinterface_ln0 = specinterface void @_ssdm_op_SpecInterface, i32 %gmem, void @empty_2, i32 0, i32 0, void @empty_3, i32 64, i32 0, void @empty_4, void @empty_5, void @empty_3, i32 16, i32 16, i32 16, i32 16, void @empty_3, void @empty_3, i32 4294967295, i32 0"   --->   Operation 85 'specinterface' 'specinterface_ln0' <Predicate = true> <Delay = 0.00>
ST_1 : Operation 86 [1/1] (0.00ns)   --->   "%specbitsmap_ln0 = specbitsmap void @_ssdm_op_SpecBitsMap, i32 %gmem"   --->   Operation 86 'specbitsmap' 'specbitsmap_ln0' <Predicate = true> <Delay = 0.00>
ST_1 : Operation 87 [1/1] (0.00ns)   --->   "%specinterface_ln0 = specinterface void @_ssdm_op_SpecInterface, i64 %mem, void @empty_6, i32 0, i32 0, void @empty_3, i32 0, i32 0, void @empty, void @empty_1, void @empty_3, i32 0, i32 0, i32 0, i32 0, void @empty_3, void @empty_8, i32 4294967295, i32 0"   --->   Operation 87 'specinterface' 'specinterface_ln0' <Predicate = true> <Delay = 0.00>
ST_1 : Operation 88 [1/1] (0.00ns)   --->   "%specinterface_ln0 = specinterface void @_ssdm_op_SpecInterface, i64 %mem, void @empty_11, i32 0, i32 0, void @empty_3, i32 0, i32 0, void @empty_3, void @empty_3, void @empty_3, i32 0, i32 0, i32 0, i32 0, void @empty_3, void @empty_8, i32 4294967295, i32 0"   --->   Operation 88 'specinterface' 'specinterface_ln0' <Predicate = true> <Delay = 0.00>
ST_1 : Operation 89 [1/1] (0.00ns)   --->   "%specinterface_ln0 = specinterface void @_ssdm_op_SpecInterface, i32 %s_V_data_V, i4 %s_V_keep_V, i4 %s_V_strb_V, i1 %s_V_last_V, void @empty_12, i32 1, i32 1, void @empty_13, i32 0, i32 0, void @empty_3, void @empty_3, void @empty_3, i32 0, i32 0, i32 0, i32 0, void @empty_3, void @empty_3, i32 4294967295, i32 0"   --->   Operation 89 'specinterface' 'specinterface_ln0' <Predicate = true> <Delay = 0.00>
ST_1 : Operation 90 [1/1] (0.00ns)   --->   "%specbitsmap_ln0 = specbitsmap void @_ssdm_op_SpecBitsMap, i32 %s_V_data_V"   --->   Operation 90 'specbitsmap' 'specbitsmap_ln0' <Predicate = true> <Delay = 0.00>
ST_1 : Operation 91 [1/1] (0.00ns)   --->   "%specbitsmap_ln0 = specbitsmap void @_ssdm_op_SpecBitsMap, i4 %s_V_keep_V"   --->   Operation 91 'specbitsmap' 'specbitsmap_ln0' <Predicate = true> <Delay = 0.00>
ST_1 : Operation 92 [1/1] (0.00ns)   --->   "%specbitsmap_ln0 = specbitsmap void @_ssdm_op_SpecBitsMap, i4 %s_V_strb_V"   --->   Operation 92 'specbitsmap' 'specbitsmap_ln0' <Predicate = true> <Delay = 0.00>
ST_1 : Operation 93 [1/1] (0.00ns)   --->   "%specbitsmap_ln0 = specbitsmap void @_ssdm_op_SpecBitsMap, i1 %s_V_last_V"   --->   Operation 93 'specbitsmap' 'specbitsmap_ln0' <Predicate = true> <Delay = 0.00>
ST_1 : Operation 94 [1/1] (0.00ns)   --->   "%specbitsmap_ln0 = specbitsmap void @_ssdm_op_SpecBitsMap, i32 %size"   --->   Operation 94 'specbitsmap' 'specbitsmap_ln0' <Predicate = true> <Delay = 0.00>
ST_1 : Operation 95 [1/1] (0.00ns)   --->   "%specinterface_ln0 = specinterface void @_ssdm_op_SpecInterface, i32 %size, void @empty_6, i32 0, i32 0, void @empty_3, i32 0, i32 0, void @empty, void @empty_14, void @empty_3, i32 0, i32 0, i32 0, i32 0, void @empty_3, void @empty_3, i32 4294967295, i32 0"   --->   Operation 95 'specinterface' 'specinterface_ln0' <Predicate = true> <Delay = 0.00>
ST_1 : Operation 96 [1/1] (0.00ns)   --->   "%specinterface_ln0 = specinterface void @_ssdm_op_SpecInterface, i32 %size, void @empty_15, i32 0, i32 0, void @empty_3, i32 0, i32 0, void @empty_3, void @empty_3, void @empty_3, i32 0, i32 0, i32 0, i32 0, void @empty_3, void @empty_3, i32 4294967295, i32 0"   --->   Operation 96 'specinterface' 'specinterface_ln0' <Predicate = true> <Delay = 0.00>
ST_1 : Operation 97 [1/1] (0.00ns)   --->   "%specinterface_ln0 = specinterface void @_ssdm_op_SpecInterface, i32 0, void @empty_6, i32 0, i32 0, void @empty_3, i32 0, i32 0, void @empty, void @empty_3, void @empty_3, i32 0, i32 0, i32 0, i32 0, void @empty_3, void @empty_3, i32 4294967295, i32 0"   --->   Operation 97 'specinterface' 'specinterface_ln0' <Predicate = true> <Delay = 0.00>
ST_1 : Operation 98 [1/1] (0.89ns)   --->   "%icmp_ln23 = icmp_sgt  i32 %size_read, i32 0" [/proj/xcoswmktg/robg/git/Vitis-Tutorials/Internal-Fork/AI_Engine_Development/Feature_Tutorials/05-AI-engine-versal-integration/pl_kernels/mm2s.cpp:23]   --->   Operation 98 'icmp' 'icmp_ln23' <Predicate = true> <Delay = 0.89> <CoreInst = "Cmp">   --->   Core 9 'Cmp' <Latency = 0> <II = 1> <Delay = 0.89> <FuncUnit> <Opcode : 'icmp'> <InPorts = 2> <OutPorts = 1>
ST_1 : Operation 99 [1/1] (0.00ns)   --->   "%specaxissidechannel_ln23 = specaxissidechannel void @_ssdm_op_SpecAXISSideChannel, i32 %s_V_data_V, i4 %s_V_keep_V, i4 %s_V_strb_V, i1 0, i1 %s_V_last_V, i1 0, i1 0, void @empty_7" [/proj/xcoswmktg/robg/git/Vitis-Tutorials/Internal-Fork/AI_Engine_Development/Feature_Tutorials/05-AI-engine-versal-integration/pl_kernels/mm2s.cpp:23]   --->   Operation 99 'specaxissidechannel' 'specaxissidechannel_ln23' <Predicate = true> <Delay = 0.00>
ST_1 : Operation 100 [1/1] (0.40ns)   --->   "%empty = select i1 %icmp_ln23, i31 %trunc_ln14, i31 0" [/proj/xcoswmktg/robg/git/Vitis-Tutorials/Internal-Fork/AI_Engine_Development/Feature_Tutorials/05-AI-engine-versal-integration/pl_kernels/mm2s.cpp:23]   --->   Operation 100 'select' 'empty' <Predicate = true> <Delay = 0.40> <CoreInst = "Sel">   --->   Core 77 'Sel' <Latency = 0> <II = 1> <Delay = 0.40> <FuncUnit> <Opcode : 'select'> <InPorts = 3> <OutPorts = 1>
ST_1 : Operation 101 [1/1] (0.00ns)   --->   "%zext_ln23 = zext i31 %empty" [/proj/xcoswmktg/robg/git/Vitis-Tutorials/Internal-Fork/AI_Engine_Development/Feature_Tutorials/05-AI-engine-versal-integration/pl_kernels/mm2s.cpp:23]   --->   Operation 101 'zext' 'zext_ln23' <Predicate = true> <Delay = 0.00>
ST_1 : Operation 102 [1/1] (0.00ns)   --->   "%muxLogicData_to_store_ln0 = muxlogic i31 0"   --->   Operation 102 'muxlogic' 'muxLogicData_to_store_ln0' <Predicate = true> <Delay = 0.00>
ST_1 : Operation 103 [1/1] (0.00ns)   --->   "%muxLogicAddr_to_store_ln0 = muxlogic i31 %i"   --->   Operation 103 'muxlogic' 'muxLogicAddr_to_store_ln0' <Predicate = true> <Delay = 0.00>
ST_1 : Operation 104 [1/1] (0.46ns)   --->   "%store_ln0 = store i31 0, i31 %i"   --->   Operation 104 'store' 'store_ln0' <Predicate = true> <Delay = 0.46>
ST_1 : Operation 105 [1/1] (0.33ns)   --->   "%br_ln23 = br void %for.inc" [/proj/xcoswmktg/robg/git/Vitis-Tutorials/Internal-Fork/AI_Engine_Development/Feature_Tutorials/05-AI-engine-versal-integration/pl_kernels/mm2s.cpp:23]   --->   Operation 105 'br' 'br_ln23' <Predicate = true> <Delay = 0.33>

State 2 <SV = 1> <Delay = 1.35>
ST_2 : Operation 106 [1/1] (0.00ns)   --->   "%first_iter_0 = phi i1 0, void %for.inc.split, i1 1, void %entry"   --->   Operation 106 'phi' 'first_iter_0' <Predicate = true> <Delay = 0.00>
ST_2 : Operation 107 [1/1] (0.00ns)   --->   "%MuxLogicAddr_to_i_load = muxlogic i31 %i"   --->   Operation 107 'muxlogic' 'MuxLogicAddr_to_i_load' <Predicate = true> <Delay = 0.00>
ST_2 : Operation 108 [1/1] (0.00ns)   --->   "%i_load = load i31 %i" [/proj/xcoswmktg/robg/git/Vitis-Tutorials/Internal-Fork/AI_Engine_Development/Feature_Tutorials/05-AI-engine-versal-integration/pl_kernels/mm2s.cpp:23]   --->   Operation 108 'load' 'i_load' <Predicate = true> <Delay = 0.00>
ST_2 : Operation 109 [1/1] (0.89ns)   --->   "%add_ln23 = add i31 %i_load, i31 1" [/proj/xcoswmktg/robg/git/Vitis-Tutorials/Internal-Fork/AI_Engine_Development/Feature_Tutorials/05-AI-engine-versal-integration/pl_kernels/mm2s.cpp:23]   --->   Operation 109 'add' 'add_ln23' <Predicate = true> <Delay = 0.89> <CoreInst = "Adder">   --->   Core 1 'Adder' <Latency = 0> <II = 1> <Delay = 0.89> <FuncUnit> <Opcode : 'add' 'sub'> <InPorts = 2> <OutPorts = 1>
ST_2 : Operation 110 [1/1] (0.00ns)   --->   "%i_cast = zext i31 %i_load" [/proj/xcoswmktg/robg/git/Vitis-Tutorials/Internal-Fork/AI_Engine_Development/Feature_Tutorials/05-AI-engine-versal-integration/pl_kernels/mm2s.cpp:23]   --->   Operation 110 'zext' 'i_cast' <Predicate = true> <Delay = 0.00>
ST_2 : Operation 111 [1/1] (0.89ns)   --->   "%icmp_ln23_1 = icmp_slt  i32 %i_cast, i32 %size_read" [/proj/xcoswmktg/robg/git/Vitis-Tutorials/Internal-Fork/AI_Engine_Development/Feature_Tutorials/05-AI-engine-versal-integration/pl_kernels/mm2s.cpp:23]   --->   Operation 111 'icmp' 'icmp_ln23_1' <Predicate = true> <Delay = 0.89> <CoreInst = "Cmp">   --->   Core 9 'Cmp' <Latency = 0> <II = 1> <Delay = 0.89> <FuncUnit> <Opcode : 'icmp'> <InPorts = 2> <OutPorts = 1>
ST_2 : Operation 112 [1/1] (0.00ns)   --->   "%br_ln23 = br i1 %icmp_ln23_1, void %for.end.loopexit, void %new.body.for.inc" [/proj/xcoswmktg/robg/git/Vitis-Tutorials/Internal-Fork/AI_Engine_Development/Feature_Tutorials/05-AI-engine-versal-integration/pl_kernels/mm2s.cpp:23]   --->   Operation 112 'br' 'br_ln23' <Predicate = true> <Delay = 0.00>
ST_2 : Operation 113 [1/1] (0.00ns)   --->   "%br_ln23 = br i1 %first_iter_0, void %for.inc.split, void %for.first.iter.for.inc" [/proj/xcoswmktg/robg/git/Vitis-Tutorials/Internal-Fork/AI_Engine_Development/Feature_Tutorials/05-AI-engine-versal-integration/pl_kernels/mm2s.cpp:23]   --->   Operation 113 'br' 'br_ln23' <Predicate = (icmp_ln23_1)> <Delay = 0.00>
ST_2 : Operation 114 [1/1] (0.00ns)   --->   "%muxLogicData_to_store_ln23 = muxlogic i31 %add_ln23"   --->   Operation 114 'muxlogic' 'muxLogicData_to_store_ln23' <Predicate = (icmp_ln23_1)> <Delay = 0.00>
ST_2 : Operation 115 [1/1] (0.00ns)   --->   "%muxLogicAddr_to_store_ln23 = muxlogic i31 %i"   --->   Operation 115 'muxlogic' 'muxLogicAddr_to_store_ln23' <Predicate = (icmp_ln23_1)> <Delay = 0.00>
ST_2 : Operation 116 [1/1] (0.46ns)   --->   "%store_ln23 = store i31 %add_ln23, i31 %i" [/proj/xcoswmktg/robg/git/Vitis-Tutorials/Internal-Fork/AI_Engine_Development/Feature_Tutorials/05-AI-engine-versal-integration/pl_kernels/mm2s.cpp:23]   --->   Operation 116 'store' 'store_ln23' <Predicate = (icmp_ln23_1)> <Delay = 0.46>
ST_2 : Operation 117 [1/1] (0.00ns)   --->   "%br_ln23 = br void %for.inc" [/proj/xcoswmktg/robg/git/Vitis-Tutorials/Internal-Fork/AI_Engine_Development/Feature_Tutorials/05-AI-engine-versal-integration/pl_kernels/mm2s.cpp:23]   --->   Operation 117 'br' 'br_ln23' <Predicate = (icmp_ln23_1)> <Delay = 0.00>

State 3 <SV = 2> <Delay = 1.00>
ST_3 : Operation 118 [1/1] (0.00ns)   --->   "%trunc_ln1 = partselect i62 @_ssdm_op_PartSelect.i62.i64.i32.i32, i64 %mem_read, i32 2, i32 63" [/proj/xcoswmktg/robg/git/Vitis-Tutorials/Internal-Fork/AI_Engine_Development/Feature_Tutorials/05-AI-engine-versal-integration/pl_kernels/mm2s.cpp:23]   --->   Operation 118 'partselect' 'trunc_ln1' <Predicate = true> <Delay = 0.00>
ST_3 : Operation 119 [1/1] (0.00ns)   --->   "%sext_ln23 = sext i62 %trunc_ln1" [/proj/xcoswmktg/robg/git/Vitis-Tutorials/Internal-Fork/AI_Engine_Development/Feature_Tutorials/05-AI-engine-versal-integration/pl_kernels/mm2s.cpp:23]   --->   Operation 119 'sext' 'sext_ln23' <Predicate = true> <Delay = 0.00>
ST_3 : Operation 120 [1/1] (0.00ns)   --->   "%gmem_addr = getelementptr i32 %gmem, i64 %sext_ln23" [/proj/xcoswmktg/robg/git/Vitis-Tutorials/Internal-Fork/AI_Engine_Development/Feature_Tutorials/05-AI-engine-versal-integration/pl_kernels/mm2s.cpp:23]   --->   Operation 120 'getelementptr' 'gmem_addr' <Predicate = true> <Delay = 0.00>
ST_3 : Operation 121 [71/71] (1.00ns)   --->   "%empty_20 = readreq i1 @_ssdm_op_ReadReq.m_axi.p1i32, i32 %gmem_addr, i32 %zext_ln23" [/proj/xcoswmktg/robg/git/Vitis-Tutorials/Internal-Fork/AI_Engine_Development/Feature_Tutorials/05-AI-engine-versal-integration/pl_kernels/mm2s.cpp:23]   --->   Operation 121 'readreq' 'empty_20' <Predicate = (first_iter_0)> <Delay = 1.00> <CoreInst = "m_axi">   --->   Core 125 'm_axi' <Latency = 0> <II = 1> <Delay = 1.00> <Adapter> <Opcode : 'read' 'write' 'readreq' 'writereq' 'writeresp'>

State 4 <SV = 3> <Delay = 7.04>
ST_4 : Operation 122 [70/71] (7.04ns)   --->   "%empty_20 = readreq i1 @_ssdm_op_ReadReq.m_axi.p1i32, i32 %gmem_addr, i32 %zext_ln23" [/proj/xcoswmktg/robg/git/Vitis-Tutorials/Internal-Fork/AI_Engine_Development/Feature_Tutorials/05-AI-engine-versal-integration/pl_kernels/mm2s.cpp:23]   --->   Operation 122 'readreq' 'empty_20' <Predicate = (first_iter_0)> <Delay = 7.04> <CoreInst = "m_axi">   --->   Core 125 'm_axi' <Latency = 0> <II = 1> <Delay = 1.00> <Adapter> <Opcode : 'read' 'write' 'readreq' 'writereq' 'writeresp'>

State 5 <SV = 4> <Delay = 7.04>
ST_5 : Operation 123 [69/71] (7.04ns)   --->   "%empty_20 = readreq i1 @_ssdm_op_ReadReq.m_axi.p1i32, i32 %gmem_addr, i32 %zext_ln23" [/proj/xcoswmktg/robg/git/Vitis-Tutorials/Internal-Fork/AI_Engine_Development/Feature_Tutorials/05-AI-engine-versal-integration/pl_kernels/mm2s.cpp:23]   --->   Operation 123 'readreq' 'empty_20' <Predicate = (first_iter_0)> <Delay = 7.04> <CoreInst = "m_axi">   --->   Core 125 'm_axi' <Latency = 0> <II = 1> <Delay = 1.00> <Adapter> <Opcode : 'read' 'write' 'readreq' 'writereq' 'writeresp'>

State 6 <SV = 5> <Delay = 7.04>
ST_6 : Operation 124 [68/71] (7.04ns)   --->   "%empty_20 = readreq i1 @_ssdm_op_ReadReq.m_axi.p1i32, i32 %gmem_addr, i32 %zext_ln23" [/proj/xcoswmktg/robg/git/Vitis-Tutorials/Internal-Fork/AI_Engine_Development/Feature_Tutorials/05-AI-engine-versal-integration/pl_kernels/mm2s.cpp:23]   --->   Operation 124 'readreq' 'empty_20' <Predicate = (first_iter_0)> <Delay = 7.04> <CoreInst = "m_axi">   --->   Core 125 'm_axi' <Latency = 0> <II = 1> <Delay = 1.00> <Adapter> <Opcode : 'read' 'write' 'readreq' 'writereq' 'writeresp'>

State 7 <SV = 6> <Delay = 7.04>
ST_7 : Operation 125 [67/71] (7.04ns)   --->   "%empty_20 = readreq i1 @_ssdm_op_ReadReq.m_axi.p1i32, i32 %gmem_addr, i32 %zext_ln23" [/proj/xcoswmktg/robg/git/Vitis-Tutorials/Internal-Fork/AI_Engine_Development/Feature_Tutorials/05-AI-engine-versal-integration/pl_kernels/mm2s.cpp:23]   --->   Operation 125 'readreq' 'empty_20' <Predicate = (first_iter_0)> <Delay = 7.04> <CoreInst = "m_axi">   --->   Core 125 'm_axi' <Latency = 0> <II = 1> <Delay = 1.00> <Adapter> <Opcode : 'read' 'write' 'readreq' 'writereq' 'writeresp'>

State 8 <SV = 7> <Delay = 7.04>
ST_8 : Operation 126 [66/71] (7.04ns)   --->   "%empty_20 = readreq i1 @_ssdm_op_ReadReq.m_axi.p1i32, i32 %gmem_addr, i32 %zext_ln23" [/proj/xcoswmktg/robg/git/Vitis-Tutorials/Internal-Fork/AI_Engine_Development/Feature_Tutorials/05-AI-engine-versal-integration/pl_kernels/mm2s.cpp:23]   --->   Operation 126 'readreq' 'empty_20' <Predicate = (first_iter_0)> <Delay = 7.04> <CoreInst = "m_axi">   --->   Core 125 'm_axi' <Latency = 0> <II = 1> <Delay = 1.00> <Adapter> <Opcode : 'read' 'write' 'readreq' 'writereq' 'writeresp'>

State 9 <SV = 8> <Delay = 7.04>
ST_9 : Operation 127 [65/71] (7.04ns)   --->   "%empty_20 = readreq i1 @_ssdm_op_ReadReq.m_axi.p1i32, i32 %gmem_addr, i32 %zext_ln23" [/proj/xcoswmktg/robg/git/Vitis-Tutorials/Internal-Fork/AI_Engine_Development/Feature_Tutorials/05-AI-engine-versal-integration/pl_kernels/mm2s.cpp:23]   --->   Operation 127 'readreq' 'empty_20' <Predicate = (first_iter_0)> <Delay = 7.04> <CoreInst = "m_axi">   --->   Core 125 'm_axi' <Latency = 0> <II = 1> <Delay = 1.00> <Adapter> <Opcode : 'read' 'write' 'readreq' 'writereq' 'writeresp'>

State 10 <SV = 9> <Delay = 7.04>
ST_10 : Operation 128 [64/71] (7.04ns)   --->   "%empty_20 = readreq i1 @_ssdm_op_ReadReq.m_axi.p1i32, i32 %gmem_addr, i32 %zext_ln23" [/proj/xcoswmktg/robg/git/Vitis-Tutorials/Internal-Fork/AI_Engine_Development/Feature_Tutorials/05-AI-engine-versal-integration/pl_kernels/mm2s.cpp:23]   --->   Operation 128 'readreq' 'empty_20' <Predicate = (first_iter_0)> <Delay = 7.04> <CoreInst = "m_axi">   --->   Core 125 'm_axi' <Latency = 0> <II = 1> <Delay = 1.00> <Adapter> <Opcode : 'read' 'write' 'readreq' 'writereq' 'writeresp'>

State 11 <SV = 10> <Delay = 7.04>
ST_11 : Operation 129 [63/71] (7.04ns)   --->   "%empty_20 = readreq i1 @_ssdm_op_ReadReq.m_axi.p1i32, i32 %gmem_addr, i32 %zext_ln23" [/proj/xcoswmktg/robg/git/Vitis-Tutorials/Internal-Fork/AI_Engine_Development/Feature_Tutorials/05-AI-engine-versal-integration/pl_kernels/mm2s.cpp:23]   --->   Operation 129 'readreq' 'empty_20' <Predicate = (first_iter_0)> <Delay = 7.04> <CoreInst = "m_axi">   --->   Core 125 'm_axi' <Latency = 0> <II = 1> <Delay = 1.00> <Adapter> <Opcode : 'read' 'write' 'readreq' 'writereq' 'writeresp'>

State 12 <SV = 11> <Delay = 7.04>
ST_12 : Operation 130 [62/71] (7.04ns)   --->   "%empty_20 = readreq i1 @_ssdm_op_ReadReq.m_axi.p1i32, i32 %gmem_addr, i32 %zext_ln23" [/proj/xcoswmktg/robg/git/Vitis-Tutorials/Internal-Fork/AI_Engine_Development/Feature_Tutorials/05-AI-engine-versal-integration/pl_kernels/mm2s.cpp:23]   --->   Operation 130 'readreq' 'empty_20' <Predicate = (first_iter_0)> <Delay = 7.04> <CoreInst = "m_axi">   --->   Core 125 'm_axi' <Latency = 0> <II = 1> <Delay = 1.00> <Adapter> <Opcode : 'read' 'write' 'readreq' 'writereq' 'writeresp'>

State 13 <SV = 12> <Delay = 7.04>
ST_13 : Operation 131 [61/71] (7.04ns)   --->   "%empty_20 = readreq i1 @_ssdm_op_ReadReq.m_axi.p1i32, i32 %gmem_addr, i32 %zext_ln23" [/proj/xcoswmktg/robg/git/Vitis-Tutorials/Internal-Fork/AI_Engine_Development/Feature_Tutorials/05-AI-engine-versal-integration/pl_kernels/mm2s.cpp:23]   --->   Operation 131 'readreq' 'empty_20' <Predicate = (first_iter_0)> <Delay = 7.04> <CoreInst = "m_axi">   --->   Core 125 'm_axi' <Latency = 0> <II = 1> <Delay = 1.00> <Adapter> <Opcode : 'read' 'write' 'readreq' 'writereq' 'writeresp'>

State 14 <SV = 13> <Delay = 7.04>
ST_14 : Operation 132 [60/71] (7.04ns)   --->   "%empty_20 = readreq i1 @_ssdm_op_ReadReq.m_axi.p1i32, i32 %gmem_addr, i32 %zext_ln23" [/proj/xcoswmktg/robg/git/Vitis-Tutorials/Internal-Fork/AI_Engine_Development/Feature_Tutorials/05-AI-engine-versal-integration/pl_kernels/mm2s.cpp:23]   --->   Operation 132 'readreq' 'empty_20' <Predicate = (first_iter_0)> <Delay = 7.04> <CoreInst = "m_axi">   --->   Core 125 'm_axi' <Latency = 0> <II = 1> <Delay = 1.00> <Adapter> <Opcode : 'read' 'write' 'readreq' 'writereq' 'writeresp'>

State 15 <SV = 14> <Delay = 7.04>
ST_15 : Operation 133 [59/71] (7.04ns)   --->   "%empty_20 = readreq i1 @_ssdm_op_ReadReq.m_axi.p1i32, i32 %gmem_addr, i32 %zext_ln23" [/proj/xcoswmktg/robg/git/Vitis-Tutorials/Internal-Fork/AI_Engine_Development/Feature_Tutorials/05-AI-engine-versal-integration/pl_kernels/mm2s.cpp:23]   --->   Operation 133 'readreq' 'empty_20' <Predicate = (first_iter_0)> <Delay = 7.04> <CoreInst = "m_axi">   --->   Core 125 'm_axi' <Latency = 0> <II = 1> <Delay = 1.00> <Adapter> <Opcode : 'read' 'write' 'readreq' 'writereq' 'writeresp'>

State 16 <SV = 15> <Delay = 7.04>
ST_16 : Operation 134 [58/71] (7.04ns)   --->   "%empty_20 = readreq i1 @_ssdm_op_ReadReq.m_axi.p1i32, i32 %gmem_addr, i32 %zext_ln23" [/proj/xcoswmktg/robg/git/Vitis-Tutorials/Internal-Fork/AI_Engine_Development/Feature_Tutorials/05-AI-engine-versal-integration/pl_kernels/mm2s.cpp:23]   --->   Operation 134 'readreq' 'empty_20' <Predicate = (first_iter_0)> <Delay = 7.04> <CoreInst = "m_axi">   --->   Core 125 'm_axi' <Latency = 0> <II = 1> <Delay = 1.00> <Adapter> <Opcode : 'read' 'write' 'readreq' 'writereq' 'writeresp'>

State 17 <SV = 16> <Delay = 7.04>
ST_17 : Operation 135 [57/71] (7.04ns)   --->   "%empty_20 = readreq i1 @_ssdm_op_ReadReq.m_axi.p1i32, i32 %gmem_addr, i32 %zext_ln23" [/proj/xcoswmktg/robg/git/Vitis-Tutorials/Internal-Fork/AI_Engine_Development/Feature_Tutorials/05-AI-engine-versal-integration/pl_kernels/mm2s.cpp:23]   --->   Operation 135 'readreq' 'empty_20' <Predicate = (first_iter_0)> <Delay = 7.04> <CoreInst = "m_axi">   --->   Core 125 'm_axi' <Latency = 0> <II = 1> <Delay = 1.00> <Adapter> <Opcode : 'read' 'write' 'readreq' 'writereq' 'writeresp'>

State 18 <SV = 17> <Delay = 7.04>
ST_18 : Operation 136 [56/71] (7.04ns)   --->   "%empty_20 = readreq i1 @_ssdm_op_ReadReq.m_axi.p1i32, i32 %gmem_addr, i32 %zext_ln23" [/proj/xcoswmktg/robg/git/Vitis-Tutorials/Internal-Fork/AI_Engine_Development/Feature_Tutorials/05-AI-engine-versal-integration/pl_kernels/mm2s.cpp:23]   --->   Operation 136 'readreq' 'empty_20' <Predicate = (first_iter_0)> <Delay = 7.04> <CoreInst = "m_axi">   --->   Core 125 'm_axi' <Latency = 0> <II = 1> <Delay = 1.00> <Adapter> <Opcode : 'read' 'write' 'readreq' 'writereq' 'writeresp'>

State 19 <SV = 18> <Delay = 7.04>
ST_19 : Operation 137 [55/71] (7.04ns)   --->   "%empty_20 = readreq i1 @_ssdm_op_ReadReq.m_axi.p1i32, i32 %gmem_addr, i32 %zext_ln23" [/proj/xcoswmktg/robg/git/Vitis-Tutorials/Internal-Fork/AI_Engine_Development/Feature_Tutorials/05-AI-engine-versal-integration/pl_kernels/mm2s.cpp:23]   --->   Operation 137 'readreq' 'empty_20' <Predicate = (first_iter_0)> <Delay = 7.04> <CoreInst = "m_axi">   --->   Core 125 'm_axi' <Latency = 0> <II = 1> <Delay = 1.00> <Adapter> <Opcode : 'read' 'write' 'readreq' 'writereq' 'writeresp'>

State 20 <SV = 19> <Delay = 7.04>
ST_20 : Operation 138 [54/71] (7.04ns)   --->   "%empty_20 = readreq i1 @_ssdm_op_ReadReq.m_axi.p1i32, i32 %gmem_addr, i32 %zext_ln23" [/proj/xcoswmktg/robg/git/Vitis-Tutorials/Internal-Fork/AI_Engine_Development/Feature_Tutorials/05-AI-engine-versal-integration/pl_kernels/mm2s.cpp:23]   --->   Operation 138 'readreq' 'empty_20' <Predicate = (first_iter_0)> <Delay = 7.04> <CoreInst = "m_axi">   --->   Core 125 'm_axi' <Latency = 0> <II = 1> <Delay = 1.00> <Adapter> <Opcode : 'read' 'write' 'readreq' 'writereq' 'writeresp'>

State 21 <SV = 20> <Delay = 7.04>
ST_21 : Operation 139 [53/71] (7.04ns)   --->   "%empty_20 = readreq i1 @_ssdm_op_ReadReq.m_axi.p1i32, i32 %gmem_addr, i32 %zext_ln23" [/proj/xcoswmktg/robg/git/Vitis-Tutorials/Internal-Fork/AI_Engine_Development/Feature_Tutorials/05-AI-engine-versal-integration/pl_kernels/mm2s.cpp:23]   --->   Operation 139 'readreq' 'empty_20' <Predicate = (first_iter_0)> <Delay = 7.04> <CoreInst = "m_axi">   --->   Core 125 'm_axi' <Latency = 0> <II = 1> <Delay = 1.00> <Adapter> <Opcode : 'read' 'write' 'readreq' 'writereq' 'writeresp'>

State 22 <SV = 21> <Delay = 7.04>
ST_22 : Operation 140 [52/71] (7.04ns)   --->   "%empty_20 = readreq i1 @_ssdm_op_ReadReq.m_axi.p1i32, i32 %gmem_addr, i32 %zext_ln23" [/proj/xcoswmktg/robg/git/Vitis-Tutorials/Internal-Fork/AI_Engine_Development/Feature_Tutorials/05-AI-engine-versal-integration/pl_kernels/mm2s.cpp:23]   --->   Operation 140 'readreq' 'empty_20' <Predicate = (first_iter_0)> <Delay = 7.04> <CoreInst = "m_axi">   --->   Core 125 'm_axi' <Latency = 0> <II = 1> <Delay = 1.00> <Adapter> <Opcode : 'read' 'write' 'readreq' 'writereq' 'writeresp'>

State 23 <SV = 22> <Delay = 7.04>
ST_23 : Operation 141 [51/71] (7.04ns)   --->   "%empty_20 = readreq i1 @_ssdm_op_ReadReq.m_axi.p1i32, i32 %gmem_addr, i32 %zext_ln23" [/proj/xcoswmktg/robg/git/Vitis-Tutorials/Internal-Fork/AI_Engine_Development/Feature_Tutorials/05-AI-engine-versal-integration/pl_kernels/mm2s.cpp:23]   --->   Operation 141 'readreq' 'empty_20' <Predicate = (first_iter_0)> <Delay = 7.04> <CoreInst = "m_axi">   --->   Core 125 'm_axi' <Latency = 0> <II = 1> <Delay = 1.00> <Adapter> <Opcode : 'read' 'write' 'readreq' 'writereq' 'writeresp'>

State 24 <SV = 23> <Delay = 7.04>
ST_24 : Operation 142 [50/71] (7.04ns)   --->   "%empty_20 = readreq i1 @_ssdm_op_ReadReq.m_axi.p1i32, i32 %gmem_addr, i32 %zext_ln23" [/proj/xcoswmktg/robg/git/Vitis-Tutorials/Internal-Fork/AI_Engine_Development/Feature_Tutorials/05-AI-engine-versal-integration/pl_kernels/mm2s.cpp:23]   --->   Operation 142 'readreq' 'empty_20' <Predicate = (first_iter_0)> <Delay = 7.04> <CoreInst = "m_axi">   --->   Core 125 'm_axi' <Latency = 0> <II = 1> <Delay = 1.00> <Adapter> <Opcode : 'read' 'write' 'readreq' 'writereq' 'writeresp'>

State 25 <SV = 24> <Delay = 7.04>
ST_25 : Operation 143 [49/71] (7.04ns)   --->   "%empty_20 = readreq i1 @_ssdm_op_ReadReq.m_axi.p1i32, i32 %gmem_addr, i32 %zext_ln23" [/proj/xcoswmktg/robg/git/Vitis-Tutorials/Internal-Fork/AI_Engine_Development/Feature_Tutorials/05-AI-engine-versal-integration/pl_kernels/mm2s.cpp:23]   --->   Operation 143 'readreq' 'empty_20' <Predicate = (first_iter_0)> <Delay = 7.04> <CoreInst = "m_axi">   --->   Core 125 'm_axi' <Latency = 0> <II = 1> <Delay = 1.00> <Adapter> <Opcode : 'read' 'write' 'readreq' 'writereq' 'writeresp'>

State 26 <SV = 25> <Delay = 7.04>
ST_26 : Operation 144 [48/71] (7.04ns)   --->   "%empty_20 = readreq i1 @_ssdm_op_ReadReq.m_axi.p1i32, i32 %gmem_addr, i32 %zext_ln23" [/proj/xcoswmktg/robg/git/Vitis-Tutorials/Internal-Fork/AI_Engine_Development/Feature_Tutorials/05-AI-engine-versal-integration/pl_kernels/mm2s.cpp:23]   --->   Operation 144 'readreq' 'empty_20' <Predicate = (first_iter_0)> <Delay = 7.04> <CoreInst = "m_axi">   --->   Core 125 'm_axi' <Latency = 0> <II = 1> <Delay = 1.00> <Adapter> <Opcode : 'read' 'write' 'readreq' 'writereq' 'writeresp'>

State 27 <SV = 26> <Delay = 7.04>
ST_27 : Operation 145 [47/71] (7.04ns)   --->   "%empty_20 = readreq i1 @_ssdm_op_ReadReq.m_axi.p1i32, i32 %gmem_addr, i32 %zext_ln23" [/proj/xcoswmktg/robg/git/Vitis-Tutorials/Internal-Fork/AI_Engine_Development/Feature_Tutorials/05-AI-engine-versal-integration/pl_kernels/mm2s.cpp:23]   --->   Operation 145 'readreq' 'empty_20' <Predicate = (first_iter_0)> <Delay = 7.04> <CoreInst = "m_axi">   --->   Core 125 'm_axi' <Latency = 0> <II = 1> <Delay = 1.00> <Adapter> <Opcode : 'read' 'write' 'readreq' 'writereq' 'writeresp'>

State 28 <SV = 27> <Delay = 7.04>
ST_28 : Operation 146 [46/71] (7.04ns)   --->   "%empty_20 = readreq i1 @_ssdm_op_ReadReq.m_axi.p1i32, i32 %gmem_addr, i32 %zext_ln23" [/proj/xcoswmktg/robg/git/Vitis-Tutorials/Internal-Fork/AI_Engine_Development/Feature_Tutorials/05-AI-engine-versal-integration/pl_kernels/mm2s.cpp:23]   --->   Operation 146 'readreq' 'empty_20' <Predicate = (first_iter_0)> <Delay = 7.04> <CoreInst = "m_axi">   --->   Core 125 'm_axi' <Latency = 0> <II = 1> <Delay = 1.00> <Adapter> <Opcode : 'read' 'write' 'readreq' 'writereq' 'writeresp'>

State 29 <SV = 28> <Delay = 7.04>
ST_29 : Operation 147 [45/71] (7.04ns)   --->   "%empty_20 = readreq i1 @_ssdm_op_ReadReq.m_axi.p1i32, i32 %gmem_addr, i32 %zext_ln23" [/proj/xcoswmktg/robg/git/Vitis-Tutorials/Internal-Fork/AI_Engine_Development/Feature_Tutorials/05-AI-engine-versal-integration/pl_kernels/mm2s.cpp:23]   --->   Operation 147 'readreq' 'empty_20' <Predicate = (first_iter_0)> <Delay = 7.04> <CoreInst = "m_axi">   --->   Core 125 'm_axi' <Latency = 0> <II = 1> <Delay = 1.00> <Adapter> <Opcode : 'read' 'write' 'readreq' 'writereq' 'writeresp'>

State 30 <SV = 29> <Delay = 7.04>
ST_30 : Operation 148 [44/71] (7.04ns)   --->   "%empty_20 = readreq i1 @_ssdm_op_ReadReq.m_axi.p1i32, i32 %gmem_addr, i32 %zext_ln23" [/proj/xcoswmktg/robg/git/Vitis-Tutorials/Internal-Fork/AI_Engine_Development/Feature_Tutorials/05-AI-engine-versal-integration/pl_kernels/mm2s.cpp:23]   --->   Operation 148 'readreq' 'empty_20' <Predicate = (first_iter_0)> <Delay = 7.04> <CoreInst = "m_axi">   --->   Core 125 'm_axi' <Latency = 0> <II = 1> <Delay = 1.00> <Adapter> <Opcode : 'read' 'write' 'readreq' 'writereq' 'writeresp'>

State 31 <SV = 30> <Delay = 7.04>
ST_31 : Operation 149 [43/71] (7.04ns)   --->   "%empty_20 = readreq i1 @_ssdm_op_ReadReq.m_axi.p1i32, i32 %gmem_addr, i32 %zext_ln23" [/proj/xcoswmktg/robg/git/Vitis-Tutorials/Internal-Fork/AI_Engine_Development/Feature_Tutorials/05-AI-engine-versal-integration/pl_kernels/mm2s.cpp:23]   --->   Operation 149 'readreq' 'empty_20' <Predicate = (first_iter_0)> <Delay = 7.04> <CoreInst = "m_axi">   --->   Core 125 'm_axi' <Latency = 0> <II = 1> <Delay = 1.00> <Adapter> <Opcode : 'read' 'write' 'readreq' 'writereq' 'writeresp'>

State 32 <SV = 31> <Delay = 7.04>
ST_32 : Operation 150 [42/71] (7.04ns)   --->   "%empty_20 = readreq i1 @_ssdm_op_ReadReq.m_axi.p1i32, i32 %gmem_addr, i32 %zext_ln23" [/proj/xcoswmktg/robg/git/Vitis-Tutorials/Internal-Fork/AI_Engine_Development/Feature_Tutorials/05-AI-engine-versal-integration/pl_kernels/mm2s.cpp:23]   --->   Operation 150 'readreq' 'empty_20' <Predicate = (first_iter_0)> <Delay = 7.04> <CoreInst = "m_axi">   --->   Core 125 'm_axi' <Latency = 0> <II = 1> <Delay = 1.00> <Adapter> <Opcode : 'read' 'write' 'readreq' 'writereq' 'writeresp'>

State 33 <SV = 32> <Delay = 7.04>
ST_33 : Operation 151 [41/71] (7.04ns)   --->   "%empty_20 = readreq i1 @_ssdm_op_ReadReq.m_axi.p1i32, i32 %gmem_addr, i32 %zext_ln23" [/proj/xcoswmktg/robg/git/Vitis-Tutorials/Internal-Fork/AI_Engine_Development/Feature_Tutorials/05-AI-engine-versal-integration/pl_kernels/mm2s.cpp:23]   --->   Operation 151 'readreq' 'empty_20' <Predicate = (first_iter_0)> <Delay = 7.04> <CoreInst = "m_axi">   --->   Core 125 'm_axi' <Latency = 0> <II = 1> <Delay = 1.00> <Adapter> <Opcode : 'read' 'write' 'readreq' 'writereq' 'writeresp'>

State 34 <SV = 33> <Delay = 7.04>
ST_34 : Operation 152 [40/71] (7.04ns)   --->   "%empty_20 = readreq i1 @_ssdm_op_ReadReq.m_axi.p1i32, i32 %gmem_addr, i32 %zext_ln23" [/proj/xcoswmktg/robg/git/Vitis-Tutorials/Internal-Fork/AI_Engine_Development/Feature_Tutorials/05-AI-engine-versal-integration/pl_kernels/mm2s.cpp:23]   --->   Operation 152 'readreq' 'empty_20' <Predicate = (first_iter_0)> <Delay = 7.04> <CoreInst = "m_axi">   --->   Core 125 'm_axi' <Latency = 0> <II = 1> <Delay = 1.00> <Adapter> <Opcode : 'read' 'write' 'readreq' 'writereq' 'writeresp'>

State 35 <SV = 34> <Delay = 7.04>
ST_35 : Operation 153 [39/71] (7.04ns)   --->   "%empty_20 = readreq i1 @_ssdm_op_ReadReq.m_axi.p1i32, i32 %gmem_addr, i32 %zext_ln23" [/proj/xcoswmktg/robg/git/Vitis-Tutorials/Internal-Fork/AI_Engine_Development/Feature_Tutorials/05-AI-engine-versal-integration/pl_kernels/mm2s.cpp:23]   --->   Operation 153 'readreq' 'empty_20' <Predicate = (first_iter_0)> <Delay = 7.04> <CoreInst = "m_axi">   --->   Core 125 'm_axi' <Latency = 0> <II = 1> <Delay = 1.00> <Adapter> <Opcode : 'read' 'write' 'readreq' 'writereq' 'writeresp'>

State 36 <SV = 35> <Delay = 7.04>
ST_36 : Operation 154 [38/71] (7.04ns)   --->   "%empty_20 = readreq i1 @_ssdm_op_ReadReq.m_axi.p1i32, i32 %gmem_addr, i32 %zext_ln23" [/proj/xcoswmktg/robg/git/Vitis-Tutorials/Internal-Fork/AI_Engine_Development/Feature_Tutorials/05-AI-engine-versal-integration/pl_kernels/mm2s.cpp:23]   --->   Operation 154 'readreq' 'empty_20' <Predicate = (first_iter_0)> <Delay = 7.04> <CoreInst = "m_axi">   --->   Core 125 'm_axi' <Latency = 0> <II = 1> <Delay = 1.00> <Adapter> <Opcode : 'read' 'write' 'readreq' 'writereq' 'writeresp'>

State 37 <SV = 36> <Delay = 7.04>
ST_37 : Operation 155 [37/71] (7.04ns)   --->   "%empty_20 = readreq i1 @_ssdm_op_ReadReq.m_axi.p1i32, i32 %gmem_addr, i32 %zext_ln23" [/proj/xcoswmktg/robg/git/Vitis-Tutorials/Internal-Fork/AI_Engine_Development/Feature_Tutorials/05-AI-engine-versal-integration/pl_kernels/mm2s.cpp:23]   --->   Operation 155 'readreq' 'empty_20' <Predicate = (first_iter_0)> <Delay = 7.04> <CoreInst = "m_axi">   --->   Core 125 'm_axi' <Latency = 0> <II = 1> <Delay = 1.00> <Adapter> <Opcode : 'read' 'write' 'readreq' 'writereq' 'writeresp'>

State 38 <SV = 37> <Delay = 7.04>
ST_38 : Operation 156 [36/71] (7.04ns)   --->   "%empty_20 = readreq i1 @_ssdm_op_ReadReq.m_axi.p1i32, i32 %gmem_addr, i32 %zext_ln23" [/proj/xcoswmktg/robg/git/Vitis-Tutorials/Internal-Fork/AI_Engine_Development/Feature_Tutorials/05-AI-engine-versal-integration/pl_kernels/mm2s.cpp:23]   --->   Operation 156 'readreq' 'empty_20' <Predicate = (first_iter_0)> <Delay = 7.04> <CoreInst = "m_axi">   --->   Core 125 'm_axi' <Latency = 0> <II = 1> <Delay = 1.00> <Adapter> <Opcode : 'read' 'write' 'readreq' 'writereq' 'writeresp'>

State 39 <SV = 38> <Delay = 7.04>
ST_39 : Operation 157 [35/71] (7.04ns)   --->   "%empty_20 = readreq i1 @_ssdm_op_ReadReq.m_axi.p1i32, i32 %gmem_addr, i32 %zext_ln23" [/proj/xcoswmktg/robg/git/Vitis-Tutorials/Internal-Fork/AI_Engine_Development/Feature_Tutorials/05-AI-engine-versal-integration/pl_kernels/mm2s.cpp:23]   --->   Operation 157 'readreq' 'empty_20' <Predicate = (first_iter_0)> <Delay = 7.04> <CoreInst = "m_axi">   --->   Core 125 'm_axi' <Latency = 0> <II = 1> <Delay = 1.00> <Adapter> <Opcode : 'read' 'write' 'readreq' 'writereq' 'writeresp'>

State 40 <SV = 39> <Delay = 7.04>
ST_40 : Operation 158 [34/71] (7.04ns)   --->   "%empty_20 = readreq i1 @_ssdm_op_ReadReq.m_axi.p1i32, i32 %gmem_addr, i32 %zext_ln23" [/proj/xcoswmktg/robg/git/Vitis-Tutorials/Internal-Fork/AI_Engine_Development/Feature_Tutorials/05-AI-engine-versal-integration/pl_kernels/mm2s.cpp:23]   --->   Operation 158 'readreq' 'empty_20' <Predicate = (first_iter_0)> <Delay = 7.04> <CoreInst = "m_axi">   --->   Core 125 'm_axi' <Latency = 0> <II = 1> <Delay = 1.00> <Adapter> <Opcode : 'read' 'write' 'readreq' 'writereq' 'writeresp'>

State 41 <SV = 40> <Delay = 7.04>
ST_41 : Operation 159 [33/71] (7.04ns)   --->   "%empty_20 = readreq i1 @_ssdm_op_ReadReq.m_axi.p1i32, i32 %gmem_addr, i32 %zext_ln23" [/proj/xcoswmktg/robg/git/Vitis-Tutorials/Internal-Fork/AI_Engine_Development/Feature_Tutorials/05-AI-engine-versal-integration/pl_kernels/mm2s.cpp:23]   --->   Operation 159 'readreq' 'empty_20' <Predicate = (first_iter_0)> <Delay = 7.04> <CoreInst = "m_axi">   --->   Core 125 'm_axi' <Latency = 0> <II = 1> <Delay = 1.00> <Adapter> <Opcode : 'read' 'write' 'readreq' 'writereq' 'writeresp'>

State 42 <SV = 41> <Delay = 7.04>
ST_42 : Operation 160 [32/71] (7.04ns)   --->   "%empty_20 = readreq i1 @_ssdm_op_ReadReq.m_axi.p1i32, i32 %gmem_addr, i32 %zext_ln23" [/proj/xcoswmktg/robg/git/Vitis-Tutorials/Internal-Fork/AI_Engine_Development/Feature_Tutorials/05-AI-engine-versal-integration/pl_kernels/mm2s.cpp:23]   --->   Operation 160 'readreq' 'empty_20' <Predicate = (first_iter_0)> <Delay = 7.04> <CoreInst = "m_axi">   --->   Core 125 'm_axi' <Latency = 0> <II = 1> <Delay = 1.00> <Adapter> <Opcode : 'read' 'write' 'readreq' 'writereq' 'writeresp'>

State 43 <SV = 42> <Delay = 7.04>
ST_43 : Operation 161 [31/71] (7.04ns)   --->   "%empty_20 = readreq i1 @_ssdm_op_ReadReq.m_axi.p1i32, i32 %gmem_addr, i32 %zext_ln23" [/proj/xcoswmktg/robg/git/Vitis-Tutorials/Internal-Fork/AI_Engine_Development/Feature_Tutorials/05-AI-engine-versal-integration/pl_kernels/mm2s.cpp:23]   --->   Operation 161 'readreq' 'empty_20' <Predicate = (first_iter_0)> <Delay = 7.04> <CoreInst = "m_axi">   --->   Core 125 'm_axi' <Latency = 0> <II = 1> <Delay = 1.00> <Adapter> <Opcode : 'read' 'write' 'readreq' 'writereq' 'writeresp'>

State 44 <SV = 43> <Delay = 7.04>
ST_44 : Operation 162 [30/71] (7.04ns)   --->   "%empty_20 = readreq i1 @_ssdm_op_ReadReq.m_axi.p1i32, i32 %gmem_addr, i32 %zext_ln23" [/proj/xcoswmktg/robg/git/Vitis-Tutorials/Internal-Fork/AI_Engine_Development/Feature_Tutorials/05-AI-engine-versal-integration/pl_kernels/mm2s.cpp:23]   --->   Operation 162 'readreq' 'empty_20' <Predicate = (first_iter_0)> <Delay = 7.04> <CoreInst = "m_axi">   --->   Core 125 'm_axi' <Latency = 0> <II = 1> <Delay = 1.00> <Adapter> <Opcode : 'read' 'write' 'readreq' 'writereq' 'writeresp'>

State 45 <SV = 44> <Delay = 7.04>
ST_45 : Operation 163 [29/71] (7.04ns)   --->   "%empty_20 = readreq i1 @_ssdm_op_ReadReq.m_axi.p1i32, i32 %gmem_addr, i32 %zext_ln23" [/proj/xcoswmktg/robg/git/Vitis-Tutorials/Internal-Fork/AI_Engine_Development/Feature_Tutorials/05-AI-engine-versal-integration/pl_kernels/mm2s.cpp:23]   --->   Operation 163 'readreq' 'empty_20' <Predicate = (first_iter_0)> <Delay = 7.04> <CoreInst = "m_axi">   --->   Core 125 'm_axi' <Latency = 0> <II = 1> <Delay = 1.00> <Adapter> <Opcode : 'read' 'write' 'readreq' 'writereq' 'writeresp'>

State 46 <SV = 45> <Delay = 7.04>
ST_46 : Operation 164 [28/71] (7.04ns)   --->   "%empty_20 = readreq i1 @_ssdm_op_ReadReq.m_axi.p1i32, i32 %gmem_addr, i32 %zext_ln23" [/proj/xcoswmktg/robg/git/Vitis-Tutorials/Internal-Fork/AI_Engine_Development/Feature_Tutorials/05-AI-engine-versal-integration/pl_kernels/mm2s.cpp:23]   --->   Operation 164 'readreq' 'empty_20' <Predicate = (first_iter_0)> <Delay = 7.04> <CoreInst = "m_axi">   --->   Core 125 'm_axi' <Latency = 0> <II = 1> <Delay = 1.00> <Adapter> <Opcode : 'read' 'write' 'readreq' 'writereq' 'writeresp'>

State 47 <SV = 46> <Delay = 7.04>
ST_47 : Operation 165 [27/71] (7.04ns)   --->   "%empty_20 = readreq i1 @_ssdm_op_ReadReq.m_axi.p1i32, i32 %gmem_addr, i32 %zext_ln23" [/proj/xcoswmktg/robg/git/Vitis-Tutorials/Internal-Fork/AI_Engine_Development/Feature_Tutorials/05-AI-engine-versal-integration/pl_kernels/mm2s.cpp:23]   --->   Operation 165 'readreq' 'empty_20' <Predicate = (first_iter_0)> <Delay = 7.04> <CoreInst = "m_axi">   --->   Core 125 'm_axi' <Latency = 0> <II = 1> <Delay = 1.00> <Adapter> <Opcode : 'read' 'write' 'readreq' 'writereq' 'writeresp'>

State 48 <SV = 47> <Delay = 7.04>
ST_48 : Operation 166 [26/71] (7.04ns)   --->   "%empty_20 = readreq i1 @_ssdm_op_ReadReq.m_axi.p1i32, i32 %gmem_addr, i32 %zext_ln23" [/proj/xcoswmktg/robg/git/Vitis-Tutorials/Internal-Fork/AI_Engine_Development/Feature_Tutorials/05-AI-engine-versal-integration/pl_kernels/mm2s.cpp:23]   --->   Operation 166 'readreq' 'empty_20' <Predicate = (first_iter_0)> <Delay = 7.04> <CoreInst = "m_axi">   --->   Core 125 'm_axi' <Latency = 0> <II = 1> <Delay = 1.00> <Adapter> <Opcode : 'read' 'write' 'readreq' 'writereq' 'writeresp'>

State 49 <SV = 48> <Delay = 7.04>
ST_49 : Operation 167 [25/71] (7.04ns)   --->   "%empty_20 = readreq i1 @_ssdm_op_ReadReq.m_axi.p1i32, i32 %gmem_addr, i32 %zext_ln23" [/proj/xcoswmktg/robg/git/Vitis-Tutorials/Internal-Fork/AI_Engine_Development/Feature_Tutorials/05-AI-engine-versal-integration/pl_kernels/mm2s.cpp:23]   --->   Operation 167 'readreq' 'empty_20' <Predicate = (first_iter_0)> <Delay = 7.04> <CoreInst = "m_axi">   --->   Core 125 'm_axi' <Latency = 0> <II = 1> <Delay = 1.00> <Adapter> <Opcode : 'read' 'write' 'readreq' 'writereq' 'writeresp'>

State 50 <SV = 49> <Delay = 7.04>
ST_50 : Operation 168 [24/71] (7.04ns)   --->   "%empty_20 = readreq i1 @_ssdm_op_ReadReq.m_axi.p1i32, i32 %gmem_addr, i32 %zext_ln23" [/proj/xcoswmktg/robg/git/Vitis-Tutorials/Internal-Fork/AI_Engine_Development/Feature_Tutorials/05-AI-engine-versal-integration/pl_kernels/mm2s.cpp:23]   --->   Operation 168 'readreq' 'empty_20' <Predicate = (first_iter_0)> <Delay = 7.04> <CoreInst = "m_axi">   --->   Core 125 'm_axi' <Latency = 0> <II = 1> <Delay = 1.00> <Adapter> <Opcode : 'read' 'write' 'readreq' 'writereq' 'writeresp'>

State 51 <SV = 50> <Delay = 7.04>
ST_51 : Operation 169 [23/71] (7.04ns)   --->   "%empty_20 = readreq i1 @_ssdm_op_ReadReq.m_axi.p1i32, i32 %gmem_addr, i32 %zext_ln23" [/proj/xcoswmktg/robg/git/Vitis-Tutorials/Internal-Fork/AI_Engine_Development/Feature_Tutorials/05-AI-engine-versal-integration/pl_kernels/mm2s.cpp:23]   --->   Operation 169 'readreq' 'empty_20' <Predicate = (first_iter_0)> <Delay = 7.04> <CoreInst = "m_axi">   --->   Core 125 'm_axi' <Latency = 0> <II = 1> <Delay = 1.00> <Adapter> <Opcode : 'read' 'write' 'readreq' 'writereq' 'writeresp'>

State 52 <SV = 51> <Delay = 7.04>
ST_52 : Operation 170 [22/71] (7.04ns)   --->   "%empty_20 = readreq i1 @_ssdm_op_ReadReq.m_axi.p1i32, i32 %gmem_addr, i32 %zext_ln23" [/proj/xcoswmktg/robg/git/Vitis-Tutorials/Internal-Fork/AI_Engine_Development/Feature_Tutorials/05-AI-engine-versal-integration/pl_kernels/mm2s.cpp:23]   --->   Operation 170 'readreq' 'empty_20' <Predicate = (first_iter_0)> <Delay = 7.04> <CoreInst = "m_axi">   --->   Core 125 'm_axi' <Latency = 0> <II = 1> <Delay = 1.00> <Adapter> <Opcode : 'read' 'write' 'readreq' 'writereq' 'writeresp'>

State 53 <SV = 52> <Delay = 7.04>
ST_53 : Operation 171 [21/71] (7.04ns)   --->   "%empty_20 = readreq i1 @_ssdm_op_ReadReq.m_axi.p1i32, i32 %gmem_addr, i32 %zext_ln23" [/proj/xcoswmktg/robg/git/Vitis-Tutorials/Internal-Fork/AI_Engine_Development/Feature_Tutorials/05-AI-engine-versal-integration/pl_kernels/mm2s.cpp:23]   --->   Operation 171 'readreq' 'empty_20' <Predicate = (first_iter_0)> <Delay = 7.04> <CoreInst = "m_axi">   --->   Core 125 'm_axi' <Latency = 0> <II = 1> <Delay = 1.00> <Adapter> <Opcode : 'read' 'write' 'readreq' 'writereq' 'writeresp'>

State 54 <SV = 53> <Delay = 7.04>
ST_54 : Operation 172 [20/71] (7.04ns)   --->   "%empty_20 = readreq i1 @_ssdm_op_ReadReq.m_axi.p1i32, i32 %gmem_addr, i32 %zext_ln23" [/proj/xcoswmktg/robg/git/Vitis-Tutorials/Internal-Fork/AI_Engine_Development/Feature_Tutorials/05-AI-engine-versal-integration/pl_kernels/mm2s.cpp:23]   --->   Operation 172 'readreq' 'empty_20' <Predicate = (first_iter_0)> <Delay = 7.04> <CoreInst = "m_axi">   --->   Core 125 'm_axi' <Latency = 0> <II = 1> <Delay = 1.00> <Adapter> <Opcode : 'read' 'write' 'readreq' 'writereq' 'writeresp'>

State 55 <SV = 54> <Delay = 7.04>
ST_55 : Operation 173 [19/71] (7.04ns)   --->   "%empty_20 = readreq i1 @_ssdm_op_ReadReq.m_axi.p1i32, i32 %gmem_addr, i32 %zext_ln23" [/proj/xcoswmktg/robg/git/Vitis-Tutorials/Internal-Fork/AI_Engine_Development/Feature_Tutorials/05-AI-engine-versal-integration/pl_kernels/mm2s.cpp:23]   --->   Operation 173 'readreq' 'empty_20' <Predicate = (first_iter_0)> <Delay = 7.04> <CoreInst = "m_axi">   --->   Core 125 'm_axi' <Latency = 0> <II = 1> <Delay = 1.00> <Adapter> <Opcode : 'read' 'write' 'readreq' 'writereq' 'writeresp'>

State 56 <SV = 55> <Delay = 7.04>
ST_56 : Operation 174 [18/71] (7.04ns)   --->   "%empty_20 = readreq i1 @_ssdm_op_ReadReq.m_axi.p1i32, i32 %gmem_addr, i32 %zext_ln23" [/proj/xcoswmktg/robg/git/Vitis-Tutorials/Internal-Fork/AI_Engine_Development/Feature_Tutorials/05-AI-engine-versal-integration/pl_kernels/mm2s.cpp:23]   --->   Operation 174 'readreq' 'empty_20' <Predicate = (first_iter_0)> <Delay = 7.04> <CoreInst = "m_axi">   --->   Core 125 'm_axi' <Latency = 0> <II = 1> <Delay = 1.00> <Adapter> <Opcode : 'read' 'write' 'readreq' 'writereq' 'writeresp'>

State 57 <SV = 56> <Delay = 7.04>
ST_57 : Operation 175 [17/71] (7.04ns)   --->   "%empty_20 = readreq i1 @_ssdm_op_ReadReq.m_axi.p1i32, i32 %gmem_addr, i32 %zext_ln23" [/proj/xcoswmktg/robg/git/Vitis-Tutorials/Internal-Fork/AI_Engine_Development/Feature_Tutorials/05-AI-engine-versal-integration/pl_kernels/mm2s.cpp:23]   --->   Operation 175 'readreq' 'empty_20' <Predicate = (first_iter_0)> <Delay = 7.04> <CoreInst = "m_axi">   --->   Core 125 'm_axi' <Latency = 0> <II = 1> <Delay = 1.00> <Adapter> <Opcode : 'read' 'write' 'readreq' 'writereq' 'writeresp'>

State 58 <SV = 57> <Delay = 7.04>
ST_58 : Operation 176 [16/71] (7.04ns)   --->   "%empty_20 = readreq i1 @_ssdm_op_ReadReq.m_axi.p1i32, i32 %gmem_addr, i32 %zext_ln23" [/proj/xcoswmktg/robg/git/Vitis-Tutorials/Internal-Fork/AI_Engine_Development/Feature_Tutorials/05-AI-engine-versal-integration/pl_kernels/mm2s.cpp:23]   --->   Operation 176 'readreq' 'empty_20' <Predicate = (first_iter_0)> <Delay = 7.04> <CoreInst = "m_axi">   --->   Core 125 'm_axi' <Latency = 0> <II = 1> <Delay = 1.00> <Adapter> <Opcode : 'read' 'write' 'readreq' 'writereq' 'writeresp'>

State 59 <SV = 58> <Delay = 7.04>
ST_59 : Operation 177 [15/71] (7.04ns)   --->   "%empty_20 = readreq i1 @_ssdm_op_ReadReq.m_axi.p1i32, i32 %gmem_addr, i32 %zext_ln23" [/proj/xcoswmktg/robg/git/Vitis-Tutorials/Internal-Fork/AI_Engine_Development/Feature_Tutorials/05-AI-engine-versal-integration/pl_kernels/mm2s.cpp:23]   --->   Operation 177 'readreq' 'empty_20' <Predicate = (first_iter_0)> <Delay = 7.04> <CoreInst = "m_axi">   --->   Core 125 'm_axi' <Latency = 0> <II = 1> <Delay = 1.00> <Adapter> <Opcode : 'read' 'write' 'readreq' 'writereq' 'writeresp'>

State 60 <SV = 59> <Delay = 7.04>
ST_60 : Operation 178 [14/71] (7.04ns)   --->   "%empty_20 = readreq i1 @_ssdm_op_ReadReq.m_axi.p1i32, i32 %gmem_addr, i32 %zext_ln23" [/proj/xcoswmktg/robg/git/Vitis-Tutorials/Internal-Fork/AI_Engine_Development/Feature_Tutorials/05-AI-engine-versal-integration/pl_kernels/mm2s.cpp:23]   --->   Operation 178 'readreq' 'empty_20' <Predicate = (first_iter_0)> <Delay = 7.04> <CoreInst = "m_axi">   --->   Core 125 'm_axi' <Latency = 0> <II = 1> <Delay = 1.00> <Adapter> <Opcode : 'read' 'write' 'readreq' 'writereq' 'writeresp'>

State 61 <SV = 60> <Delay = 7.04>
ST_61 : Operation 179 [13/71] (7.04ns)   --->   "%empty_20 = readreq i1 @_ssdm_op_ReadReq.m_axi.p1i32, i32 %gmem_addr, i32 %zext_ln23" [/proj/xcoswmktg/robg/git/Vitis-Tutorials/Internal-Fork/AI_Engine_Development/Feature_Tutorials/05-AI-engine-versal-integration/pl_kernels/mm2s.cpp:23]   --->   Operation 179 'readreq' 'empty_20' <Predicate = (first_iter_0)> <Delay = 7.04> <CoreInst = "m_axi">   --->   Core 125 'm_axi' <Latency = 0> <II = 1> <Delay = 1.00> <Adapter> <Opcode : 'read' 'write' 'readreq' 'writereq' 'writeresp'>

State 62 <SV = 61> <Delay = 7.04>
ST_62 : Operation 180 [12/71] (7.04ns)   --->   "%empty_20 = readreq i1 @_ssdm_op_ReadReq.m_axi.p1i32, i32 %gmem_addr, i32 %zext_ln23" [/proj/xcoswmktg/robg/git/Vitis-Tutorials/Internal-Fork/AI_Engine_Development/Feature_Tutorials/05-AI-engine-versal-integration/pl_kernels/mm2s.cpp:23]   --->   Operation 180 'readreq' 'empty_20' <Predicate = (first_iter_0)> <Delay = 7.04> <CoreInst = "m_axi">   --->   Core 125 'm_axi' <Latency = 0> <II = 1> <Delay = 1.00> <Adapter> <Opcode : 'read' 'write' 'readreq' 'writereq' 'writeresp'>

State 63 <SV = 62> <Delay = 7.04>
ST_63 : Operation 181 [11/71] (7.04ns)   --->   "%empty_20 = readreq i1 @_ssdm_op_ReadReq.m_axi.p1i32, i32 %gmem_addr, i32 %zext_ln23" [/proj/xcoswmktg/robg/git/Vitis-Tutorials/Internal-Fork/AI_Engine_Development/Feature_Tutorials/05-AI-engine-versal-integration/pl_kernels/mm2s.cpp:23]   --->   Operation 181 'readreq' 'empty_20' <Predicate = (first_iter_0)> <Delay = 7.04> <CoreInst = "m_axi">   --->   Core 125 'm_axi' <Latency = 0> <II = 1> <Delay = 1.00> <Adapter> <Opcode : 'read' 'write' 'readreq' 'writereq' 'writeresp'>

State 64 <SV = 63> <Delay = 7.04>
ST_64 : Operation 182 [10/71] (7.04ns)   --->   "%empty_20 = readreq i1 @_ssdm_op_ReadReq.m_axi.p1i32, i32 %gmem_addr, i32 %zext_ln23" [/proj/xcoswmktg/robg/git/Vitis-Tutorials/Internal-Fork/AI_Engine_Development/Feature_Tutorials/05-AI-engine-versal-integration/pl_kernels/mm2s.cpp:23]   --->   Operation 182 'readreq' 'empty_20' <Predicate = (first_iter_0)> <Delay = 7.04> <CoreInst = "m_axi">   --->   Core 125 'm_axi' <Latency = 0> <II = 1> <Delay = 1.00> <Adapter> <Opcode : 'read' 'write' 'readreq' 'writereq' 'writeresp'>

State 65 <SV = 64> <Delay = 7.04>
ST_65 : Operation 183 [9/71] (7.04ns)   --->   "%empty_20 = readreq i1 @_ssdm_op_ReadReq.m_axi.p1i32, i32 %gmem_addr, i32 %zext_ln23" [/proj/xcoswmktg/robg/git/Vitis-Tutorials/Internal-Fork/AI_Engine_Development/Feature_Tutorials/05-AI-engine-versal-integration/pl_kernels/mm2s.cpp:23]   --->   Operation 183 'readreq' 'empty_20' <Predicate = (first_iter_0)> <Delay = 7.04> <CoreInst = "m_axi">   --->   Core 125 'm_axi' <Latency = 0> <II = 1> <Delay = 1.00> <Adapter> <Opcode : 'read' 'write' 'readreq' 'writereq' 'writeresp'>

State 66 <SV = 65> <Delay = 7.04>
ST_66 : Operation 184 [8/71] (7.04ns)   --->   "%empty_20 = readreq i1 @_ssdm_op_ReadReq.m_axi.p1i32, i32 %gmem_addr, i32 %zext_ln23" [/proj/xcoswmktg/robg/git/Vitis-Tutorials/Internal-Fork/AI_Engine_Development/Feature_Tutorials/05-AI-engine-versal-integration/pl_kernels/mm2s.cpp:23]   --->   Operation 184 'readreq' 'empty_20' <Predicate = (first_iter_0)> <Delay = 7.04> <CoreInst = "m_axi">   --->   Core 125 'm_axi' <Latency = 0> <II = 1> <Delay = 1.00> <Adapter> <Opcode : 'read' 'write' 'readreq' 'writereq' 'writeresp'>

State 67 <SV = 66> <Delay = 7.04>
ST_67 : Operation 185 [7/71] (7.04ns)   --->   "%empty_20 = readreq i1 @_ssdm_op_ReadReq.m_axi.p1i32, i32 %gmem_addr, i32 %zext_ln23" [/proj/xcoswmktg/robg/git/Vitis-Tutorials/Internal-Fork/AI_Engine_Development/Feature_Tutorials/05-AI-engine-versal-integration/pl_kernels/mm2s.cpp:23]   --->   Operation 185 'readreq' 'empty_20' <Predicate = (first_iter_0)> <Delay = 7.04> <CoreInst = "m_axi">   --->   Core 125 'm_axi' <Latency = 0> <II = 1> <Delay = 1.00> <Adapter> <Opcode : 'read' 'write' 'readreq' 'writereq' 'writeresp'>

State 68 <SV = 67> <Delay = 7.04>
ST_68 : Operation 186 [6/71] (7.04ns)   --->   "%empty_20 = readreq i1 @_ssdm_op_ReadReq.m_axi.p1i32, i32 %gmem_addr, i32 %zext_ln23" [/proj/xcoswmktg/robg/git/Vitis-Tutorials/Internal-Fork/AI_Engine_Development/Feature_Tutorials/05-AI-engine-versal-integration/pl_kernels/mm2s.cpp:23]   --->   Operation 186 'readreq' 'empty_20' <Predicate = (first_iter_0)> <Delay = 7.04> <CoreInst = "m_axi">   --->   Core 125 'm_axi' <Latency = 0> <II = 1> <Delay = 1.00> <Adapter> <Opcode : 'read' 'write' 'readreq' 'writereq' 'writeresp'>

State 69 <SV = 68> <Delay = 7.04>
ST_69 : Operation 187 [5/71] (7.04ns)   --->   "%empty_20 = readreq i1 @_ssdm_op_ReadReq.m_axi.p1i32, i32 %gmem_addr, i32 %zext_ln23" [/proj/xcoswmktg/robg/git/Vitis-Tutorials/Internal-Fork/AI_Engine_Development/Feature_Tutorials/05-AI-engine-versal-integration/pl_kernels/mm2s.cpp:23]   --->   Operation 187 'readreq' 'empty_20' <Predicate = (first_iter_0)> <Delay = 7.04> <CoreInst = "m_axi">   --->   Core 125 'm_axi' <Latency = 0> <II = 1> <Delay = 1.00> <Adapter> <Opcode : 'read' 'write' 'readreq' 'writereq' 'writeresp'>

State 70 <SV = 69> <Delay = 7.04>
ST_70 : Operation 188 [4/71] (7.04ns)   --->   "%empty_20 = readreq i1 @_ssdm_op_ReadReq.m_axi.p1i32, i32 %gmem_addr, i32 %zext_ln23" [/proj/xcoswmktg/robg/git/Vitis-Tutorials/Internal-Fork/AI_Engine_Development/Feature_Tutorials/05-AI-engine-versal-integration/pl_kernels/mm2s.cpp:23]   --->   Operation 188 'readreq' 'empty_20' <Predicate = (first_iter_0)> <Delay = 7.04> <CoreInst = "m_axi">   --->   Core 125 'm_axi' <Latency = 0> <II = 1> <Delay = 1.00> <Adapter> <Opcode : 'read' 'write' 'readreq' 'writereq' 'writeresp'>

State 71 <SV = 70> <Delay = 7.04>
ST_71 : Operation 189 [3/71] (7.04ns)   --->   "%empty_20 = readreq i1 @_ssdm_op_ReadReq.m_axi.p1i32, i32 %gmem_addr, i32 %zext_ln23" [/proj/xcoswmktg/robg/git/Vitis-Tutorials/Internal-Fork/AI_Engine_Development/Feature_Tutorials/05-AI-engine-versal-integration/pl_kernels/mm2s.cpp:23]   --->   Operation 189 'readreq' 'empty_20' <Predicate = (first_iter_0)> <Delay = 7.04> <CoreInst = "m_axi">   --->   Core 125 'm_axi' <Latency = 0> <II = 1> <Delay = 1.00> <Adapter> <Opcode : 'read' 'write' 'readreq' 'writereq' 'writeresp'>

State 72 <SV = 71> <Delay = 7.04>
ST_72 : Operation 190 [2/71] (7.04ns)   --->   "%empty_20 = readreq i1 @_ssdm_op_ReadReq.m_axi.p1i32, i32 %gmem_addr, i32 %zext_ln23" [/proj/xcoswmktg/robg/git/Vitis-Tutorials/Internal-Fork/AI_Engine_Development/Feature_Tutorials/05-AI-engine-versal-integration/pl_kernels/mm2s.cpp:23]   --->   Operation 190 'readreq' 'empty_20' <Predicate = (first_iter_0)> <Delay = 7.04> <CoreInst = "m_axi">   --->   Core 125 'm_axi' <Latency = 0> <II = 1> <Delay = 1.00> <Adapter> <Opcode : 'read' 'write' 'readreq' 'writereq' 'writeresp'>

State 73 <SV = 72> <Delay = 1.00>
ST_73 : Operation 191 [1/71] (1.00ns)   --->   "%empty_20 = readreq i1 @_ssdm_op_ReadReq.m_axi.p1i32, i32 %gmem_addr, i32 %zext_ln23" [/proj/xcoswmktg/robg/git/Vitis-Tutorials/Internal-Fork/AI_Engine_Development/Feature_Tutorials/05-AI-engine-versal-integration/pl_kernels/mm2s.cpp:23]   --->   Operation 191 'readreq' 'empty_20' <Predicate = (first_iter_0)> <Delay = 1.00> <CoreInst = "m_axi">   --->   Core 125 'm_axi' <Latency = 0> <II = 1> <Delay = 1.00> <Adapter> <Opcode : 'read' 'write' 'readreq' 'writereq' 'writeresp'>
ST_73 : Operation 192 [1/1] (0.00ns)   --->   "%br_ln23 = br void %for.inc.split" [/proj/xcoswmktg/robg/git/Vitis-Tutorials/Internal-Fork/AI_Engine_Development/Feature_Tutorials/05-AI-engine-versal-integration/pl_kernels/mm2s.cpp:23]   --->   Operation 192 'br' 'br_ln23' <Predicate = (first_iter_0)> <Delay = 0.00>

State 74 <SV = 73> <Delay = 2.00>
ST_74 : Operation 193 [1/1] (0.00ns)   --->   "%muxLogicCE_to_x_data = muxlogic"   --->   Operation 193 'muxlogic' 'muxLogicCE_to_x_data' <Predicate = (icmp_ln23_1)> <Delay = 0.00>
ST_74 : Operation 194 [1/1] (1.00ns)   --->   "%x_data = read i32 @_ssdm_op_Read.m_axi.p1i32, i32 %gmem_addr" [/proj/xcoswmktg/robg/git/Vitis-Tutorials/Internal-Fork/AI_Engine_Development/Feature_Tutorials/05-AI-engine-versal-integration/pl_kernels/mm2s.cpp:26]   --->   Operation 194 'read' 'x_data' <Predicate = (icmp_ln23_1)> <Delay = 1.00> <CoreInst = "m_axi">   --->   Core 125 'm_axi' <Latency = 0> <II = 1> <Delay = 1.00> <Adapter> <Opcode : 'read' 'write' 'readreq' 'writereq' 'writeresp'>
ST_74 : Operation 195 [1/1] (0.00ns)   --->   "%muxLogicData_to_write_ln27 = muxlogic i4 %s_V_keep_V"   --->   Operation 195 'muxlogic' 'muxLogicData_to_write_ln27' <Predicate = (icmp_ln23_1)> <Delay = 0.00>
ST_74 : Operation 196 [2/2] (1.00ns)   --->   "%write_ln27 = write void @_ssdm_op_Write.axis.volatile.i32P0A.i4P0A.i4P0A.i1P0A, i32 %s_V_data_V, i4 %s_V_keep_V, i4 %s_V_strb_V, i1 %s_V_last_V, i32 %x_data, i4 0, i4 0, i1 0" [/proj/xcoswmktg/robg/git/Vitis-Tutorials/Internal-Fork/AI_Engine_Development/Feature_Tutorials/05-AI-engine-versal-integration/pl_kernels/mm2s.cpp:27]   --->   Operation 196 'write' 'write_ln27' <Predicate = (icmp_ln23_1)> <Delay = 1.00> <CoreInst = "axis">   --->   Core 127 'axis' <Latency = 0> <II = 1> <Delay = 1.00> <Adapter> <Opcode : 'read' 'write'>

State 75 <SV = 74> <Delay = 1.00>
ST_75 : Operation 197 [1/1] (0.00ns)   --->   "%specpipeline_ln24 = specpipeline void @_ssdm_op_SpecPipeline, i32 1, i32 0, i32 0, i32 0, void @empty_3" [/proj/xcoswmktg/robg/git/Vitis-Tutorials/Internal-Fork/AI_Engine_Development/Feature_Tutorials/05-AI-engine-versal-integration/pl_kernels/mm2s.cpp:24]   --->   Operation 197 'specpipeline' 'specpipeline_ln24' <Predicate = (icmp_ln23_1)> <Delay = 0.00>
ST_75 : Operation 198 [1/1] (0.00ns)   --->   "%specloopname_ln23 = specloopname void @_ssdm_op_SpecLoopName, void @empty_10" [/proj/xcoswmktg/robg/git/Vitis-Tutorials/Internal-Fork/AI_Engine_Development/Feature_Tutorials/05-AI-engine-versal-integration/pl_kernels/mm2s.cpp:23]   --->   Operation 198 'specloopname' 'specloopname_ln23' <Predicate = (icmp_ln23_1)> <Delay = 0.00>
ST_75 : Operation 199 [1/2] (1.00ns)   --->   "%write_ln27 = write void @_ssdm_op_Write.axis.volatile.i32P0A.i4P0A.i4P0A.i1P0A, i32 %s_V_data_V, i4 %s_V_keep_V, i4 %s_V_strb_V, i1 %s_V_last_V, i32 %x_data, i4 0, i4 0, i1 0" [/proj/xcoswmktg/robg/git/Vitis-Tutorials/Internal-Fork/AI_Engine_Development/Feature_Tutorials/05-AI-engine-versal-integration/pl_kernels/mm2s.cpp:27]   --->   Operation 199 'write' 'write_ln27' <Predicate = (icmp_ln23_1)> <Delay = 1.00> <CoreInst = "axis">   --->   Core 127 'axis' <Latency = 0> <II = 1> <Delay = 1.00> <Adapter> <Opcode : 'read' 'write'>

State 76 <SV = 2> <Delay = 0.00>
ST_76 : Operation 200 [1/1] (0.00ns)   --->   "%ret_ln30 = ret" [/proj/xcoswmktg/robg/git/Vitis-Tutorials/Internal-Fork/AI_Engine_Development/Feature_Tutorials/05-AI-engine-versal-integration/pl_kernels/mm2s.cpp:30]   --->   Operation 200 'ret' 'ret_ln30' <Predicate = true> <Delay = 0.00>


============================================================
+ Verbose Summary: Timing violations
============================================================
Target clock period: 8.000ns, clock uncertainty: 0.960ns.

 <State 1>: 2.300ns
The critical path consists of the following:
	'muxlogic' operation 32 bit ('muxLogicCE_to_size_read') [9]  (0.000 ns)
	wire read operation ('size_read', /proj/xcoswmktg/robg/git/Vitis-Tutorials/Internal-Fork/AI_Engine_Development/Feature_Tutorials/05-AI-engine-versal-integration/pl_kernels/mm2s.cpp:14) on port 'size' (/proj/xcoswmktg/robg/git/Vitis-Tutorials/Internal-Fork/AI_Engine_Development/Feature_Tutorials/05-AI-engine-versal-integration/pl_kernels/mm2s.cpp:14) [10]  (1.000 ns)
	'icmp' operation 1 bit ('icmp_ln23', /proj/xcoswmktg/robg/git/Vitis-Tutorials/Internal-Fork/AI_Engine_Development/Feature_Tutorials/05-AI-engine-versal-integration/pl_kernels/mm2s.cpp:23) [29]  (0.893 ns)
	'select' operation 31 bit ('empty', /proj/xcoswmktg/robg/git/Vitis-Tutorials/Internal-Fork/AI_Engine_Development/Feature_Tutorials/05-AI-engine-versal-integration/pl_kernels/mm2s.cpp:23) [31]  (0.407 ns)

 <State 2>: 1.358ns
The critical path consists of the following:
	'muxlogic' operation 31 bit ('MuxLogicAddr_to_i_load') [39]  (0.000 ns)
	'load' operation 31 bit ('i_load', /proj/xcoswmktg/robg/git/Vitis-Tutorials/Internal-Fork/AI_Engine_Development/Feature_Tutorials/05-AI-engine-versal-integration/pl_kernels/mm2s.cpp:23) on local variable 'i' [40]  (0.000 ns)
	'icmp' operation 1 bit ('icmp_ln23_1', /proj/xcoswmktg/robg/git/Vitis-Tutorials/Internal-Fork/AI_Engine_Development/Feature_Tutorials/05-AI-engine-versal-integration/pl_kernels/mm2s.cpp:23) [43]  (0.893 ns)
	'store' operation 0 bit ('store_ln23', /proj/xcoswmktg/robg/git/Vitis-Tutorials/Internal-Fork/AI_Engine_Development/Feature_Tutorials/05-AI-engine-versal-integration/pl_kernels/mm2s.cpp:23) of variable 'add_ln23', /proj/xcoswmktg/robg/git/Vitis-Tutorials/Internal-Fork/AI_Engine_Development/Feature_Tutorials/05-AI-engine-versal-integration/pl_kernels/mm2s.cpp:23 on local variable 'i' [62]  (0.465 ns)

 <State 3>: 1.000ns
The critical path consists of the following:
	'getelementptr' operation 32 bit ('gmem_addr', /proj/xcoswmktg/robg/git/Vitis-Tutorials/Internal-Fork/AI_Engine_Development/Feature_Tutorials/05-AI-engine-versal-integration/pl_kernels/mm2s.cpp:23) [48]  (0.000 ns)
	bus request operation ('empty_20', /proj/xcoswmktg/robg/git/Vitis-Tutorials/Internal-Fork/AI_Engine_Development/Feature_Tutorials/05-AI-engine-versal-integration/pl_kernels/mm2s.cpp:23) on port 'gmem' (/proj/xcoswmktg/robg/git/Vitis-Tutorials/Internal-Fork/AI_Engine_Development/Feature_Tutorials/05-AI-engine-versal-integration/pl_kernels/mm2s.cpp:23) [51]  (1.000 ns)

 <State 4>: 7.040ns
The critical path consists of the following:
	bus request operation ('empty_20', /proj/xcoswmktg/robg/git/Vitis-Tutorials/Internal-Fork/AI_Engine_Development/Feature_Tutorials/05-AI-engine-versal-integration/pl_kernels/mm2s.cpp:23) on port 'gmem' (/proj/xcoswmktg/robg/git/Vitis-Tutorials/Internal-Fork/AI_Engine_Development/Feature_Tutorials/05-AI-engine-versal-integration/pl_kernels/mm2s.cpp:23) [51]  (7.040 ns)

 <State 5>: 7.040ns
The critical path consists of the following:
	bus request operation ('empty_20', /proj/xcoswmktg/robg/git/Vitis-Tutorials/Internal-Fork/AI_Engine_Development/Feature_Tutorials/05-AI-engine-versal-integration/pl_kernels/mm2s.cpp:23) on port 'gmem' (/proj/xcoswmktg/robg/git/Vitis-Tutorials/Internal-Fork/AI_Engine_Development/Feature_Tutorials/05-AI-engine-versal-integration/pl_kernels/mm2s.cpp:23) [51]  (7.040 ns)

 <State 6>: 7.040ns
The critical path consists of the following:
	bus request operation ('empty_20', /proj/xcoswmktg/robg/git/Vitis-Tutorials/Internal-Fork/AI_Engine_Development/Feature_Tutorials/05-AI-engine-versal-integration/pl_kernels/mm2s.cpp:23) on port 'gmem' (/proj/xcoswmktg/robg/git/Vitis-Tutorials/Internal-Fork/AI_Engine_Development/Feature_Tutorials/05-AI-engine-versal-integration/pl_kernels/mm2s.cpp:23) [51]  (7.040 ns)

 <State 7>: 7.040ns
The critical path consists of the following:
	bus request operation ('empty_20', /proj/xcoswmktg/robg/git/Vitis-Tutorials/Internal-Fork/AI_Engine_Development/Feature_Tutorials/05-AI-engine-versal-integration/pl_kernels/mm2s.cpp:23) on port 'gmem' (/proj/xcoswmktg/robg/git/Vitis-Tutorials/Internal-Fork/AI_Engine_Development/Feature_Tutorials/05-AI-engine-versal-integration/pl_kernels/mm2s.cpp:23) [51]  (7.040 ns)

 <State 8>: 7.040ns
The critical path consists of the following:
	bus request operation ('empty_20', /proj/xcoswmktg/robg/git/Vitis-Tutorials/Internal-Fork/AI_Engine_Development/Feature_Tutorials/05-AI-engine-versal-integration/pl_kernels/mm2s.cpp:23) on port 'gmem' (/proj/xcoswmktg/robg/git/Vitis-Tutorials/Internal-Fork/AI_Engine_Development/Feature_Tutorials/05-AI-engine-versal-integration/pl_kernels/mm2s.cpp:23) [51]  (7.040 ns)

 <State 9>: 7.040ns
The critical path consists of the following:
	bus request operation ('empty_20', /proj/xcoswmktg/robg/git/Vitis-Tutorials/Internal-Fork/AI_Engine_Development/Feature_Tutorials/05-AI-engine-versal-integration/pl_kernels/mm2s.cpp:23) on port 'gmem' (/proj/xcoswmktg/robg/git/Vitis-Tutorials/Internal-Fork/AI_Engine_Development/Feature_Tutorials/05-AI-engine-versal-integration/pl_kernels/mm2s.cpp:23) [51]  (7.040 ns)

 <State 10>: 7.040ns
The critical path consists of the following:
	bus request operation ('empty_20', /proj/xcoswmktg/robg/git/Vitis-Tutorials/Internal-Fork/AI_Engine_Development/Feature_Tutorials/05-AI-engine-versal-integration/pl_kernels/mm2s.cpp:23) on port 'gmem' (/proj/xcoswmktg/robg/git/Vitis-Tutorials/Internal-Fork/AI_Engine_Development/Feature_Tutorials/05-AI-engine-versal-integration/pl_kernels/mm2s.cpp:23) [51]  (7.040 ns)

 <State 11>: 7.040ns
The critical path consists of the following:
	bus request operation ('empty_20', /proj/xcoswmktg/robg/git/Vitis-Tutorials/Internal-Fork/AI_Engine_Development/Feature_Tutorials/05-AI-engine-versal-integration/pl_kernels/mm2s.cpp:23) on port 'gmem' (/proj/xcoswmktg/robg/git/Vitis-Tutorials/Internal-Fork/AI_Engine_Development/Feature_Tutorials/05-AI-engine-versal-integration/pl_kernels/mm2s.cpp:23) [51]  (7.040 ns)

 <State 12>: 7.040ns
The critical path consists of the following:
	bus request operation ('empty_20', /proj/xcoswmktg/robg/git/Vitis-Tutorials/Internal-Fork/AI_Engine_Development/Feature_Tutorials/05-AI-engine-versal-integration/pl_kernels/mm2s.cpp:23) on port 'gmem' (/proj/xcoswmktg/robg/git/Vitis-Tutorials/Internal-Fork/AI_Engine_Development/Feature_Tutorials/05-AI-engine-versal-integration/pl_kernels/mm2s.cpp:23) [51]  (7.040 ns)

 <State 13>: 7.040ns
The critical path consists of the following:
	bus request operation ('empty_20', /proj/xcoswmktg/robg/git/Vitis-Tutorials/Internal-Fork/AI_Engine_Development/Feature_Tutorials/05-AI-engine-versal-integration/pl_kernels/mm2s.cpp:23) on port 'gmem' (/proj/xcoswmktg/robg/git/Vitis-Tutorials/Internal-Fork/AI_Engine_Development/Feature_Tutorials/05-AI-engine-versal-integration/pl_kernels/mm2s.cpp:23) [51]  (7.040 ns)

 <State 14>: 7.040ns
The critical path consists of the following:
	bus request operation ('empty_20', /proj/xcoswmktg/robg/git/Vitis-Tutorials/Internal-Fork/AI_Engine_Development/Feature_Tutorials/05-AI-engine-versal-integration/pl_kernels/mm2s.cpp:23) on port 'gmem' (/proj/xcoswmktg/robg/git/Vitis-Tutorials/Internal-Fork/AI_Engine_Development/Feature_Tutorials/05-AI-engine-versal-integration/pl_kernels/mm2s.cpp:23) [51]  (7.040 ns)

 <State 15>: 7.040ns
The critical path consists of the following:
	bus request operation ('empty_20', /proj/xcoswmktg/robg/git/Vitis-Tutorials/Internal-Fork/AI_Engine_Development/Feature_Tutorials/05-AI-engine-versal-integration/pl_kernels/mm2s.cpp:23) on port 'gmem' (/proj/xcoswmktg/robg/git/Vitis-Tutorials/Internal-Fork/AI_Engine_Development/Feature_Tutorials/05-AI-engine-versal-integration/pl_kernels/mm2s.cpp:23) [51]  (7.040 ns)

 <State 16>: 7.040ns
The critical path consists of the following:
	bus request operation ('empty_20', /proj/xcoswmktg/robg/git/Vitis-Tutorials/Internal-Fork/AI_Engine_Development/Feature_Tutorials/05-AI-engine-versal-integration/pl_kernels/mm2s.cpp:23) on port 'gmem' (/proj/xcoswmktg/robg/git/Vitis-Tutorials/Internal-Fork/AI_Engine_Development/Feature_Tutorials/05-AI-engine-versal-integration/pl_kernels/mm2s.cpp:23) [51]  (7.040 ns)

 <State 17>: 7.040ns
The critical path consists of the following:
	bus request operation ('empty_20', /proj/xcoswmktg/robg/git/Vitis-Tutorials/Internal-Fork/AI_Engine_Development/Feature_Tutorials/05-AI-engine-versal-integration/pl_kernels/mm2s.cpp:23) on port 'gmem' (/proj/xcoswmktg/robg/git/Vitis-Tutorials/Internal-Fork/AI_Engine_Development/Feature_Tutorials/05-AI-engine-versal-integration/pl_kernels/mm2s.cpp:23) [51]  (7.040 ns)

 <State 18>: 7.040ns
The critical path consists of the following:
	bus request operation ('empty_20', /proj/xcoswmktg/robg/git/Vitis-Tutorials/Internal-Fork/AI_Engine_Development/Feature_Tutorials/05-AI-engine-versal-integration/pl_kernels/mm2s.cpp:23) on port 'gmem' (/proj/xcoswmktg/robg/git/Vitis-Tutorials/Internal-Fork/AI_Engine_Development/Feature_Tutorials/05-AI-engine-versal-integration/pl_kernels/mm2s.cpp:23) [51]  (7.040 ns)

 <State 19>: 7.040ns
The critical path consists of the following:
	bus request operation ('empty_20', /proj/xcoswmktg/robg/git/Vitis-Tutorials/Internal-Fork/AI_Engine_Development/Feature_Tutorials/05-AI-engine-versal-integration/pl_kernels/mm2s.cpp:23) on port 'gmem' (/proj/xcoswmktg/robg/git/Vitis-Tutorials/Internal-Fork/AI_Engine_Development/Feature_Tutorials/05-AI-engine-versal-integration/pl_kernels/mm2s.cpp:23) [51]  (7.040 ns)

 <State 20>: 7.040ns
The critical path consists of the following:
	bus request operation ('empty_20', /proj/xcoswmktg/robg/git/Vitis-Tutorials/Internal-Fork/AI_Engine_Development/Feature_Tutorials/05-AI-engine-versal-integration/pl_kernels/mm2s.cpp:23) on port 'gmem' (/proj/xcoswmktg/robg/git/Vitis-Tutorials/Internal-Fork/AI_Engine_Development/Feature_Tutorials/05-AI-engine-versal-integration/pl_kernels/mm2s.cpp:23) [51]  (7.040 ns)

 <State 21>: 7.040ns
The critical path consists of the following:
	bus request operation ('empty_20', /proj/xcoswmktg/robg/git/Vitis-Tutorials/Internal-Fork/AI_Engine_Development/Feature_Tutorials/05-AI-engine-versal-integration/pl_kernels/mm2s.cpp:23) on port 'gmem' (/proj/xcoswmktg/robg/git/Vitis-Tutorials/Internal-Fork/AI_Engine_Development/Feature_Tutorials/05-AI-engine-versal-integration/pl_kernels/mm2s.cpp:23) [51]  (7.040 ns)

 <State 22>: 7.040ns
The critical path consists of the following:
	bus request operation ('empty_20', /proj/xcoswmktg/robg/git/Vitis-Tutorials/Internal-Fork/AI_Engine_Development/Feature_Tutorials/05-AI-engine-versal-integration/pl_kernels/mm2s.cpp:23) on port 'gmem' (/proj/xcoswmktg/robg/git/Vitis-Tutorials/Internal-Fork/AI_Engine_Development/Feature_Tutorials/05-AI-engine-versal-integration/pl_kernels/mm2s.cpp:23) [51]  (7.040 ns)

 <State 23>: 7.040ns
The critical path consists of the following:
	bus request operation ('empty_20', /proj/xcoswmktg/robg/git/Vitis-Tutorials/Internal-Fork/AI_Engine_Development/Feature_Tutorials/05-AI-engine-versal-integration/pl_kernels/mm2s.cpp:23) on port 'gmem' (/proj/xcoswmktg/robg/git/Vitis-Tutorials/Internal-Fork/AI_Engine_Development/Feature_Tutorials/05-AI-engine-versal-integration/pl_kernels/mm2s.cpp:23) [51]  (7.040 ns)

 <State 24>: 7.040ns
The critical path consists of the following:
	bus request operation ('empty_20', /proj/xcoswmktg/robg/git/Vitis-Tutorials/Internal-Fork/AI_Engine_Development/Feature_Tutorials/05-AI-engine-versal-integration/pl_kernels/mm2s.cpp:23) on port 'gmem' (/proj/xcoswmktg/robg/git/Vitis-Tutorials/Internal-Fork/AI_Engine_Development/Feature_Tutorials/05-AI-engine-versal-integration/pl_kernels/mm2s.cpp:23) [51]  (7.040 ns)

 <State 25>: 7.040ns
The critical path consists of the following:
	bus request operation ('empty_20', /proj/xcoswmktg/robg/git/Vitis-Tutorials/Internal-Fork/AI_Engine_Development/Feature_Tutorials/05-AI-engine-versal-integration/pl_kernels/mm2s.cpp:23) on port 'gmem' (/proj/xcoswmktg/robg/git/Vitis-Tutorials/Internal-Fork/AI_Engine_Development/Feature_Tutorials/05-AI-engine-versal-integration/pl_kernels/mm2s.cpp:23) [51]  (7.040 ns)

 <State 26>: 7.040ns
The critical path consists of the following:
	bus request operation ('empty_20', /proj/xcoswmktg/robg/git/Vitis-Tutorials/Internal-Fork/AI_Engine_Development/Feature_Tutorials/05-AI-engine-versal-integration/pl_kernels/mm2s.cpp:23) on port 'gmem' (/proj/xcoswmktg/robg/git/Vitis-Tutorials/Internal-Fork/AI_Engine_Development/Feature_Tutorials/05-AI-engine-versal-integration/pl_kernels/mm2s.cpp:23) [51]  (7.040 ns)

 <State 27>: 7.040ns
The critical path consists of the following:
	bus request operation ('empty_20', /proj/xcoswmktg/robg/git/Vitis-Tutorials/Internal-Fork/AI_Engine_Development/Feature_Tutorials/05-AI-engine-versal-integration/pl_kernels/mm2s.cpp:23) on port 'gmem' (/proj/xcoswmktg/robg/git/Vitis-Tutorials/Internal-Fork/AI_Engine_Development/Feature_Tutorials/05-AI-engine-versal-integration/pl_kernels/mm2s.cpp:23) [51]  (7.040 ns)

 <State 28>: 7.040ns
The critical path consists of the following:
	bus request operation ('empty_20', /proj/xcoswmktg/robg/git/Vitis-Tutorials/Internal-Fork/AI_Engine_Development/Feature_Tutorials/05-AI-engine-versal-integration/pl_kernels/mm2s.cpp:23) on port 'gmem' (/proj/xcoswmktg/robg/git/Vitis-Tutorials/Internal-Fork/AI_Engine_Development/Feature_Tutorials/05-AI-engine-versal-integration/pl_kernels/mm2s.cpp:23) [51]  (7.040 ns)

 <State 29>: 7.040ns
The critical path consists of the following:
	bus request operation ('empty_20', /proj/xcoswmktg/robg/git/Vitis-Tutorials/Internal-Fork/AI_Engine_Development/Feature_Tutorials/05-AI-engine-versal-integration/pl_kernels/mm2s.cpp:23) on port 'gmem' (/proj/xcoswmktg/robg/git/Vitis-Tutorials/Internal-Fork/AI_Engine_Development/Feature_Tutorials/05-AI-engine-versal-integration/pl_kernels/mm2s.cpp:23) [51]  (7.040 ns)

 <State 30>: 7.040ns
The critical path consists of the following:
	bus request operation ('empty_20', /proj/xcoswmktg/robg/git/Vitis-Tutorials/Internal-Fork/AI_Engine_Development/Feature_Tutorials/05-AI-engine-versal-integration/pl_kernels/mm2s.cpp:23) on port 'gmem' (/proj/xcoswmktg/robg/git/Vitis-Tutorials/Internal-Fork/AI_Engine_Development/Feature_Tutorials/05-AI-engine-versal-integration/pl_kernels/mm2s.cpp:23) [51]  (7.040 ns)

 <State 31>: 7.040ns
The critical path consists of the following:
	bus request operation ('empty_20', /proj/xcoswmktg/robg/git/Vitis-Tutorials/Internal-Fork/AI_Engine_Development/Feature_Tutorials/05-AI-engine-versal-integration/pl_kernels/mm2s.cpp:23) on port 'gmem' (/proj/xcoswmktg/robg/git/Vitis-Tutorials/Internal-Fork/AI_Engine_Development/Feature_Tutorials/05-AI-engine-versal-integration/pl_kernels/mm2s.cpp:23) [51]  (7.040 ns)

 <State 32>: 7.040ns
The critical path consists of the following:
	bus request operation ('empty_20', /proj/xcoswmktg/robg/git/Vitis-Tutorials/Internal-Fork/AI_Engine_Development/Feature_Tutorials/05-AI-engine-versal-integration/pl_kernels/mm2s.cpp:23) on port 'gmem' (/proj/xcoswmktg/robg/git/Vitis-Tutorials/Internal-Fork/AI_Engine_Development/Feature_Tutorials/05-AI-engine-versal-integration/pl_kernels/mm2s.cpp:23) [51]  (7.040 ns)

 <State 33>: 7.040ns
The critical path consists of the following:
	bus request operation ('empty_20', /proj/xcoswmktg/robg/git/Vitis-Tutorials/Internal-Fork/AI_Engine_Development/Feature_Tutorials/05-AI-engine-versal-integration/pl_kernels/mm2s.cpp:23) on port 'gmem' (/proj/xcoswmktg/robg/git/Vitis-Tutorials/Internal-Fork/AI_Engine_Development/Feature_Tutorials/05-AI-engine-versal-integration/pl_kernels/mm2s.cpp:23) [51]  (7.040 ns)

 <State 34>: 7.040ns
The critical path consists of the following:
	bus request operation ('empty_20', /proj/xcoswmktg/robg/git/Vitis-Tutorials/Internal-Fork/AI_Engine_Development/Feature_Tutorials/05-AI-engine-versal-integration/pl_kernels/mm2s.cpp:23) on port 'gmem' (/proj/xcoswmktg/robg/git/Vitis-Tutorials/Internal-Fork/AI_Engine_Development/Feature_Tutorials/05-AI-engine-versal-integration/pl_kernels/mm2s.cpp:23) [51]  (7.040 ns)

 <State 35>: 7.040ns
The critical path consists of the following:
	bus request operation ('empty_20', /proj/xcoswmktg/robg/git/Vitis-Tutorials/Internal-Fork/AI_Engine_Development/Feature_Tutorials/05-AI-engine-versal-integration/pl_kernels/mm2s.cpp:23) on port 'gmem' (/proj/xcoswmktg/robg/git/Vitis-Tutorials/Internal-Fork/AI_Engine_Development/Feature_Tutorials/05-AI-engine-versal-integration/pl_kernels/mm2s.cpp:23) [51]  (7.040 ns)

 <State 36>: 7.040ns
The critical path consists of the following:
	bus request operation ('empty_20', /proj/xcoswmktg/robg/git/Vitis-Tutorials/Internal-Fork/AI_Engine_Development/Feature_Tutorials/05-AI-engine-versal-integration/pl_kernels/mm2s.cpp:23) on port 'gmem' (/proj/xcoswmktg/robg/git/Vitis-Tutorials/Internal-Fork/AI_Engine_Development/Feature_Tutorials/05-AI-engine-versal-integration/pl_kernels/mm2s.cpp:23) [51]  (7.040 ns)

 <State 37>: 7.040ns
The critical path consists of the following:
	bus request operation ('empty_20', /proj/xcoswmktg/robg/git/Vitis-Tutorials/Internal-Fork/AI_Engine_Development/Feature_Tutorials/05-AI-engine-versal-integration/pl_kernels/mm2s.cpp:23) on port 'gmem' (/proj/xcoswmktg/robg/git/Vitis-Tutorials/Internal-Fork/AI_Engine_Development/Feature_Tutorials/05-AI-engine-versal-integration/pl_kernels/mm2s.cpp:23) [51]  (7.040 ns)

 <State 38>: 7.040ns
The critical path consists of the following:
	bus request operation ('empty_20', /proj/xcoswmktg/robg/git/Vitis-Tutorials/Internal-Fork/AI_Engine_Development/Feature_Tutorials/05-AI-engine-versal-integration/pl_kernels/mm2s.cpp:23) on port 'gmem' (/proj/xcoswmktg/robg/git/Vitis-Tutorials/Internal-Fork/AI_Engine_Development/Feature_Tutorials/05-AI-engine-versal-integration/pl_kernels/mm2s.cpp:23) [51]  (7.040 ns)

 <State 39>: 7.040ns
The critical path consists of the following:
	bus request operation ('empty_20', /proj/xcoswmktg/robg/git/Vitis-Tutorials/Internal-Fork/AI_Engine_Development/Feature_Tutorials/05-AI-engine-versal-integration/pl_kernels/mm2s.cpp:23) on port 'gmem' (/proj/xcoswmktg/robg/git/Vitis-Tutorials/Internal-Fork/AI_Engine_Development/Feature_Tutorials/05-AI-engine-versal-integration/pl_kernels/mm2s.cpp:23) [51]  (7.040 ns)

 <State 40>: 7.040ns
The critical path consists of the following:
	bus request operation ('empty_20', /proj/xcoswmktg/robg/git/Vitis-Tutorials/Internal-Fork/AI_Engine_Development/Feature_Tutorials/05-AI-engine-versal-integration/pl_kernels/mm2s.cpp:23) on port 'gmem' (/proj/xcoswmktg/robg/git/Vitis-Tutorials/Internal-Fork/AI_Engine_Development/Feature_Tutorials/05-AI-engine-versal-integration/pl_kernels/mm2s.cpp:23) [51]  (7.040 ns)

 <State 41>: 7.040ns
The critical path consists of the following:
	bus request operation ('empty_20', /proj/xcoswmktg/robg/git/Vitis-Tutorials/Internal-Fork/AI_Engine_Development/Feature_Tutorials/05-AI-engine-versal-integration/pl_kernels/mm2s.cpp:23) on port 'gmem' (/proj/xcoswmktg/robg/git/Vitis-Tutorials/Internal-Fork/AI_Engine_Development/Feature_Tutorials/05-AI-engine-versal-integration/pl_kernels/mm2s.cpp:23) [51]  (7.040 ns)

 <State 42>: 7.040ns
The critical path consists of the following:
	bus request operation ('empty_20', /proj/xcoswmktg/robg/git/Vitis-Tutorials/Internal-Fork/AI_Engine_Development/Feature_Tutorials/05-AI-engine-versal-integration/pl_kernels/mm2s.cpp:23) on port 'gmem' (/proj/xcoswmktg/robg/git/Vitis-Tutorials/Internal-Fork/AI_Engine_Development/Feature_Tutorials/05-AI-engine-versal-integration/pl_kernels/mm2s.cpp:23) [51]  (7.040 ns)

 <State 43>: 7.040ns
The critical path consists of the following:
	bus request operation ('empty_20', /proj/xcoswmktg/robg/git/Vitis-Tutorials/Internal-Fork/AI_Engine_Development/Feature_Tutorials/05-AI-engine-versal-integration/pl_kernels/mm2s.cpp:23) on port 'gmem' (/proj/xcoswmktg/robg/git/Vitis-Tutorials/Internal-Fork/AI_Engine_Development/Feature_Tutorials/05-AI-engine-versal-integration/pl_kernels/mm2s.cpp:23) [51]  (7.040 ns)

 <State 44>: 7.040ns
The critical path consists of the following:
	bus request operation ('empty_20', /proj/xcoswmktg/robg/git/Vitis-Tutorials/Internal-Fork/AI_Engine_Development/Feature_Tutorials/05-AI-engine-versal-integration/pl_kernels/mm2s.cpp:23) on port 'gmem' (/proj/xcoswmktg/robg/git/Vitis-Tutorials/Internal-Fork/AI_Engine_Development/Feature_Tutorials/05-AI-engine-versal-integration/pl_kernels/mm2s.cpp:23) [51]  (7.040 ns)

 <State 45>: 7.040ns
The critical path consists of the following:
	bus request operation ('empty_20', /proj/xcoswmktg/robg/git/Vitis-Tutorials/Internal-Fork/AI_Engine_Development/Feature_Tutorials/05-AI-engine-versal-integration/pl_kernels/mm2s.cpp:23) on port 'gmem' (/proj/xcoswmktg/robg/git/Vitis-Tutorials/Internal-Fork/AI_Engine_Development/Feature_Tutorials/05-AI-engine-versal-integration/pl_kernels/mm2s.cpp:23) [51]  (7.040 ns)

 <State 46>: 7.040ns
The critical path consists of the following:
	bus request operation ('empty_20', /proj/xcoswmktg/robg/git/Vitis-Tutorials/Internal-Fork/AI_Engine_Development/Feature_Tutorials/05-AI-engine-versal-integration/pl_kernels/mm2s.cpp:23) on port 'gmem' (/proj/xcoswmktg/robg/git/Vitis-Tutorials/Internal-Fork/AI_Engine_Development/Feature_Tutorials/05-AI-engine-versal-integration/pl_kernels/mm2s.cpp:23) [51]  (7.040 ns)

 <State 47>: 7.040ns
The critical path consists of the following:
	bus request operation ('empty_20', /proj/xcoswmktg/robg/git/Vitis-Tutorials/Internal-Fork/AI_Engine_Development/Feature_Tutorials/05-AI-engine-versal-integration/pl_kernels/mm2s.cpp:23) on port 'gmem' (/proj/xcoswmktg/robg/git/Vitis-Tutorials/Internal-Fork/AI_Engine_Development/Feature_Tutorials/05-AI-engine-versal-integration/pl_kernels/mm2s.cpp:23) [51]  (7.040 ns)

 <State 48>: 7.040ns
The critical path consists of the following:
	bus request operation ('empty_20', /proj/xcoswmktg/robg/git/Vitis-Tutorials/Internal-Fork/AI_Engine_Development/Feature_Tutorials/05-AI-engine-versal-integration/pl_kernels/mm2s.cpp:23) on port 'gmem' (/proj/xcoswmktg/robg/git/Vitis-Tutorials/Internal-Fork/AI_Engine_Development/Feature_Tutorials/05-AI-engine-versal-integration/pl_kernels/mm2s.cpp:23) [51]  (7.040 ns)

 <State 49>: 7.040ns
The critical path consists of the following:
	bus request operation ('empty_20', /proj/xcoswmktg/robg/git/Vitis-Tutorials/Internal-Fork/AI_Engine_Development/Feature_Tutorials/05-AI-engine-versal-integration/pl_kernels/mm2s.cpp:23) on port 'gmem' (/proj/xcoswmktg/robg/git/Vitis-Tutorials/Internal-Fork/AI_Engine_Development/Feature_Tutorials/05-AI-engine-versal-integration/pl_kernels/mm2s.cpp:23) [51]  (7.040 ns)

 <State 50>: 7.040ns
The critical path consists of the following:
	bus request operation ('empty_20', /proj/xcoswmktg/robg/git/Vitis-Tutorials/Internal-Fork/AI_Engine_Development/Feature_Tutorials/05-AI-engine-versal-integration/pl_kernels/mm2s.cpp:23) on port 'gmem' (/proj/xcoswmktg/robg/git/Vitis-Tutorials/Internal-Fork/AI_Engine_Development/Feature_Tutorials/05-AI-engine-versal-integration/pl_kernels/mm2s.cpp:23) [51]  (7.040 ns)

 <State 51>: 7.040ns
The critical path consists of the following:
	bus request operation ('empty_20', /proj/xcoswmktg/robg/git/Vitis-Tutorials/Internal-Fork/AI_Engine_Development/Feature_Tutorials/05-AI-engine-versal-integration/pl_kernels/mm2s.cpp:23) on port 'gmem' (/proj/xcoswmktg/robg/git/Vitis-Tutorials/Internal-Fork/AI_Engine_Development/Feature_Tutorials/05-AI-engine-versal-integration/pl_kernels/mm2s.cpp:23) [51]  (7.040 ns)

 <State 52>: 7.040ns
The critical path consists of the following:
	bus request operation ('empty_20', /proj/xcoswmktg/robg/git/Vitis-Tutorials/Internal-Fork/AI_Engine_Development/Feature_Tutorials/05-AI-engine-versal-integration/pl_kernels/mm2s.cpp:23) on port 'gmem' (/proj/xcoswmktg/robg/git/Vitis-Tutorials/Internal-Fork/AI_Engine_Development/Feature_Tutorials/05-AI-engine-versal-integration/pl_kernels/mm2s.cpp:23) [51]  (7.040 ns)

 <State 53>: 7.040ns
The critical path consists of the following:
	bus request operation ('empty_20', /proj/xcoswmktg/robg/git/Vitis-Tutorials/Internal-Fork/AI_Engine_Development/Feature_Tutorials/05-AI-engine-versal-integration/pl_kernels/mm2s.cpp:23) on port 'gmem' (/proj/xcoswmktg/robg/git/Vitis-Tutorials/Internal-Fork/AI_Engine_Development/Feature_Tutorials/05-AI-engine-versal-integration/pl_kernels/mm2s.cpp:23) [51]  (7.040 ns)

 <State 54>: 7.040ns
The critical path consists of the following:
	bus request operation ('empty_20', /proj/xcoswmktg/robg/git/Vitis-Tutorials/Internal-Fork/AI_Engine_Development/Feature_Tutorials/05-AI-engine-versal-integration/pl_kernels/mm2s.cpp:23) on port 'gmem' (/proj/xcoswmktg/robg/git/Vitis-Tutorials/Internal-Fork/AI_Engine_Development/Feature_Tutorials/05-AI-engine-versal-integration/pl_kernels/mm2s.cpp:23) [51]  (7.040 ns)

 <State 55>: 7.040ns
The critical path consists of the following:
	bus request operation ('empty_20', /proj/xcoswmktg/robg/git/Vitis-Tutorials/Internal-Fork/AI_Engine_Development/Feature_Tutorials/05-AI-engine-versal-integration/pl_kernels/mm2s.cpp:23) on port 'gmem' (/proj/xcoswmktg/robg/git/Vitis-Tutorials/Internal-Fork/AI_Engine_Development/Feature_Tutorials/05-AI-engine-versal-integration/pl_kernels/mm2s.cpp:23) [51]  (7.040 ns)

 <State 56>: 7.040ns
The critical path consists of the following:
	bus request operation ('empty_20', /proj/xcoswmktg/robg/git/Vitis-Tutorials/Internal-Fork/AI_Engine_Development/Feature_Tutorials/05-AI-engine-versal-integration/pl_kernels/mm2s.cpp:23) on port 'gmem' (/proj/xcoswmktg/robg/git/Vitis-Tutorials/Internal-Fork/AI_Engine_Development/Feature_Tutorials/05-AI-engine-versal-integration/pl_kernels/mm2s.cpp:23) [51]  (7.040 ns)

 <State 57>: 7.040ns
The critical path consists of the following:
	bus request operation ('empty_20', /proj/xcoswmktg/robg/git/Vitis-Tutorials/Internal-Fork/AI_Engine_Development/Feature_Tutorials/05-AI-engine-versal-integration/pl_kernels/mm2s.cpp:23) on port 'gmem' (/proj/xcoswmktg/robg/git/Vitis-Tutorials/Internal-Fork/AI_Engine_Development/Feature_Tutorials/05-AI-engine-versal-integration/pl_kernels/mm2s.cpp:23) [51]  (7.040 ns)

 <State 58>: 7.040ns
The critical path consists of the following:
	bus request operation ('empty_20', /proj/xcoswmktg/robg/git/Vitis-Tutorials/Internal-Fork/AI_Engine_Development/Feature_Tutorials/05-AI-engine-versal-integration/pl_kernels/mm2s.cpp:23) on port 'gmem' (/proj/xcoswmktg/robg/git/Vitis-Tutorials/Internal-Fork/AI_Engine_Development/Feature_Tutorials/05-AI-engine-versal-integration/pl_kernels/mm2s.cpp:23) [51]  (7.040 ns)

 <State 59>: 7.040ns
The critical path consists of the following:
	bus request operation ('empty_20', /proj/xcoswmktg/robg/git/Vitis-Tutorials/Internal-Fork/AI_Engine_Development/Feature_Tutorials/05-AI-engine-versal-integration/pl_kernels/mm2s.cpp:23) on port 'gmem' (/proj/xcoswmktg/robg/git/Vitis-Tutorials/Internal-Fork/AI_Engine_Development/Feature_Tutorials/05-AI-engine-versal-integration/pl_kernels/mm2s.cpp:23) [51]  (7.040 ns)

 <State 60>: 7.040ns
The critical path consists of the following:
	bus request operation ('empty_20', /proj/xcoswmktg/robg/git/Vitis-Tutorials/Internal-Fork/AI_Engine_Development/Feature_Tutorials/05-AI-engine-versal-integration/pl_kernels/mm2s.cpp:23) on port 'gmem' (/proj/xcoswmktg/robg/git/Vitis-Tutorials/Internal-Fork/AI_Engine_Development/Feature_Tutorials/05-AI-engine-versal-integration/pl_kernels/mm2s.cpp:23) [51]  (7.040 ns)

 <State 61>: 7.040ns
The critical path consists of the following:
	bus request operation ('empty_20', /proj/xcoswmktg/robg/git/Vitis-Tutorials/Internal-Fork/AI_Engine_Development/Feature_Tutorials/05-AI-engine-versal-integration/pl_kernels/mm2s.cpp:23) on port 'gmem' (/proj/xcoswmktg/robg/git/Vitis-Tutorials/Internal-Fork/AI_Engine_Development/Feature_Tutorials/05-AI-engine-versal-integration/pl_kernels/mm2s.cpp:23) [51]  (7.040 ns)

 <State 62>: 7.040ns
The critical path consists of the following:
	bus request operation ('empty_20', /proj/xcoswmktg/robg/git/Vitis-Tutorials/Internal-Fork/AI_Engine_Development/Feature_Tutorials/05-AI-engine-versal-integration/pl_kernels/mm2s.cpp:23) on port 'gmem' (/proj/xcoswmktg/robg/git/Vitis-Tutorials/Internal-Fork/AI_Engine_Development/Feature_Tutorials/05-AI-engine-versal-integration/pl_kernels/mm2s.cpp:23) [51]  (7.040 ns)

 <State 63>: 7.040ns
The critical path consists of the following:
	bus request operation ('empty_20', /proj/xcoswmktg/robg/git/Vitis-Tutorials/Internal-Fork/AI_Engine_Development/Feature_Tutorials/05-AI-engine-versal-integration/pl_kernels/mm2s.cpp:23) on port 'gmem' (/proj/xcoswmktg/robg/git/Vitis-Tutorials/Internal-Fork/AI_Engine_Development/Feature_Tutorials/05-AI-engine-versal-integration/pl_kernels/mm2s.cpp:23) [51]  (7.040 ns)

 <State 64>: 7.040ns
The critical path consists of the following:
	bus request operation ('empty_20', /proj/xcoswmktg/robg/git/Vitis-Tutorials/Internal-Fork/AI_Engine_Development/Feature_Tutorials/05-AI-engine-versal-integration/pl_kernels/mm2s.cpp:23) on port 'gmem' (/proj/xcoswmktg/robg/git/Vitis-Tutorials/Internal-Fork/AI_Engine_Development/Feature_Tutorials/05-AI-engine-versal-integration/pl_kernels/mm2s.cpp:23) [51]  (7.040 ns)

 <State 65>: 7.040ns
The critical path consists of the following:
	bus request operation ('empty_20', /proj/xcoswmktg/robg/git/Vitis-Tutorials/Internal-Fork/AI_Engine_Development/Feature_Tutorials/05-AI-engine-versal-integration/pl_kernels/mm2s.cpp:23) on port 'gmem' (/proj/xcoswmktg/robg/git/Vitis-Tutorials/Internal-Fork/AI_Engine_Development/Feature_Tutorials/05-AI-engine-versal-integration/pl_kernels/mm2s.cpp:23) [51]  (7.040 ns)

 <State 66>: 7.040ns
The critical path consists of the following:
	bus request operation ('empty_20', /proj/xcoswmktg/robg/git/Vitis-Tutorials/Internal-Fork/AI_Engine_Development/Feature_Tutorials/05-AI-engine-versal-integration/pl_kernels/mm2s.cpp:23) on port 'gmem' (/proj/xcoswmktg/robg/git/Vitis-Tutorials/Internal-Fork/AI_Engine_Development/Feature_Tutorials/05-AI-engine-versal-integration/pl_kernels/mm2s.cpp:23) [51]  (7.040 ns)

 <State 67>: 7.040ns
The critical path consists of the following:
	bus request operation ('empty_20', /proj/xcoswmktg/robg/git/Vitis-Tutorials/Internal-Fork/AI_Engine_Development/Feature_Tutorials/05-AI-engine-versal-integration/pl_kernels/mm2s.cpp:23) on port 'gmem' (/proj/xcoswmktg/robg/git/Vitis-Tutorials/Internal-Fork/AI_Engine_Development/Feature_Tutorials/05-AI-engine-versal-integration/pl_kernels/mm2s.cpp:23) [51]  (7.040 ns)

 <State 68>: 7.040ns
The critical path consists of the following:
	bus request operation ('empty_20', /proj/xcoswmktg/robg/git/Vitis-Tutorials/Internal-Fork/AI_Engine_Development/Feature_Tutorials/05-AI-engine-versal-integration/pl_kernels/mm2s.cpp:23) on port 'gmem' (/proj/xcoswmktg/robg/git/Vitis-Tutorials/Internal-Fork/AI_Engine_Development/Feature_Tutorials/05-AI-engine-versal-integration/pl_kernels/mm2s.cpp:23) [51]  (7.040 ns)

 <State 69>: 7.040ns
The critical path consists of the following:
	bus request operation ('empty_20', /proj/xcoswmktg/robg/git/Vitis-Tutorials/Internal-Fork/AI_Engine_Development/Feature_Tutorials/05-AI-engine-versal-integration/pl_kernels/mm2s.cpp:23) on port 'gmem' (/proj/xcoswmktg/robg/git/Vitis-Tutorials/Internal-Fork/AI_Engine_Development/Feature_Tutorials/05-AI-engine-versal-integration/pl_kernels/mm2s.cpp:23) [51]  (7.040 ns)

 <State 70>: 7.040ns
The critical path consists of the following:
	bus request operation ('empty_20', /proj/xcoswmktg/robg/git/Vitis-Tutorials/Internal-Fork/AI_Engine_Development/Feature_Tutorials/05-AI-engine-versal-integration/pl_kernels/mm2s.cpp:23) on port 'gmem' (/proj/xcoswmktg/robg/git/Vitis-Tutorials/Internal-Fork/AI_Engine_Development/Feature_Tutorials/05-AI-engine-versal-integration/pl_kernels/mm2s.cpp:23) [51]  (7.040 ns)

 <State 71>: 7.040ns
The critical path consists of the following:
	bus request operation ('empty_20', /proj/xcoswmktg/robg/git/Vitis-Tutorials/Internal-Fork/AI_Engine_Development/Feature_Tutorials/05-AI-engine-versal-integration/pl_kernels/mm2s.cpp:23) on port 'gmem' (/proj/xcoswmktg/robg/git/Vitis-Tutorials/Internal-Fork/AI_Engine_Development/Feature_Tutorials/05-AI-engine-versal-integration/pl_kernels/mm2s.cpp:23) [51]  (7.040 ns)

 <State 72>: 7.040ns
The critical path consists of the following:
	bus request operation ('empty_20', /proj/xcoswmktg/robg/git/Vitis-Tutorials/Internal-Fork/AI_Engine_Development/Feature_Tutorials/05-AI-engine-versal-integration/pl_kernels/mm2s.cpp:23) on port 'gmem' (/proj/xcoswmktg/robg/git/Vitis-Tutorials/Internal-Fork/AI_Engine_Development/Feature_Tutorials/05-AI-engine-versal-integration/pl_kernels/mm2s.cpp:23) [51]  (7.040 ns)

 <State 73>: 1.000ns
The critical path consists of the following:
	bus request operation ('empty_20', /proj/xcoswmktg/robg/git/Vitis-Tutorials/Internal-Fork/AI_Engine_Development/Feature_Tutorials/05-AI-engine-versal-integration/pl_kernels/mm2s.cpp:23) on port 'gmem' (/proj/xcoswmktg/robg/git/Vitis-Tutorials/Internal-Fork/AI_Engine_Development/Feature_Tutorials/05-AI-engine-versal-integration/pl_kernels/mm2s.cpp:23) [51]  (1.000 ns)

 <State 74>: 2.000ns
The critical path consists of the following:
	'muxlogic' operation 32 bit ('muxLogicCE_to_x_data') [56]  (0.000 ns)
	bus read operation ('x.data', /proj/xcoswmktg/robg/git/Vitis-Tutorials/Internal-Fork/AI_Engine_Development/Feature_Tutorials/05-AI-engine-versal-integration/pl_kernels/mm2s.cpp:26) on port 'gmem' (/proj/xcoswmktg/robg/git/Vitis-Tutorials/Internal-Fork/AI_Engine_Development/Feature_Tutorials/05-AI-engine-versal-integration/pl_kernels/mm2s.cpp:26) [57]  (1.000 ns)
	axis write operation ('write_ln27', /proj/xcoswmktg/robg/git/Vitis-Tutorials/Internal-Fork/AI_Engine_Development/Feature_Tutorials/05-AI-engine-versal-integration/pl_kernels/mm2s.cpp:27) on port 's_V_data_V' (/proj/xcoswmktg/robg/git/Vitis-Tutorials/Internal-Fork/AI_Engine_Development/Feature_Tutorials/05-AI-engine-versal-integration/pl_kernels/mm2s.cpp:27) [59]  (1.000 ns)

 <State 75>: 1.000ns
The critical path consists of the following:
	axis write operation ('write_ln27', /proj/xcoswmktg/robg/git/Vitis-Tutorials/Internal-Fork/AI_Engine_Development/Feature_Tutorials/05-AI-engine-versal-integration/pl_kernels/mm2s.cpp:27) on port 's_V_data_V' (/proj/xcoswmktg/robg/git/Vitis-Tutorials/Internal-Fork/AI_Engine_Development/Feature_Tutorials/05-AI-engine-versal-integration/pl_kernels/mm2s.cpp:27) [59]  (1.000 ns)

 <State 76>: 0.000ns
The critical path consists of the following:


============================================================
+ Verbose Summary: Binding
============================================================
N/A
* FSMD analyzer results:
  - Output states:
 - Input state : 
  - Chain level:
	State 1
	State 2
	State 3
	State 4
	State 5
	State 6
	State 7
	State 8
	State 9
	State 10
	State 11
	State 12
	State 13
	State 14
	State 15
	State 16
	State 17
	State 18
	State 19
	State 20
	State 21
	State 22
	State 23
	State 24
	State 25
	State 26
	State 27
	State 28
	State 29
	State 30
	State 31
	State 32
	State 33
	State 34
	State 35
	State 36
	State 37
	State 38
	State 39
	State 40
	State 41
	State 42
	State 43
	State 44
	State 45
	State 46
	State 47
	State 48
	State 49
	State 50
	State 51
	State 52
	State 53
	State 54
	State 55
	State 56
	State 57
	State 58
	State 59
	State 60
	State 61
	State 62
	State 63
	State 64
	State 65
	State 66
	State 67
	State 68
	State 69
	State 70
	State 71
	State 72
	State 73
	State 74
	State 75
	State 76


============================================================
+ Verbose Summary: Datapath Resource usage 
============================================================
N/A
