/proj/xcoswmktg/robg/git/Vitis-Tutorials/Internal-Fork/AI_Engine_Development/Feature_Tutorials/05-AI-engine-versal-integration/workAIE/mm2s/mm2s/hls/.autopilot/db/mm2s.pp.0.cpp:1320:7: warning: Added loop label VITIS_LOOP_1207_1:   [xilinx-label-all-loops]
      for (i = 0; i < __N - 1; ++i) {
      ^~~
      VITIS_LOOP_1207_1: 
/proj/xcoswmktg/robg/git/Vitis-Tutorials/Internal-Fork/AI_Engine_Development/Feature_Tutorials/05-AI-engine-versal-integration/workAIE/mm2s/mm2s/hls/.autopilot/db/mm2s.pp.0.cpp:1320:7: note: FIX-IT applied suggested code changes
/proj/xcoswmktg/robg/git/Vitis-Tutorials/Internal-Fork/AI_Engine_Development/Feature_Tutorials/05-AI-engine-versal-integration/workAIE/mm2s/mm2s/hls/.autopilot/db/mm2s.pp.0.cpp:2294:5: warning: Added loop label VITIS_LOOP_676_1:   [xilinx-label-all-loops]
    for (unsigned i = low; i != high; ++i) {
    ^~~
    VITIS_LOOP_676_1: 
/proj/xcoswmktg/robg/git/Vitis-Tutorials/Internal-Fork/AI_Engine_Development/Feature_Tutorials/05-AI-engine-versal-integration/workAIE/mm2s/mm2s/hls/.autopilot/db/mm2s.pp.0.cpp:2294:5: note: FIX-IT applied suggested code changes
/proj/xcoswmktg/robg/git/Vitis-Tutorials/Internal-Fork/AI_Engine_Development/Feature_Tutorials/05-AI-engine-versal-integration/workAIE/mm2s/mm2s/hls/.autopilot/db/mm2s.pp.0.cpp:2308:5: warning: Added loop label VITIS_LOOP_690_1:   [xilinx-label-all-loops]
    for (unsigned i = low; i != high; ++i) {
    ^~~
    VITIS_LOOP_690_1: 
/proj/xcoswmktg/robg/git/Vitis-Tutorials/Internal-Fork/AI_Engine_Development/Feature_Tutorials/05-AI-engine-versal-integration/workAIE/mm2s/mm2s/hls/.autopilot/db/mm2s.pp.0.cpp:2308:5: note: FIX-IT applied suggested code changes
/proj/xcoswmktg/robg/git/Vitis-Tutorials/Internal-Fork/AI_Engine_Development/Feature_Tutorials/05-AI-engine-versal-integration/workAIE/mm2s/mm2s/hls/.autopilot/db/mm2s.pp.0.cpp:2322:5: warning: Added loop label VITIS_LOOP_704_1:   [xilinx-label-all-loops]
    for (unsigned i = low; i != high; ++i) {
    ^~~
    VITIS_LOOP_704_1: 
/proj/xcoswmktg/robg/git/Vitis-Tutorials/Internal-Fork/AI_Engine_Development/Feature_Tutorials/05-AI-engine-versal-integration/workAIE/mm2s/mm2s/hls/.autopilot/db/mm2s.pp.0.cpp:2322:5: note: FIX-IT applied suggested code changes
/proj/xcoswmktg/robg/git/Vitis-Tutorials/Internal-Fork/AI_Engine_Development/Feature_Tutorials/05-AI-engine-versal-integration/workAIE/mm2s/mm2s/hls/.autopilot/db/mm2s.pp.0.cpp:3951:7: warning: Added loop label VITIS_LOOP_1247_1:   [xilinx-label-all-loops]
      for (i = 0; i < __N - 1; ++i) {
      ^~~
      VITIS_LOOP_1247_1: 
/proj/xcoswmktg/robg/git/Vitis-Tutorials/Internal-Fork/AI_Engine_Development/Feature_Tutorials/05-AI-engine-versal-integration/workAIE/mm2s/mm2s/hls/.autopilot/db/mm2s.pp.0.cpp:3951:7: note: FIX-IT applied suggested code changes
/proj/xcoswmktg/robg/git/Vitis-Tutorials/Internal-Fork/AI_Engine_Development/Feature_Tutorials/05-AI-engine-versal-integration/workAIE/mm2s/mm2s/hls/.autopilot/db/mm2s.pp.0.cpp:9056:2: warning: Added loop label VITIS_LOOP_23_1:   [xilinx-label-all-loops]
 for(int i = 0; i < size; i++) {
 ^~~
 VITIS_LOOP_23_1: 
/proj/xcoswmktg/robg/git/Vitis-Tutorials/Internal-Fork/AI_Engine_Development/Feature_Tutorials/05-AI-engine-versal-integration/workAIE/mm2s/mm2s/hls/.autopilot/db/mm2s.pp.0.cpp:9056:2: note: FIX-IT applied suggested code changes
