directive:1:9: warning: HLS pragma dump _XLX_SEP_ PragmaIsValid=1_XLX_SEP_ PragmaType=top_XLX_SEP_ PragmaContext=directive_XLX_SEP_ PragmaFunction=mm2s_XLX_SEP_ PragmaOptions=name=mm2s_XLX_SEP_ [-Wdump-hls-pragmas]
#pragma HLSDIRECTIVE TOP name=mm2s
        ^
/proj/xcoswmktg/robg/git/Vitis-Tutorials/Internal-Fork/AI_Engine_Development/Feature_Tutorials/05-AI-engine-versal-integration/pl_kernels/mm2s.cpp:15:9: warning: HLS pragma dump _XLX_SEP_ PragmaIsValid=1_XLX_SEP_ PragmaType=interface_XLX_SEP_ PragmaContext=_XLX_SEP_ PragmaFunction=mm2s_XLX_SEP_ PragmaOptions=m_axi port=mem offset=slave bundle=gmem_XLX_SEP_ [-Wdump-hls-pragmas]
#pragma HLS INTERFACE m_axi port=mem offset=slave bundle=gmem
        ^
/proj/xcoswmktg/robg/git/Vitis-Tutorials/Internal-Fork/AI_Engine_Development/Feature_Tutorials/05-AI-engine-versal-integration/pl_kernels/mm2s.cpp:17:9: warning: HLS pragma dump _XLX_SEP_ PragmaIsValid=1_XLX_SEP_ PragmaType=interface_XLX_SEP_ PragmaContext=_XLX_SEP_ PragmaFunction=mm2s_XLX_SEP_ PragmaOptions=axis port=s_XLX_SEP_ [-Wdump-hls-pragmas]
#pragma HLS interface axis port=s
        ^
/proj/xcoswmktg/robg/git/Vitis-Tutorials/Internal-Fork/AI_Engine_Development/Feature_Tutorials/05-AI-engine-versal-integration/pl_kernels/mm2s.cpp:19:9: warning: HLS pragma dump _XLX_SEP_ PragmaIsValid=1_XLX_SEP_ PragmaType=interface_XLX_SEP_ PragmaContext=_XLX_SEP_ PragmaFunction=mm2s_XLX_SEP_ PragmaOptions=s_axilite port=mem bundle=control_XLX_SEP_ [-Wdump-hls-pragmas]
#pragma HLS INTERFACE s_axilite port=mem bundle=control
        ^
/proj/xcoswmktg/robg/git/Vitis-Tutorials/Internal-Fork/AI_Engine_Development/Feature_Tutorials/05-AI-engine-versal-integration/pl_kernels/mm2s.cpp:20:9: warning: HLS pragma dump _XLX_SEP_ PragmaIsValid=1_XLX_SEP_ PragmaType=interface_XLX_SEP_ PragmaContext=_XLX_SEP_ PragmaFunction=mm2s_XLX_SEP_ PragmaOptions=s_axilite port=size bundle=control_XLX_SEP_ [-Wdump-hls-pragmas]
#pragma HLS INTERFACE s_axilite port=size bundle=control
        ^
/proj/xcoswmktg/robg/git/Vitis-Tutorials/Internal-Fork/AI_Engine_Development/Feature_Tutorials/05-AI-engine-versal-integration/pl_kernels/mm2s.cpp:21:9: warning: HLS pragma dump _XLX_SEP_ PragmaIsValid=1_XLX_SEP_ PragmaType=interface_XLX_SEP_ PragmaContext=_XLX_SEP_ PragmaFunction=mm2s_XLX_SEP_ PragmaOptions=s_axilite port=return bundle=control_XLX_SEP_ [-Wdump-hls-pragmas]
#pragma HLS interface s_axilite port=return bundle=control
        ^
/proj/xcoswmktg/robg/git/Vitis-Tutorials/Internal-Fork/AI_Engine_Development/Feature_Tutorials/05-AI-engine-versal-integration/pl_kernels/mm2s.cpp:24:9: warning: HLS pragma dump _XLX_SEP_ PragmaIsValid=1_XLX_SEP_ PragmaType=pipeline_XLX_SEP_ PragmaContext=_XLX_SEP_ PragmaFunction=mm2s_XLX_SEP_ PragmaOptions=II=1_XLX_SEP_ [-Wdump-hls-pragmas]
#pragma HLS PIPELINE II=1
        ^
7 warnings generated.
