

================================================================
== Vitis HLS Report for 'Sobel_0_3_0_2_120_160_1_false_s'
================================================================
* Date:           Sat Nov 13 15:33:01 2021

* Version:        2021.2 (Build 3367213 on Tue Oct 19 02:47:39 MDT 2021)
* Project:        ModelComposerDesign_prj
* Solution:       solution1 (Vivado IP Flow Target)
* Product family: kintex7
* Target device:  xc7k325t-ffg900-2


================================================================
== Performance Estimates
================================================================
+ Timing: 
    * Summary: 
    +--------+---------+----------+------------+
    |  Clock |  Target | Estimated| Uncertainty|
    +--------+---------+----------+------------+
    |ap_clk  |  5.00 ns|  3.338 ns|     1.35 ns|
    +--------+---------+----------+------------+

+ Latency: 
    * Summary: 
    +---------+---------+----------+----------+-------+-------+---------+
    |  Latency (cycles) |  Latency (absolute) |    Interval   | Pipeline|
    |   min   |   max   |    min   |    max   |  min  |  max  |   Type  |
    +---------+---------+----------+----------+-------+-------+---------+
    |    20687|    20687|  0.103 ms|  0.103 ms|  20687|  20687|       no|
    +---------+---------+----------+----------+-------+-------+---------+

    + Detail: 
        * Instance: 
        +----------------------------------------------------------------+------------------------------------------------------+---------+---------+----------+----------+-------+-------+---------+
        |                                                                |                                                      |  Latency (cycles) |  Latency (absolute) |    Interval   | Pipeline|
        |                            Instance                            |                        Module                        |   min   |   max   |    min   |    max   |  min  |  max  |   Type  |
        +----------------------------------------------------------------+------------------------------------------------------+---------+---------+----------+----------+-------+-------+---------+
        |grp_xFSobelFilter3x3_0_2_120_160_1_0_3_1_1_5_160_false_s_fu_16  |xFSobelFilter3x3_0_2_120_160_1_0_3_1_1_5_160_false_s  |    20686|    20686|  0.103 ms|  0.103 ms|  20686|  20686|       no|
        +----------------------------------------------------------------+------------------------------------------------------+---------+---------+----------+----------+-------+-------+---------+

        * Loop: 
        N/A



================================================================
== Utilization Estimates
================================================================
* Summary: 
+-----------------+---------+-----+--------+--------+-----+
|       Name      | BRAM_18K| DSP |   FF   |   LUT  | URAM|
+-----------------+---------+-----+--------+--------+-----+
|DSP              |        -|    -|       -|       -|    -|
|Expression       |        -|    -|       0|       2|    -|
|FIFO             |        -|    -|       -|       -|    -|
|Instance         |        3|    -|     451|    1192|    -|
|Memory           |        -|    -|       -|       -|    -|
|Multiplexer      |        -|    -|       -|      58|    -|
|Register         |        -|    -|       5|       -|    -|
+-----------------+---------+-----+--------+--------+-----+
|Total            |        3|    0|     456|    1252|    0|
+-----------------+---------+-----+--------+--------+-----+
|Available        |      890|  840|  407600|  203800|    0|
+-----------------+---------+-----+--------+--------+-----+
|Utilization (%)  |       ~0|    0|      ~0|      ~0|    0|
+-----------------+---------+-----+--------+--------+-----+

+ Detail: 
    * Instance: 
    +----------------------------------------------------------------+------------------------------------------------------+---------+----+-----+------+-----+
    |                            Instance                            |                        Module                        | BRAM_18K| DSP|  FF |  LUT | URAM|
    +----------------------------------------------------------------+------------------------------------------------------+---------+----+-----+------+-----+
    |grp_xFSobelFilter3x3_0_2_120_160_1_0_3_1_1_5_160_false_s_fu_16  |xFSobelFilter3x3_0_2_120_160_1_0_3_1_1_5_160_false_s  |        3|   0|  451|  1192|    0|
    +----------------------------------------------------------------+------------------------------------------------------+---------+----+-----+------+-----+
    |Total                                                           |                                                      |        3|   0|  451|  1192|    0|
    +----------------------------------------------------------------+------------------------------------------------------+---------+----+-----+------+-----+

    * DSP: 
    N/A

    * Memory: 
    N/A

    * FIFO: 
    N/A

    * Expression: 
    +-----------------+----------+----+---+----+------------+------------+
    |  Variable Name  | Operation| DSP| FF| LUT| Bitwidth P0| Bitwidth P1|
    +-----------------+----------+----+---+----+------------+------------+
    |ap_block_state1  |        or|   0|  0|   2|           1|           1|
    +-----------------+----------+----+---+----+------------+------------+
    |Total            |          |   0|  0|   2|           1|           1|
    +-----------------+----------+----+---+----+------------+------------+

    * Multiplexer: 
    +--------------------+----+-----------+-----+-----------+
    |        Name        | LUT| Input Size| Bits| Total Bits|
    +--------------------+----+-----------+-----+-----------+
    |ap_NS_fsm           |  13|          3|    1|          3|
    |ap_done             |   9|          2|    1|          2|
    |dstx_obj_457_write  |   9|          2|    1|          2|
    |dsty_obj_458_write  |   9|          2|    1|          2|
    |real_start          |   9|          2|    1|          2|
    |src_obj_456_read    |   9|          2|    1|          2|
    +--------------------+----+-----------+-----+-----------+
    |Total               |  58|         13|    6|         13|
    +--------------------+----+-----------+-----+-----------+

    * Register: 
    +-----------------------------------------------------------------------------+---+----+-----+-----------+
    |                                     Name                                    | FF| LUT| Bits| Const Bits|
    +-----------------------------------------------------------------------------+---+----+-----+-----------+
    |ap_CS_fsm                                                                    |  2|   0|    2|          0|
    |ap_done_reg                                                                  |  1|   0|    1|          0|
    |grp_xFSobelFilter3x3_0_2_120_160_1_0_3_1_1_5_160_false_s_fu_16_ap_start_reg  |  1|   0|    1|          0|
    |start_once_reg                                                               |  1|   0|    1|          0|
    +-----------------------------------------------------------------------------+---+----+-----+-----------+
    |Total                                                                        |  5|   0|    5|          0|
    +-----------------------------------------------------------------------------+---+----+-----+-----------+



================================================================
== Interface
================================================================
* Summary: 
+---------------------+-----+-----+------------+---------------------------------------+--------------+
|      RTL Ports      | Dir | Bits|  Protocol  |             Source Object             |    C Type    |
+---------------------+-----+-----+------------+---------------------------------------+--------------+
|ap_clk               |   in|    1|  ap_ctrl_hs|  Sobel<0, 3, 0, 2, 120, 160, 1, false>|  return value|
|ap_rst               |   in|    1|  ap_ctrl_hs|  Sobel<0, 3, 0, 2, 120, 160, 1, false>|  return value|
|ap_start             |   in|    1|  ap_ctrl_hs|  Sobel<0, 3, 0, 2, 120, 160, 1, false>|  return value|
|start_full_n         |   in|    1|  ap_ctrl_hs|  Sobel<0, 3, 0, 2, 120, 160, 1, false>|  return value|
|ap_done              |  out|    1|  ap_ctrl_hs|  Sobel<0, 3, 0, 2, 120, 160, 1, false>|  return value|
|ap_continue          |   in|    1|  ap_ctrl_hs|  Sobel<0, 3, 0, 2, 120, 160, 1, false>|  return value|
|ap_idle              |  out|    1|  ap_ctrl_hs|  Sobel<0, 3, 0, 2, 120, 160, 1, false>|  return value|
|ap_ready             |  out|    1|  ap_ctrl_hs|  Sobel<0, 3, 0, 2, 120, 160, 1, false>|  return value|
|start_out            |  out|    1|  ap_ctrl_hs|  Sobel<0, 3, 0, 2, 120, 160, 1, false>|  return value|
|start_write          |  out|    1|  ap_ctrl_hs|  Sobel<0, 3, 0, 2, 120, 160, 1, false>|  return value|
|src_obj_456_dout     |   in|    8|     ap_fifo|                            src_obj_456|       pointer|
|src_obj_456_empty_n  |   in|    1|     ap_fifo|                            src_obj_456|       pointer|
|src_obj_456_read     |  out|    1|     ap_fifo|                            src_obj_456|       pointer|
|dstx_obj_457_din     |  out|   16|     ap_fifo|                           dstx_obj_457|       pointer|
|dstx_obj_457_full_n  |   in|    1|     ap_fifo|                           dstx_obj_457|       pointer|
|dstx_obj_457_write   |  out|    1|     ap_fifo|                           dstx_obj_457|       pointer|
|dsty_obj_458_din     |  out|   16|     ap_fifo|                           dsty_obj_458|       pointer|
|dsty_obj_458_full_n  |   in|    1|     ap_fifo|                           dsty_obj_458|       pointer|
|dsty_obj_458_write   |  out|    1|     ap_fifo|                           dsty_obj_458|       pointer|
+---------------------+-----+-----+------------+---------------------------------------+--------------+

