Wed Aug 30 13:18:52 2023: Running xcd server. This server was built by gradle.
Wed Aug 30 13:18:52 2023: Server was asked to start on port: '33172'
Wed Aug 30 13:18:52 2023: Server is using token UUID: 'd1caf18f-27c6-4833-a503-35141e09fb78'
Wed Aug 30 13:18:52 2023: SESSION_MGR: creating session with session uuid: '6d04a3e9-ade5-4ab9-8d63-1f78fcd2ec76' and name 'default'
Wed Aug 30 13:18:52 2023: Attempting to start server on port '33172'
Wed Aug 30 13:18:52 2023: XCD main fifo: created main fifo '/tmp/xcdmaind1caf18f-27c6-4833-a503-35141e09fb78', fd read = 12
Wed Aug 30 13:18:52 2023: Running Dispatch Server
Wed Aug 30 13:18:52 2023: Version 2.2.0
Wed Aug 30 13:18:53 2023: Dispatch Server: Accepted socket connection from client
Wed Aug 30 13:18:53 2023: Starting Socket connection
Wed Aug 30 13:18:53 2023: EXCHANGE_TOKEN received, server token: d1caf18f-27c6-4833-a503-35141e09fb78, passed token: d1caf18f-27c6-4833-a503-35141e09fb78
Wed Aug 30 13:18:53 2023: DISPATCH_HANDLER: Adding handler from function makeHandler in library libxv_system_diagram
Wed Aug 30 13:18:53 2023: SESSION_MGR: creating session with session uuid: '2a67537b-38f1-4599-8f74-50fa94436679' and name 'v++_compile_s2mm'
Wed Aug 30 13:18:53 2023: KERNEL_SVC: creating session with uuid: '2a67537b-38f1-4599-8f74-50fa94436679' and name 'v++_compile_s2mm'
Wed Aug 30 13:18:53 2023: GUIDANCE_SMGR: creating guidance session with uuid: '2a67537b-38f1-4599-8f74-50fa94436679' and name 'v++_compile_s2mm'
Wed Aug 30 13:18:53 2023: SYSTEM_DIAGRAM: creating session with uuid: '2a67537b-38f1-4599-8f74-50fa94436679' and name 'v++_compile_s2mm'
Wed Aug 30 13:19:00 2023: Dispatch Server: Accepted socket connection from client
Wed Aug 30 13:19:00 2023: Starting Socket connection
Wed Aug 30 13:19:18 2023: SESSION_MGR: closing session for UUID '2a67537b-38f1-4599-8f74-50fa94436679' with name 'v++_compile_s2mm'
Wed Aug 30 13:19:18 2023: KERNEL_SVC: closing session for UUID '2a67537b-38f1-4599-8f74-50fa94436679' with name 'v++_compile_s2mm'
Wed Aug 30 13:19:18 2023: GUIDANCE_SMGR: closing session for UUID '2a67537b-38f1-4599-8f74-50fa94436679' with name 'v++_compile_s2mm'
Wed Aug 30 13:19:18 2023: SYSTEM_DIAGRAM: closing session for UUID '2a67537b-38f1-4599-8f74-50fa94436679' with name 'v++_compile_s2mm'
Wed Aug 30 13:19:18 2023: STOP_SERVER received, server token: d1caf18f-27c6-4833-a503-35141e09fb78, passed token: d1caf18f-27c6-4833-a503-35141e09fb78
Wed Aug 30 13:19:18 2023: Socket received request to stop server.
Wed Aug 30 13:19:18 2023: Dispatch Server: do_await_stop
Wed Aug 30 13:19:18 2023: Dispatch Server: stopping mainFifo_
Wed Aug 30 13:19:18 2023: XCD main fifo: Stopping
Wed Aug 30 13:19:18 2023: XCD main fifo: do_read error code: Operation canceled
Wed Aug 30 13:19:18 2023: XCD main fifo: bytes_transferred: 0
Wed Aug 30 13:19:18 2023: SERVER: destructor for server bound to port 33172
Wed Aug 30 13:19:18 2023: XCD main fifo: Good unlink of /tmp/xcdmaind1caf18f-27c6-4833-a503-35141e09fb78
Wed Aug 30 13:19:18 2023: Server exiting with status 0.
Wed Aug 30 13:19:18 2023: Closing log file.
Wed Aug 30 14:57:36 2023: Running xcd server. This server was built by gradle.
Wed Aug 30 14:57:36 2023: Server was asked to start on port: '45150'
Wed Aug 30 14:57:36 2023: Server is using token UUID: 'fac05f15-3616-443b-beba-23158a286403'
Wed Aug 30 14:57:36 2023: SESSION_MGR: creating session with session uuid: '6d04a3e9-ade5-4ab9-8d63-1f78fcd2ec76' and name 'default'
Wed Aug 30 14:57:36 2023: Attempting to start server on port '45150'
Wed Aug 30 14:57:36 2023: XCD main fifo: created main fifo '/tmp/xcdmainfac05f15-3616-443b-beba-23158a286403', fd read = 12
Wed Aug 30 14:57:36 2023: Running Dispatch Server
Wed Aug 30 14:57:36 2023: Version 2.2.0
Wed Aug 30 14:57:37 2023: Dispatch Server: Accepted socket connection from client
Wed Aug 30 14:57:37 2023: Starting Socket connection
Wed Aug 30 14:57:37 2023: EXCHANGE_TOKEN received, server token: fac05f15-3616-443b-beba-23158a286403, passed token: fac05f15-3616-443b-beba-23158a286403
Wed Aug 30 14:57:37 2023: DISPATCH_HANDLER: Adding handler from function makeHandler in library libxv_system_diagram
Wed Aug 30 14:57:37 2023: SESSION_MGR: creating session with session uuid: 'd0a7f66d-1b0d-4a4d-abc5-db0db497978e' and name 'v++_compile_s2mm'
Wed Aug 30 14:57:37 2023: KERNEL_SVC: creating session with uuid: 'd0a7f66d-1b0d-4a4d-abc5-db0db497978e' and name 'v++_compile_s2mm'
Wed Aug 30 14:57:37 2023: GUIDANCE_SMGR: creating guidance session with uuid: 'd0a7f66d-1b0d-4a4d-abc5-db0db497978e' and name 'v++_compile_s2mm'
Wed Aug 30 14:57:37 2023: SYSTEM_DIAGRAM: creating session with uuid: 'd0a7f66d-1b0d-4a4d-abc5-db0db497978e' and name 'v++_compile_s2mm'
Wed Aug 30 14:57:45 2023: Dispatch Server: Accepted socket connection from client
Wed Aug 30 14:57:45 2023: Starting Socket connection
Wed Aug 30 14:58:42 2023: SESSION_MGR: closing session for UUID 'd0a7f66d-1b0d-4a4d-abc5-db0db497978e' with name 'v++_compile_s2mm'
Wed Aug 30 14:58:42 2023: KERNEL_SVC: closing session for UUID 'd0a7f66d-1b0d-4a4d-abc5-db0db497978e' with name 'v++_compile_s2mm'
Wed Aug 30 14:58:42 2023: GUIDANCE_SMGR: closing session for UUID 'd0a7f66d-1b0d-4a4d-abc5-db0db497978e' with name 'v++_compile_s2mm'
Wed Aug 30 14:58:42 2023: SYSTEM_DIAGRAM: closing session for UUID 'd0a7f66d-1b0d-4a4d-abc5-db0db497978e' with name 'v++_compile_s2mm'
Wed Aug 30 14:58:42 2023: STOP_SERVER received, server token: fac05f15-3616-443b-beba-23158a286403, passed token: fac05f15-3616-443b-beba-23158a286403
Wed Aug 30 14:58:42 2023: Socket received request to stop server.
Wed Aug 30 14:58:42 2023: Dispatch Server: do_await_stop
Wed Aug 30 14:58:42 2023: Dispatch Server: stopping mainFifo_
Wed Aug 30 14:58:42 2023: XCD main fifo: Stopping
Wed Aug 30 14:58:42 2023: XCD main fifo: do_read error code: Operation canceled
Wed Aug 30 14:58:42 2023: XCD main fifo: bytes_transferred: 0
Wed Aug 30 14:58:42 2023: SERVER: destructor for server bound to port 45150
Wed Aug 30 14:58:42 2023: XCD main fifo: Good unlink of /tmp/xcdmainfac05f15-3616-443b-beba-23158a286403
Wed Aug 30 14:58:42 2023: Server exiting with status 0.
Wed Aug 30 14:58:42 2023: Closing log file.
