#-----------------------------------------------------------
# Vivado v2023.2 (64-bit)
# SW Build 3980300 on Tue Aug 29 20:01:03 MDT 2023
# IP Build 3980143 on Wed Aug 30 00:10:46 MDT 2023
# SharedData Build 3973312 on Thu Aug 24 04:19:00 MDT 2023
# Start of session at: Wed Aug 30 14:58:07 2023
# Process ID: 23329
# Current directory: /proj/xcoswmktg/robg/git/Vitis-Tutorials/Internal-Fork/AI_Engine_Development/Feature_Tutorials/05-AI-engine-versal-integration/workAIE/s2mm/s2mm/hls/impl/ip
# Command line: vivado -notrace -mode batch -source run_ippack.tcl
# Log file: /proj/xcoswmktg/robg/git/Vitis-Tutorials/Internal-Fork/AI_Engine_Development/Feature_Tutorials/05-AI-engine-versal-integration/workAIE/s2mm/s2mm/hls/impl/ip/vivado.log
# Journal file: /proj/xcoswmktg/robg/git/Vitis-Tutorials/Internal-Fork/AI_Engine_Development/Feature_Tutorials/05-AI-engine-versal-integration/workAIE/s2mm/s2mm/hls/impl/ip/vivado.jou
# Running On: xcorobg40x, OS: Linux, CPU Frequency: 2994.593 MHz, CPU Physical cores: 8, Host memory: 67370 MB
#-----------------------------------------------------------
source run_ippack.tcl -notrace
ipx::create_core: Time (s): cpu = 00:00:08 ; elapsed = 00:00:13 . Memory (MB): peak = 1530.109 ; gain = 75.832 ; free physical = 30218 ; free virtual = 58979
INFO: [IP_Flow 19-234] Refreshing IP repositories
INFO: [IP_Flow 19-1704] No user IP repositories specified
INFO: [IP_Flow 19-2313] Loaded Vivado IP repository '/proj/xbuilds/SWIP/2023.2_0829_2224/installs/lin64/Vivado/2023.2/data/ip'.
Running package_xo -xo_path /proj/xcoswmktg/robg/git/Vitis-Tutorials/Internal-Fork/AI_Engine_Development/Feature_Tutorials/05-AI-engine-versal-integration/workAIE/s2mm/s2mm/s2mm.xo -kernel_name s2mm -kernel_xml /proj/xcoswmktg/robg/git/Vitis-Tutorials/Internal-Fork/AI_Engine_Development/Feature_Tutorials/05-AI-engine-versal-integration/workAIE/s2mm/s2mm/hls/impl/ip/../kernel/kernel.xml -kernel_files /proj/xcoswmktg/robg/git/Vitis-Tutorials/Internal-Fork/AI_Engine_Development/Feature_Tutorials/05-AI-engine-versal-integration/pl_kernels/s2mm.cpp -ip_directory /proj/xcoswmktg/robg/git/Vitis-Tutorials/Internal-Fork/AI_Engine_Development/Feature_Tutorials/05-AI-engine-versal-integration/workAIE/s2mm/s2mm/hls/impl/ip/ip_unzip_dir -design_xml /proj/xcoswmktg/robg/git/Vitis-Tutorials/Internal-Fork/AI_Engine_Development/Feature_Tutorials/05-AI-engine-versal-integration/workAIE/s2mm/s2mm/hls/.autopilot/db/s2mm.design.xml -debug_directory /proj/xcoswmktg/robg/git/Vitis-Tutorials/Internal-Fork/AI_Engine_Development/Feature_Tutorials/05-AI-engine-versal-integration/workAIE/s2mm/s2mm/hls/.debug -hls_directory /proj/xcoswmktg/robg/git/Vitis-Tutorials/Internal-Fork/AI_Engine_Development/Feature_Tutorials/05-AI-engine-versal-integration/workAIE/s2mm/s2mm/hls/impl/ip/hls_files
INFO: [Common 17-206] Exiting Vivado at Wed Aug 30 14:58:39 2023...
