

================================================================
== Vitis HLS Report for 'GradientMag_XMC_120_160_1_s'
================================================================
* Date:           Sat Nov 13 15:33:02 2021

* Version:        2021.2 (Build 3367213 on Tue Oct 19 02:47:39 MDT 2021)
* Project:        ModelComposerDesign_prj
* Solution:       solution1 (Vivado IP Flow Target)
* Product family: kintex7
* Target device:  xc7k325t-ffg900-2


================================================================
== Performance Estimates
================================================================
+ Timing: 
    * Summary: 
    +--------+---------+----------+------------+
    |  Clock |  Target | Estimated| Uncertainty|
    +--------+---------+----------+------------+
    |ap_clk  |  5.00 ns|  3.650 ns|     1.35 ns|
    +--------+---------+----------+------------+

+ Latency: 
    * Summary: 
    +---------+---------+-----------+-----------+-------+-------+----------+
    |  Latency (cycles) |   Latency (absolute)  |    Interval   | Pipeline |
    |   min   |   max   |    min    |    max    |  min  |  max  |   Type   |
    +---------+---------+-----------+-----------+-------+-------+----------+
    |    19801|    19801|  99.005 us|  99.005 us|  19802|  19802|  dataflow|
    +---------+---------+-----------+-----------+-------+-------+----------+

    + Detail: 
        * Instance: 
        +-----------------------------------------------------------+--------------------------------------------------------+---------+---------+-----------+-----------+-------+-------+---------+
        |                                                           |                                                        |  Latency (cycles) |   Latency (absolute)  |    Interval   | Pipeline|
        |                          Instance                         |                         Module                         |   min   |   max   |    min    |    max    |  min  |  max  |   Type  |
        +-----------------------------------------------------------+--------------------------------------------------------+---------+---------+-----------+-----------+-------+-------+---------+
        |GradientMag_XMC_120_160_1_Loop_VITIS_LOOP_93_1_proc9_U0    |GradientMag_XMC_120_160_1_Loop_VITIS_LOOP_93_1_proc9    |    19202|    19202|  96.010 us|  96.010 us|  19202|  19202|       no|
        |xFMagnitudeKernel_2_2_120_160_3_3_1_5_5_160_2_U0           |xFMagnitudeKernel_2_2_120_160_3_3_1_5_5_160_2_s         |    19801|    19801|  99.005 us|  99.005 us|  19801|  19801|       no|
        |GradientMag_XMC_120_160_1_Loop_VITIS_LOOP_106_3_proc10_U0  |GradientMag_XMC_120_160_1_Loop_VITIS_LOOP_106_3_proc10  |    19202|    19202|  96.010 us|  96.010 us|  19202|  19202|       no|
        +-----------------------------------------------------------+--------------------------------------------------------+---------+---------+-----------+-----------+-------+-------+---------+

        * Loop: 
        N/A



================================================================
== Utilization Estimates
================================================================
* Summary: 
+-----------------+---------+-----+--------+--------+-----+
|       Name      | BRAM_18K| DSP |   FF   |   LUT  | URAM|
+-----------------+---------+-----+--------+--------+-----+
|DSP              |        -|    -|       -|       -|    -|
|Expression       |        -|    -|       0|       2|    -|
|FIFO             |        -|    -|     297|     201|    -|
|Instance         |        -|    -|     159|     514|    -|
|Memory           |        -|    -|       -|       -|    -|
|Multiplexer      |        -|    -|       -|       9|    -|
|Register         |        -|    -|       1|       -|    -|
+-----------------+---------+-----+--------+--------+-----+
|Total            |        0|    0|     457|     726|    0|
+-----------------+---------+-----+--------+--------+-----+
|Available        |      890|  840|  407600|  203800|    0|
+-----------------+---------+-----+--------+--------+-----+
|Utilization (%)  |        0|    0|      ~0|      ~0|    0|
+-----------------+---------+-----+--------+--------+-----+

+ Detail: 
    * Instance: 
    +-----------------------------------------------------------+--------------------------------------------------------+---------+----+----+-----+-----+
    |                          Instance                         |                         Module                         | BRAM_18K| DSP| FF | LUT | URAM|
    +-----------------------------------------------------------+--------------------------------------------------------+---------+----+----+-----+-----+
    |GradientMag_XMC_120_160_1_Loop_VITIS_LOOP_106_3_proc10_U0  |GradientMag_XMC_120_160_1_Loop_VITIS_LOOP_106_3_proc10  |        0|   0|  18|   96|    0|
    |GradientMag_XMC_120_160_1_Loop_VITIS_LOOP_93_1_proc9_U0    |GradientMag_XMC_120_160_1_Loop_VITIS_LOOP_93_1_proc9    |        0|   0|  51|  125|    0|
    |xFMagnitudeKernel_2_2_120_160_3_3_1_5_5_160_2_U0           |xFMagnitudeKernel_2_2_120_160_3_3_1_5_5_160_2_s         |        0|   0|  90|  293|    0|
    +-----------------------------------------------------------+--------------------------------------------------------+---------+----+----+-----+-----+
    |Total                                                      |                                                        |        0|   0| 159|  514|    0|
    +-----------------------------------------------------------+--------------------------------------------------------+---------+----+----+-----+-----+

    * DSP: 
    N/A

    * Memory: 
    N/A

    * FIFO: 
    +-----------------+---------+----+----+-----+------+-----+---------+
    |       Name      | BRAM_18K| FF | LUT| URAM| Depth| Bits| Size:D*B|
    +-----------------+---------+----+----+-----+------+-----+---------+
    |dst_obj_data_U   |        0|  99|   0|    -|     2|   16|       32|
    |srcX_obj_data_U  |        0|  99|   0|    -|     2|   16|       32|
    |srcY_obj_data_U  |        0|  99|   0|    -|     2|   16|       32|
    +-----------------+---------+----+----+-----+------+-----+---------+
    |Total            |        0| 297|   0|    0|     6|   48|       96|
    +-----------------+---------+----+----+-----+------+-----+---------+

    * Expression: 
    +--------------+----------+----+---+----+------------+------------+
    | Variable Name| Operation| DSP| FF| LUT| Bitwidth P0| Bitwidth P1|
    +--------------+----------+----+---+----+------------+------------+
    |ap_idle       |       and|   0|  0|   2|           1|           1|
    +--------------+----------+----+---+----+------------+------------+
    |Total         |          |   0|  0|   2|           1|           1|
    +--------------+----------+----+---+----+------------+------------+

    * Multiplexer: 
    +------------+----+-----------+-----+-----------+
    |    Name    | LUT| Input Size| Bits| Total Bits|
    +------------+----+-----------+-----+-----------+
    |real_start  |   9|          2|    1|          2|
    +------------+----+-----------+-----+-----------+
    |Total       |   9|          2|    1|          2|
    +------------+----+-----------+-----+-----------+

    * Register: 
    +----------------+---+----+-----+-----------+
    |      Name      | FF| LUT| Bits| Const Bits|
    +----------------+---+----+-----+-----------+
    |start_once_reg  |  1|   0|    1|          0|
    +----------------+---+----+-----+-----------+
    |Total           |  1|   0|    1|          0|
    +----------------+---+----+-----+-----------+



================================================================
== Interface
================================================================
* Summary: 
+--------------------------------+-----+-----+------------+------------------------------+--------------+
|            RTL Ports           | Dir | Bits|  Protocol  |         Source Object        |    C Type    |
+--------------------------------+-----+-----+------------+------------------------------+--------------+
|ap_start                        |   in|    1|  ap_ctrl_hs|  GradientMag_XMC<120, 160, 1>|  return value|
|start_full_n                    |   in|    1|  ap_ctrl_hs|  GradientMag_XMC<120, 160, 1>|  return value|
|start_out                       |  out|    1|  ap_ctrl_hs|  GradientMag_XMC<120, 160, 1>|  return value|
|start_write                     |  out|    1|  ap_ctrl_hs|  GradientMag_XMC<120, 160, 1>|  return value|
|ap_clk                          |   in|    1|  ap_ctrl_hs|  GradientMag_XMC<120, 160, 1>|  return value|
|ap_rst                          |   in|    1|  ap_ctrl_hs|  GradientMag_XMC<120, 160, 1>|  return value|
|ap_done                         |  out|    1|  ap_ctrl_hs|  GradientMag_XMC<120, 160, 1>|  return value|
|ap_ready                        |  out|    1|  ap_ctrl_hs|  GradientMag_XMC<120, 160, 1>|  return value|
|ap_idle                         |  out|    1|  ap_ctrl_hs|  GradientMag_XMC<120, 160, 1>|  return value|
|ap_continue                     |   in|    1|  ap_ctrl_hs|  GradientMag_XMC<120, 160, 1>|  return value|
|SobelFilter_XMC_out1_i_dout     |   in|   16|     ap_fifo|        SobelFilter_XMC_out1_i|       pointer|
|SobelFilter_XMC_out1_i_empty_n  |   in|    1|     ap_fifo|        SobelFilter_XMC_out1_i|       pointer|
|SobelFilter_XMC_out1_i_read     |  out|    1|     ap_fifo|        SobelFilter_XMC_out1_i|       pointer|
|SobelFilter_XMC_out2_i_dout     |   in|   16|     ap_fifo|        SobelFilter_XMC_out2_i|       pointer|
|SobelFilter_XMC_out2_i_empty_n  |   in|    1|     ap_fifo|        SobelFilter_XMC_out2_i|       pointer|
|SobelFilter_XMC_out2_i_read     |  out|    1|     ap_fifo|        SobelFilter_XMC_out2_i|       pointer|
|GradientMag_XMC_out1_i_din      |  out|   16|     ap_fifo|        GradientMag_XMC_out1_i|       pointer|
|GradientMag_XMC_out1_i_full_n   |   in|    1|     ap_fifo|        GradientMag_XMC_out1_i|       pointer|
|GradientMag_XMC_out1_i_write    |  out|    1|     ap_fifo|        GradientMag_XMC_out1_i|       pointer|
+--------------------------------+-----+-----+------------+------------------------------+--------------+

