

================================================================
== Vitis HLS Report for 'GradientMag_XMC_120_160_1_Loop_VITIS_LOOP_93_1_proc9'
================================================================
* Date:           Sat Nov 13 15:33:02 2021

* Version:        2021.2 (Build 3367213 on Tue Oct 19 02:47:39 MDT 2021)
* Project:        ModelComposerDesign_prj
* Solution:       solution1 (Vivado IP Flow Target)
* Product family: kintex7
* Target device:  xc7k325t-ffg900-2


================================================================
== Performance Estimates
================================================================
+ Timing: 
    * Summary: 
    +--------+---------+----------+------------+
    |  Clock |  Target | Estimated| Uncertainty|
    +--------+---------+----------+------------+
    |ap_clk  |  5.00 ns|  3.067 ns|     1.35 ns|
    +--------+---------+----------+------------+

+ Latency: 
    * Summary: 
    +---------+---------+-----------+-----------+-------+-------+---------+
    |  Latency (cycles) |   Latency (absolute)  |    Interval   | Pipeline|
    |   min   |   max   |    min    |    max    |  min  |  max  |   Type  |
    +---------+---------+-----------+-----------+-------+-------+---------+
    |    19202|    19202|  96.010 us|  96.010 us|  19202|  19202|       no|
    +---------+---------+-----------+-----------+-------+-------+---------+

    + Detail: 
        * Instance: 
        N/A

        * Loop: 
        +-----------------------------------+---------+---------+----------+-----------+-----------+-------+----------+
        |                                   |  Latency (cycles) | Iteration|  Initiation Interval  |  Trip |          |
        |             Loop Name             |   min   |   max   |  Latency |  achieved |   target  | Count | Pipelined|
        +-----------------------------------+---------+---------+----------+-----------+-----------+-------+----------+
        |- VITIS_LOOP_93_1_VITIS_LOOP_94_2  |    19200|    19200|         2|          1|          1|  19200|       yes|
        +-----------------------------------+---------+---------+----------+-----------+-----------+-------+----------+



================================================================
== Utilization Estimates
================================================================
* Summary: 
+-----------------+---------+-----+--------+--------+-----+
|       Name      | BRAM_18K| DSP |   FF   |   LUT  | URAM|
+-----------------+---------+-----+--------+--------+-----+
|DSP              |        -|    -|       -|       -|    -|
|Expression       |        -|    -|       0|      44|    -|
|FIFO             |        -|    -|       -|       -|    -|
|Instance         |        -|    -|       -|       -|    -|
|Memory           |        -|    -|       -|       -|    -|
|Multiplexer      |        -|    -|       -|      81|    -|
|Register         |        -|    -|      51|       -|    -|
+-----------------+---------+-----+--------+--------+-----+
|Total            |        0|    0|      51|     125|    0|
+-----------------+---------+-----+--------+--------+-----+
|Available        |      890|  840|  407600|  203800|    0|
+-----------------+---------+-----+--------+--------+-----+
|Utilization (%)  |        0|    0|      ~0|      ~0|    0|
+-----------------+---------+-----+--------+--------+-----+

+ Detail: 
    * Instance: 
    N/A

    * DSP: 
    N/A

    * Memory: 
    N/A

    * FIFO: 
    N/A

    * Expression: 
    +----------------------------------+----------+----+---+----+------------+------------+
    |           Variable Name          | Operation| DSP| FF| LUT| Bitwidth P0| Bitwidth P1|
    +----------------------------------+----------+----+---+----+------------+------------+
    |add_ln93_fu_84_p2                 |         +|   0|  0|  22|          15|           1|
    |ap_condition_125                  |       and|   0|  0|   2|           1|           1|
    |icmp_ln93_fu_78_p2                |      icmp|   0|  0|  12|          15|          15|
    |ap_block_pp0_stage0_01001         |        or|   0|  0|   2|           1|           1|
    |ap_block_state1_pp0_stage0_iter0  |        or|   0|  0|   2|           1|           1|
    |ap_block_state2_pp0_stage0_iter1  |        or|   0|  0|   2|           1|           1|
    |ap_enable_pp0                     |       xor|   0|  0|   2|           1|           2|
    +----------------------------------+----------+----+---+----+------------+------------+
    |Total                             |          |   0|  0|  44|          35|          22|
    +----------------------------------+----------+----+---+----+------------+------------+

    * Multiplexer: 
    +--------------------------------------+----+-----------+-----+-----------+
    |                 Name                 | LUT| Input Size| Bits| Total Bits|
    +--------------------------------------+----+-----------+-----+-----------+
    |SobelFilter_XMC_out1_i_blk_n          |   9|          2|    1|          2|
    |SobelFilter_XMC_out2_i_blk_n          |   9|          2|    1|          2|
    |ap_done_int                           |   9|          2|    1|          2|
    |ap_enable_reg_pp0_iter1               |   9|          2|    1|          2|
    |ap_sig_allocacmp_indvar_flatten_load  |   9|          2|   15|         30|
    |indvar_flatten_fu_40                  |   9|          2|   15|         30|
    |real_start                            |   9|          2|    1|          2|
    |srcX_obj_data_blk_n                   |   9|          2|    1|          2|
    |srcY_obj_data_blk_n                   |   9|          2|    1|          2|
    +--------------------------------------+----+-----------+-----+-----------+
    |Total                                 |  81|         18|   37|         74|
    +--------------------------------------+----+-----------+-----+-----------+

    * Register: 
    +-------------------------------------+----+----+-----+-----------+
    |                 Name                | FF | LUT| Bits| Const Bits|
    +-------------------------------------+----+----+-----+-----------+
    |SobelFilter_XMC_out1_i_read_reg_105  |  16|   0|   16|          0|
    |SobelFilter_XMC_out2_i_read_reg_110  |  16|   0|   16|          0|
    |ap_CS_fsm                            |   1|   0|    1|          0|
    |ap_done_reg                          |   1|   0|    1|          0|
    |ap_enable_reg_pp0_iter1              |   1|   0|    1|          0|
    |indvar_flatten_fu_40                 |  15|   0|   15|          0|
    |start_once_reg                       |   1|   0|    1|          0|
    +-------------------------------------+----+----+-----+-----------+
    |Total                                |  51|   0|   51|          0|
    +-------------------------------------+----+----+-----+-----------+



================================================================
== Interface
================================================================
* Summary: 
+--------------------------------+-----+-----+------------+---------------------------------------------------------+--------------+
|            RTL Ports           | Dir | Bits|  Protocol  |                      Source Object                      |    C Type    |
+--------------------------------+-----+-----+------------+---------------------------------------------------------+--------------+
|ap_clk                          |   in|    1|  ap_ctrl_hs|  GradientMag_XMC<120, 160, 1>_Loop_VITIS_LOOP_93_1_proc9|  return value|
|ap_rst                          |   in|    1|  ap_ctrl_hs|  GradientMag_XMC<120, 160, 1>_Loop_VITIS_LOOP_93_1_proc9|  return value|
|ap_start                        |   in|    1|  ap_ctrl_hs|  GradientMag_XMC<120, 160, 1>_Loop_VITIS_LOOP_93_1_proc9|  return value|
|start_full_n                    |   in|    1|  ap_ctrl_hs|  GradientMag_XMC<120, 160, 1>_Loop_VITIS_LOOP_93_1_proc9|  return value|
|ap_done                         |  out|    1|  ap_ctrl_hs|  GradientMag_XMC<120, 160, 1>_Loop_VITIS_LOOP_93_1_proc9|  return value|
|ap_continue                     |   in|    1|  ap_ctrl_hs|  GradientMag_XMC<120, 160, 1>_Loop_VITIS_LOOP_93_1_proc9|  return value|
|ap_idle                         |  out|    1|  ap_ctrl_hs|  GradientMag_XMC<120, 160, 1>_Loop_VITIS_LOOP_93_1_proc9|  return value|
|ap_ready                        |  out|    1|  ap_ctrl_hs|  GradientMag_XMC<120, 160, 1>_Loop_VITIS_LOOP_93_1_proc9|  return value|
|start_out                       |  out|    1|  ap_ctrl_hs|  GradientMag_XMC<120, 160, 1>_Loop_VITIS_LOOP_93_1_proc9|  return value|
|start_write                     |  out|    1|  ap_ctrl_hs|  GradientMag_XMC<120, 160, 1>_Loop_VITIS_LOOP_93_1_proc9|  return value|
|SobelFilter_XMC_out1_i_dout     |   in|   16|     ap_fifo|                                   SobelFilter_XMC_out1_i|       pointer|
|SobelFilter_XMC_out1_i_empty_n  |   in|    1|     ap_fifo|                                   SobelFilter_XMC_out1_i|       pointer|
|SobelFilter_XMC_out1_i_read     |  out|    1|     ap_fifo|                                   SobelFilter_XMC_out1_i|       pointer|
|SobelFilter_XMC_out2_i_dout     |   in|   16|     ap_fifo|                                   SobelFilter_XMC_out2_i|       pointer|
|SobelFilter_XMC_out2_i_empty_n  |   in|    1|     ap_fifo|                                   SobelFilter_XMC_out2_i|       pointer|
|SobelFilter_XMC_out2_i_read     |  out|    1|     ap_fifo|                                   SobelFilter_XMC_out2_i|       pointer|
|srcX_obj_data_din               |  out|   16|     ap_fifo|                                            srcX_obj_data|       pointer|
|srcX_obj_data_full_n            |   in|    1|     ap_fifo|                                            srcX_obj_data|       pointer|
|srcX_obj_data_write             |  out|    1|     ap_fifo|                                            srcX_obj_data|       pointer|
|srcY_obj_data_din               |  out|   16|     ap_fifo|                                            srcY_obj_data|       pointer|
|srcY_obj_data_full_n            |   in|    1|     ap_fifo|                                            srcY_obj_data|       pointer|
|srcY_obj_data_write             |  out|    1|     ap_fifo|                                            srcY_obj_data|       pointer|
+--------------------------------+-----+-----+------------+---------------------------------------------------------+--------------+

