

================================================================
== Vitis HLS Report for 'xFMagnitudeKernel_2_2_120_160_3_3_1_5_5_160_2_s'
================================================================
* Date:           Sat Nov 13 15:33:02 2021

* Version:        2021.2 (Build 3367213 on Tue Oct 19 02:47:39 MDT 2021)
* Project:        ModelComposerDesign_prj
* Solution:       solution1 (Vivado IP Flow Target)
* Product family: kintex7
* Target device:  xc7k325t-ffg900-2


================================================================
== Performance Estimates
================================================================
+ Timing: 
    * Summary: 
    +--------+---------+----------+------------+
    |  Clock |  Target | Estimated| Uncertainty|
    +--------+---------+----------+------------+
    |ap_clk  |  5.00 ns|  3.171 ns|     1.35 ns|
    +--------+---------+----------+------------+

+ Latency: 
    * Summary: 
    +---------+---------+-----------+-----------+-------+-------+---------+
    |  Latency (cycles) |   Latency (absolute)  |    Interval   | Pipeline|
    |   min   |   max   |    min    |    max    |  min  |  max  |   Type  |
    +---------+---------+-----------+-----------+-------+-------+---------+
    |    19801|    19801|  99.005 us|  99.005 us|  19801|  19801|       no|
    +---------+---------+-----------+-----------+-------+-------+---------+

    + Detail: 
        * Instance: 
        +--------------------------------------------------------------------------+----------------------------------------------------------------+---------+---------+----------+----------+-----+-----+---------+
        |                                                                          |                                                                |  Latency (cycles) |  Latency (absolute) |  Interval | Pipeline|
        |                                 Instance                                 |                             Module                             |   min   |   max   |    min   |    max   | min | max |   Type  |
        +--------------------------------------------------------------------------+----------------------------------------------------------------+---------+---------+----------+----------+-----+-----+---------+
        |grp_xFMagnitudeKernel_2_2_120_160_3_3_1_5_5_160_2_Pipeline_colLoop_fu_38  |xFMagnitudeKernel_2_2_120_160_3_3_1_5_5_160_2_Pipeline_colLoop  |      163|      163|  0.815 us|  0.815 us|  163|  163|       no|
        +--------------------------------------------------------------------------+----------------------------------------------------------------+---------+---------+----------+----------+-----+-----+---------+

        * Loop: 
        +-----------+---------+---------+----------+-----------+-----------+------+----------+
        |           |  Latency (cycles) | Iteration|  Initiation Interval  | Trip |          |
        | Loop Name |   min   |   max   |  Latency |  achieved |   target  | Count| Pipelined|
        +-----------+---------+---------+----------+-----------+-----------+------+----------+
        |- rowLoop  |    19800|    19800|       165|          -|          -|   120|        no|
        +-----------+---------+---------+----------+-----------+-----------+------+----------+



================================================================
== Utilization Estimates
================================================================
* Summary: 
+-----------------+---------+-----+--------+--------+-----+
|       Name      | BRAM_18K| DSP |   FF   |   LUT  | URAM|
+-----------------+---------+-----+--------+--------+-----+
|DSP              |        -|    -|       -|       -|    -|
|Expression       |        -|    -|       0|      26|    -|
|FIFO             |        -|    -|       -|       -|    -|
|Instance         |        -|    -|      77|     196|    -|
|Memory           |        -|    -|       -|       -|    -|
|Multiplexer      |        -|    -|       -|      71|    -|
|Register         |        -|    -|      13|       -|    -|
+-----------------+---------+-----+--------+--------+-----+
|Total            |        0|    0|      90|     293|    0|
+-----------------+---------+-----+--------+--------+-----+
|Available        |      890|  840|  407600|  203800|    0|
+-----------------+---------+-----+--------+--------+-----+
|Utilization (%)  |        0|    0|      ~0|      ~0|    0|
+-----------------+---------+-----+--------+--------+-----+

+ Detail: 
    * Instance: 
    +--------------------------------------------------------------------------+----------------------------------------------------------------+---------+----+----+-----+-----+
    |                                 Instance                                 |                             Module                             | BRAM_18K| DSP| FF | LUT | URAM|
    +--------------------------------------------------------------------------+----------------------------------------------------------------+---------+----+----+-----+-----+
    |grp_xFMagnitudeKernel_2_2_120_160_3_3_1_5_5_160_2_Pipeline_colLoop_fu_38  |xFMagnitudeKernel_2_2_120_160_3_3_1_5_5_160_2_Pipeline_colLoop  |        0|   0|  77|  196|    0|
    +--------------------------------------------------------------------------+----------------------------------------------------------------+---------+----+----+-----+-----+
    |Total                                                                     |                                                                |        0|   0|  77|  196|    0|
    +--------------------------------------------------------------------------+----------------------------------------------------------------+---------+----+----+-----+-----+

    * DSP: 
    N/A

    * Memory: 
    N/A

    * FIFO: 
    N/A

    * Expression: 
    +--------------------+----------+----+---+----+------------+------------+
    |    Variable Name   | Operation| DSP| FF| LUT| Bitwidth P0| Bitwidth P1|
    +--------------------+----------+----+---+----+------------+------------+
    |i_2_fu_62_p2        |         +|   0|  0|  14|           7|           1|
    |icmp_ln72_fu_56_p2  |      icmp|   0|  0|  10|           7|           5|
    |ap_block_state1     |        or|   0|  0|   2|           1|           1|
    +--------------------+----------+----+---+----+------------+------------+
    |Total               |          |   0|  0|  26|          15|           7|
    +--------------------+----------+----+---+----+------------+------------+

    * Multiplexer: 
    +-------------------+----+-----------+-----+-----------+
    |        Name       | LUT| Input Size| Bits| Total Bits|
    +-------------------+----+-----------+-----+-----------+
    |ap_NS_fsm          |  17|          4|    1|          4|
    |ap_done            |   9|          2|    1|          2|
    |dst_obj_451_write  |   9|          2|    1|          2|
    |i_fu_34            |   9|          2|    7|         14|
    |real_start         |   9|          2|    1|          2|
    |srcX_obj_449_read  |   9|          2|    1|          2|
    |srcY_obj_450_read  |   9|          2|    1|          2|
    +-------------------+----+-----------+-----+-----------+
    |Total              |  71|         16|   13|         28|
    +-------------------+----+-----------+-----+-----------+

    * Register: 
    +---------------------------------------------------------------------------------------+---+----+-----+-----------+
    |                                          Name                                         | FF| LUT| Bits| Const Bits|
    +---------------------------------------------------------------------------------------+---+----+-----+-----------+
    |ap_CS_fsm                                                                              |  3|   0|    3|          0|
    |ap_done_reg                                                                            |  1|   0|    1|          0|
    |grp_xFMagnitudeKernel_2_2_120_160_3_3_1_5_5_160_2_Pipeline_colLoop_fu_38_ap_start_reg  |  1|   0|    1|          0|
    |i_fu_34                                                                                |  7|   0|    7|          0|
    |start_once_reg                                                                         |  1|   0|    1|          0|
    +---------------------------------------------------------------------------------------+---+----+-----+-----------+
    |Total                                                                                  | 13|   0|   13|          0|
    +---------------------------------------------------------------------------------------+---+----+-----+-----------+



================================================================
== Interface
================================================================
* Summary: 
+----------------------+-----+-----+------------+----------------------------------------------------------+--------------+
|       RTL Ports      | Dir | Bits|  Protocol  |                       Source Object                      |    C Type    |
+----------------------+-----+-----+------------+----------------------------------------------------------+--------------+
|ap_clk                |   in|    1|  ap_ctrl_hs|  xFMagnitudeKernel<2, 2, 120, 160, 3, 3, 1, 5, 5, 160, 2>|  return value|
|ap_rst                |   in|    1|  ap_ctrl_hs|  xFMagnitudeKernel<2, 2, 120, 160, 3, 3, 1, 5, 5, 160, 2>|  return value|
|ap_start              |   in|    1|  ap_ctrl_hs|  xFMagnitudeKernel<2, 2, 120, 160, 3, 3, 1, 5, 5, 160, 2>|  return value|
|start_full_n          |   in|    1|  ap_ctrl_hs|  xFMagnitudeKernel<2, 2, 120, 160, 3, 3, 1, 5, 5, 160, 2>|  return value|
|ap_done               |  out|    1|  ap_ctrl_hs|  xFMagnitudeKernel<2, 2, 120, 160, 3, 3, 1, 5, 5, 160, 2>|  return value|
|ap_continue           |   in|    1|  ap_ctrl_hs|  xFMagnitudeKernel<2, 2, 120, 160, 3, 3, 1, 5, 5, 160, 2>|  return value|
|ap_idle               |  out|    1|  ap_ctrl_hs|  xFMagnitudeKernel<2, 2, 120, 160, 3, 3, 1, 5, 5, 160, 2>|  return value|
|ap_ready              |  out|    1|  ap_ctrl_hs|  xFMagnitudeKernel<2, 2, 120, 160, 3, 3, 1, 5, 5, 160, 2>|  return value|
|start_out             |  out|    1|  ap_ctrl_hs|  xFMagnitudeKernel<2, 2, 120, 160, 3, 3, 1, 5, 5, 160, 2>|  return value|
|start_write           |  out|    1|  ap_ctrl_hs|  xFMagnitudeKernel<2, 2, 120, 160, 3, 3, 1, 5, 5, 160, 2>|  return value|
|srcX_obj_449_dout     |   in|   16|     ap_fifo|                                              srcX_obj_449|       pointer|
|srcX_obj_449_empty_n  |   in|    1|     ap_fifo|                                              srcX_obj_449|       pointer|
|srcX_obj_449_read     |  out|    1|     ap_fifo|                                              srcX_obj_449|       pointer|
|srcY_obj_450_dout     |   in|   16|     ap_fifo|                                              srcY_obj_450|       pointer|
|srcY_obj_450_empty_n  |   in|    1|     ap_fifo|                                              srcY_obj_450|       pointer|
|srcY_obj_450_read     |  out|    1|     ap_fifo|                                              srcY_obj_450|       pointer|
|dst_obj_451_din       |  out|   16|     ap_fifo|                                               dst_obj_451|       pointer|
|dst_obj_451_full_n    |   in|    1|     ap_fifo|                                               dst_obj_451|       pointer|
|dst_obj_451_write     |  out|    1|     ap_fifo|                                               dst_obj_451|       pointer|
+----------------------+-----+-----+------------+----------------------------------------------------------+--------------+

