INFO-FLOW: Workspace /proj/xsjhdstaff4/abehbood/Model_Composer_Examples_3/lab8/polar_clip/solution1 opened at Fri Jun 12 13:45:36 PDT 2020
Execute     ap_set_clock -name default -period 10 -default=false 
INFO: [SYN 201-201] Setting up clock 'default' with a period of 10ns.
WARNING: [HLS 200-40] Cannot find library '/proj/xbuilds/SWIP/2020.1_0602_1208/installs/lin64/Vitis/2020.1/common/technology/xilinx/Virtex-7/Virtex-7.lib'.
WARNING: [HLS 200-40] Cannot find library 'xilinx/Virtex-7/Virtex-7'.
WARNING: [HLS 200-40] Cannot find library '/proj/xbuilds/SWIP/2020.1_0602_1208/installs/lin64/Vitis/2020.1/common/technology/xilinx/Virtex-7/Virtex-7_fpv7.lib'.
WARNING: [HLS 200-40] Cannot find library 'xilinx/Virtex-7/Virtex-7_fpv7'.
Execute     set_part xcvu11p-flga2577-1-e 
INFO-FLOW: DBG:set_part: XILINX_VIVADO=/proj/xbuilds/SWIP/2020.1_0602_1208/installs/lin64/Vivado/2020.1
INFO-FLOW: DBG:set_part: RDI_DATADIR=/proj/xbuilds/SWIP/2020.1_0602_1208/installs/lin64/Vivado/2020.1/data:/proj/xbuilds/SWIP/2020.1_0602_1208/installs/lin64/Vitis/2020.1/data
Execute       ap_part_info -name xcvu11p-flga2577-1-e -data single -quiet 
Execute       ap_part_info -name xcvu11p-flga2577-1-e -data info 
Execute       ap_family_info -name virtexuplus -data info 
Execute       add_library xilinx/virtexuplus/virtexuplus:xcvu11p:-flga2577:-1-e 
Execute         get_default_platform 
Execute         open_platform DefaultPlatform 
Execute         import_lib /proj/xbuilds/SWIP/2020.1_0602_1208/installs/lin64/Vitis/2020.1/common/technology/xilinx/virtexuplus/virtexuplus 
Execute           source /proj/xbuilds/SWIP/2020.1_0602_1208/installs/lin64/Vitis/2020.1/common/technology/xilinx/common/xilinx.lib 
Execute             source /proj/xbuilds/SWIP/2020.1_0602_1208/installs/lin64/Vitis/2020.1/common/technology/xilinx/common/dsp48.lib 
Execute           source /proj/xbuilds/SWIP/2020.1_0602_1208/installs/lin64/Vitis/2020.1/common/technology/xilinx/common/xilinx.hlp 
Execute             source /proj/xbuilds/SWIP/2020.1_0602_1208/installs/lin64/Vitis/2020.1/common/technology/xilinx/interface/xilinx_interface.hlp 
Execute               source /proj/xbuilds/SWIP/2020.1_0602_1208/installs/lin64/Vitis/2020.1/common/technology/xilinx/interface/maxi.hlp 
Execute               source /proj/xbuilds/SWIP/2020.1_0602_1208/installs/lin64/Vitis/2020.1/common/technology/xilinx/interface/saxilite.hlp 
Execute             source /proj/xbuilds/SWIP/2020.1_0602_1208/installs/lin64/Vitis/2020.1/common/technology/xilinx/common/dsp48.hlp 
Execute           source /proj/xbuilds/SWIP/2020.1_0602_1208/installs/lin64/Vitis/2020.1/common/technology/xilinx/virtexuplus/dsp48e2.hlp 
Execute         source /proj/xbuilds/SWIP/2020.1_0602_1208/installs/lin64/Vitis/2020.1/common/technology/xilinx/virtexuplus/virtexuplus.gen 
Execute           source /proj/xbuilds/SWIP/2020.1_0602_1208/installs/lin64/Vitis/2020.1/common/technology/xilinx/common/xilinx.gen 
Execute             source /proj/xbuilds/SWIP/2020.1_0602_1208/installs/lin64/Vitis/2020.1/common/technology/xilinx/interface/plb46.gen 
Execute             source /proj/xbuilds/SWIP/2020.1_0602_1208/installs/lin64/Vitis/2020.1/common/technology/xilinx/interface/axi4.gen 
Execute             source /proj/xbuilds/SWIP/2020.1_0602_1208/installs/lin64/Vitis/2020.1/common/technology/xilinx/interface/nativeAXI4.gen 
Execute               source /proj/xbuilds/SWIP/2020.1_0602_1208/installs/lin64/Vitis/2020.1/common/technology/xilinx/interface/saxilite.gen 
Execute               source /proj/xbuilds/SWIP/2020.1_0602_1208/installs/lin64/Vitis/2020.1/common/technology/xilinx/interface/maxi.gen 
Execute             source /proj/xbuilds/SWIP/2020.1_0602_1208/installs/lin64/Vitis/2020.1/common/technology/xilinx/scripts/xilinxcoregen.gen 
Execute             source /proj/xbuilds/SWIP/2020.1_0602_1208/installs/lin64/Vitis/2020.1/common/technology/xilinx/interface/XilEDKCoreGen.gen 
Execute             source /proj/xbuilds/SWIP/2020.1_0602_1208/installs/lin64/Vitis/2020.1/common/technology/xilinx/ip/dds_compiler.gen 
Execute             source /proj/xbuilds/SWIP/2020.1_0602_1208/installs/lin64/Vitis/2020.1/common/technology/xilinx/ip/util.gen 
Execute             source /proj/xbuilds/SWIP/2020.1_0602_1208/installs/lin64/Vitis/2020.1/common/technology/xilinx/ip/xfft.gen 
Execute             source /proj/xbuilds/SWIP/2020.1_0602_1208/installs/lin64/Vitis/2020.1/common/technology/xilinx/ip/xfir.gen 
Execute             source /proj/xbuilds/SWIP/2020.1_0602_1208/installs/lin64/Vitis/2020.1/common/technology/xilinx/common/dsp48.gen 
Command           ap_source done; 0.11 sec.
Command         ap_source done; 0.11 sec.
Execute         ap_part_info -data single -name xcvu11p-flga2577-1-e 
Execute         ap_part_info -name xcvu11p-flga2577-1-e -data resources 
Execute         config_chip_info -resource {SLICE 162000} {LUT 1296000} {FF 2592000} {DSP 9216} {BRAM 4032} {URAM 960} {SLR 3} 
Execute         ap_part_info -name xcvu11p-flga2577-1-e -data info 
Execute         config_chip_info -speed slow 
Command       add_library done; 0.15 sec.
Execute       add_library xilinx/virtexuplus/virtexuplus_fpv7 
Execute         get_default_platform 
Execute         open_platform DefaultPlatform 
Execute         import_lib /proj/xbuilds/SWIP/2020.1_0602_1208/installs/lin64/Vitis/2020.1/common/technology/xilinx/virtexuplus/virtexuplus_fpv7 
Execute           source /proj/xbuilds/SWIP/2020.1_0602_1208/installs/lin64/Vitis/2020.1/common/technology/xilinx/common/xilinx_fp.lib 
Execute           source /proj/xbuilds/SWIP/2020.1_0602_1208/installs/lin64/Vitis/2020.1/common/technology/xilinx/common/xilinx_fp.hlp 
Execute             source /proj/xbuilds/SWIP/2020.1_0602_1208/installs/lin64/Vitis/2020.1/common/technology/xilinx/common/xilinx.hlp 
Execute               source /proj/xbuilds/SWIP/2020.1_0602_1208/installs/lin64/Vitis/2020.1/common/technology/xilinx/interface/xilinx_interface.hlp 
Execute                 source /proj/xbuilds/SWIP/2020.1_0602_1208/installs/lin64/Vitis/2020.1/common/technology/xilinx/interface/maxi.hlp 
Execute                 source /proj/xbuilds/SWIP/2020.1_0602_1208/installs/lin64/Vitis/2020.1/common/technology/xilinx/interface/saxilite.hlp 
Execute               source /proj/xbuilds/SWIP/2020.1_0602_1208/installs/lin64/Vitis/2020.1/common/technology/xilinx/common/dsp48.hlp 
Execute         source /proj/xbuilds/SWIP/2020.1_0602_1208/installs/lin64/Vitis/2020.1/common/technology/xilinx/virtexuplus/virtexuplus_fpv7.gen 
Execute           source /proj/xbuilds/SWIP/2020.1_0602_1208/installs/lin64/Vitis/2020.1/common/technology/xilinx/common/xilinx_fp.gen 
INFO: [HLS 200-10] Setting target device to 'xcvu11p-flga2577-1-e'
Execute       ap_part_info -name xcvu11p-flga2577-1-e -data info 
Execute       get_default_platform 
Command     set_part done; 0.23 sec.
Execute     ap_part_info -data single -name xcvu11p-flga2577-1-e 
Execute     ap_part_info -name xcvu11p-flga2577-1-e -data resources 
Execute     config_chip_info -resource {SLICE 162000} {LUT 1296000} {FF 2592000} {DSP 9216} {BRAM 4032} {URAM 960} {SLR 3} 
Execute     ap_part_info -name xcvu11p-flga2577-1-e -data info 
Execute     config_chip_info -speed slow 
Execute     send_msg_by_id INFO @200-1505@%s%s  vivado 
INFO: [HLS 200-1505] Using flow_target 'vivado'
Execute     get_config_interface -m_axi_latency 
Execute     get_config_interface -m_axi_alignment_byte_size 
Execute     get_config_interface -m_axi_max_widen_bitwidth 
Execute     get_config_interface -default_interface 
Execute     get_config_interface -default_slave_interface 
Execute     get_config_rtl -register_reset_num 
Command   open_solution done; 0.28 sec.
Execute   set_part xcvu11p-flga2577-1-e 
INFO-FLOW: DBG:set_part: XILINX_VIVADO=/proj/xbuilds/SWIP/2020.1_0602_1208/installs/lin64/Vivado/2020.1
INFO-FLOW: DBG:set_part: RDI_DATADIR=/proj/xbuilds/SWIP/2020.1_0602_1208/installs/lin64/Vivado/2020.1/data:/proj/xbuilds/SWIP/2020.1_0602_1208/installs/lin64/Vitis/2020.1/data
Execute     ap_part_info -name xcvu11p-flga2577-1-e -data single -quiet 
Execute     ap_part_info -name xcvu11p-flga2577-1-e -data info 
Execute     ap_family_info -name virtexuplus -data info 
Execute     add_library xilinx/virtexuplus/virtexuplus:xcvu11p:-flga2577:-1-e 
Execute       get_default_platform 
Execute       open_platform DefaultPlatform 
Execute       import_lib /proj/xbuilds/SWIP/2020.1_0602_1208/installs/lin64/Vitis/2020.1/common/technology/xilinx/virtexuplus/virtexuplus 
Execute         source /proj/xbuilds/SWIP/2020.1_0602_1208/installs/lin64/Vitis/2020.1/common/technology/xilinx/common/xilinx.lib 
Execute           source /proj/xbuilds/SWIP/2020.1_0602_1208/installs/lin64/Vitis/2020.1/common/technology/xilinx/common/dsp48.lib 
Execute         source /proj/xbuilds/SWIP/2020.1_0602_1208/installs/lin64/Vitis/2020.1/common/technology/xilinx/common/xilinx.hlp 
Execute           source /proj/xbuilds/SWIP/2020.1_0602_1208/installs/lin64/Vitis/2020.1/common/technology/xilinx/interface/xilinx_interface.hlp 
Execute             source /proj/xbuilds/SWIP/2020.1_0602_1208/installs/lin64/Vitis/2020.1/common/technology/xilinx/interface/maxi.hlp 
Execute             source /proj/xbuilds/SWIP/2020.1_0602_1208/installs/lin64/Vitis/2020.1/common/technology/xilinx/interface/saxilite.hlp 
Execute           source /proj/xbuilds/SWIP/2020.1_0602_1208/installs/lin64/Vitis/2020.1/common/technology/xilinx/common/dsp48.hlp 
Execute         source /proj/xbuilds/SWIP/2020.1_0602_1208/installs/lin64/Vitis/2020.1/common/technology/xilinx/virtexuplus/dsp48e2.hlp 
Execute       source /proj/xbuilds/SWIP/2020.1_0602_1208/installs/lin64/Vitis/2020.1/common/technology/xilinx/virtexuplus/virtexuplus.gen 
Execute         source /proj/xbuilds/SWIP/2020.1_0602_1208/installs/lin64/Vitis/2020.1/common/technology/xilinx/common/xilinx.gen 
Execute           source /proj/xbuilds/SWIP/2020.1_0602_1208/installs/lin64/Vitis/2020.1/common/technology/xilinx/interface/plb46.gen 
Execute           source /proj/xbuilds/SWIP/2020.1_0602_1208/installs/lin64/Vitis/2020.1/common/technology/xilinx/interface/axi4.gen 
Execute           source /proj/xbuilds/SWIP/2020.1_0602_1208/installs/lin64/Vitis/2020.1/common/technology/xilinx/interface/nativeAXI4.gen 
Execute             source /proj/xbuilds/SWIP/2020.1_0602_1208/installs/lin64/Vitis/2020.1/common/technology/xilinx/interface/saxilite.gen 
Execute             source /proj/xbuilds/SWIP/2020.1_0602_1208/installs/lin64/Vitis/2020.1/common/technology/xilinx/interface/maxi.gen 
Execute           source /proj/xbuilds/SWIP/2020.1_0602_1208/installs/lin64/Vitis/2020.1/common/technology/xilinx/scripts/xilinxcoregen.gen 
Execute           source /proj/xbuilds/SWIP/2020.1_0602_1208/installs/lin64/Vitis/2020.1/common/technology/xilinx/interface/XilEDKCoreGen.gen 
Execute           source /proj/xbuilds/SWIP/2020.1_0602_1208/installs/lin64/Vitis/2020.1/common/technology/xilinx/ip/dds_compiler.gen 
Execute           source /proj/xbuilds/SWIP/2020.1_0602_1208/installs/lin64/Vitis/2020.1/common/technology/xilinx/ip/util.gen 
Execute           source /proj/xbuilds/SWIP/2020.1_0602_1208/installs/lin64/Vitis/2020.1/common/technology/xilinx/ip/xfft.gen 
Execute           source /proj/xbuilds/SWIP/2020.1_0602_1208/installs/lin64/Vitis/2020.1/common/technology/xilinx/ip/xfir.gen 
Execute           source /proj/xbuilds/SWIP/2020.1_0602_1208/installs/lin64/Vitis/2020.1/common/technology/xilinx/common/dsp48.gen 
Command         ap_source done; 0.11 sec.
Command       ap_source done; 0.11 sec.
Execute       ap_part_info -data single -name xcvu11p-flga2577-1-e 
Execute       ap_part_info -name xcvu11p-flga2577-1-e -data resources 
Execute       config_chip_info -resource {SLICE 162000} {LUT 1296000} {FF 2592000} {DSP 9216} {BRAM 4032} {URAM 960} {SLR 3} 
Execute       ap_part_info -name xcvu11p-flga2577-1-e -data info 
Execute       config_chip_info -speed slow 
Command     add_library done; 0.14 sec.
Execute     add_library xilinx/virtexuplus/virtexuplus_fpv7 
Execute       get_default_platform 
Execute       open_platform DefaultPlatform 
Execute       import_lib /proj/xbuilds/SWIP/2020.1_0602_1208/installs/lin64/Vitis/2020.1/common/technology/xilinx/virtexuplus/virtexuplus_fpv7 
Execute         source /proj/xbuilds/SWIP/2020.1_0602_1208/installs/lin64/Vitis/2020.1/common/technology/xilinx/common/xilinx_fp.lib 
Execute         source /proj/xbuilds/SWIP/2020.1_0602_1208/installs/lin64/Vitis/2020.1/common/technology/xilinx/common/xilinx_fp.hlp 
Execute           source /proj/xbuilds/SWIP/2020.1_0602_1208/installs/lin64/Vitis/2020.1/common/technology/xilinx/common/xilinx.hlp 
Execute             source /proj/xbuilds/SWIP/2020.1_0602_1208/installs/lin64/Vitis/2020.1/common/technology/xilinx/interface/xilinx_interface.hlp 
Execute               source /proj/xbuilds/SWIP/2020.1_0602_1208/installs/lin64/Vitis/2020.1/common/technology/xilinx/interface/maxi.hlp 
Execute               source /proj/xbuilds/SWIP/2020.1_0602_1208/installs/lin64/Vitis/2020.1/common/technology/xilinx/interface/saxilite.hlp 
Execute             source /proj/xbuilds/SWIP/2020.1_0602_1208/installs/lin64/Vitis/2020.1/common/technology/xilinx/common/dsp48.hlp 
Execute       source /proj/xbuilds/SWIP/2020.1_0602_1208/installs/lin64/Vitis/2020.1/common/technology/xilinx/virtexuplus/virtexuplus_fpv7.gen 
Execute         source /proj/xbuilds/SWIP/2020.1_0602_1208/installs/lin64/Vitis/2020.1/common/technology/xilinx/common/xilinx_fp.gen 
Execute     ap_part_info -name xcvu11p-flga2577-1-e -data info 
Execute     get_default_platform 
Command   set_part done; 0.22 sec.
Execute   create_clock -period 10 -name default 
Execute     ap_set_clock -name default -period 10 -default=false 
INFO: [SYN 201-201] Setting up clock 'default' with a period of 10ns.
Execute   csynth_design 
Execute     get_config_compile -dump_cfg 
Execute     get_config_compile -effort 
Execute     get_config_compile -enable_clang39 
Execute     get_config_compile -g 
Execute     get_config_compile -ng 
Execute     get_config_compile -opt_fp 
Execute     get_config_compile -skip_cdt 
Execute     get_config_compile -skip_syncheck 
Execute     get_config_compile -skip_transform 
Execute     get_config_compile -keep_printf 
Execute     elaborate -effort=medium -skip_syncheck=0 -keep_printf=0 -skip_cdt=0 -skip_transform=0 -ng=0 -g=0 -opt_fp=0 -from_csynth_design=1 
INFO: [HLS 200-10] Analyzing design file 'src/polar_clip.cpp' ... 
INFO-FLOW: Compiling one TU...
Execute       get_config_compile -pragma_strict_mode 
INFO-FLOW: Handling src/polar_clip.cpp as C++
Execute       ap_part_info -name xcvu11p-flga2577-1-e -data info 
INFO-FLOW: Running: GCC PP 39
INFO-FLOW: Source preprocessing
Execute       ap_eval exec -ignorestderr /proj/xbuilds/SWIP/2020.1_0602_1208/installs/lin64/Vitis/2020.1/lnx64/tools/clang-3.9-csynth/bin/clang -fsave-optimization-record -foptimization-record-file=/proj/xsjhdstaff4/abehbood/Model_Composer_Examples_3/lab8/polar_clip/solution1/.autopilot/db/clang.polar_clip.cpp.diag.yml -fno-limit-debug-info -gcc-toolchain /proj/xbuilds/SWIP/2020.1_0602_1208/installs/lin64/Vivado/2020.1/tps/lnx64/gcc-6.2.0 -fhls -fno-exceptions -E src/polar_clip.cpp -fno-math-errno -c -emit-llvm -mllvm -disable-llvm-optzns -Werror=implicit-function-declaration -Werror=implicit-hls-streams -Werror=return-type -Wpragmas -Wunused-parameter -fno-threadsafe-statics -fno-use-cxa-atexit -std=gnu++14 -target fpga64-xilinx-linux-gnu -fno-threadsafe-statics -fno-use-cxa-atexit -I /proj/xbuilds/SWIP/2020.1_0602_1208/installs/lin64/Vitis/2020.1/common/technology/autopilot/39 -DAESL_SYN -D__SYNTHESIS__ -D__HLS_SYN__ -I /proj/xbuilds/SWIP/2020.1_0602_1208/installs/lin64/Vitis/2020.1/common/technology/autopilot -I /proj/xbuilds/SWIP/2020.1_0602_1208/installs/lin64/Vitis/2020.1/common/technology/autopilot/ap_sysc -include etc/autopilot_ssdm_op.h -D__DSP48E2__ -o /proj/xsjhdstaff4/abehbood/Model_Composer_Examples_3/lab8/polar_clip/solution1/.autopilot/db/polar_clip.pp.0.cpp > /proj/xsjhdstaff4/abehbood/Model_Composer_Examples_3/lab8/polar_clip/solution1/.autopilot/db/clang.polar_clip.cpp.out.log 2> /proj/xsjhdstaff4/abehbood/Model_Composer_Examples_3/lab8/polar_clip/solution1/.autopilot/db/clang.polar_clip.cpp.err.log 
Command       ap_eval done; 0.13 sec.
INFO-FLOW: Done: GCC PP 39 time: 0.1 seconds per iteration
Execute       set_directive_top polar_clip -name=polar_clip 
INFO-FLOW: Setting directive 'TOP' name=polar_clip 
INFO-FLOW: Setting directive 'TOP' name=polar_clip 
Execute       source /proj/xbuilds/SWIP/2020.1_0602_1208/installs/lin64/Vitis/2020.1/tps/tcl/tcllib1.11.1/yaml/huddle.tcl 
Execute       source /proj/xbuilds/SWIP/2020.1_0602_1208/installs/lin64/Vitis/2020.1/tps/tcl/tcllib1.11.1/yaml/json2huddle.tcl 
Execute         source /proj/xbuilds/SWIP/2020.1_0602_1208/installs/lin64/Vitis/2020.1/tps/tcl/tcllib1.11.1/try/try.tcl 
INFO-FLOW: Setting directive 'TOP' name=polar_clip 
Execute       list_core -type functional_unit 
Execute       clang_tidy xilinx-systemc-detector /proj/xsjhdstaff4/abehbood/Model_Composer_Examples_3/lab8/polar_clip/solution1/.autopilot/db/polar_clip.pp.0.cpp std=gnu++14 -target fpga  -directive=/proj/xsjhdstaff4/abehbood/Model_Composer_Examples_3/lab8/polar_clip/solution1/.autopilot/db/.systemc_flag 
INFO-FLOW: exec /proj/xbuilds/SWIP/2020.1_0602_1208/installs/lin64/Vitis/2020.1/lnx64/tools/clang-3.9-csynth/bin/clang-tidy -header-filter=.* --checks=-*,xilinx-systemc-detector -import-directive=/proj/xsjhdstaff4/abehbood/Model_Composer_Examples_3/lab8/polar_clip/solution1/.autopilot/db/.systemc_flag -fix-errors /proj/xsjhdstaff4/abehbood/Model_Composer_Examples_3/lab8/polar_clip/solution1/.autopilot/db/polar_clip.pp.0.cpp -- -std=gnu++14 -target fpga -fhls -ferror-limit=0
Command       clang_tidy done; 0.76 sec.
INFO-FLOW: Running: clang-tidy CDT preprocess 39
Execute       clang_tidy xilinx-directive2pragma /proj/xsjhdstaff4/abehbood/Model_Composer_Examples_3/lab8/polar_clip/solution1/.autopilot/db/polar_clip.pp.0.cpp std=gnu++14 -target fpga  -directive=/proj/xsjhdstaff4/abehbood/Model_Composer_Examples_3/lab8/polar_clip/solution1/.autopilot/db/all.directive.json 
INFO-FLOW: exec /proj/xbuilds/SWIP/2020.1_0602_1208/installs/lin64/Vitis/2020.1/lnx64/tools/clang-3.9-csynth/bin/clang-tidy -header-filter=.* --checks=-*,xilinx-directive2pragma -import-directive=/proj/xsjhdstaff4/abehbood/Model_Composer_Examples_3/lab8/polar_clip/solution1/.autopilot/db/all.directive.json -fix-errors /proj/xsjhdstaff4/abehbood/Model_Composer_Examples_3/lab8/polar_clip/solution1/.autopilot/db/polar_clip.pp.0.cpp -- -std=gnu++14 -target fpga -fhls -ferror-limit=0
Command       clang_tidy done; 1.08 sec.
Execute       clang_tidy xilinx-constantarray-param,xilinx-remove-assert /proj/xsjhdstaff4/abehbood/Model_Composer_Examples_3/lab8/polar_clip/solution1/.autopilot/db/polar_clip.pp.0.cpp std=gnu++14 -target fpga  
INFO-FLOW: exec /proj/xbuilds/SWIP/2020.1_0602_1208/installs/lin64/Vitis/2020.1/lnx64/tools/clang-3.9-csynth/bin/clang-tidy -header-filter=.* --checks=-*,xilinx-constantarray-param,xilinx-remove-assert -fix-errors /proj/xsjhdstaff4/abehbood/Model_Composer_Examples_3/lab8/polar_clip/solution1/.autopilot/db/polar_clip.pp.0.cpp -- -std=gnu++14 -target fpga -fhls -ferror-limit=0
Command       clang_tidy done; 0.82 sec.
INFO-FLOW: Done: clang-tidy CDT preprocess 39 time: 1.9 seconds per iteration
INFO-FLOW: Calling xilinx-label-all-loops ... 
Execute       clang_tidy -errorcheck xilinx-label-all-loops /proj/xsjhdstaff4/abehbood/Model_Composer_Examples_3/lab8/polar_clip/solution1/.autopilot/db/polar_clip.pp.0.cpp std=gnu++14 -target fpga  
Execute         ap_eval exec -ignorestderr /proj/xbuilds/SWIP/2020.1_0602_1208/installs/lin64/Vitis/2020.1/lnx64/tools/clang-3.9-csynth/bin/clang-tidy -export-fixes=/proj/xsjhdstaff4/abehbood/Model_Composer_Examples_3/lab8/polar_clip/solution1/.autopilot/db/clang-tidy.polar_clip.pp.0.cpp.diag.yml -header-filter=.* --checks=-*,xilinx-label-all-loops -fix-errors /proj/xsjhdstaff4/abehbood/Model_Composer_Examples_3/lab8/polar_clip/solution1/.autopilot/db/polar_clip.pp.0.cpp -- -std=gnu++14 -target fpga -fhls -ferror-limit=0 > /proj/xsjhdstaff4/abehbood/Model_Composer_Examples_3/lab8/polar_clip/solution1/.autopilot/db/clang-tidy.polar_clip.pp.0.cpp.out.log 2> /proj/xsjhdstaff4/abehbood/Model_Composer_Examples_3/lab8/polar_clip/solution1/.autopilot/db/clang-tidy.polar_clip.pp.0.cpp.err.log 
Command         ap_eval done; 1.21 sec.
Execute         source /proj/xbuilds/SWIP/2020.1_0602_1208/installs/lin64/Vitis/2020.1/tps/tcl/tcllib1.11.1/yaml/yaml.tcl 
Execute           source /proj/xbuilds/SWIP/2020.1_0602_1208/installs/lin64/Vitis/2020.1/tps/tcl/tcllib1.11.1/cmdline/cmdline.tcl 
Command       clang_tidy done; 1.24 sec.
Execute       clang_tidy -errorcheck xilinx-top-parameters /proj/xsjhdstaff4/abehbood/Model_Composer_Examples_3/lab8/polar_clip/solution1/.autopilot/db/polar_clip.pp.0.cpp std=gnu++14 -target fpga  
Execute         ap_eval exec -ignorestderr /proj/xbuilds/SWIP/2020.1_0602_1208/installs/lin64/Vitis/2020.1/lnx64/tools/clang-3.9-csynth/bin/clang-tidy -export-fixes=/proj/xsjhdstaff4/abehbood/Model_Composer_Examples_3/lab8/polar_clip/solution1/.autopilot/db/clang-tidy.polar_clip.pp.0.cpp.diag.yml -header-filter=.* --checks=-*,xilinx-top-parameters -fix-errors /proj/xsjhdstaff4/abehbood/Model_Composer_Examples_3/lab8/polar_clip/solution1/.autopilot/db/polar_clip.pp.0.cpp -- -std=gnu++14 -target fpga -fhls -ferror-limit=0 > /proj/xsjhdstaff4/abehbood/Model_Composer_Examples_3/lab8/polar_clip/solution1/.autopilot/db/clang-tidy.polar_clip.pp.0.cpp.out.log 2> /proj/xsjhdstaff4/abehbood/Model_Composer_Examples_3/lab8/polar_clip/solution1/.autopilot/db/clang-tidy.polar_clip.pp.0.cpp.err.log 
Command         ap_eval done; 0.71 sec.
Command       clang_tidy done; 0.71 sec.
Execute       clang_tidy -errorcheck xilinx-array-stream-check /proj/xsjhdstaff4/abehbood/Model_Composer_Examples_3/lab8/polar_clip/solution1/.autopilot/db/polar_clip.pp.0.cpp std=gnu++14 -target fpga  
Execute         ap_eval exec -ignorestderr /proj/xbuilds/SWIP/2020.1_0602_1208/installs/lin64/Vitis/2020.1/lnx64/tools/clang-3.9-csynth/bin/clang-tidy -export-fixes=/proj/xsjhdstaff4/abehbood/Model_Composer_Examples_3/lab8/polar_clip/solution1/.autopilot/db/clang-tidy.polar_clip.pp.0.cpp.diag.yml -header-filter=.* --checks=-*,xilinx-array-stream-check -fix-errors /proj/xsjhdstaff4/abehbood/Model_Composer_Examples_3/lab8/polar_clip/solution1/.autopilot/db/polar_clip.pp.0.cpp -- -std=gnu++14 -target fpga -fhls -ferror-limit=0 > /proj/xsjhdstaff4/abehbood/Model_Composer_Examples_3/lab8/polar_clip/solution1/.autopilot/db/clang-tidy.polar_clip.pp.0.cpp.out.log 2> /proj/xsjhdstaff4/abehbood/Model_Composer_Examples_3/lab8/polar_clip/solution1/.autopilot/db/clang-tidy.polar_clip.pp.0.cpp.err.log 
Command         ap_eval done; 0.72 sec.
Command       clang_tidy done; 0.72 sec.
Execute       get_config_dataflow -strict_mode 
Execute       ap_eval exec -ignorestderr /proj/xbuilds/SWIP/2020.1_0602_1208/installs/lin64/Vitis/2020.1/lnx64/tools/clang-3.9-csynth/bin/xilinx-dataflow-lawyer -export-fixes=/proj/xsjhdstaff4/abehbood/Model_Composer_Examples_3/lab8/polar_clip/solution1/.autopilot/db/xilinx-dataflow-lawyer.polar_clip.pp.0.cpp.diag.yml /proj/xsjhdstaff4/abehbood/Model_Composer_Examples_3/lab8/polar_clip/solution1/.autopilot/db/polar_clip.pp.0.cpp -- -std=gnu++14 -target fpga -fhls -ferror-limit=0 -fstrict-dataflow > /proj/xsjhdstaff4/abehbood/Model_Composer_Examples_3/lab8/polar_clip/solution1/.autopilot/db/xilinx-dataflow-lawyer.polar_clip.pp.0.cpp.out.log 2> /proj/xsjhdstaff4/abehbood/Model_Composer_Examples_3/lab8/polar_clip/solution1/.autopilot/db/xilinx-dataflow-lawyer.polar_clip.pp.0.cpp.err.log 
Command       ap_eval done; 0.72 sec.
Execute       clang_tidy -errorcheck xilinx-warn-mayneed-no-ctor-attribute /proj/xsjhdstaff4/abehbood/Model_Composer_Examples_3/lab8/polar_clip/solution1/.autopilot/db/polar_clip.pp.0.cpp std=gnu++14 -target fpga  
Execute         ap_eval exec -ignorestderr /proj/xbuilds/SWIP/2020.1_0602_1208/installs/lin64/Vitis/2020.1/lnx64/tools/clang-3.9-csynth/bin/clang-tidy -export-fixes=/proj/xsjhdstaff4/abehbood/Model_Composer_Examples_3/lab8/polar_clip/solution1/.autopilot/db/clang-tidy.polar_clip.pp.0.cpp.diag.yml -header-filter=.* --checks=-*,xilinx-warn-mayneed-no-ctor-attribute -fix-errors /proj/xsjhdstaff4/abehbood/Model_Composer_Examples_3/lab8/polar_clip/solution1/.autopilot/db/polar_clip.pp.0.cpp -- -std=gnu++14 -target fpga -fhls -ferror-limit=0 > /proj/xsjhdstaff4/abehbood/Model_Composer_Examples_3/lab8/polar_clip/solution1/.autopilot/db/clang-tidy.polar_clip.pp.0.cpp.out.log 2> /proj/xsjhdstaff4/abehbood/Model_Composer_Examples_3/lab8/polar_clip/solution1/.autopilot/db/clang-tidy.polar_clip.pp.0.cpp.err.log 
Command         ap_eval done; 0.82 sec.
Command       clang_tidy done; 0.83 sec.
Execute       ap_part_info -name xcvu11p-flga2577-1-e -data info 
INFO-FLOW: compiling source code to llvm bc
Execute       ap_eval exec -ignorestderr /proj/xbuilds/SWIP/2020.1_0602_1208/installs/lin64/Vitis/2020.1/lnx64/tools/clang-3.9-csynth/bin/clang -fsave-optimization-record -foptimization-record-file=/proj/xsjhdstaff4/abehbood/Model_Composer_Examples_3/lab8/polar_clip/solution1/.autopilot/db/clang.polar_clip.pragma.2.cpp.diag.yml -fno-limit-debug-info -fhls -flto -fno-exceptions -Wno-error=c++11-narrowing /proj/xsjhdstaff4/abehbood/Model_Composer_Examples_3/lab8/polar_clip/solution1/.autopilot/db/polar_clip.pragma.2.cpp -fno-math-errno -c -emit-llvm -mllvm -disable-llvm-optzns -Werror=implicit-function-declaration -Werror=implicit-hls-streams -Werror=return-type -Wpragmas -Wunused-parameter -fno-threadsafe-statics -fno-use-cxa-atexit -std=gnu++14 -target fpga64-xilinx-linux-gnu -DAESL_SYN -D__SYNTHESIS__ -D__HLS_SYN__ -I /proj/xbuilds/SWIP/2020.1_0602_1208/installs/lin64/Vitis/2020.1/common/technology/autopilot -I /proj/xbuilds/SWIP/2020.1_0602_1208/installs/lin64/Vitis/2020.1/common/technology/autopilot/ap_sysc -include etc/autopilot_ssdm_op.h -D__DSP48E2__ -g -o /proj/xsjhdstaff4/abehbood/Model_Composer_Examples_3/lab8/polar_clip/solution1/.autopilot/db/polar_clip.bc > /proj/xsjhdstaff4/abehbood/Model_Composer_Examples_3/lab8/polar_clip/solution1/.autopilot/db/clang.polar_clip.pragma.2.cpp.out.log 2> /proj/xsjhdstaff4/abehbood/Model_Composer_Examples_3/lab8/polar_clip/solution1/.autopilot/db/clang.polar_clip.pragma.2.cpp.err.log 
Command       ap_eval done; 0.75 sec.
INFO-FLOW: Linking Debug ...
INFO-FLOW: Linking dut bc code.
Execute       run_link_or_opt -out /proj/xsjhdstaff4/abehbood/Model_Composer_Examples_3/lab8/polar_clip/solution1/.autopilot/db/a.g.ld.0.bc -args  "/proj/xsjhdstaff4/abehbood/Model_Composer_Examples_3/lab8/polar_clip/solution1/.autopilot/db/polar_clip.g.bc"  
Execute         ap_eval exec -ignorestderr /proj/xbuilds/SWIP/2020.1_0602_1208/installs/lin64/Vitis/2020.1/lnx64/tools/clang-3.9-csynth/bin/llvm-link /proj/xsjhdstaff4/abehbood/Model_Composer_Examples_3/lab8/polar_clip/solution1/.autopilot/db/polar_clip.g.bc -o /proj/xsjhdstaff4/abehbood/Model_Composer_Examples_3/lab8/polar_clip/solution1/.autopilot/db/a.g.ld.0.bc > /proj/xsjhdstaff4/abehbood/Model_Composer_Examples_3/lab8/polar_clip/solution1/.autopilot/db/llvm-link.a.g.ld.0.bc.out.log 2> /proj/xsjhdstaff4/abehbood/Model_Composer_Examples_3/lab8/polar_clip/solution1/.autopilot/db/llvm-link.a.g.ld.0.bc.err.log 
INFO-FLOW: 
Execute       run_link_or_opt -opt -out /proj/xsjhdstaff4/abehbood/Model_Composer_Examples_3/lab8/polar_clip/solution1/.autopilot/db/a.g.ld.1.lower.bc -args /proj/xsjhdstaff4/abehbood/Model_Composer_Examples_3/lab8/polar_clip/solution1/.autopilot/db/a.g.ld.0.bc -reflow-lower-math-intrinsics 
Execute         ap_eval exec -ignorestderr /proj/xbuilds/SWIP/2020.1_0602_1208/installs/lin64/Vitis/2020.1/lnx64/tools/clang-3.9-csynth/bin/opt -pass-remarks-missed=.* -pass-remarks-output=/proj/xsjhdstaff4/abehbood/Model_Composer_Examples_3/lab8/polar_clip/solution1/.autopilot/db/opt.a.g.ld.1.lower.bc.diag.yml /proj/xsjhdstaff4/abehbood/Model_Composer_Examples_3/lab8/polar_clip/solution1/.autopilot/db/a.g.ld.0.bc -reflow-lower-math-intrinsics -o /proj/xsjhdstaff4/abehbood/Model_Composer_Examples_3/lab8/polar_clip/solution1/.autopilot/db/a.g.ld.1.lower.bc > /proj/xsjhdstaff4/abehbood/Model_Composer_Examples_3/lab8/polar_clip/solution1/.autopilot/db/opt.a.g.ld.1.lower.bc.out.log 2> /proj/xsjhdstaff4/abehbood/Model_Composer_Examples_3/lab8/polar_clip/solution1/.autopilot/db/opt.a.g.ld.1.lower.bc.err.log 
INFO-FLOW: 
INFO-FLOW: Linking math bc lib
Execute       run_link_or_opt -out /proj/xsjhdstaff4/abehbood/Model_Composer_Examples_3/lab8/polar_clip/solution1/.autopilot/db/a.g.ld.2.m1.bc -args /proj/xsjhdstaff4/abehbood/Model_Composer_Examples_3/lab8/polar_clip/solution1/.autopilot/db/a.g.ld.1.lower.bc -only-needed /proj/xbuilds/SWIP/2020.1_0602_1208/installs/lin64/Vitis/2020.1/lnx64/lib/libhlsm_39.bc /proj/xbuilds/SWIP/2020.1_0602_1208/installs/lin64/Vitis/2020.1/lnx64/lib/libhlsmc++_39.bc 
Execute         ap_eval exec -ignorestderr /proj/xbuilds/SWIP/2020.1_0602_1208/installs/lin64/Vitis/2020.1/lnx64/tools/clang-3.9-csynth/bin/llvm-link /proj/xsjhdstaff4/abehbood/Model_Composer_Examples_3/lab8/polar_clip/solution1/.autopilot/db/a.g.ld.1.lower.bc -only-needed /proj/xbuilds/SWIP/2020.1_0602_1208/installs/lin64/Vitis/2020.1/lnx64/lib/libhlsm_39.bc /proj/xbuilds/SWIP/2020.1_0602_1208/installs/lin64/Vitis/2020.1/lnx64/lib/libhlsmc++_39.bc -o /proj/xsjhdstaff4/abehbood/Model_Composer_Examples_3/lab8/polar_clip/solution1/.autopilot/db/a.g.ld.2.m1.bc > /proj/xsjhdstaff4/abehbood/Model_Composer_Examples_3/lab8/polar_clip/solution1/.autopilot/db/llvm-link.a.g.ld.2.m1.bc.out.log 2> /proj/xsjhdstaff4/abehbood/Model_Composer_Examples_3/lab8/polar_clip/solution1/.autopilot/db/llvm-link.a.g.ld.2.m1.bc.err.log 
Command         ap_eval done; 2.73 sec.
INFO-FLOW: 
Command       run_link_or_opt done; 2.73 sec.
Execute       run_link_or_opt -opt -out /proj/xsjhdstaff4/abehbood/Model_Composer_Examples_3/lab8/polar_clip/solution1/.autopilot/db/a.g.ld.3.fpc.bc -args /proj/xsjhdstaff4/abehbood/Model_Composer_Examples_3/lab8/polar_clip/solution1/.autopilot/db/a.g.ld.2.m1.bc -reflow-globaldce -hls-top-function-name=polar_clip -reflow-float-conversion 
Execute         ap_eval exec -ignorestderr /proj/xbuilds/SWIP/2020.1_0602_1208/installs/lin64/Vitis/2020.1/lnx64/tools/clang-3.9-csynth/bin/opt -pass-remarks-missed=.* -pass-remarks-output=/proj/xsjhdstaff4/abehbood/Model_Composer_Examples_3/lab8/polar_clip/solution1/.autopilot/db/opt.a.g.ld.3.fpc.bc.diag.yml /proj/xsjhdstaff4/abehbood/Model_Composer_Examples_3/lab8/polar_clip/solution1/.autopilot/db/a.g.ld.2.m1.bc -reflow-globaldce -hls-top-function-name=polar_clip -reflow-float-conversion -o /proj/xsjhdstaff4/abehbood/Model_Composer_Examples_3/lab8/polar_clip/solution1/.autopilot/db/a.g.ld.3.fpc.bc > /proj/xsjhdstaff4/abehbood/Model_Composer_Examples_3/lab8/polar_clip/solution1/.autopilot/db/opt.a.g.ld.3.fpc.bc.out.log 2> /proj/xsjhdstaff4/abehbood/Model_Composer_Examples_3/lab8/polar_clip/solution1/.autopilot/db/opt.a.g.ld.3.fpc.bc.err.log 
Command         ap_eval done; 0.96 sec.
INFO-FLOW: 
Command       run_link_or_opt done; 0.96 sec.
Execute       run_link_or_opt -out /proj/xsjhdstaff4/abehbood/Model_Composer_Examples_3/lab8/polar_clip/solution1/.autopilot/db/a.g.ld.4.m2.bc -args /proj/xsjhdstaff4/abehbood/Model_Composer_Examples_3/lab8/polar_clip/solution1/.autopilot/db/a.g.ld.3.fpc.bc -only-needed /proj/xbuilds/SWIP/2020.1_0602_1208/installs/lin64/Vitis/2020.1/lnx64/lib/libfloatconversion_39.bc 
Execute         ap_eval exec -ignorestderr /proj/xbuilds/SWIP/2020.1_0602_1208/installs/lin64/Vitis/2020.1/lnx64/tools/clang-3.9-csynth/bin/llvm-link /proj/xsjhdstaff4/abehbood/Model_Composer_Examples_3/lab8/polar_clip/solution1/.autopilot/db/a.g.ld.3.fpc.bc -only-needed /proj/xbuilds/SWIP/2020.1_0602_1208/installs/lin64/Vitis/2020.1/lnx64/lib/libfloatconversion_39.bc -o /proj/xsjhdstaff4/abehbood/Model_Composer_Examples_3/lab8/polar_clip/solution1/.autopilot/db/a.g.ld.4.m2.bc > /proj/xsjhdstaff4/abehbood/Model_Composer_Examples_3/lab8/polar_clip/solution1/.autopilot/db/llvm-link.a.g.ld.4.m2.bc.out.log 2> /proj/xsjhdstaff4/abehbood/Model_Composer_Examples_3/lab8/polar_clip/solution1/.autopilot/db/llvm-link.a.g.ld.4.m2.bc.err.log 
Command         ap_eval done; 0.13 sec.
INFO-FLOW: 
Command       run_link_or_opt done; 0.13 sec.
Execute       run_link_or_opt -opt -out /proj/xsjhdstaff4/abehbood/Model_Composer_Examples_3/lab8/polar_clip/solution1/.autopilot/db/a.g.ld.5.gdce.bc -args /proj/xsjhdstaff4/abehbood/Model_Composer_Examples_3/lab8/polar_clip/solution1/.autopilot/db/a.g.ld.4.m2.bc -reflow-globaldce -hls-top-function-name=polar_clip 
Execute         ap_eval exec -ignorestderr /proj/xbuilds/SWIP/2020.1_0602_1208/installs/lin64/Vitis/2020.1/lnx64/tools/clang-3.9-csynth/bin/opt -pass-remarks-missed=.* -pass-remarks-output=/proj/xsjhdstaff4/abehbood/Model_Composer_Examples_3/lab8/polar_clip/solution1/.autopilot/db/opt.a.g.ld.5.gdce.bc.diag.yml /proj/xsjhdstaff4/abehbood/Model_Composer_Examples_3/lab8/polar_clip/solution1/.autopilot/db/a.g.ld.4.m2.bc -reflow-globaldce -hls-top-function-name=polar_clip -o /proj/xsjhdstaff4/abehbood/Model_Composer_Examples_3/lab8/polar_clip/solution1/.autopilot/db/a.g.ld.5.gdce.bc > /proj/xsjhdstaff4/abehbood/Model_Composer_Examples_3/lab8/polar_clip/solution1/.autopilot/db/opt.a.g.ld.5.gdce.bc.out.log 2> /proj/xsjhdstaff4/abehbood/Model_Composer_Examples_3/lab8/polar_clip/solution1/.autopilot/db/opt.a.g.ld.5.gdce.bc.err.log 
INFO-FLOW: 
Execute       get_solution -flow_target 
Execute       get_config_export -xo 
Execute       get_config_export -format 
Execute       get_config_rtl -module_prefix 
Execute       get_config_interface -default_interface 
Execute       send_msg_by_id INFO @200-777@%s Vivado 
INFO: [HLS 200-777] Using interface defaults for 'Vivado' target.
Execute       get_config_interface -default_slave_interface 
Execute       get_solution -flow_target 
Execute       get_config_export -xo 
Execute       get_config_export -format 
Execute       get_config_interface -m_axi_offset 
Execute       get_config_interface -m_axi_latency 
Execute       get_config_interface -m_axi_alignment_byte_size 
Execute       get_config_interface -m_axi_min_bitwidth 
Execute       get_config_interface -m_axi_max_bitwidth 
Execute       get_config_interface -m_axi_max_widen_bitwidth 
Execute       get_config_interface -m_axi_num_read_outstanding 
Execute       get_config_interface -m_axi_num_write_outstanding 
Execute       get_config_interface -m_axi_max_read_burst_length 
Execute       get_config_interface -m_axi_max_write_burst_length 
Execute       get_config_interface -m_axi_min_bitwidth 
Execute       get_config_interface -m_axi_max_bitwidth 
Execute       get_config_interface -m_axi_latency 
Execute       get_config_interface -m_axi_min_bitwidth 
Execute       get_config_interface -m_axi_max_bitwidth 
Execute       get_config_interface -m_axi_max_widen_bitwidth 
Execute       get_config_interface -m_axi_auto_max_ports 
Execute       get_config_interface -m_axi_num_read_outstanding 
Execute       get_config_interface -m_axi_num_write_outstanding 
Execute       get_config_interface -m_axi_max_read_burst_length 
Execute       get_config_interface -m_axi_max_write_burst_length 
Execute       get_config_interface -s_axilite_data64 
Execute       get_config_interface -m_axi_alignment_byte_size 
Execute       get_config_compile -pragma_strict_mode 
INFO-FLOW: Doing LTO.
Execute       ap_eval exec -ignorestderr /proj/xbuilds/SWIP/2020.1_0602_1208/installs/lin64/Vitis/2020.1/lnx64/tools/clang-3.9-csynth/bin/clang -fsave-optimization-record -foptimization-record-file=/proj/xsjhdstaff4/abehbood/Model_Composer_Examples_3/lab8/polar_clip/solution1/.autopilot/db/clang.a.g.ld.0.bc.diag.yml -fhls -mllvm -hls-top-function-name=polar_clip -mllvm -hls-db-dir -mllvm /proj/xsjhdstaff4/abehbood/Model_Composer_Examples_3/lab8/polar_clip/solution1/.autopilot/db -emit-llvm -c -mllvm -hls-bitcode-version=3.1 -target fpga64-xilinx-none -mllvm -xcl-xmlinfo=/proj/xsjhdstaff4/abehbood/Model_Composer_Examples_3/lab8/polar_clip/solution1/.autopilot/db/kernel.internal.xml -mllvm -top-io-mapping-info=/proj/xsjhdstaff4/abehbood/Model_Composer_Examples_3/lab8/polar_clip/solution1/.autopilot/db/top-io-fe.xml -mllvm -pass-remarks=supported-subset -mllvm -reflow-enable-interface-default-setting=false -mllvm -reflow-enable-slave-interface-default-setting=false -mllvm -gen-kernel-xml=false -mllvm -maxi-latency=0 -mllvm -hls-maxi-data-size-in-bits=8 -mllvm -hls-maxi-max-data-size-in-bits=1024 -mllvm -hls-max-widen-size-in-bits=0 -mllvm -xcl-kernel-max-mem-ports=0 -mllvm -maxi-read-trans=16 -mllvm -maxi-write-trans=16 -mllvm -maxi-read-burst-len=16 -mllvm -maxi-write-burst-len=16 -mllvm -reflow-enable-saxi-64bits=0 -mllvm -assume-maxi-align=0 -mllvm -no-unaligned-maxi-accesses -x ir /proj/xsjhdstaff4/abehbood/Model_Composer_Examples_3/lab8/polar_clip/solution1/.autopilot/db/a.g.ld.5.gdce.bc -o /proj/xsjhdstaff4/abehbood/Model_Composer_Examples_3/lab8/polar_clip/solution1/.autopilot/db/a.g.lto.bc > /proj/xsjhdstaff4/abehbood/Model_Composer_Examples_3/lab8/polar_clip/solution1/.autopilot/db/clang.a.g.ld.0.bc.out.log 2> /proj/xsjhdstaff4/abehbood/Model_Composer_Examples_3/lab8/polar_clip/solution1/.autopilot/db/clang.a.g.ld.0.bc.err.log 
Command       ap_eval done; 0.54 sec.
INFO: [HLS 214-131] Inlining function 'hls::stream<ap_axis<32, 0, 0, 0>, 0>::read()' into 'polar_clip' (src/polar_clip.cpp:126:41)
INFO: [HLS 214-131] Inlining function 'hls::stream<ap_axis<32, 0, 0, 0>, 0>::write(ap_axis<32, 0, 0, 0> const&)' into 'polar_clip' (src/polar_clip.cpp:184:14)
INFO-FLOW: DBG:CMD: copy_raw_kernel_xml ap_link_39: kernel.xml not generated: /proj/xsjhdstaff4/abehbood/Model_Composer_Examples_3/lab8/polar_clip/solution1/.autopilot/db/kernel.internal.xml
INFO: [HLS 200-111] Finished Linking Time (s): cpu = 00:00:31 ; elapsed = 00:00:33 . Memory (MB): peak = 1687.891 ; gain = 1295.809 ; free physical = 34649 ; free virtual = 54643
INFO: [HLS 200-111] Finished Checking Pragmas Time (s): cpu = 00:00:31 ; elapsed = 00:00:33 . Memory (MB): peak = 1687.891 ; gain = 1295.809 ; free physical = 34649 ; free virtual = 54642
Execute       opt_and_import_c a -opt_level=2 -skip_syncheck=0 -ng=0 -keep_printf=0 
Execute         cleanup_all_models 
INFO: [HLS 200-10] Starting code transformations ...
INFO-FLOW: Running Standard Transforms...
Execute         transform -hls -share-std-xform -demangle-name -inline-byval-memcpy -always-inline -promote-dbg-pointer -interface-preproc -mem2reg -scalarrepl -mem2reg -keep-read-access -instcombine -dce -promote-dbg-pointer -bitop-raise -loop-simplify -indvarspre -indvars -loop-simplify -xunroll -constprop -instcombine -simplifycfg -indvars -simplifycfg -dce -globaldce -basicaa -simplifycfg -mem2reg -globalopt -global-constprop -deadargelim -instcombine -simplifycfg -scalarrepl -instcombine -reassociate -licm -simplifycfg -loop-simplify -indvars -instcombine -simplifycfg -mem2reg -loop-simplify -indvars -instcombine -gvn -gvn -instcombine -adce -break-crit-edges -simplifycfg -loop-delete -global-array-opt -dce -dse -adce -find-syn-modules -top polar_clip -deadargelim -mem2reg -instcombine -dce -presyn-prepare -auto-rom-infer -interface-preproc -syn-check -check-rec-only -find-region -simplifycfg -func-extr -function-inline -globaldce -mem2reg -instcombine -dce -gvn -globaldce -adce -adse -constprop -instcombine -bit-constprop -instcombine -dce -simplifycfg -bitop-raise -simplifycfg -dce -loop-delete -reassociate -globalopt -global-privatize -mem2reg -dce -global-constprop -pointer-simplify -constprop -dce -func-inst -deadargelim -auto-shift-reg-idiom -promote-dbg-pointer -norm-name /proj/xsjhdstaff4/abehbood/Model_Composer_Examples_3/lab8/polar_clip/solution1/.autopilot/db/a.g.0.bc -o /proj/xsjhdstaff4/abehbood/Model_Composer_Examples_3/lab8/polar_clip/solution1/.autopilot/db/a.g.1.bc -f -phase std-opt 
INFO: [HLS 200-111] Finished Standard Transforms Time (s): cpu = 00:00:31 ; elapsed = 00:00:34 . Memory (MB): peak = 1687.891 ; gain = 1295.809 ; free physical = 34636 ; free virtual = 54631
INFO: [HLS 200-10] Checking synthesizability ...
INFO-FLOW: Checking Synthesizability 1/2..
Execute         transform -hls -syn-check -check-rec-only -disaggr -scalarrepl -norm-name -dce -mem2reg -instcombine -function-uniquify -directive-preproc -mem2reg -dse -dce -auto-rom-infer -dce -pag -array-normalize -instcombine -dce -warn-fifo-pointer -array-seg-normalize -instcombine -dce -data-pack -instcombine -dce -inst-simplify -array-flatten -instcombine -dce -array-burst -dce -deadargelim -promote-global-argument -simplifycfg -mem2reg -globaldce -dce -deadargelim -dce -instcombine -function-inline -globaldce -dce -doublePtrSimplify -doublePtrElim -dce -doublePtrSimplify -promote-dbg-pointer -dce -scalarrepl -dse -adse -instcombine -ptrLegalization -simplifycfg -dce -instcombine -pointer-simplify -ptrArgReplace -dce -instcombine -resolve-double-ptr -disaggr -scalarrepl -norm-name -dce -mem2reg -instcombine -ptrLegalization -simplifycfg -deadargelim -instcombine -dce -inst-simplify -function-uniquify -directive-preproc -mem2reg -dse -dce -globaldce -check-dspbuiltin /proj/xsjhdstaff4/abehbood/Model_Composer_Examples_3/lab8/polar_clip/solution1/.autopilot/db/a.g.1.bc -o /proj/xsjhdstaff4/abehbood/Model_Composer_Examples_3/lab8/polar_clip/solution1/.autopilot/db/a.g.2.prechk.bc -f 
INFO-FLOW: Checking Synthesizability 2/2..
Execute         transform -syn-check /proj/xsjhdstaff4/abehbood/Model_Composer_Examples_3/lab8/polar_clip/solution1/.autopilot/db/a.g.2.prechk.bc -o /proj/xsjhdstaff4/abehbood/Model_Composer_Examples_3/lab8/polar_clip/solution1/.autopilot/db/a.g.2.bc -f -phase syn-check 
INFO: [HLS 200-111] Finished Checking Synthesizability Time (s): cpu = 00:00:31 ; elapsed = 00:00:34 . Memory (MB): peak = 1687.891 ; gain = 1295.809 ; free physical = 34622 ; free virtual = 54618
INFO-FLOW: Compiler optimizing ...
INFO-FLOW: Share syncheck's 1.bc for syn flow: copy /proj/xsjhdstaff4/abehbood/Model_Composer_Examples_3/lab8/polar_clip/solution1/.autopilot/db/a.g.1.bc to /proj/xsjhdstaff4/abehbood/Model_Composer_Examples_3/lab8/polar_clip/solution1/.autopilot/db/a.o.1.bc
INFO-FLOW: Presyn 1...
Execute         transform -hls -tmp /proj/xsjhdstaff4/abehbood/Model_Composer_Examples_3/lab8/polar_clip/solution1/.autopilot/db -interface-port-rename -function-uniquify -directive-preproc -mem2reg -dse -dce -disaggr -scalarrepl -norm-name -deadargelim -mem2reg -instcombine -dce -simplifycfg -auto-rom-infer -dce -function-uniquify -resource-proc -clib-intrinsic-prepare -dce -func-buffer -dce -pag -array-normalize -func-legal -instcombine -gvn -constprop -dce -simplifycfg -mem2reg -globaldce -resolve-double-ptr -dce -deadargelim -dce -instcombine -ptrArgReplace -mem2reg -dce -array-seg-normalize -deadargelim -instcombine -dce -function-uniquify -directive-preproc -mem2reg -dse -dce -pointer-simplify -dce -port-alignment -dce -interface-preproc -data-pack -instcombine -dce -basicaa -aggr-aa -aggrmodref-aa -aggr-aa -gvn -gvn -basicaa -aggr-aa -aggrmodref-aa -aggr-aa -dse -adse -adce -loop-simplify -indvars -instcombine -gvn -loop-simplify -mem2reg -dce -find-region -instcombine -auto-loop-pipeline -inst-simplify -interface-preproc -cfgopt -instcombine -indvars -auto-loop-unroll -loop-simplify -loop-bound -xunroll -constprop -instcombine -simplifycfg -indvars -simplifycfg -dce -globaldce -clean-region -attach-range -gvn -inst-simplify -constprop -simplifycfg -dce -pointer-simplify -dce -globalopt -constprop -dce -array-promote -constprop -dce -ptrArgReplace -mem2reg -simplifycfg -dce -auto-par -instcombine -dce -array-transform-check -array-reshape -instcombine -simplifycfg -dce -ptrArgReplace -deadargelim -mem2reg -instcombine -simplifycfg -dce -indvars -loop-simplify -loop-bound -xunroll -constprop -instcombine -simplifycfg -indvars -simplifycfg -dce -globaldce -basicaa -aggr-aa -aggrmodref-aa -aggr-aa -dse -duplicate-dataflow-processes -globaldce -instcombine -array-partition -instcombine -simplifycfg -dce -ptrArgReplace -global-constprop -deadargelim -mem2reg -func-legal -dce -global-constprop -deadargelim -mem2reg -simplifycfg -dce -merge-param -deadargelim -globalopt -constprop -dce -array-promote -constprop -dce -ptrArgReplace -mem2reg -simplifycfg -dce -mem-intrinsic-preproc -dce -global-internalize -global-privatize -mem2reg -globaldce -promote-global-argument -ptrArgReplace -mem2reg -dce -globalopt -mergereturn -simplify-global-access -mem2reg -dce -pointer-simplify -dce -functionattrs -basicaa -aggr-aa -aggrmodref-aa -aggr-aa -gvn -gvn -basicaa -aggr-aa -aggrmodref-aa -aggr-aa -dse -adse -adce -dce -norm-name -function-inline -complex-op-raise -inst-simplify -globaldce -func-inst -constprop -instcombine -simplifycfg -dce -func-legal -dce -loop-bound -arraycheck -bitwidthmin2 -bitwidthmin2 -on-by-dataflow -loop-delete -instcombine -simplifycfg -globaldce -dce -gvn -deadargelim -dce -loop-simplify -clean-region -simplifycfg -propagate-stable-arguments -loop-stream -instcombine -simplifycfg -dce -globaldce -duplicate-dataflow-processes -stream-intrinsic-preproc -dce -check-ap-stream -loop-simplify -eliminate-keepreads -extract-dataflow-in-loop -loop-simplify -dce -gvn -deadargelim -dse -check-dataflow-syntax -legalize-stream-variable -legalize-global -extract-subproc -dce -dead-channel-elimination -canonicalize-gep -globaldce -dce -gvn -deadargelim -directive-preproc -annotate-dataflow-channels -scalar-propagation -deadargelim -globaldce -mem2reg -check-dataflow-channels -function-stream -dce -globaldce -prop-fifo-spec -internal-stream-gen -canonicalize-gep -globaldce -dce -gvn -deadargelim -mergereturn -indvars -loop-simplify -instcombine -array-stream -array-seg-normalize -array-partition -func-legal -instcombine -simplifycfg -dce -bundle-memfifo-ops -deadargelim -function-uniquify -directive-preproc -mem2reg -dse -dce -group-axi-access -licm -simplifycfg -dce -loop-delete -norm-name /proj/xsjhdstaff4/abehbood/Model_Composer_Examples_3/lab8/polar_clip/solution1/.autopilot/db/a.o.1.bc -o /proj/xsjhdstaff4/abehbood/Model_Composer_Examples_3/lab8/polar_clip/solution1/.autopilot/db/a.o.1.tmp.bc -f 
INFO: [XFORM 203-510] Pipelining loop 'VITIS_LOOP_71_1' in function 'cos_sin_mag' automatically.
Command         transform done; 0.16 sec.
INFO-FLOW: Presyn 2...
Execute         transform -hls -keep-callgraph -scalarrepl -mem2reg -port-alignment -attach-range -dce -pipe-mux-gen -indvars -loop-bound -inst-simplify -instcombine -dce -merge-array-access -mem2reg -dce -clean-region -mergereturn -if-conv -instcombine -dce -constprop -basicaa -aggr-aa -aggrmodref-aa -aggr-aa -gvn -gvn -basicaa -aggr-aa -aggrmodref-aa -aggr-aa -dse -adse -adce -scalarrepl -mem2reg -global-constprop -deadargelim -deadargelim -instcombine -dce -simplifycfg -ptrArgReplace -mem2reg -function-inline -globaldce -mem2reg -instcombine -dce -expr-balance -instcombine -dce -bitwidthmin2 -bitwidthmin2 -interface-preproc -directive-preproc -inst-rectify -instcombine -dce -functionattrs -constprop -instcombine -bit-constprop -simplify-global-access -globalopt -globaldce -inst-simplify -instcombine -elimdeaddata -dce -loop-delete -simplifycfg -loop-simplify -auto-burst -barrier -norm-name /proj/xsjhdstaff4/abehbood/Model_Composer_Examples_3/lab8/polar_clip/solution1/.autopilot/db/a.o.1.tmp.bc -o /proj/xsjhdstaff4/abehbood/Model_Composer_Examples_3/lab8/polar_clip/solution1/.autopilot/db/a.o.2.bc -f -phase presyn 
INFO: [XFORM 203-401] Performing if-conversion on hyperblock to (src/polar_clip.cpp:185:1) in function 'polar_clip'... converting 3 basic blocks.
INFO: [XFORM 203-401] Performing if-conversion on hyperblock to (src/polar_clip.cpp:71:21) in function 'cos_sin_mag'... converting 4 basic blocks.
INFO: [XFORM 203-401] Performing if-conversion on hyperblock from (src/polar_clip.cpp:71:34) to (src/polar_clip.cpp:113:1) in function 'cos_sin_mag'... converting 6 basic blocks.
Command         transform done; 0.12 sec.
INFO: [HLS 200-111] Finished Pre-synthesis Time (s): cpu = 00:00:31 ; elapsed = 00:00:34 . Memory (MB): peak = 1687.891 ; gain = 1295.809 ; free physical = 34586 ; free virtual = 54584
Execute         get_config_compile -enable_loop_extract 
INFO-FLOW: Building ssdm...
Execute         transform -hls -function-uniquify -auto-function-inline -globaldce -ptrArgReplace -mem2reg -dce -reset-lda -loop-simplify -indvars -aggr-aa -licm -loop-dep -loop-bound -licm -loop-simplify -flattenloopnest -array-flatten -gvn -instcombine -dce -array-map -dce -func-legal -gvn -adce -instcombine -cfgopt -simplifycfg -loop-simplify -array-burst -promote-global-argument -dce -array-seg-normalize -basicaa -aggrmodref-aa -globalsmodref-aa -aggr-aa -gvn -gvn -basicaa -aggrmodref-aa -globalsmodref-aa -aggr-aa -dse -adse -adce -licm -inst-simplify -dce -globaldce -instcombine -array-stream -eliminate-keepreads -instcombine -dce -deadargelim -doublePtrSimplify -doublePtrElim -dce -doublePtrSimplify -promote-dbg-pointer -dce -scalarrepl -mem2reg -disaggr -norm-name -mem2reg -instcombine -dse -adse -adce -ptrLegalization -dce -auto-rom-infer -array-flatten -dce -instcombine -check-doubleptr -loop-rot -constprop -cfgopt -simplifycfg -loop-simplify -indvars -pointer-simplify -dce -loop-bound -loop-simplify -loop-preproc -constprop -global-constprop -gvn -mem2reg -instcombine -dce -loop-bound -loop-merge -dce -bitwidthmin2 -bitwidthmin2 -deadargelim -dce -canonicalize-dataflow -dce -scalar-propagation -deadargelim -globaldce -mem2reg -read-loop-dep -interface-preproc -directive-preproc -interface-gen -bram-byte-enable -deadargelim -inst-simplify -dce -gvn -mem2reg -instcombine -dce -adse -loop-bound -instcombine -cfgopt -simplifycfg -loop-simplify -clean-region -io-protocol -find-region -mem2reg -bitop-raise -complex-op-raise -inst-simplify -inst-rectify -instcombine -adce -deadargelim -loop-simplify -phi-opt -bitop-raise -cfgopt -simplifycfg -strip-dead-prototypes -interface-lower -bitop-lower -intrinsic-lower -auto-function-inline -basicaa -aggrmodref-aa -globalsmodref-aa -aggr-aa -inst-simplify -simplifycfg -loop-simplify -mergereturn -inst-simplify -inst-rectify -dce -load-elim -bitop-lower -loop-rewind -pointer-simplify -dce -cfgopt -dce -loop-bound -loop-dep -read-loop-dep -dce -check-stream -norm-name -legalize -validate-dataflow -inst-clarity -bitwidth -dump-loop-dep-to-ir -check-all-ssdm -cdfg-build /proj/xsjhdstaff4/abehbood/Model_Composer_Examples_3/lab8/polar_clip/solution1/.autopilot/db/a.o.2.bc -o /proj/xsjhdstaff4/abehbood/Model_Composer_Examples_3/lab8/polar_clip/solution1/.autopilot/db/a.o.3.bc -f -phase build-ssdm 
Command         transform done; 0.14 sec.
INFO: [HLS 200-111] Finished Architecture Synthesis Time (s): cpu = 00:00:31 ; elapsed = 00:00:34 . Memory (MB): peak = 1687.891 ; gain = 1295.809 ; free physical = 34582 ; free virtual = 54581
INFO-FLOW: Finish building internal data model.
Command       opt_and_import_c done; 0.68 sec.
Command     elaborate done; 15.77 sec.
Execute     autosyn -from_csynth_design=1 
INFO: [HLS 200-10] Starting hardware synthesis ...
INFO-FLOW: Synthesizing C/C++ design ...
INFO: [HLS 200-10] Synthesizing 'polar_clip' ...
Execute       ap_set_top_model polar_clip 
Execute       get_model_list polar_clip -filter all-wo-channel -topdown 
Execute       preproc_iomode -model polar_clip 
Execute       get_model_list polar_clip -filter all-wo-channel 
INFO-FLOW: Model list for configure: polar_clip
INFO-FLOW: Configuring Module : polar_clip ...
Execute       set_default_model polar_clip 
Execute       apply_spec_resource_limit polar_clip 
INFO-FLOW: Model list for preprocess: polar_clip
INFO-FLOW: Preprocessing Module: polar_clip ...
Execute       set_default_model polar_clip 
Execute       cdfg_preprocess -model polar_clip 
Execute       rtl_gen_preprocess polar_clip 
INFO-FLOW: Model list for synthesis: polar_clip
INFO: [HLS 200-10] ----------------------------------------------------------------
INFO: [HLS 200-42] -- Implementing module 'polar_clip' 
INFO: [HLS 200-10] ----------------------------------------------------------------
Execute       set_default_model polar_clip 
Execute       schedule -model polar_clip 
INFO: [SCHED 204-11] Starting scheduling ...
INFO: [HLS 200-486] Changing DSP48 latency (root=value_imag_sq_V) to 3 in order to utilize available DSP registers.
INFO: [HLS 200-486] Changing DSP48 latency (root=value_real_sq_V) to 3 in order to utilize available DSP registers.
INFO: [HLS 200-486] Changing DSP48 latency (root=ovalue_imag_V) to 3 in order to utilize available DSP registers.
INFO: [HLS 200-486] Changing DSP48 latency (root=ovalue_real_V) to 3 in order to utilize available DSP registers.
INFO: [HLS 200-486] Changing DSP48 latency (root=mul_ln86) to 3 in order to utilize available DSP registers.
INFO: [SCHED 204-61] Pipelining loop 'VITIS_LOOP_71_1'.
INFO: [HLS 200-1470] Pipelining result : Target II = 1, Final II = 1, Depth = 1.
INFO: [SCHED 204-11] Finished scheduling.
Command       schedule done; 0.12 sec.
INFO: [HLS 200-111]  Elapsed time: 34.24 seconds; current allocated memory: 445.898 MB.
Execute       syn_report -verbosereport -o /proj/xsjhdstaff4/abehbood/Model_Composer_Examples_3/lab8/polar_clip/solution1/.autopilot/db/polar_clip.verbose.sched.rpt 
Execute         AP::get_flow_target_display_name
Execute           get_solution -flow_target 
Execute       db_write -o /proj/xsjhdstaff4/abehbood/Model_Composer_Examples_3/lab8/polar_clip/solution1/.autopilot/db/polar_clip.sched.adb -f 
INFO-FLOW: Finish scheduling polar_clip.
Execute       set_default_model polar_clip 
Execute       bind -model polar_clip 
INFO: [BIND 205-100] Starting micro-architecture generation ...
INFO: [BIND 205-101] Performing variable lifetime analysis.
INFO: [BIND 205-101] Exploring resource sharing.
INFO: [BIND 205-101] Binding ...
INFO: [BIND 205-100] Finished micro-architecture generation.
INFO: [HLS 200-111]  Elapsed time: 0.1 seconds; current allocated memory: 446.421 MB.
Execute       syn_report -verbosereport -o /proj/xsjhdstaff4/abehbood/Model_Composer_Examples_3/lab8/polar_clip/solution1/.autopilot/db/polar_clip.verbose.bind.rpt 
Execute         AP::get_flow_target_display_name
Execute           get_solution -flow_target 
Command       syn_report done; 0.11 sec.
Execute       db_write -o /proj/xsjhdstaff4/abehbood/Model_Composer_Examples_3/lab8/polar_clip/solution1/.autopilot/db/polar_clip.bind.adb -f 
INFO-FLOW: Finish binding polar_clip.
Execute       get_model_list polar_clip -filter all-wo-channel 
INFO-FLOW: Preprocessing for RTLGen ...
Execute       rtl_gen_preprocess polar_clip 
INFO-FLOW: Model list for RTL generation: polar_clip
INFO: [HLS 200-10] ----------------------------------------------------------------
INFO: [HLS 200-10] -- Generating RTL for module 'polar_clip' 
INFO: [HLS 200-10] ----------------------------------------------------------------
Execute       get_config_rtl -module_prefix 
Execute       get_config_rtl -module_prefix 
Execute       get_config_rtl -module_auto_prefix 
Execute       create_rtl_model polar_clip -top_prefix  -sub_prefix polar_clip_ -mg_file /proj/xsjhdstaff4/abehbood/Model_Composer_Examples_3/lab8/polar_clip/solution1/.autopilot/db/polar_clip.compgen.tcl 
WARNING: [RTGEN 206-101] Design contains AXI ports. Reset is fixed to synchronous and active low.
INFO: [RTGEN 206-500] Setting interface mode on port 'polar_clip/in_sample_V_data_V' to 'axis' (register, both mode).
INFO: [RTGEN 206-500] Setting interface mode on port 'polar_clip/in_sample_V_keep_V' to 'axis' (register, both mode).
INFO: [RTGEN 206-500] Setting interface mode on port 'polar_clip/in_sample_V_strb_V' to 'axis' (register, both mode).
INFO: [RTGEN 206-500] Setting interface mode on port 'polar_clip/in_sample_V_last_V' to 'axis' (register, both mode).
INFO: [RTGEN 206-500] Setting interface mode on port 'polar_clip/out_sample_V_data_V' to 'axis' (register, both mode).
INFO: [RTGEN 206-500] Setting interface mode on port 'polar_clip/out_sample_V_keep_V' to 'axis' (register, both mode).
INFO: [RTGEN 206-500] Setting interface mode on port 'polar_clip/out_sample_V_strb_V' to 'axis' (register, both mode).
INFO: [RTGEN 206-500] Setting interface mode on port 'polar_clip/out_sample_V_last_V' to 'axis' (register, both mode).
INFO: [RTGEN 206-500] Setting interface mode on function 'polar_clip' to 'ap_ctrl_none'.
INFO: [RTGEN 206-100] Generating core module 'mac_muladd_16s_16s_32s_32_4_1': 1 instance(s).
INFO: [RTGEN 206-100] Generating core module 'mul_mul_10ns_25s_25_4_1': 1 instance(s).
INFO: [RTGEN 206-100] Generating core module 'mul_mul_16s_16s_16_4_1': 2 instance(s).
INFO: [RTGEN 206-100] Generating core module 'mul_mul_16s_16s_32_4_1': 1 instance(s).
INFO: [RTGEN 206-100] Finished creating RTL model for 'polar_clip'.
INFO: [HLS 200-111]  Elapsed time: 0.2 seconds; current allocated memory: 447.428 MB.
Execute       source /proj/xsjhdstaff4/abehbood/Model_Composer_Examples_3/lab8/polar_clip/solution1/.autopilot/db/polar_clip.rtl_wrap.cfg.tcl 
Execute       gen_rtl polar_clip -istop -style xilinx -f -lang vhdl -o /proj/xsjhdstaff4/abehbood/Model_Composer_Examples_3/lab8/polar_clip/solution1/syn/vhdl/polar_clip 
Execute       gen_rtl polar_clip -istop -style xilinx -f -lang vlog -o /proj/xsjhdstaff4/abehbood/Model_Composer_Examples_3/lab8/polar_clip/solution1/syn/verilog/polar_clip 
Execute       syn_report -csynth -model polar_clip -o /proj/xsjhdstaff4/abehbood/Model_Composer_Examples_3/lab8/polar_clip/solution1/syn/report/polar_clip_csynth.rpt 
Execute         AP::get_flow_target_display_name
Execute           get_solution -flow_target 
Execute       syn_report -rtlxml -model polar_clip -o /proj/xsjhdstaff4/abehbood/Model_Composer_Examples_3/lab8/polar_clip/solution1/syn/report/polar_clip_csynth.xml 
Execute         get_solution -flow_target
Execute           get_solution -flow_target 
Execute       syn_report -verbosereport -model polar_clip -o /proj/xsjhdstaff4/abehbood/Model_Composer_Examples_3/lab8/polar_clip/solution1/.autopilot/db/polar_clip.verbose.rpt 
Execute         AP::get_flow_target_display_name
Execute           get_solution -flow_target 
Command       syn_report done; 0.12 sec.
Execute       db_write -model polar_clip -f -o /proj/xsjhdstaff4/abehbood/Model_Composer_Examples_3/lab8/polar_clip/solution1/.autopilot/db/polar_clip.adb 
Execute       gen_tb_info polar_clip -p /proj/xsjhdstaff4/abehbood/Model_Composer_Examples_3/lab8/polar_clip/solution1/.autopilot/db -o /proj/xsjhdstaff4/abehbood/Model_Composer_Examples_3/lab8/polar_clip/solution1/.autopilot/db/polar_clip 
Execute       export_constraint_db -f -tool general -o /proj/xsjhdstaff4/abehbood/Model_Composer_Examples_3/lab8/polar_clip/solution1/.autopilot/db/polar_clip.constraint.tcl 
Execute       syn_report -designview -model polar_clip -o /proj/xsjhdstaff4/abehbood/Model_Composer_Examples_3/lab8/polar_clip/solution1/.autopilot/db/polar_clip.design.xml 
Execute       get_config_rtl -disable_wave_debug 
Execute       syn_report -wcfg -model polar_clip -o /proj/xsjhdstaff4/abehbood/Model_Composer_Examples_3/lab8/polar_clip/solution1/.autopilot/db/polar_clip_dataflow_ana.wcfg 
Execute       syn_report -protoinst -model polar_clip -o /proj/xsjhdstaff4/abehbood/Model_Composer_Examples_3/lab8/polar_clip/solution1/.autopilot/db/polar_clip.protoinst 
Execute       get_config_debug -directory 
Execute       sc_get_clocks polar_clip 
Execute       get_config_export -vivado_clock 
Execute       get_config_rtl -module_prefix 
Execute       get_config_rtl -module_prefix 
Execute       get_config_rtl -module_auto_prefix 
Execute       sc_get_portdomain polar_clip 
INFO-FLOW: Model list for RTL component generation: polar_clip
INFO-FLOW: Handling components in module [polar_clip] ... 
Execute       source /proj/xsjhdstaff4/abehbood/Model_Composer_Examples_3/lab8/polar_clip/solution1/.autopilot/db/polar_clip.compgen.tcl 
INFO-FLOW: Found component polar_clip_mul_mul_16s_16s_32_4_1.
INFO-FLOW: Append model polar_clip_mul_mul_16s_16s_32_4_1
INFO-FLOW: Found component polar_clip_mac_muladd_16s_16s_32s_32_4_1.
INFO-FLOW: Append model polar_clip_mac_muladd_16s_16s_32s_32_4_1
INFO-FLOW: Found component polar_clip_mul_mul_10ns_25s_25_4_1.
INFO-FLOW: Append model polar_clip_mul_mul_10ns_25s_25_4_1
INFO-FLOW: Found component polar_clip_mul_mul_16s_16s_16_4_1.
INFO-FLOW: Append model polar_clip_mul_mul_16s_16s_16_4_1
INFO-FLOW: Found component polar_clip_rotation_sin_lut.
INFO-FLOW: Append model polar_clip_rotation_sin_lut
INFO-FLOW: Found component polar_clip_rotation_cos_lut.
INFO-FLOW: Append model polar_clip_rotation_cos_lut
INFO-FLOW: Found component regslice_core.
INFO-FLOW: Append model regslice_core
INFO-FLOW: Append model polar_clip
INFO-FLOW: Generating RTL model list ...
INFO-FLOW: All models in this session: polar_clip_mul_mul_16s_16s_32_4_1 polar_clip_mac_muladd_16s_16s_32s_32_4_1 polar_clip_mul_mul_10ns_25s_25_4_1 polar_clip_mul_mul_16s_16s_16_4_1 polar_clip_rotation_sin_lut polar_clip_rotation_cos_lut regslice_core polar_clip
INFO-FLOW: To file: write model polar_clip_mul_mul_16s_16s_32_4_1
INFO-FLOW: To file: write model polar_clip_mac_muladd_16s_16s_32s_32_4_1
INFO-FLOW: To file: write model polar_clip_mul_mul_10ns_25s_25_4_1
INFO-FLOW: To file: write model polar_clip_mul_mul_16s_16s_16_4_1
INFO-FLOW: To file: write model polar_clip_rotation_sin_lut
INFO-FLOW: To file: write model polar_clip_rotation_cos_lut
INFO-FLOW: To file: write model regslice_core
INFO-FLOW: To file: write model polar_clip
INFO-FLOW: Finished generating RTL model list.


INFO-FLOW: RTL Generation done.
INFO-FLOW: CAS Generation done.
INFO-FLOW: CBC Generation done.
Execute       get_top 
Execute       get_config_export -ipname 
Execute       get_config_export -xo 
Execute       get_config_export -format 
Execute       get_config_rtl -module_auto_prefix 
INFO-FLOW: DBG:CMD:   auto_impl: set ipname to top (module_auto_prefix): polar_clip
INFO-FLOW: DBG:CMD: auto_generate_csynth_design
INFO-FLOW: DBG:CMD:     auto_generate --sim-model -phase csynth_design -d /proj/xsjhdstaff4/abehbood/Model_Composer_Examples_3/lab8/polar_clip/solution1
Execute       get_solution -flow_target 
Execute       get_config_export -xo 
Execute       get_config_export -format 
Execute       source /proj/xsjhdstaff4/abehbood/Model_Composer_Examples_3/lab8/polar_clip/solution1/.autopilot/db/global.setting.tcl 
INFO-FLOW: DBG:CMD: read_platform_lib /proj/xsjhdstaff4/abehbood/Model_Composer_Examples_3/lab8/polar_clip/solution1/.autopilot/db/global.setting.tcl
Execute       source /proj/xbuilds/SWIP/2020.1_0602_1208/installs/lin64/Vitis/2020.1/common/technology/generic/autopilot/common.gen 
Execute         source /proj/xbuilds/SWIP/2020.1_0602_1208/installs/lin64/Vitis/2020.1/common/technology/generic/autopilot/APCoreGen.gen 
Execute       source /proj/xbuilds/SWIP/2020.1_0602_1208/installs/lin64/Vitis/2020.1/common/technology/generic/autopilot/op.gen 
Execute       source /proj/xbuilds/SWIP/2020.1_0602_1208/installs/lin64/Vitis/2020.1/common/technology/generic/autopilot/op_simcore.gen 
Execute       source /proj/xbuilds/SWIP/2020.1_0602_1208/installs/lin64/Vitis/2020.1/common/technology/generic/autopilot/interface.gen 
Execute       source /proj/xsjhdstaff4/abehbood/Model_Composer_Examples_3/lab8/polar_clip/solution1/.autopilot/db/global.setting.tcl 
Execute       source /proj/xbuilds/SWIP/2020.1_0602_1208/installs/lin64/Vitis/2020.1/common/technology/xilinx/virtexuplus/virtexuplus.gen 
Execute         source /proj/xbuilds/SWIP/2020.1_0602_1208/installs/lin64/Vitis/2020.1/common/technology/xilinx/common/xilinx.gen 
Execute           source /proj/xbuilds/SWIP/2020.1_0602_1208/installs/lin64/Vitis/2020.1/common/technology/xilinx/interface/plb46.gen 
Execute           source /proj/xbuilds/SWIP/2020.1_0602_1208/installs/lin64/Vitis/2020.1/common/technology/xilinx/interface/axi4.gen 
Execute           source /proj/xbuilds/SWIP/2020.1_0602_1208/installs/lin64/Vitis/2020.1/common/technology/xilinx/interface/nativeAXI4.gen 
Execute             source /proj/xbuilds/SWIP/2020.1_0602_1208/installs/lin64/Vitis/2020.1/common/technology/xilinx/interface/saxilite.gen 
Execute             source /proj/xbuilds/SWIP/2020.1_0602_1208/installs/lin64/Vitis/2020.1/common/technology/xilinx/interface/maxi.gen 
Execute           source /proj/xbuilds/SWIP/2020.1_0602_1208/installs/lin64/Vitis/2020.1/common/technology/xilinx/scripts/xilinxcoregen.gen 
Execute           source /proj/xbuilds/SWIP/2020.1_0602_1208/installs/lin64/Vitis/2020.1/common/technology/xilinx/interface/XilEDKCoreGen.gen 
Execute           source /proj/xbuilds/SWIP/2020.1_0602_1208/installs/lin64/Vitis/2020.1/common/technology/xilinx/ip/dds_compiler.gen 
Execute           source /proj/xbuilds/SWIP/2020.1_0602_1208/installs/lin64/Vitis/2020.1/common/technology/xilinx/ip/util.gen 
Execute           source /proj/xbuilds/SWIP/2020.1_0602_1208/installs/lin64/Vitis/2020.1/common/technology/xilinx/ip/xfft.gen 
Execute           source /proj/xbuilds/SWIP/2020.1_0602_1208/installs/lin64/Vitis/2020.1/common/technology/xilinx/ip/xfir.gen 
Execute           source /proj/xbuilds/SWIP/2020.1_0602_1208/installs/lin64/Vitis/2020.1/common/technology/xilinx/common/dsp48.gen 
Command         ap_source done; 0.11 sec.
Command       ap_source done; 0.11 sec.
Execute       source /proj/xbuilds/SWIP/2020.1_0602_1208/installs/lin64/Vitis/2020.1/common/technology/xilinx/virtexuplus/virtexuplus_fpv7.gen 
Execute         source /proj/xbuilds/SWIP/2020.1_0602_1208/installs/lin64/Vitis/2020.1/common/technology/xilinx/common/xilinx_fp.gen 
INFO-FLOW: DBG:CMD:   using AESL_AUTOCG::g_clock_period=10.000 (was NA)
INFO-FLOW: DBG:CMD:       generate_ip_cores sim=1 export=0 expOnly=0 dstVlogDir=syn/verilog
Execute       source /proj/xsjhdstaff4/abehbood/Model_Composer_Examples_3/lab8/polar_clip/solution1/.autopilot/db/global.setting.tcl 
Execute       ap_part_info -name xcvu11p-flga2577-1-e -data names -quiet 
Execute       ap_part_info -name xcvu11p-flga2577-1-e -data info -quiet 
Execute       source /proj/xsjhdstaff4/abehbood/Model_Composer_Examples_3/lab8/polar_clip/solution1/.autopilot/db/global.setting.tcl 
Execute       source /proj/xsjhdstaff4/abehbood/Model_Composer_Examples_3/lab8/polar_clip/solution1/.autopilot/db/global.setting.tcl 
Execute       source /proj/xsjhdstaff4/abehbood/Model_Composer_Examples_3/lab8/polar_clip/solution1/.autopilot/db/polar_clip.compgen.tcl 
Execute         ap_part_info -name xcvu11p-flga2577-1-e -data names -quiet 
Execute         ap_part_info -name xcvu11p-flga2577-1-e -data info -quiet 
Execute         ap_part_info -name xcvu11p-flga2577-1-e -data names -quiet 
Execute         ap_part_info -name xcvu11p-flga2577-1-e -data info -quiet 
Execute         ap_part_info -name xcvu11p-flga2577-1-e -data info 
Execute         ap_part_info -name xcvu11p-flga2577-1-e -data names -quiet 
Execute         ap_part_info -name xcvu11p-flga2577-1-e -data info -quiet 
Execute         ap_part_info -name xcvu11p-flga2577-1-e -data names -quiet 
Execute         ap_part_info -name xcvu11p-flga2577-1-e -data info -quiet 
Execute         ap_part_info -name xcvu11p-flga2577-1-e -data names -quiet 
Execute         ap_part_info -name xcvu11p-flga2577-1-e -data info -quiet 
INFO: [RTMG 210-279] Implementing memory 'polar_clip_rotation_sin_lut_rom' using auto ROMs.
Execute         ap_part_info -name xcvu11p-flga2577-1-e -data names -quiet 
Execute         ap_part_info -name xcvu11p-flga2577-1-e -data info -quiet 
Execute         ap_part_info -name xcvu11p-flga2577-1-e -data names -quiet 
Execute         ap_part_info -name xcvu11p-flga2577-1-e -data info -quiet 
Execute         ap_part_info -name xcvu11p-flga2577-1-e -data names -quiet 
Execute         ap_part_info -name xcvu11p-flga2577-1-e -data info -quiet 
INFO: [RTMG 210-279] Implementing memory 'polar_clip_rotation_cos_lut_rom' using auto ROMs.
Execute         ap_part_info -name xcvu11p-flga2577-1-e -data names -quiet 
Execute         ap_part_info -name xcvu11p-flga2577-1-e -data info -quiet 
Execute         ap_part_info -name xcvu11p-flga2577-1-e -data names -quiet 
Execute         ap_part_info -name xcvu11p-flga2577-1-e -data info -quiet 
Command       ap_source done; 0.31 sec.
INFO-FLOW: DBG:CMD:     auto_generate -export -impltomg_flag -rtl both -tool Vivado -pcore_version 1.00.a -phase csynth_design -d /proj/xsjhdstaff4/abehbood/Model_Composer_Examples_3/lab8/polar_clip/solution1
Execute       get_solution -flow_target 
Execute       get_config_export -xo 
Execute       get_config_export -format 
Execute       source /proj/xsjhdstaff4/abehbood/Model_Composer_Examples_3/lab8/polar_clip/solution1/.autopilot/db/global.setting.tcl 
INFO-FLOW: DBG:CMD: read_platform_lib /proj/xsjhdstaff4/abehbood/Model_Composer_Examples_3/lab8/polar_clip/solution1/.autopilot/db/global.setting.tcl
Execute       source /proj/xbuilds/SWIP/2020.1_0602_1208/installs/lin64/Vitis/2020.1/common/technology/generic/autopilot/common.gen 
Execute         source /proj/xbuilds/SWIP/2020.1_0602_1208/installs/lin64/Vitis/2020.1/common/technology/generic/autopilot/APCoreGen.gen 
Execute       source /proj/xbuilds/SWIP/2020.1_0602_1208/installs/lin64/Vitis/2020.1/common/technology/generic/autopilot/op.gen 
Execute       source /proj/xbuilds/SWIP/2020.1_0602_1208/installs/lin64/Vitis/2020.1/common/technology/generic/autopilot/op_simcore.gen 
Execute       source /proj/xbuilds/SWIP/2020.1_0602_1208/installs/lin64/Vitis/2020.1/common/technology/generic/autopilot/interface.gen 
Execute       source /proj/xsjhdstaff4/abehbood/Model_Composer_Examples_3/lab8/polar_clip/solution1/.autopilot/db/global.setting.tcl 
Execute       source /proj/xbuilds/SWIP/2020.1_0602_1208/installs/lin64/Vitis/2020.1/common/technology/xilinx/virtexuplus/virtexuplus.gen 
Execute         source /proj/xbuilds/SWIP/2020.1_0602_1208/installs/lin64/Vitis/2020.1/common/technology/xilinx/common/xilinx.gen 
Execute           source /proj/xbuilds/SWIP/2020.1_0602_1208/installs/lin64/Vitis/2020.1/common/technology/xilinx/interface/plb46.gen 
Execute           source /proj/xbuilds/SWIP/2020.1_0602_1208/installs/lin64/Vitis/2020.1/common/technology/xilinx/interface/axi4.gen 
Execute           source /proj/xbuilds/SWIP/2020.1_0602_1208/installs/lin64/Vitis/2020.1/common/technology/xilinx/interface/nativeAXI4.gen 
Execute             source /proj/xbuilds/SWIP/2020.1_0602_1208/installs/lin64/Vitis/2020.1/common/technology/xilinx/interface/saxilite.gen 
Execute             source /proj/xbuilds/SWIP/2020.1_0602_1208/installs/lin64/Vitis/2020.1/common/technology/xilinx/interface/maxi.gen 
Execute           source /proj/xbuilds/SWIP/2020.1_0602_1208/installs/lin64/Vitis/2020.1/common/technology/xilinx/scripts/xilinxcoregen.gen 
Execute           source /proj/xbuilds/SWIP/2020.1_0602_1208/installs/lin64/Vitis/2020.1/common/technology/xilinx/interface/XilEDKCoreGen.gen 
Execute           source /proj/xbuilds/SWIP/2020.1_0602_1208/installs/lin64/Vitis/2020.1/common/technology/xilinx/ip/dds_compiler.gen 
Execute           source /proj/xbuilds/SWIP/2020.1_0602_1208/installs/lin64/Vitis/2020.1/common/technology/xilinx/ip/util.gen 
Execute           source /proj/xbuilds/SWIP/2020.1_0602_1208/installs/lin64/Vitis/2020.1/common/technology/xilinx/ip/xfft.gen 
Execute           source /proj/xbuilds/SWIP/2020.1_0602_1208/installs/lin64/Vitis/2020.1/common/technology/xilinx/ip/xfir.gen 
Execute           source /proj/xbuilds/SWIP/2020.1_0602_1208/installs/lin64/Vitis/2020.1/common/technology/xilinx/common/dsp48.gen 
Command         ap_source done; 0.11 sec.
Command       ap_source done; 0.11 sec.
Execute       source /proj/xbuilds/SWIP/2020.1_0602_1208/installs/lin64/Vitis/2020.1/common/technology/xilinx/virtexuplus/virtexuplus_fpv7.gen 
Execute         source /proj/xbuilds/SWIP/2020.1_0602_1208/installs/lin64/Vitis/2020.1/common/technology/xilinx/common/xilinx_fp.gen 
INFO-FLOW: DBG:CMD:       initCTypeInfo top_module=polar_clip xml_exists=0
Execute       source /proj/xsjhdstaff4/abehbood/Model_Composer_Examples_3/lab8/polar_clip/solution1/.autopilot/db/polar_clip.rtl_wrap.cfg.tcl 
Execute       source /proj/xsjhdstaff4/abehbood/Model_Composer_Examples_3/lab8/polar_clip/solution1/.autopilot/db/polar_clip.rtl_wrap.cfg.tcl 
Execute       source /proj/xsjhdstaff4/abehbood/Model_Composer_Examples_3/lab8/polar_clip/solution1/.autopilot/db/polar_clip.rtl_wrap.cfg.tcl 
Execute       source /proj/xsjhdstaff4/abehbood/Model_Composer_Examples_3/lab8/polar_clip/solution1/.autopilot/db/polar_clip.tbgen.tcl 
Execute       source /proj/xsjhdstaff4/abehbood/Model_Composer_Examples_3/lab8/polar_clip/solution1/.autopilot/db/polar_clip.tbgen.tcl 
INFO-FLOW: DBG:CMD:       export_impl_rtl
INFO-FLOW: DBG:CMD:       generate_ip_cores sim=0 export=0 expOnly=0 dstVlogDir=impl/.verilog
Execute       source /proj/xsjhdstaff4/abehbood/Model_Composer_Examples_3/lab8/polar_clip/solution1/.autopilot/db/global.setting.tcl 
Execute       source /proj/xsjhdstaff4/abehbood/Model_Composer_Examples_3/lab8/polar_clip/solution1/.autopilot/db/polar_clip.compgen.tcl 
INFO-FLOW: DBG:CMD:       generate_ip_cores sim=0 export=1 expOnly=1 dstVlogDir=impl/.pcores/verilog
Execute       source /proj/xsjhdstaff4/abehbood/Model_Composer_Examples_3/lab8/polar_clip/solution1/.autopilot/db/global.setting.tcl 
Execute       source /proj/xsjhdstaff4/abehbood/Model_Composer_Examples_3/lab8/polar_clip/solution1/.autopilot/db/polar_clip.compgen.tcl 
Execute         ap_part_info -name xcvu11p-flga2577-1-e -data names -quiet 
Execute         ap_part_info -name xcvu11p-flga2577-1-e -data info -quiet 
Execute         ap_part_info -name xcvu11p-flga2577-1-e -data names -quiet 
Execute         ap_part_info -name xcvu11p-flga2577-1-e -data info -quiet 
Execute         ap_part_info -name xcvu11p-flga2577-1-e -data names -quiet 
Execute         ap_part_info -name xcvu11p-flga2577-1-e -data info -quiet 
Execute         ap_part_info -name xcvu11p-flga2577-1-e -data names -quiet 
Execute         ap_part_info -name xcvu11p-flga2577-1-e -data info -quiet 
Execute         ap_part_info -name xcvu11p-flga2577-1-e -data names -quiet 
Execute         ap_part_info -name xcvu11p-flga2577-1-e -data info -quiet 
Execute         ap_part_info -name xcvu11p-flga2577-1-e -data names -quiet 
Execute         ap_part_info -name xcvu11p-flga2577-1-e -data info -quiet 
Execute       ap_part_info -name xcvu11p-flga2577-1-e -data names -quiet 
Execute       ap_part_info -name xcvu11p-flga2577-1-e -data info -quiet 
INFO-FLOW: DBG:CMD:       generate_ip_cores sim=0 export=0 expOnly=0 dstVlogDir=impl/.pcores/verilog_sim
Execute       source /proj/xsjhdstaff4/abehbood/Model_Composer_Examples_3/lab8/polar_clip/solution1/.autopilot/db/global.setting.tcl 
Execute       source /proj/xsjhdstaff4/abehbood/Model_Composer_Examples_3/lab8/polar_clip/solution1/.autopilot/db/polar_clip.compgen.tcl 
Execute       ap_part_info -name xcvu11p-flga2577-1-e -data names -quiet 
Execute       ap_part_info -name xcvu11p-flga2577-1-e -data info -quiet 
Execute       ap_part_info -name xcvu11p-flga2577-1-e -data names -quiet 
Execute       ap_part_info -name xcvu11p-flga2577-1-e -data info -quiet 
Execute       source /proj/xsjhdstaff4/abehbood/Model_Composer_Examples_3/lab8/polar_clip/solution1/.autopilot/db/global.setting.tcl 
Execute       ap_part_info -name xcvu11p-flga2577-1-e -data names -quiet 
Execute       ap_part_info -name xcvu11p-flga2577-1-e -data info -quiet 
Execute       source /proj/xsjhdstaff4/abehbood/Model_Composer_Examples_3/lab8/polar_clip/solution1/.autopilot/db/polar_clip.constraint.tcl 
Execute       source /proj/xsjhdstaff4/abehbood/Model_Composer_Examples_3/lab8/polar_clip/solution1/.autopilot/db/polar_clip.tbgen.tcl 
INFO-FLOW: DBG:CMD:       hasPcoreIpAdapter=false #gSsdmPorts=16
INFO-FLOW: DBG:CMD: Skipping loadAnalyze_DB, #g_database=8
INFO-FLOW: DBG:CMD:       generate_json is_phase_csynth=1 g_has_adaptors=false generate_bd_files=1 #modelList=8 #gSsdmPorts=16
Execute       source /proj/xbuilds/SWIP/2020.1_0602_1208/installs/lin64/Vitis/2020.1/tps/tcl/tcllib1.11.1/fileutil/fileutil.tcl 
Execute       source /proj/xsjhdstaff4/abehbood/Model_Composer_Examples_3/lab8/polar_clip/solution1/.autopilot/db/global.setting.tcl 
Execute       source /proj/xsjhdstaff4/abehbood/Model_Composer_Examples_3/lab8/polar_clip/solution1/.autopilot/db/global.setting.tcl 
Execute       source /proj/xsjhdstaff4/abehbood/Model_Composer_Examples_3/lab8/polar_clip/solution1/.autopilot/db/top-io-be.tcl 
Execute       source /proj/xsjhdstaff4/abehbood/Model_Composer_Examples_3/lab8/polar_clip/solution1/.autopilot/db/polar_clip.tbgen.tcl 
Execute       source /proj/xsjhdstaff4/abehbood/Model_Composer_Examples_3/lab8/polar_clip/solution1/.autopilot/db/polar_clip.rtl_wrap.cfg.tcl 
Execute       source /proj/xsjhdstaff4/abehbood/Model_Composer_Examples_3/lab8/polar_clip/solution1/.autopilot/db/polar_clip.compgen.dataonly.tcl 
Execute       get_config_export -format 
Execute       ap_part_info -name xcvu11p-flga2577-1-e -data names -quiet 
Execute       ap_part_info -name xcvu11p-flga2577-1-e -data info -quiet 
Execute       source /proj/xsjhdstaff4/abehbood/Model_Composer_Examples_3/lab8/polar_clip/solution1/.autopilot/db/polar_clip.tbgen.tcl 
Execute       source /proj/xsjhdstaff4/abehbood/Model_Composer_Examples_3/lab8/polar_clip/solution1/.autopilot/db/global.setting.tcl 
Execute       ap_part_info -name xcvu11p-flga2577-1-e -data names -quiet 
Execute       ap_part_info -name xcvu11p-flga2577-1-e -data info -quiet 
Execute       get_solution -flow_target 
Execute       get_config_rtl -kernel_profile 
Execute       get_config_rtl -kernel_profile 
Execute       get_config_rtl -stall_sig_gen 
Execute       get_config_rtl -profile 
Execute       source /proj/xsjhdstaff4/abehbood/Model_Composer_Examples_3/lab8/polar_clip/solution1/.autopilot/db/polar_clip.constraint.tcl 
Execute       sc_get_clocks polar_clip 
Execute       source /proj/xsjhdstaff4/abehbood/Model_Composer_Examples_3/lab8/polar_clip/solution1/.autopilot/db/global.setting.tcl 
Execute       get_config_debug -directory 
INFO-FLOW: DBG:CMD:       delete-temp-dirs (skipped for debug)
INFO: [HLS 200-111] Finished generating all RTL models Time (s): cpu = 00:00:33 ; elapsed = 00:00:36 . Memory (MB): peak = 1687.891 ; gain = 1295.809 ; free physical = 34576 ; free virtual = 54576
INFO: [VHDL 208-304] Generating VHDL RTL for polar_clip.
INFO: [VLOG 209-307] Generating Verilog RTL for polar_clip.
Execute       syn_report -model polar_clip -printsummary 
INFO: [HLS 200-790] **** Loop Constraint Status: All loop constraints were satisfied.
INFO: [HLS 200-789] **** Estimated Fmax: 303.03 MHz
Command     autosyn done; 2.15 sec.
Command   csynth_design done; 17.92 sec.
Command ap_source done; 18.44 sec.
Execute cleanup_all 
